{"/Users/F7905607/Dropbox/Projects/chatrr/frontend/src/version.ts": {"path":"/Users/F7905607/Dropbox/Projects/chatrr/frontend/src/version.ts","statementMap":{"0":{"start":{"line":1,"column":13},"end":{"line":1,"column":23}},"1":{"start":{"line":1,"column":23},"end":{"line":1,"column":null}}},"fnMap":{},"branchMap":{},"s":{"0":0,"1":0},"f":{},"b":{}}
,"/Users/F7905607/Dropbox/Projects/chatrr/frontend/src/app/layout.tsx": {"path":"/Users/F7905607/Dropbox/Projects/chatrr/frontend/src/app/layout.tsx","statementMap":{"0":{"start":{"line":40,"column":24},"end":{"line":40,"column":35}},"1":{"start":{"line":18,"column":13},"end":{"line":18,"column":34}},"2":{"start":{"line":31,"column":13},"end":{"line":31,"column":34}},"3":{"start":{"line":2,"column":22},"end":{"line":2,"column":null}},"4":{"start":{"line":3,"column":7},"end":{"line":3,"column":null}},"5":{"start":{"line":4,"column":30},"end":{"line":4,"column":null}},"6":{"start":{"line":5,"column":30},"end":{"line":5,"column":null}},"7":{"start":{"line":6,"column":37},"end":{"line":6,"column":null}},"8":{"start":{"line":7,"column":30},"end":{"line":7,"column":null}},"9":{"start":{"line":8,"column":27},"end":{"line":8,"column":null}},"10":{"start":{"line":9,"column":27},"end":{"line":9,"column":null}},"11":{"start":{"line":10,"column":31},"end":{"line":10,"column":null}},"12":{"start":{"line":11,"column":27},"end":{"line":11,"column":null}},"13":{"start":{"line":12,"column":31},"end":{"line":12,"column":null}},"14":{"start":{"line":14,"column":14},"end":{"line":14,"column":null}},"15":{"start":{"line":16,"column":21},"end":{"line":16,"column":null}},"16":{"start":{"line":18,"column":34},"end":{"line":29,"column":null}},"17":{"start":{"line":31,"column":34},"end":{"line":38,"column":null}}},"fnMap":{"0":{"name":"RootLayout","decl":{"start":{"line":40,"column":24},"end":{"line":40,"column":35}},"loc":{"start":{"line":44,"column":1},"end":{"line":83,"column":null}}}},"branchMap":{"0":{"loc":{"start":{"line":16,"column":21},"end":{"line":16,"column":null}},"type":"binary-expr","locations":[{"start":{"line":16,"column":21},"end":{"line":16,"column":57}},{"start":{"line":16,"column":61},"end":{"line":16,"column":null}}]}},"s":{"0":0,"1":0,"2":0,"3":0,"4":0,"5":0,"6":0,"7":0,"8":0,"9":0,"10":0,"11":0,"12":0,"13":0,"14":0,"15":0,"16":0,"17":0},"f":{"0":0},"b":{"0":[0,0]}}
,"/Users/F7905607/Dropbox/Projects/chatrr/frontend/src/app/page.tsx": {"path":"/Users/F7905607/Dropbox/Projects/chatrr/frontend/src/app/page.tsx","statementMap":{"0":{"start":{"line":14,"column":24},"end":{"line":14,"column":null}},"1":{"start":{"line":3,"column":36},"end":{"line":3,"column":null}},"2":{"start":{"line":4,"column":18},"end":{"line":4,"column":null}},"3":{"start":{"line":5,"column":17},"end":{"line":5,"column":null}},"4":{"start":{"line":6,"column":28},"end":{"line":6,"column":null}},"5":{"start":{"line":7,"column":22},"end":{"line":7,"column":null}},"6":{"start":{"line":8,"column":24},"end":{"line":8,"column":null}},"7":{"start":{"line":9,"column":19},"end":{"line":9,"column":null}},"8":{"start":{"line":10,"column":26},"end":{"line":10,"column":null}},"9":{"start":{"line":12,"column":21},"end":{"line":12,"column":null}},"10":{"start":{"line":15,"column":17},"end":{"line":15,"column":null}},"11":{"start":{"line":16,"column":44},"end":{"line":16,"column":null}},"12":{"start":{"line":17,"column":34},"end":{"line":17,"column":null}},"13":{"start":{"line":19,"column":2},"end":{"line":39,"column":null}},"14":{"start":{"line":20,"column":18},"end":{"line":20,"column":null}},"15":{"start":{"line":21,"column":17},"end":{"line":21,"column":null}},"16":{"start":{"line":24,"column":4},"end":{"line":38,"column":null}},"17":{"start":{"line":25,"column":6},"end":{"line":35,"column":null}},"18":{"start":{"line":27,"column":8},"end":{"line":27,"column":null}},"19":{"start":{"line":28,"column":8},"end":{"line":28,"column":null}},"20":{"start":{"line":29,"column":8},"end":{"line":29,"column":null}},"21":{"start":{"line":32,"column":8},"end":{"line":32,"column":null}},"22":{"start":{"line":33,"column":8},"end":{"line":33,"column":null}},"23":{"start":{"line":34,"column":8},"end":{"line":34,"column":null}},"24":{"start":{"line":37,"column":6},"end":{"line":37,"column":null}},"25":{"start":{"line":41,"column":20},"end":{"line":44,"column":null}},"26":{"start":{"line":42,"column":4},"end":{"line":42,"column":null}},"27":{"start":{"line":43,"column":4},"end":{"line":43,"column":null}},"28":{"start":{"line":46,"column":23},"end":{"line":49,"column":null}},"29":{"start":{"line":47,"column":4},"end":{"line":47,"column":null}},"30":{"start":{"line":48,"column":4},"end":{"line":48,"column":null}},"31":{"start":{"line":166,"column":23},"end":{"line":166,"column":null}}},"fnMap":{"0":{"name":"HomePage","decl":{"start":{"line":14,"column":24},"end":{"line":14,"column":null}},"loc":{"start":{"line":14,"column":24},"end":{"line":171,"column":null}}},"1":{"name":"(anonymous_3)","decl":{"start":{"line":19,"column":12},"end":{"line":19,"column":null}},"loc":{"start":{"line":19,"column":12},"end":{"line":39,"column":5}}},"2":{"name":"(anonymous_4)","decl":{"start":{"line":41,"column":20},"end":{"line":41,"column":null}},"loc":{"start":{"line":41,"column":20},"end":{"line":44,"column":null}}},"3":{"name":"(anonymous_5)","decl":{"start":{"line":46,"column":23},"end":{"line":46,"column":null}},"loc":{"start":{"line":46,"column":23},"end":{"line":49,"column":null}}},"4":{"name":"(anonymous_6)","decl":{"start":{"line":166,"column":17},"end":{"line":166,"column":23}},"loc":{"start":{"line":166,"column":23},"end":{"line":166,"column":null}}}},"branchMap":{"0":{"loc":{"start":{"line":12,"column":21},"end":{"line":12,"column":null}},"type":"binary-expr","locations":[{"start":{"line":12,"column":21},"end":{"line":12,"column":57}},{"start":{"line":12,"column":61},"end":{"line":12,"column":null}}]},"1":{"loc":{"start":{"line":24,"column":4},"end":{"line":38,"column":null}},"type":"if","locations":[{"start":{"line":24,"column":4},"end":{"line":38,"column":null}},{"start":{"line":36,"column":11},"end":{"line":38,"column":null}}]},"2":{"loc":{"start":{"line":24,"column":8},"end":{"line":24,"column":72}},"type":"binary-expr","locations":[{"start":{"line":24,"column":8},"end":{"line":24,"column":17}},{"start":{"line":24,"column":17},"end":{"line":24,"column":25}},{"start":{"line":24,"column":25},"end":{"line":24,"column":50}},{"start":{"line":24,"column":50},"end":{"line":24,"column":72}}]},"3":{"loc":{"start":{"line":153,"column":11},"end":{"line":153,"column":null}},"type":"binary-expr","locations":[{"start":{"line":153,"column":11},"end":{"line":153,"column":null}}]}},"s":{"0":0,"1":0,"2":0,"3":0,"4":0,"5":0,"6":0,"7":0,"8":0,"9":0,"10":0,"11":0,"12":0,"13":0,"14":0,"15":0,"16":0,"17":0,"18":0,"19":0,"20":0,"21":0,"22":0,"23":0,"24":0,"25":0,"26":0,"27":0,"28":0,"29":0,"30":0,"31":0},"f":{"0":0,"1":0,"2":0,"3":0,"4":0},"b":{"0":[0,0],"1":[0,0],"2":[0,0,0,0],"3":[0]}}
,"/Users/F7905607/Dropbox/Projects/chatrr/frontend/src/app/api/docs/route.ts": {"path":"/Users/F7905607/Dropbox/Projects/chatrr/frontend/src/app/api/docs/route.ts","statementMap":{"0":{"start":{"line":40,"column":22},"end":{"line":40,"column":26}},"1":{"start":{"line":1,"column":42},"end":{"line":1,"column":null}},"2":{"start":{"line":2,"column":15},"end":{"line":2,"column":null}},"3":{"start":{"line":3,"column":17},"end":{"line":3,"column":null}},"4":{"start":{"line":5,"column":18},"end":{"line":5,"column":null}},"5":{"start":{"line":9,"column":16},"end":{"line":9,"column":null}},"6":{"start":{"line":10,"column":25},"end":{"line":13,"column":null}},"7":{"start":{"line":15,"column":2},"end":{"line":30,"column":null}},"8":{"start":{"line":16,"column":21},"end":{"line":16,"column":null}},"9":{"start":{"line":18,"column":4},"end":{"line":29,"column":null}},"10":{"start":{"line":19,"column":6},"end":{"line":23,"column":null}},"11":{"start":{"line":24,"column":11},"end":{"line":29,"column":null}},"12":{"start":{"line":25,"column":6},"end":{"line":28,"column":null}},"13":{"start":{"line":33,"column":2},"end":{"line":33,"column":null}},"14":{"start":{"line":33,"column":43},"end":{"line":33,"column":null}},"15":{"start":{"line":34,"column":2},"end":{"line":34,"column":null}},"16":{"start":{"line":34,"column":45},"end":{"line":34,"column":null}},"17":{"start":{"line":36,"column":2},"end":{"line":36,"column":null}},"18":{"start":{"line":41,"column":2},"end":{"line":77,"column":null}},"19":{"start":{"line":42,"column":29},"end":{"line":42,"column":null}},"20":{"start":{"line":43,"column":21},"end":{"line":43,"column":null}},"21":{"start":{"line":46,"column":24},"end":{"line":46,"column":null}},"22":{"start":{"line":49,"column":4},"end":{"line":69,"column":null}},"23":{"start":{"line":50,"column":23},"end":{"line":50,"column":null}},"24":{"start":{"line":53,"column":6},"end":{"line":55,"column":null}},"25":{"start":{"line":54,"column":8},"end":{"line":54,"column":null}},"26":{"start":{"line":57,"column":6},"end":{"line":59,"column":null}},"27":{"start":{"line":58,"column":8},"end":{"line":58,"column":null}},"28":{"start":{"line":61,"column":20},"end":{"line":61,"column":null}},"29":{"start":{"line":65,"column":6},"end":{"line":65,"column":null}},"30":{"start":{"line":66,"column":6},"end":{"line":66,"column":null}},"31":{"start":{"line":68,"column":6},"end":{"line":68,"column":null}},"32":{"start":{"line":72,"column":22},"end":{"line":72,"column":null}},"33":{"start":{"line":73,"column":4},"end":{"line":73,"column":null}},"34":{"start":{"line":75,"column":4},"end":{"line":75,"column":null}},"35":{"start":{"line":76,"column":4},"end":{"line":76,"column":null}}},"fnMap":{"0":{"name":"readDirStructure","decl":{"start":{"line":8,"column":9},"end":{"line":8,"column":26}},"loc":{"start":{"line":8,"column":64},"end":{"line":37,"column":null}}},"1":{"name":"(anonymous_3)","decl":{"start":{"line":15,"column":16},"end":{"line":15,"column":null}},"loc":{"start":{"line":15,"column":16},"end":{"line":30,"column":null}}},"2":{"name":"(anonymous_4)","decl":{"start":{"line":33,"column":23},"end":{"line":33,"column":24}},"loc":{"start":{"line":33,"column":43},"end":{"line":33,"column":null}}},"3":{"name":"(anonymous_5)","decl":{"start":{"line":34,"column":25},"end":{"line":34,"column":26}},"loc":{"start":{"line":34,"column":45},"end":{"line":34,"column":null}}},"4":{"name":"GET","decl":{"start":{"line":40,"column":22},"end":{"line":40,"column":26}},"loc":{"start":{"line":40,"column":46},"end":{"line":78,"column":null}}}},"branchMap":{"0":{"loc":{"start":{"line":8,"column":43},"end":{"line":8,"column":64}},"type":"default-arg","locations":[{"start":{"line":8,"column":62},"end":{"line":8,"column":64}}]},"1":{"loc":{"start":{"line":18,"column":4},"end":{"line":29,"column":null}},"type":"if","locations":[{"start":{"line":18,"column":4},"end":{"line":29,"column":null}},{"start":{"line":24,"column":11},"end":{"line":29,"column":null}}]},"2":{"loc":{"start":{"line":24,"column":11},"end":{"line":29,"column":null}},"type":"if","locations":[{"start":{"line":24,"column":11},"end":{"line":29,"column":null}},{"start":{},"end":{}}]},"3":{"loc":{"start":{"line":46,"column":24},"end":{"line":46,"column":null}},"type":"binary-expr","locations":[{"start":{"line":46,"column":24},"end":{"line":46,"column":60}},{"start":{"line":46,"column":64},"end":{"line":46,"column":null}}]},"4":{"loc":{"start":{"line":49,"column":4},"end":{"line":69,"column":null}},"type":"if","locations":[{"start":{"line":49,"column":4},"end":{"line":69,"column":null}},{"start":{},"end":{}}]},"5":{"loc":{"start":{"line":53,"column":6},"end":{"line":55,"column":null}},"type":"if","locations":[{"start":{"line":53,"column":6},"end":{"line":55,"column":null}},{"start":{},"end":{}}]},"6":{"loc":{"start":{"line":57,"column":6},"end":{"line":59,"column":null}},"type":"if","locations":[{"start":{"line":57,"column":6},"end":{"line":59,"column":null}},{"start":{},"end":{}}]}},"s":{"0":0,"1":0,"2":0,"3":0,"4":0,"5":0,"6":0,"7":0,"8":0,"9":0,"10":0,"11":0,"12":0,"13":0,"14":0,"15":0,"16":0,"17":0,"18":0,"19":0,"20":0,"21":0,"22":0,"23":0,"24":0,"25":0,"26":0,"27":0,"28":0,"29":0,"30":0,"31":0,"32":0,"33":0,"34":0,"35":0},"f":{"0":0,"1":0,"2":0,"3":0,"4":0},"b":{"0":[0],"1":[0,0],"2":[0,0],"3":[0,0],"4":[0,0],"5":[0,0],"6":[0,0]}}
,"/Users/F7905607/Dropbox/Projects/chatrr/frontend/src/app/app/layout.tsx": {"path":"/Users/F7905607/Dropbox/Projects/chatrr/frontend/src/app/app/layout.tsx","statementMap":{"0":{"start":{"line":9,"column":24},"end":{"line":9,"column":34}},"1":{"start":{"line":3,"column":26},"end":{"line":3,"column":null}},"2":{"start":{"line":4,"column":28},"end":{"line":4,"column":null}},"3":{"start":{"line":5,"column":25},"end":{"line":5,"column":null}},"4":{"start":{"line":6,"column":26},"end":{"line":6,"column":null}},"5":{"start":{"line":7,"column":30},"end":{"line":7,"column":null}},"6":{"start":{"line":14,"column":19},"end":{"line":14,"column":null}},"7":{"start":{"line":15,"column":24},"end":{"line":15,"column":null}},"8":{"start":{"line":17,"column":24},"end":{"line":19,"column":null}},"9":{"start":{"line":18,"column":4},"end":{"line":18,"column":null}},"10":{"start":{"line":21,"column":2},"end":{"line":35,"column":null}},"11":{"start":{"line":23,"column":4},"end":{"line":23,"column":null}},"12":{"start":{"line":24,"column":4},"end":{"line":24,"column":null}},"13":{"start":{"line":25,"column":4},"end":{"line":25,"column":null}},"14":{"start":{"line":26,"column":4},"end":{"line":26,"column":null}},"15":{"start":{"line":29,"column":4},"end":{"line":34,"column":null}},"16":{"start":{"line":30,"column":6},"end":{"line":30,"column":null}},"17":{"start":{"line":31,"column":6},"end":{"line":31,"column":null}},"18":{"start":{"line":32,"column":6},"end":{"line":32,"column":null}},"19":{"start":{"line":33,"column":6},"end":{"line":33,"column":null}},"20":{"start":{"line":38,"column":14},"end":{"line":38,"column":null}},"21":{"start":{"line":41,"column":2},"end":{"line":53,"column":null}},"22":{"start":{"line":42,"column":4},"end":{"line":42,"column":null}},"23":{"start":{"line":43,"column":9},"end":{"line":53,"column":null}},"24":{"start":{"line":44,"column":4},"end":{"line":44,"column":null}},"25":{"start":{"line":45,"column":9},"end":{"line":53,"column":null}},"26":{"start":{"line":46,"column":4},"end":{"line":46,"column":null}},"27":{"start":{"line":49,"column":4},"end":{"line":52,"column":null}},"28":{"start":{"line":51,"column":21},"end":{"line":51,"column":null}}},"fnMap":{"0":{"name":"AppLayout","decl":{"start":{"line":9,"column":24},"end":{"line":9,"column":34}},"loc":{"start":{"line":13,"column":1},"end":{"line":64,"column":null}}},"1":{"name":"(anonymous_3)","decl":{"start":{"line":17,"column":24},"end":{"line":17,"column":null}},"loc":{"start":{"line":17,"column":24},"end":{"line":19,"column":null}}},"2":{"name":"(anonymous_4)","decl":{"start":{"line":21,"column":12},"end":{"line":21,"column":null}},"loc":{"start":{"line":21,"column":12},"end":{"line":35,"column":5}}},"3":{"name":"(anonymous_5)","decl":{"start":{"line":29,"column":11},"end":{"line":29,"column":null}},"loc":{"start":{"line":29,"column":11},"end":{"line":34,"column":null}}},"4":{"name":"(anonymous_6)","decl":{"start":{"line":51,"column":15},"end":{"line":51,"column":21}},"loc":{"start":{"line":51,"column":21},"end":{"line":51,"column":null}}}},"branchMap":{"0":{"loc":{"start":{"line":41,"column":2},"end":{"line":53,"column":null}},"type":"if","locations":[{"start":{"line":41,"column":2},"end":{"line":53,"column":null}},{"start":{"line":43,"column":9},"end":{"line":53,"column":null}}]},"1":{"loc":{"start":{"line":43,"column":9},"end":{"line":53,"column":null}},"type":"if","locations":[{"start":{"line":43,"column":9},"end":{"line":53,"column":null}},{"start":{"line":45,"column":9},"end":{"line":53,"column":null}}]},"2":{"loc":{"start":{"line":45,"column":9},"end":{"line":53,"column":null}},"type":"if","locations":[{"start":{"line":45,"column":9},"end":{"line":53,"column":null}},{"start":{"line":47,"column":9},"end":{"line":53,"column":null}}]}},"s":{"0":0,"1":0,"2":0,"3":0,"4":0,"5":0,"6":0,"7":0,"8":0,"9":0,"10":0,"11":0,"12":0,"13":0,"14":0,"15":0,"16":0,"17":0,"18":0,"19":0,"20":0,"21":0,"22":0,"23":0,"24":0,"25":0,"26":0,"27":0,"28":0},"f":{"0":0,"1":0,"2":0,"3":0,"4":0},"b":{"0":[0,0],"1":[0,0],"2":[0,0]}}
,"/Users/F7905607/Dropbox/Projects/chatrr/frontend/src/app/app/page.tsx": {"path":"/Users/F7905607/Dropbox/Projects/chatrr/frontend/src/app/app/page.tsx","statementMap":{"0":{"start":{"line":6,"column":24},"end":{"line":6,"column":null}},"1":{"start":{"line":3,"column":26},"end":{"line":3,"column":null}},"2":{"start":{"line":4,"column":30},"end":{"line":4,"column":null}},"3":{"start":{"line":7,"column":24},"end":{"line":7,"column":null}},"4":{"start":{"line":9,"column":24},"end":{"line":11,"column":null}},"5":{"start":{"line":10,"column":4},"end":{"line":10,"column":null}},"6":{"start":{"line":38,"column":31},"end":{"line":38,"column":null}},"7":{"start":{"line":39,"column":31},"end":{"line":39,"column":null}}},"fnMap":{"0":{"name":"AppPage","decl":{"start":{"line":6,"column":24},"end":{"line":6,"column":null}},"loc":{"start":{"line":6,"column":24},"end":{"line":46,"column":null}}},"1":{"name":"(anonymous_2)","decl":{"start":{"line":9,"column":24},"end":{"line":9,"column":null}},"loc":{"start":{"line":9,"column":24},"end":{"line":11,"column":null}}},"2":{"name":"(anonymous_3)","decl":{"start":{"line":38,"column":24},"end":{"line":38,"column":25}},"loc":{"start":{"line":38,"column":31},"end":{"line":38,"column":null}}},"3":{"name":"(anonymous_4)","decl":{"start":{"line":39,"column":24},"end":{"line":39,"column":25}},"loc":{"start":{"line":39,"column":31},"end":{"line":39,"column":null}}}},"branchMap":{},"s":{"0":0,"1":0,"2":0,"3":0,"4":0,"5":0,"6":0,"7":0},"f":{"0":0,"1":0,"2":0,"3":0},"b":{}}
,"/Users/F7905607/Dropbox/Projects/chatrr/frontend/src/app/app/template.tsx": {"path":"/Users/F7905607/Dropbox/Projects/chatrr/frontend/src/app/app/template.tsx","statementMap":{"0":{"start":{"line":5,"column":24},"end":{"line":5,"column":33}},"1":{"start":{"line":3,"column":23},"end":{"line":3,"column":null}}},"fnMap":{"0":{"name":"Template","decl":{"start":{"line":5,"column":24},"end":{"line":5,"column":33}},"loc":{"start":{"line":5,"column":76},"end":{"line":27,"column":null}}}},"branchMap":{},"s":{"0":0,"1":0},"f":{"0":0},"b":{}}
,"/Users/F7905607/Dropbox/Projects/chatrr/frontend/src/app/app/groups/page.tsx": {"path":"/Users/F7905607/Dropbox/Projects/chatrr/frontend/src/app/app/groups/page.tsx","statementMap":{"0":{"start":{"line":6,"column":24},"end":{"line":6,"column":null}},"1":{"start":{"line":3,"column":26},"end":{"line":3,"column":null}},"2":{"start":{"line":4,"column":30},"end":{"line":4,"column":null}},"3":{"start":{"line":7,"column":24},"end":{"line":7,"column":null}},"4":{"start":{"line":9,"column":24},"end":{"line":11,"column":null}},"5":{"start":{"line":10,"column":4},"end":{"line":10,"column":null}}},"fnMap":{"0":{"name":"GroupsPage","decl":{"start":{"line":6,"column":24},"end":{"line":6,"column":null}},"loc":{"start":{"line":6,"column":24},"end":{"line":28,"column":null}}},"1":{"name":"(anonymous_2)","decl":{"start":{"line":9,"column":24},"end":{"line":9,"column":null}},"loc":{"start":{"line":9,"column":24},"end":{"line":11,"column":null}}}},"branchMap":{},"s":{"0":0,"1":0,"2":0,"3":0,"4":0,"5":0},"f":{"0":0,"1":0},"b":{}}
,"/Users/F7905607/Dropbox/Projects/chatrr/frontend/src/app/app/settings/page.tsx": {"path":"/Users/F7905607/Dropbox/Projects/chatrr/frontend/src/app/app/settings/page.tsx","statementMap":{"0":{"start":{"line":11,"column":24},"end":{"line":11,"column":null}},"1":{"start":{"line":3,"column":36},"end":{"line":3,"column":null}},"2":{"start":{"line":4,"column":26},"end":{"line":4,"column":null}},"3":{"start":{"line":5,"column":25},"end":{"line":5,"column":null}},"4":{"start":{"line":6,"column":25},"end":{"line":6,"column":null}},"5":{"start":{"line":7,"column":24},"end":{"line":7,"column":null}},"6":{"start":{"line":8,"column":33},"end":{"line":8,"column":null}},"7":{"start":{"line":9,"column":31},"end":{"line":9,"column":null}},"8":{"start":{"line":12,"column":17},"end":{"line":12,"column":null}},"9":{"start":{"line":13,"column":44},"end":{"line":13,"column":null}},"10":{"start":{"line":14,"column":24},"end":{"line":14,"column":null}},"11":{"start":{"line":15,"column":30},"end":{"line":15,"column":null}},"12":{"start":{"line":16,"column":28},"end":{"line":16,"column":null}},"13":{"start":{"line":18,"column":17},"end":{"line":18,"column":null}},"14":{"start":{"line":20,"column":2},"end":{"line":38,"column":null}},"15":{"start":{"line":22,"column":24},"end":{"line":22,"column":null}},"16":{"start":{"line":23,"column":21},"end":{"line":23,"column":null}},"17":{"start":{"line":25,"column":4},"end":{"line":27,"column":null}},"18":{"start":{"line":26,"column":6},"end":{"line":26,"column":null}},"19":{"start":{"line":29,"column":4},"end":{"line":37,"column":null}},"20":{"start":{"line":30,"column":6},"end":{"line":36,"column":null}},"21":{"start":{"line":31,"column":21},"end":{"line":31,"column":null}},"22":{"start":{"line":32,"column":8},"end":{"line":32,"column":null}},"23":{"start":{"line":34,"column":8},"end":{"line":34,"column":null}},"24":{"start":{"line":35,"column":8},"end":{"line":35,"column":null}},"25":{"start":{"line":40,"column":23},"end":{"line":44,"column":null}},"26":{"start":{"line":41,"column":4},"end":{"line":41,"column":null}},"27":{"start":{"line":42,"column":4},"end":{"line":42,"column":null}},"28":{"start":{"line":43,"column":4},"end":{"line":43,"column":22}},"29":{"start":{"line":46,"column":26},"end":{"line":52,"column":null}},"30":{"start":{"line":47,"column":4},"end":{"line":51,"column":null}},"31":{"start":{"line":48,"column":6},"end":{"line":48,"column":null}},"32":{"start":{"line":50,"column":6},"end":{"line":50,"column":null}},"33":{"start":{"line":197,"column":29},"end":{"line":197,"column":null}},"34":{"start":{"line":246,"column":29},"end":{"line":246,"column":null}},"35":{"start":{"line":289,"column":31},"end":{"line":289,"column":null}},"36":{"start":{"line":290,"column":31},"end":{"line":290,"column":null}}},"fnMap":{"0":{"name":"SettingsPage","decl":{"start":{"line":11,"column":24},"end":{"line":11,"column":null}},"loc":{"start":{"line":11,"column":24},"end":{"line":297,"column":null}}},"1":{"name":"(anonymous_3)","decl":{"start":{"line":20,"column":12},"end":{"line":20,"column":null}},"loc":{"start":{"line":20,"column":12},"end":{"line":38,"column":5}}},"2":{"name":"(anonymous_4)","decl":{"start":{"line":40,"column":23},"end":{"line":40,"column":null}},"loc":{"start":{"line":40,"column":23},"end":{"line":44,"column":null}}},"3":{"name":"(anonymous_5)","decl":{"start":{"line":46,"column":26},"end":{"line":46,"column":27}},"loc":{"start":{"line":46,"column":41},"end":{"line":52,"column":null}}},"4":{"name":"(anonymous_6)","decl":{"start":{"line":47,"column":45},"end":{"line":47,"column":null}},"loc":{"start":{"line":47,"column":45},"end":{"line":49,"column":7}}},"5":{"name":"(anonymous_7)","decl":{"start":{"line":49,"column":13},"end":{"line":49,"column":null}},"loc":{"start":{"line":49,"column":13},"end":{"line":51,"column":null}}},"6":{"name":"(anonymous_8)","decl":{"start":{"line":197,"column":23},"end":{"line":197,"column":29}},"loc":{"start":{"line":197,"column":29},"end":{"line":197,"column":null}}},"7":{"name":"(anonymous_9)","decl":{"start":{"line":246,"column":23},"end":{"line":246,"column":29}},"loc":{"start":{"line":246,"column":29},"end":{"line":246,"column":null}}},"8":{"name":"(anonymous_10)","decl":{"start":{"line":289,"column":24},"end":{"line":289,"column":25}},"loc":{"start":{"line":289,"column":31},"end":{"line":289,"column":null}}},"9":{"name":"(anonymous_11)","decl":{"start":{"line":290,"column":24},"end":{"line":290,"column":25}},"loc":{"start":{"line":290,"column":31},"end":{"line":290,"column":null}}}},"branchMap":{"0":{"loc":{"start":{"line":25,"column":4},"end":{"line":27,"column":null}},"type":"if","locations":[{"start":{"line":25,"column":4},"end":{"line":27,"column":null}},{"start":{},"end":{}}]},"1":{"loc":{"start":{"line":25,"column":8},"end":{"line":25,"column":52}},"type":"binary-expr","locations":[{"start":{"line":25,"column":8},"end":{"line":25,"column":23}},{"start":{"line":25,"column":23},"end":{"line":25,"column":52}}]},"2":{"loc":{"start":{"line":29,"column":4},"end":{"line":37,"column":null}},"type":"if","locations":[{"start":{"line":29,"column":4},"end":{"line":37,"column":null}},{"start":{},"end":{}}]},"3":{"loc":{"start":{"line":29,"column":8},"end":{"line":29,"column":46}},"type":"binary-expr","locations":[{"start":{"line":29,"column":8},"end":{"line":29,"column":20}},{"start":{"line":29,"column":20},"end":{"line":29,"column":46}}]},"4":{"loc":{"start":{"line":32,"column":18},"end":{"line":32,"column":null}},"type":"binary-expr","locations":[{"start":{"line":32,"column":18},"end":{"line":32,"column":25}},{"start":{"line":32,"column":29},"end":{"line":32,"column":null}}]},"5":{"loc":{"start":{"line":84,"column":27},"end":{"line":84,"column":null}},"type":"cond-expr","locations":[{"start":{"line":84,"column":36},"end":{"line":84,"column":64}},{"start":{"line":84,"column":64},"end":{"line":84,"column":null}}]},"6":{"loc":{"start":{"line":86,"column":18},"end":{"line":86,"column":null}},"type":"cond-expr","locations":[{"start":{"line":86,"column":27},"end":{"line":86,"column":65}},{"start":{"line":86,"column":65},"end":{"line":86,"column":null}}]},"7":{"loc":{"start":{"line":108,"column":17},"end":{"line":108,"column":null}},"type":"cond-expr","locations":[{"start":{"line":108,"column":26},"end":{"line":108,"column":40}},{"start":{"line":108,"column":40},"end":{"line":108,"column":null}}]},"8":{"loc":{"start":{"line":117,"column":33},"end":{"line":117,"column":null}},"type":"cond-expr","locations":[{"start":{"line":117,"column":42},"end":{"line":117,"column":54}},{"start":{"line":117,"column":54},"end":{"line":117,"column":null}}]},"9":{"loc":{"start":{"line":134,"column":22},"end":{"line":134,"column":null}},"type":"cond-expr","locations":[{"start":{"line":134,"column":31},"end":{"line":134,"column":40}},{"start":{"line":134,"column":40},"end":{"line":134,"column":null}}]},"10":{"loc":{"start":{"line":141,"column":37},"end":{"line":141,"column":68}},"type":"cond-expr","locations":[{"start":{"line":141,"column":46},"end":{"line":141,"column":58}},{"start":{"line":141,"column":58},"end":{"line":141,"column":68}}]},"11":{"loc":{"start":{"line":141,"column":86},"end":{"line":141,"column":117}},"type":"cond-expr","locations":[{"start":{"line":141,"column":95},"end":{"line":141,"column":107}},{"start":{"line":141,"column":107},"end":{"line":141,"column":117}}]},"12":{"loc":{"start":{"line":151,"column":27},"end":{"line":151,"column":null}},"type":"cond-expr","locations":[{"start":{"line":151,"column":36},"end":{"line":151,"column":64}},{"start":{"line":151,"column":64},"end":{"line":151,"column":null}}]},"13":{"loc":{"start":{"line":153,"column":18},"end":{"line":153,"column":null}},"type":"cond-expr","locations":[{"start":{"line":153,"column":27},"end":{"line":153,"column":65}},{"start":{"line":153,"column":65},"end":{"line":153,"column":null}}]},"14":{"loc":{"start":{"line":168,"column":19},"end":{"line":168,"column":null}},"type":"cond-expr","locations":[{"start":{"line":168,"column":28},"end":{"line":168,"column":40}},{"start":{"line":168,"column":40},"end":{"line":168,"column":null}}]},"15":{"loc":{"start":{"line":179,"column":27},"end":{"line":179,"column":null}},"type":"cond-expr","locations":[{"start":{"line":179,"column":36},"end":{"line":179,"column":64}},{"start":{"line":179,"column":64},"end":{"line":179,"column":null}}]},"16":{"loc":{"start":{"line":181,"column":18},"end":{"line":181,"column":null}},"type":"cond-expr","locations":[{"start":{"line":181,"column":27},"end":{"line":181,"column":65}},{"start":{"line":181,"column":65},"end":{"line":181,"column":null}}]},"17":{"loc":{"start":{"line":203,"column":23},"end":{"line":203,"column":null}},"type":"cond-expr","locations":[{"start":{"line":203,"column":32},"end":{"line":203,"column":44}},{"start":{"line":203,"column":44},"end":{"line":203,"column":null}}]},"18":{"loc":{"start":{"line":215,"column":19},"end":{"line":215,"column":null}},"type":"cond-expr","locations":[{"start":{"line":215,"column":28},"end":{"line":215,"column":40}},{"start":{"line":215,"column":40},"end":{"line":215,"column":null}}]},"19":{"loc":{"start":{"line":219,"column":13},"end":{"line":219,"column":null}},"type":"binary-expr","locations":[{"start":{"line":219,"column":13},"end":{"line":219,"column":23}},{"start":{"line":219,"column":23},"end":{"line":219,"column":null}}]},"20":{"loc":{"start":{"line":228,"column":27},"end":{"line":228,"column":null}},"type":"cond-expr","locations":[{"start":{"line":228,"column":36},"end":{"line":228,"column":64}},{"start":{"line":228,"column":64},"end":{"line":228,"column":null}}]},"21":{"loc":{"start":{"line":230,"column":18},"end":{"line":230,"column":null}},"type":"cond-expr","locations":[{"start":{"line":230,"column":27},"end":{"line":230,"column":65}},{"start":{"line":230,"column":65},"end":{"line":230,"column":null}}]},"22":{"loc":{"start":{"line":252,"column":23},"end":{"line":252,"column":null}},"type":"cond-expr","locations":[{"start":{"line":252,"column":32},"end":{"line":252,"column":44}},{"start":{"line":252,"column":44},"end":{"line":252,"column":null}}]},"23":{"loc":{"start":{"line":264,"column":19},"end":{"line":264,"column":null}},"type":"cond-expr","locations":[{"start":{"line":264,"column":28},"end":{"line":264,"column":40}},{"start":{"line":264,"column":40},"end":{"line":264,"column":null}}]},"24":{"loc":{"start":{"line":270,"column":13},"end":{"line":270,"column":null}},"type":"cond-expr","locations":[{"start":{"line":270,"column":21},"end":{"line":270,"column":51}},{"start":{"line":270,"column":54},"end":{"line":270,"column":null}}]}},"s":{"0":0,"1":0,"2":0,"3":0,"4":0,"5":0,"6":0,"7":0,"8":0,"9":0,"10":0,"11":0,"12":0,"13":0,"14":0,"15":0,"16":0,"17":0,"18":0,"19":0,"20":0,"21":0,"22":0,"23":0,"24":0,"25":0,"26":0,"27":0,"28":0,"29":0,"30":0,"31":0,"32":0,"33":0,"34":0,"35":0,"36":0},"f":{"0":0,"1":0,"2":0,"3":0,"4":0,"5":0,"6":0,"7":0,"8":0,"9":0},"b":{"0":[0,0],"1":[0,0],"2":[0,0],"3":[0,0],"4":[0,0],"5":[0,0],"6":[0,0],"7":[0,0],"8":[0,0],"9":[0,0],"10":[0,0],"11":[0,0],"12":[0,0],"13":[0,0],"14":[0,0],"15":[0,0],"16":[0,0],"17":[0,0],"18":[0,0],"19":[0,0],"20":[0,0],"21":[0,0],"22":[0,0],"23":[0,0],"24":[0,0]}}
,"/Users/F7905607/Dropbox/Projects/chatrr/frontend/src/app/app/updates/page.tsx": {"path":"/Users/F7905607/Dropbox/Projects/chatrr/frontend/src/app/app/updates/page.tsx","statementMap":{"0":{"start":{"line":6,"column":24},"end":{"line":6,"column":null}},"1":{"start":{"line":3,"column":26},"end":{"line":3,"column":null}},"2":{"start":{"line":4,"column":30},"end":{"line":4,"column":null}},"3":{"start":{"line":7,"column":24},"end":{"line":7,"column":null}},"4":{"start":{"line":9,"column":24},"end":{"line":11,"column":null}},"5":{"start":{"line":10,"column":4},"end":{"line":10,"column":null}}},"fnMap":{"0":{"name":"UpdatesPage","decl":{"start":{"line":6,"column":24},"end":{"line":6,"column":null}},"loc":{"start":{"line":6,"column":24},"end":{"line":28,"column":null}}},"1":{"name":"(anonymous_2)","decl":{"start":{"line":9,"column":24},"end":{"line":9,"column":null}},"loc":{"start":{"line":9,"column":24},"end":{"line":11,"column":null}}}},"branchMap":{},"s":{"0":0,"1":0,"2":0,"3":0,"4":0,"5":0},"f":{"0":0,"1":0},"b":{}}
,"/Users/F7905607/Dropbox/Projects/chatrr/frontend/src/app/demo/page.tsx": {"path":"/Users/F7905607/Dropbox/Projects/chatrr/frontend/src/app/demo/page.tsx","statementMap":{"0":{"start":{"line":18,"column":24},"end":{"line":18,"column":null}},"1":{"start":{"line":3,"column":25},"end":{"line":3,"column":null}},"2":{"start":{"line":4,"column":17},"end":{"line":4,"column":null}},"3":{"start":{"line":5,"column":26},"end":{"line":5,"column":null}},"4":{"start":{"line":6,"column":25},"end":{"line":6,"column":null}},"5":{"start":{"line":7,"column":32},"end":{"line":7,"column":null}},"6":{"start":{"line":8,"column":30},"end":{"line":8,"column":null}},"7":{"start":{"line":9,"column":31},"end":{"line":9,"column":null}},"8":{"start":{"line":10,"column":28},"end":{"line":10,"column":null}},"9":{"start":{"line":11,"column":28},"end":{"line":11,"column":null}},"10":{"start":{"line":12,"column":24},"end":{"line":12,"column":null}},"11":{"start":{"line":13,"column":19},"end":{"line":13,"column":null}},"12":{"start":{"line":14,"column":23},"end":{"line":14,"column":null}},"13":{"start":{"line":16,"column":21},"end":{"line":16,"column":null}},"14":{"start":{"line":19,"column":24},"end":{"line":19,"column":null}},"15":{"start":{"line":20,"column":24},"end":{"line":20,"column":null}},"16":{"start":{"line":21,"column":31},"end":{"line":21,"column":null}},"17":{"start":{"line":24,"column":42},"end":{"line":24,"column":null}},"18":{"start":{"line":25,"column":42},"end":{"line":25,"column":null}},"19":{"start":{"line":26,"column":50},"end":{"line":26,"column":null}},"20":{"start":{"line":28,"column":24},"end":{"line":30,"column":null}},"21":{"start":{"line":29,"column":4},"end":{"line":29,"column":null}},"22":{"start":{"line":32,"column":22},"end":{"line":34,"column":null}},"23":{"start":{"line":33,"column":4},"end":{"line":33,"column":null}},"24":{"start":{"line":37,"column":27},"end":{"line":39,"column":null}},"25":{"start":{"line":38,"column":4},"end":{"line":38,"column":null}},"26":{"start":{"line":41,"column":25},"end":{"line":43,"column":null}},"27":{"start":{"line":42,"column":4},"end":{"line":42,"column":null}},"28":{"start":{"line":45,"column":24},"end":{"line":47,"column":null}},"29":{"start":{"line":46,"column":4},"end":{"line":46,"column":null}},"30":{"start":{"line":49,"column":27},"end":{"line":51,"column":null}},"31":{"start":{"line":50,"column":4},"end":{"line":50,"column":null}},"32":{"start":{"line":53,"column":29},"end":{"line":57,"column":null}},"33":{"start":{"line":54,"column":4},"end":{"line":54,"column":null}},"34":{"start":{"line":55,"column":4},"end":{"line":55,"column":null}},"35":{"start":{"line":55,"column":21},"end":{"line":55,"column":72}},"36":{"start":{"line":56,"column":4},"end":{"line":56,"column":null}},"37":{"start":{"line":56,"column":21},"end":{"line":56,"column":71}},"38":{"start":{"line":60,"column":31},"end":{"line":76,"column":null}},"39":{"start":{"line":61,"column":19},"end":{"line":69,"column":null}},"40":{"start":{"line":71,"column":4},"end":{"line":75,"column":null}},"41":{"start":{"line":72,"column":6},"end":{"line":72,"column":null}},"42":{"start":{"line":74,"column":6},"end":{"line":74,"column":null}},"43":{"start":{"line":78,"column":34},"end":{"line":92,"column":null}},"44":{"start":{"line":79,"column":19},"end":{"line":87,"column":null}},"45":{"start":{"line":89,"column":4},"end":{"line":91,"column":null}},"46":{"start":{"line":90,"column":6},"end":{"line":90,"column":null}},"47":{"start":{"line":94,"column":33},"end":{"line":108,"column":null}},"48":{"start":{"line":95,"column":19},"end":{"line":103,"column":null}},"49":{"start":{"line":105,"column":4},"end":{"line":107,"column":null}},"50":{"start":{"line":106,"column":6},"end":{"line":106,"column":null}},"51":{"start":{"line":110,"column":23},"end":{"line":119,"column":null}},"52":{"start":{"line":111,"column":4},"end":{"line":118,"column":null}},"53":{"start":{"line":121,"column":20},"end":{"line":133,"column":null}},"54":{"start":{"line":122,"column":19},"end":{"line":130,"column":null}},"55":{"start":{"line":132,"column":4},"end":{"line":132,"column":null}},"56":{"start":{"line":135,"column":27},"end":{"line":150,"column":null}},"57":{"start":{"line":136,"column":19},"end":{"line":145,"column":null}},"58":{"start":{"line":147,"column":4},"end":{"line":149,"column":null}},"59":{"start":{"line":148,"column":6},"end":{"line":148,"column":null}},"60":{"start":{"line":371,"column":16},"end":{"line":371,"column":null}},"61":{"start":{"line":372,"column":16},"end":{"line":372,"column":null}},"62":{"start":{"line":382,"column":16},"end":{"line":382,"column":null}},"63":{"start":{"line":383,"column":16},"end":{"line":383,"column":null}},"64":{"start":{"line":392,"column":16},"end":{"line":392,"column":null}},"65":{"start":{"line":393,"column":16},"end":{"line":393,"column":null}},"66":{"start":{"line":423,"column":14},"end":{"line":423,"column":null}},"67":{"start":{"line":426,"column":14},"end":{"line":426,"column":null}},"68":{"start":{"line":441,"column":14},"end":{"line":441,"column":null}},"69":{"start":{"line":444,"column":14},"end":{"line":444,"column":null}}},"fnMap":{"0":{"name":"DemoPage","decl":{"start":{"line":18,"column":24},"end":{"line":18,"column":null}},"loc":{"start":{"line":18,"column":24},"end":{"line":453,"column":null}}},"1":{"name":"(anonymous_3)","decl":{"start":{"line":28,"column":24},"end":{"line":28,"column":null}},"loc":{"start":{"line":28,"column":24},"end":{"line":30,"column":null}}},"2":{"name":"(anonymous_4)","decl":{"start":{"line":32,"column":22},"end":{"line":32,"column":null}},"loc":{"start":{"line":32,"column":22},"end":{"line":34,"column":null}}},"3":{"name":"(anonymous_5)","decl":{"start":{"line":37,"column":27},"end":{"line":37,"column":null}},"loc":{"start":{"line":37,"column":27},"end":{"line":39,"column":null}}},"4":{"name":"(anonymous_6)","decl":{"start":{"line":41,"column":25},"end":{"line":41,"column":null}},"loc":{"start":{"line":41,"column":25},"end":{"line":43,"column":null}}},"5":{"name":"(anonymous_7)","decl":{"start":{"line":45,"column":24},"end":{"line":45,"column":null}},"loc":{"start":{"line":45,"column":24},"end":{"line":47,"column":null}}},"6":{"name":"(anonymous_8)","decl":{"start":{"line":49,"column":27},"end":{"line":49,"column":null}},"loc":{"start":{"line":49,"column":27},"end":{"line":51,"column":null}}},"7":{"name":"(anonymous_9)","decl":{"start":{"line":53,"column":29},"end":{"line":53,"column":null}},"loc":{"start":{"line":53,"column":29},"end":{"line":57,"column":null}}},"8":{"name":"(anonymous_10)","decl":{"start":{"line":55,"column":15},"end":{"line":55,"column":21}},"loc":{"start":{"line":55,"column":21},"end":{"line":55,"column":72}}},"9":{"name":"(anonymous_11)","decl":{"start":{"line":56,"column":15},"end":{"line":56,"column":21}},"loc":{"start":{"line":56,"column":21},"end":{"line":56,"column":71}}},"10":{"name":"(anonymous_12)","decl":{"start":{"line":60,"column":31},"end":{"line":60,"column":null}},"loc":{"start":{"line":60,"column":31},"end":{"line":76,"column":null}}},"11":{"name":"(anonymous_13)","decl":{"start":{"line":78,"column":34},"end":{"line":78,"column":null}},"loc":{"start":{"line":78,"column":34},"end":{"line":92,"column":null}}},"12":{"name":"(anonymous_14)","decl":{"start":{"line":94,"column":33},"end":{"line":94,"column":null}},"loc":{"start":{"line":94,"column":33},"end":{"line":108,"column":null}}},"13":{"name":"(anonymous_15)","decl":{"start":{"line":110,"column":23},"end":{"line":110,"column":null}},"loc":{"start":{"line":110,"column":23},"end":{"line":119,"column":null}}},"14":{"name":"(anonymous_16)","decl":{"start":{"line":121,"column":20},"end":{"line":121,"column":null}},"loc":{"start":{"line":121,"column":20},"end":{"line":133,"column":null}}},"15":{"name":"(anonymous_17)","decl":{"start":{"line":135,"column":27},"end":{"line":135,"column":null}},"loc":{"start":{"line":135,"column":27},"end":{"line":150,"column":null}}},"16":{"name":"(anonymous_18)","decl":{"start":{"line":370,"column":24},"end":{"line":370,"column":25}},"loc":{"start":{"line":370,"column":25},"end":{"line":373,"column":null}}},"17":{"name":"(anonymous_19)","decl":{"start":{"line":381,"column":24},"end":{"line":381,"column":25}},"loc":{"start":{"line":381,"column":25},"end":{"line":384,"column":null}}},"18":{"name":"(anonymous_20)","decl":{"start":{"line":391,"column":24},"end":{"line":391,"column":25}},"loc":{"start":{"line":391,"column":25},"end":{"line":394,"column":null}}},"19":{"name":"(anonymous_21)","decl":{"start":{"line":422,"column":26},"end":{"line":422,"column":27}},"loc":{"start":{"line":422,"column":27},"end":{"line":424,"column":null}}},"20":{"name":"(anonymous_22)","decl":{"start":{"line":425,"column":26},"end":{"line":425,"column":27}},"loc":{"start":{"line":425,"column":27},"end":{"line":427,"column":null}}},"21":{"name":"(anonymous_23)","decl":{"start":{"line":440,"column":26},"end":{"line":440,"column":27}},"loc":{"start":{"line":440,"column":27},"end":{"line":442,"column":null}}},"22":{"name":"(anonymous_24)","decl":{"start":{"line":443,"column":26},"end":{"line":443,"column":27}},"loc":{"start":{"line":443,"column":27},"end":{"line":445,"column":null}}}},"branchMap":{"0":{"loc":{"start":{"line":16,"column":21},"end":{"line":16,"column":null}},"type":"binary-expr","locations":[{"start":{"line":16,"column":21},"end":{"line":16,"column":57}},{"start":{"line":16,"column":61},"end":{"line":16,"column":null}}]},"1":{"loc":{"start":{"line":71,"column":4},"end":{"line":75,"column":null}},"type":"if","locations":[{"start":{"line":71,"column":4},"end":{"line":75,"column":null}},{"start":{"line":73,"column":11},"end":{"line":75,"column":null}}]},"2":{"loc":{"start":{"line":89,"column":4},"end":{"line":91,"column":null}},"type":"if","locations":[{"start":{"line":89,"column":4},"end":{"line":91,"column":null}},{"start":{},"end":{}}]},"3":{"loc":{"start":{"line":105,"column":4},"end":{"line":107,"column":null}},"type":"if","locations":[{"start":{"line":105,"column":4},"end":{"line":107,"column":null}},{"start":{},"end":{}}]},"4":{"loc":{"start":{"line":132,"column":14},"end":{"line":132,"column":75}},"type":"cond-expr","locations":[{"start":{"line":132,"column":23},"end":{"line":132,"column":49}},{"start":{"line":132,"column":49},"end":{"line":132,"column":75}}]},"5":{"loc":{"start":{"line":147,"column":4},"end":{"line":149,"column":null}},"type":"if","locations":[{"start":{"line":147,"column":4},"end":{"line":149,"column":null}},{"start":{},"end":{}}]}},"s":{"0":0,"1":0,"2":0,"3":0,"4":0,"5":0,"6":0,"7":0,"8":0,"9":0,"10":0,"11":0,"12":0,"13":0,"14":0,"15":0,"16":0,"17":0,"18":0,"19":0,"20":0,"21":0,"22":0,"23":0,"24":0,"25":0,"26":0,"27":0,"28":0,"29":0,"30":0,"31":0,"32":0,"33":0,"34":0,"35":0,"36":0,"37":0,"38":0,"39":0,"40":0,"41":0,"42":0,"43":0,"44":0,"45":0,"46":0,"47":0,"48":0,"49":0,"50":0,"51":0,"52":0,"53":0,"54":0,"55":0,"56":0,"57":0,"58":0,"59":0,"60":0,"61":0,"62":0,"63":0,"64":0,"65":0,"66":0,"67":0,"68":0,"69":0},"f":{"0":0,"1":0,"2":0,"3":0,"4":0,"5":0,"6":0,"7":0,"8":0,"9":0,"10":0,"11":0,"12":0,"13":0,"14":0,"15":0,"16":0,"17":0,"18":0,"19":0,"20":0,"21":0,"22":0},"b":{"0":[0,0],"1":[0,0],"2":[0,0],"3":[0,0],"4":[0,0],"5":[0,0]}}
,"/Users/F7905607/Dropbox/Projects/chatrr/frontend/src/app/docs/page.tsx": {"path":"/Users/F7905607/Dropbox/Projects/chatrr/frontend/src/app/docs/page.tsx","statementMap":{"0":{"start":{"line":101,"column":24},"end":{"line":101,"column":null}},"1":{"start":{"line":3,"column":60},"end":{"line":3,"column":null}},"2":{"start":{"line":4,"column":17},"end":{"line":4,"column":null}},"3":{"start":{"line":5,"column":18},"end":{"line":5,"column":null}},"4":{"start":{"line":6,"column":26},"end":{"line":6,"column":null}},"5":{"start":{"line":7,"column":22},"end":{"line":7,"column":null}},"6":{"start":{"line":8,"column":23},"end":{"line":8,"column":null}},"7":{"start":{"line":9,"column":35},"end":{"line":9,"column":null}},"8":{"start":{"line":10,"column":20},"end":{"line":10,"column":null}},"9":{"start":{"line":12,"column":21},"end":{"line":12,"column":null}},"10":{"start":{"line":15,"column":20},"end":{"line":29,"column":null}},"11":{"start":{"line":17,"column":2},"end":{"line":28,"column":null}},"12":{"start":{"line":32,"column":24},"end":{"line":50,"column":null}},"13":{"start":{"line":33,"column":2},"end":{"line":35,"column":null}},"14":{"start":{"line":34,"column":4},"end":{"line":34,"column":null}},"15":{"start":{"line":36,"column":2},"end":{"line":38,"column":null}},"16":{"start":{"line":37,"column":4},"end":{"line":37,"column":null}},"17":{"start":{"line":37,"column":33},"end":{"line":37,"column":null}},"18":{"start":{"line":39,"column":2},"end":{"line":48,"column":null}},"19":{"start":{"line":41,"column":4},"end":{"line":47,"column":null}},"20":{"start":{"line":49,"column":2},"end":{"line":49,"column":null}},"21":{"start":{"line":53,"column":31},"end":{"line":83,"column":null}},"22":{"start":{"line":53,"column":37},"end":{"line":83,"column":null}},"23":{"start":{"line":54,"column":23},"end":{"line":64,"column":null}},"24":{"start":{"line":55,"column":4},"end":{"line":63,"column":null}},"25":{"start":{"line":66,"column":16},"end":{"line":80,"column":null}},"26":{"start":{"line":67,"column":4},"end":{"line":67,"column":null}},"27":{"start":{"line":67,"column":25},"end":{"line":67,"column":null}},"28":{"start":{"line":69,"column":4},"end":{"line":79,"column":null}},"29":{"start":{"line":69,"column":17},"end":{"line":69,"column":20}},"30":{"start":{"line":70,"column":20},"end":{"line":70,"column":36}},"31":{"start":{"line":72,"column":6},"end":{"line":76,"column":null}},"32":{"start":{"line":73,"column":8},"end":{"line":73,"column":null}},"33":{"start":{"line":74,"column":8},"end":{"line":74,"column":null}},"34":{"start":{"line":75,"column":8},"end":{"line":75,"column":null}},"35":{"start":{"line":78,"column":6},"end":{"line":78,"column":null}},"36":{"start":{"line":82,"column":2},"end":{"line":82,"column":null}},"37":{"start":{"line":102,"column":36},"end":{"line":102,"column":null}},"38":{"start":{"line":103,"column":32},"end":{"line":103,"column":null}},"39":{"start":{"line":104,"column":44},"end":{"line":104,"column":null}},"40":{"start":{"line":105,"column":42},"end":{"line":105,"column":null}},"41":{"start":{"line":106,"column":32},"end":{"line":106,"column":null}},"42":{"start":{"line":107,"column":32},"end":{"line":107,"column":null}},"43":{"start":{"line":108,"column":40},"end":{"line":108,"column":null}},"44":{"start":{"line":109,"column":42},"end":{"line":122,"column":null}},"45":{"start":{"line":111,"column":4},"end":{"line":120,"column":null}},"46":{"start":{"line":112,"column":20},"end":{"line":112,"column":null}},"47":{"start":{"line":113,"column":6},"end":{"line":119,"column":null}},"48":{"start":{"line":114,"column":22},"end":{"line":114,"column":null}},"49":{"start":{"line":116,"column":8},"end":{"line":118,"column":null}},"50":{"start":{"line":117,"column":10},"end":{"line":117,"column":null}},"51":{"start":{"line":121,"column":4},"end":{"line":121,"column":16}},"52":{"start":{"line":123,"column":38},"end":{"line":123,"column":null}},"53":{"start":{"line":124,"column":52},"end":{"line":124,"column":null}},"54":{"start":{"line":125,"column":50},"end":{"line":125,"column":null}},"55":{"start":{"line":126,"column":40},"end":{"line":126,"column":null}},"56":{"start":{"line":127,"column":44},"end":{"line":127,"column":null}},"57":{"start":{"line":128,"column":29},"end":{"line":128,"column":null}},"58":{"start":{"line":129,"column":21},"end":{"line":129,"column":null}},"59":{"start":{"line":130,"column":27},"end":{"line":130,"column":null}},"60":{"start":{"line":131,"column":22},"end":{"line":131,"column":null}},"61":{"start":{"line":134,"column":2},"end":{"line":160,"column":null}},"62":{"start":{"line":135,"column":4},"end":{"line":159,"column":null}},"63":{"start":{"line":136,"column":6},"end":{"line":157,"column":null}},"64":{"start":{"line":158,"column":6},"end":{"line":158,"column":null}},"65":{"start":{"line":163,"column":25},"end":{"line":198,"column":null}},"66":{"start":{"line":164,"column":16},"end":{"line":164,"column":null}},"67":{"start":{"line":165,"column":26},"end":{"line":165,"column":null}},"68":{"start":{"line":167,"column":4},"end":{"line":181,"column":null}},"69":{"start":{"line":168,"column":28},"end":{"line":179,"column":null}},"70":{"start":{"line":169,"column":8},"end":{"line":178,"column":null}},"71":{"start":{"line":170,"column":10},"end":{"line":177,"column":null}},"72":{"start":{"line":171,"column":23},"end":{"line":171,"column":75}},"73":{"start":{"line":172,"column":28},"end":{"line":172,"column":null}},"74":{"start":{"line":173,"column":12},"end":{"line":173,"column":null}},"75":{"start":{"line":175,"column":12},"end":{"line":175,"column":null}},"76":{"start":{"line":176,"column":12},"end":{"line":176,"column":null}},"77":{"start":{"line":180,"column":6},"end":{"line":180,"column":null}},"78":{"start":{"line":201,"column":2},"end":{"line":263,"column":null}},"79":{"start":{"line":202,"column":4},"end":{"line":247,"column":null}},"80":{"start":{"line":203,"column":19},"end":{"line":203,"column":null}},"81":{"start":{"line":205,"column":8},"end":{"line":205,"column":null}},"82":{"start":{"line":208,"column":31},"end":{"line":208,"column":null}},"83":{"start":{"line":209,"column":35},"end":{"line":216,"column":null}},"84":{"start":{"line":210,"column":10},"end":{"line":215,"column":null}},"85":{"start":{"line":211,"column":12},"end":{"line":211,"column":null}},"86":{"start":{"line":212,"column":12},"end":{"line":214,"column":null}},"87":{"start":{"line":213,"column":14},"end":{"line":213,"column":null}},"88":{"start":{"line":217,"column":8},"end":{"line":219,"column":null}},"89":{"start":{"line":218,"column":10},"end":{"line":218,"column":null}},"90":{"start":{"line":220,"column":8},"end":{"line":220,"column":null}},"91":{"start":{"line":222,"column":8},"end":{"line":222,"column":null}},"92":{"start":{"line":225,"column":26},"end":{"line":225,"column":null}},"93":{"start":{"line":226,"column":26},"end":{"line":226,"column":null}},"94":{"start":{"line":227,"column":8},"end":{"line":242,"column":null}},"95":{"start":{"line":229,"column":10},"end":{"line":229,"column":null}},"96":{"start":{"line":232,"column":28},"end":{"line":232,"column":null}},"97":{"start":{"line":233,"column":28},"end":{"line":233,"column":null}},"98":{"start":{"line":234,"column":10},"end":{"line":241,"column":null}},"99":{"start":{"line":235,"column":12},"end":{"line":235,"column":null}},"100":{"start":{"line":236,"column":12},"end":{"line":240,"column":null}},"101":{"start":{"line":237,"column":27},"end":{"line":237,"column":null}},"102":{"start":{"line":238,"column":14},"end":{"line":238,"column":null}},"103":{"start":{"line":239,"column":14},"end":{"line":239,"column":null}},"104":{"start":{"line":245,"column":8},"end":{"line":245,"column":null}},"105":{"start":{"line":246,"column":8},"end":{"line":246,"column":null}},"106":{"start":{"line":250,"column":27},"end":{"line":259,"column":null}},"107":{"start":{"line":251,"column":24},"end":{"line":251,"column":null}},"108":{"start":{"line":252,"column":24},"end":{"line":252,"column":null}},"109":{"start":{"line":253,"column":6},"end":{"line":258,"column":null}},"110":{"start":{"line":254,"column":8},"end":{"line":254,"column":null}},"111":{"start":{"line":256,"column":8},"end":{"line":256,"column":null}},"112":{"start":{"line":257,"column":8},"end":{"line":257,"column":null}},"113":{"start":{"line":261,"column":4},"end":{"line":261,"column":null}},"114":{"start":{"line":262,"column":4},"end":{"line":262,"column":null}},"115":{"start":{"line":262,"column":17},"end":{"line":262,"column":null}},"116":{"start":{"line":265,"column":32},"end":{"line":269,"column":null}},"117":{"start":{"line":266,"column":4},"end":{"line":268,"column":null}},"118":{"start":{"line":267,"column":6},"end":{"line":267,"column":null}},"119":{"start":{"line":271,"column":31},"end":{"line":275,"column":null}},"120":{"start":{"line":272,"column":4},"end":{"line":274,"column":null}},"121":{"start":{"line":273,"column":6},"end":{"line":273,"column":null}},"122":{"start":{"line":277,"column":25},"end":{"line":305,"column":null}},"123":{"start":{"line":278,"column":4},"end":{"line":278,"column":null}},"124":{"start":{"line":278,"column":15},"end":{"line":278,"column":null}},"125":{"start":{"line":280,"column":4},"end":{"line":284,"column":null}},"126":{"start":{"line":281,"column":18},"end":{"line":281,"column":null}},"127":{"start":{"line":282,"column":19},"end":{"line":282,"column":null}},"128":{"start":{"line":283,"column":6},"end":{"line":283,"column":null}},"129":{"start":{"line":286,"column":4},"end":{"line":286,"column":null}},"130":{"start":{"line":286,"column":36},"end":{"line":286,"column":null}},"131":{"start":{"line":288,"column":31},"end":{"line":288,"column":null}},"132":{"start":{"line":289,"column":4},"end":{"line":289,"column":null}},"133":{"start":{"line":289,"column":33},"end":{"line":289,"column":null}},"134":{"start":{"line":291,"column":20},"end":{"line":291,"column":76}},"135":{"start":{"line":292,"column":18},"end":{"line":292,"column":null}},"136":{"start":{"line":293,"column":18},"end":{"line":293,"column":null}},"137":{"start":{"line":295,"column":4},"end":{"line":302,"column":null}},"138":{"start":{"line":296,"column":6},"end":{"line":296,"column":null}},"139":{"start":{"line":296,"column":33},"end":{"line":296,"column":null}},"140":{"start":{"line":297,"column":6},"end":{"line":300,"column":null}},"141":{"start":{"line":298,"column":8},"end":{"line":298,"column":null}},"142":{"start":{"line":299,"column":8},"end":{"line":299,"column":null}},"143":{"start":{"line":301,"column":6},"end":{"line":301,"column":null}},"144":{"start":{"line":304,"column":4},"end":{"line":304,"column":null}},"145":{"start":{"line":308,"column":19},"end":{"line":335,"column":null}},"146":{"start":{"line":309,"column":4},"end":{"line":309,"column":null}},"147":{"start":{"line":310,"column":4},"end":{"line":310,"column":null}},"148":{"start":{"line":311,"column":4},"end":{"line":311,"column":null}},"149":{"start":{"line":312,"column":4},"end":{"line":312,"column":null}},"150":{"start":{"line":314,"column":4},"end":{"line":334,"column":null}},"151":{"start":{"line":315,"column":18},"end":{"line":315,"column":null}},"152":{"start":{"line":316,"column":19},"end":{"line":316,"column":null}},"153":{"start":{"line":317,"column":6},"end":{"line":317,"column":null}},"154":{"start":{"line":320,"column":25},"end":{"line":320,"column":null}},"155":{"start":{"line":321,"column":21},"end":{"line":321,"column":78}},"156":{"start":{"line":322,"column":6},"end":{"line":322,"column":null}},"157":{"start":{"line":324,"column":6},"end":{"line":324,"column":null}},"158":{"start":{"line":325,"column":6},"end":{"line":325,"column":null}},"159":{"start":{"line":327,"column":6},"end":{"line":327,"column":null}},"160":{"start":{"line":328,"column":6},"end":{"line":333,"column":null}},"161":{"start":{"line":329,"column":8},"end":{"line":329,"column":null}},"162":{"start":{"line":330,"column":8},"end":{"line":332,"column":null}},"163":{"start":{"line":331,"column":10},"end":{"line":331,"column":null}},"164":{"start":{"line":338,"column":23},"end":{"line":359,"column":null}},"165":{"start":{"line":339,"column":4},"end":{"line":358,"column":null}},"166":{"start":{"line":340,"column":19},"end":{"line":340,"column":null}},"167":{"start":{"line":341,"column":6},"end":{"line":356,"column":null}},"168":{"start":{"line":342,"column":8},"end":{"line":342,"column":null}},"169":{"start":{"line":345,"column":23},"end":{"line":345,"column":null}},"170":{"start":{"line":346,"column":8},"end":{"line":353,"column":null}},"171":{"start":{"line":347,"column":29},"end":{"line":348,"column":null}},"172":{"start":{"line":348,"column":12},"end":{"line":348,"column":null}},"173":{"start":{"line":350,"column":10},"end":{"line":352,"column":null}},"174":{"start":{"line":351,"column":12},"end":{"line":351,"column":null}},"175":{"start":{"line":355,"column":8},"end":{"line":355,"column":null}},"176":{"start":{"line":357,"column":6},"end":{"line":357,"column":null}},"177":{"start":{"line":362,"column":27},"end":{"line":377,"column":null}},"178":{"start":{"line":363,"column":4},"end":{"line":363,"column":null}},"179":{"start":{"line":363,"column":17},"end":{"line":363,"column":null}},"180":{"start":{"line":365,"column":26},"end":{"line":374,"column":null}},"181":{"start":{"line":366,"column":6},"end":{"line":372,"column":null}},"182":{"start":{"line":367,"column":8},"end":{"line":367,"column":null}},"183":{"start":{"line":367,"column":34},"end":{"line":367,"column":null}},"184":{"start":{"line":368,"column":8},"end":{"line":371,"column":null}},"185":{"start":{"line":369,"column":24},"end":{"line":369,"column":null}},"186":{"start":{"line":370,"column":10},"end":{"line":370,"column":null}},"187":{"start":{"line":370,"column":21},"end":{"line":370,"column":null}},"188":{"start":{"line":373,"column":6},"end":{"line":373,"column":null}},"189":{"start":{"line":376,"column":4},"end":{"line":376,"column":null}},"190":{"start":{"line":380,"column":25},"end":{"line":395,"column":null}},"191":{"start":{"line":382,"column":27},"end":{"line":382,"column":null}},"192":{"start":{"line":385,"column":18},"end":{"line":387,"column":null}},"193":{"start":{"line":387,"column":22},"end":{"line":387,"column":null}},"194":{"start":{"line":390,"column":22},"end":{"line":392,"column":null}},"195":{"start":{"line":391,"column":19},"end":{"line":391,"column":null}},"196":{"start":{"line":394,"column":4},"end":{"line":394,"column":null}},"197":{"start":{"line":398,"column":22},"end":{"line":420,"column":null}},"198":{"start":{"line":399,"column":31},"end":{"line":399,"column":33}},"199":{"start":{"line":400,"column":23},"end":{"line":400,"column":null}},"200":{"start":{"line":402,"column":30},"end":{"line":416,"column":null}},"201":{"start":{"line":404,"column":6},"end":{"line":408,"column":null}},"202":{"start":{"line":405,"column":8},"end":{"line":407,"column":null}},"203":{"start":{"line":406,"column":10},"end":{"line":406,"column":null}},"204":{"start":{"line":411,"column":6},"end":{"line":415,"column":null}},"205":{"start":{"line":412,"column":8},"end":{"line":414,"column":null}},"206":{"start":{"line":413,"column":10},"end":{"line":413,"column":null}},"207":{"start":{"line":418,"column":4},"end":{"line":418,"column":null}},"208":{"start":{"line":419,"column":4},"end":{"line":419,"column":null}},"209":{"start":{"line":423,"column":23},"end":{"line":431,"column":null}},"210":{"start":{"line":424,"column":4},"end":{"line":424,"column":null}},"211":{"start":{"line":425,"column":4},"end":{"line":430,"column":null}},"212":{"start":{"line":426,"column":22},"end":{"line":426,"column":null}},"213":{"start":{"line":427,"column":6},"end":{"line":427,"column":null}},"214":{"start":{"line":429,"column":6},"end":{"line":429,"column":null}},"215":{"start":{"line":433,"column":31},"end":{"line":446,"column":null}},"216":{"start":{"line":434,"column":4},"end":{"line":434,"column":null}},"217":{"start":{"line":434,"column":15},"end":{"line":434,"column":null}},"218":{"start":{"line":435,"column":4},"end":{"line":435,"column":null}},"219":{"start":{"line":435,"column":29},"end":{"line":435,"column":null}},"220":{"start":{"line":436,"column":4},"end":{"line":436,"column":null}},"221":{"start":{"line":436,"column":62},"end":{"line":436,"column":null}},"222":{"start":{"line":437,"column":4},"end":{"line":437,"column":null}},"223":{"start":{"line":437,"column":31},"end":{"line":437,"column":null}},"224":{"start":{"line":439,"column":20},"end":{"line":439,"column":null}},"225":{"start":{"line":440,"column":17},"end":{"line":440,"column":null}},"226":{"start":{"line":441,"column":4},"end":{"line":443,"column":null}},"227":{"start":{"line":442,"column":6},"end":{"line":442,"column":null}},"228":{"start":{"line":445,"column":4},"end":{"line":445,"column":null}},"229":{"start":{"line":448,"column":23},"end":{"line":455,"column":null}},"230":{"start":{"line":449,"column":4},"end":{"line":449,"column":null}},"231":{"start":{"line":449,"column":15},"end":{"line":449,"column":null}},"232":{"start":{"line":450,"column":15},"end":{"line":450,"column":null}},"233":{"start":{"line":451,"column":15},"end":{"line":451,"column":null}},"234":{"start":{"line":452,"column":4},"end":{"line":454,"column":null}},"235":{"start":{"line":453,"column":6},"end":{"line":453,"column":null}},"236":{"start":{"line":458,"column":2},"end":{"line":462,"column":null}},"237":{"start":{"line":459,"column":4},"end":{"line":459,"column":null}},"238":{"start":{"line":461,"column":4},"end":{"line":461,"column":null}},"239":{"start":{"line":461,"column":21},"end":{"line":461,"column":45}},"240":{"start":{"line":465,"column":2},"end":{"line":469,"column":null}},"241":{"start":{"line":466,"column":4},"end":{"line":468,"column":null}},"242":{"start":{"line":467,"column":6},"end":{"line":467,"column":null}},"243":{"start":{"line":472,"column":2},"end":{"line":502,"column":null}},"244":{"start":{"line":473,"column":28},"end":{"line":481,"column":null}},"245":{"start":{"line":474,"column":6},"end":{"line":480,"column":null}},"246":{"start":{"line":475,"column":25},"end":{"line":475,"column":34}},"247":{"start":{"line":477,"column":8},"end":{"line":479,"column":null}},"248":{"start":{"line":478,"column":10},"end":{"line":478,"column":null}},"249":{"start":{"line":483,"column":26},"end":{"line":489,"column":null}},"250":{"start":{"line":484,"column":6},"end":{"line":488,"column":null}},"251":{"start":{"line":485,"column":8},"end":{"line":485,"column":null}},"252":{"start":{"line":486,"column":8},"end":{"line":486,"column":null}},"253":{"start":{"line":487,"column":8},"end":{"line":487,"column":null}},"254":{"start":{"line":491,"column":4},"end":{"line":496,"column":null}},"255":{"start":{"line":492,"column":6},"end":{"line":492,"column":null}},"256":{"start":{"line":493,"column":6},"end":{"line":493,"column":null}},"257":{"start":{"line":494,"column":6},"end":{"line":494,"column":null}},"258":{"start":{"line":495,"column":6},"end":{"line":495,"column":null}},"259":{"start":{"line":498,"column":4},"end":{"line":501,"column":null}},"260":{"start":{"line":499,"column":6},"end":{"line":499,"column":null}},"261":{"start":{"line":500,"column":6},"end":{"line":500,"column":null}},"262":{"start":{"line":505,"column":23},"end":{"line":555,"column":null}},"263":{"start":{"line":506,"column":24},"end":{"line":506,"column":null}},"264":{"start":{"line":509,"column":23},"end":{"line":510,"column":null}},"265":{"start":{"line":510,"column":6},"end":{"line":510,"column":null}},"266":{"start":{"line":513,"column":4},"end":{"line":514,"column":29}},"267":{"start":{"line":517,"column":12},"end":{"line":517,"column":null}},"268":{"start":{"line":518,"column":12},"end":{"line":518,"column":null}},"269":{"start":{"line":519,"column":12},"end":{"line":519,"column":null}},"270":{"start":{"line":534,"column":31},"end":{"line":534,"column":null}},"271":{"start":{"line":535,"column":31},"end":{"line":535,"column":null}},"272":{"start":{"line":548,"column":36},"end":{"line":548,"column":null}},"273":{"start":{"line":550,"column":54},"end":{"line":550,"column":null}},"274":{"start":{"line":558,"column":21},"end":{"line":560,"column":null}},"275":{"start":{"line":559,"column":4},"end":{"line":560,"column":null}},"276":{"start":{"line":562,"column":8},"end":{"line":562,"column":null}},"277":{"start":{"line":563,"column":8},"end":{"line":563,"column":null}},"278":{"start":{"line":564,"column":8},"end":{"line":564,"column":null}},"279":{"start":{"line":580,"column":8},"end":{"line":582,"column":null}},"280":{"start":{"line":581,"column":10},"end":{"line":581,"column":null}},"281":{"start":{"line":585,"column":8},"end":{"line":587,"column":null}},"282":{"start":{"line":586,"column":10},"end":{"line":586,"column":null}},"283":{"start":{"line":686,"column":33},"end":{"line":686,"column":null}},"284":{"start":{"line":699,"column":18},"end":{"line":699,"column":null}},"285":{"start":{"line":702,"column":18},"end":{"line":702,"column":null}},"286":{"start":{"line":730,"column":22},"end":{"line":731,"column":null}},"287":{"start":{"line":733,"column":26},"end":{"line":733,"column":null}},"288":{"start":{"line":734,"column":26},"end":{"line":734,"column":null}},"289":{"start":{"line":735,"column":26},"end":{"line":735,"column":null}},"290":{"start":{"line":736,"column":26},"end":{"line":736,"column":null}},"291":{"start":{"line":737,"column":26},"end":{"line":737,"column":null}},"292":{"start":{"line":750,"column":26},"end":{"line":752,"column":null}},"293":{"start":{"line":751,"column":28},"end":{"line":751,"column":null}},"294":{"start":{"line":755,"column":26},"end":{"line":757,"column":null}},"295":{"start":{"line":756,"column":28},"end":{"line":756,"column":null}},"296":{"start":{"line":794,"column":34},"end":{"line":794,"column":null}},"297":{"start":{"line":795,"column":31},"end":{"line":795,"column":null}},"298":{"start":{"line":796,"column":49},"end":{"line":796,"column":null}},"299":{"start":{"line":811,"column":37},"end":{"line":811,"column":null}},"300":{"start":{"line":812,"column":37},"end":{"line":812,"column":null}},"301":{"start":{"line":823,"column":14},"end":{"line":823,"column":null}},"302":{"start":{"line":824,"column":14},"end":{"line":824,"column":null}},"303":{"start":{"line":838,"column":14},"end":{"line":840,"column":null}},"304":{"start":{"line":839,"column":16},"end":{"line":839,"column":null}},"305":{"start":{"line":843,"column":14},"end":{"line":845,"column":null}},"306":{"start":{"line":844,"column":16},"end":{"line":844,"column":null}},"307":{"start":{"line":862,"column":12},"end":{"line":862,"column":null}},"308":{"start":{"line":863,"column":12},"end":{"line":863,"column":null}},"309":{"start":{"line":864,"column":12},"end":{"line":864,"column":null}},"310":{"start":{"line":864,"column":29},"end":{"line":864,"column":58}},"311":{"start":{"line":889,"column":12},"end":{"line":889,"column":null}},"312":{"start":{"line":892,"column":12},"end":{"line":892,"column":null}},"313":{"start":{"line":942,"column":20},"end":{"line":956,"column":null}},"314":{"start":{"line":948,"column":28},"end":{"line":948,"column":null}},"315":{"start":{"line":949,"column":28},"end":{"line":949,"column":null}},"316":{"start":{"line":950,"column":28},"end":{"line":950,"column":null}},"317":{"start":{"line":958,"column":37},"end":{"line":958,"column":null}},"318":{"start":{"line":959,"column":20},"end":{"line":974,"column":null}},"319":{"start":{"line":960,"column":41},"end":{"line":960,"column":null}},"320":{"start":{"line":961,"column":34},"end":{"line":961,"column":100}},"321":{"start":{"line":967,"column":28},"end":{"line":967,"column":null}},"322":{"start":{"line":968,"column":28},"end":{"line":968,"column":null}},"323":{"start":{"line":982,"column":20},"end":{"line":984,"column":null}},"324":{"start":{"line":988,"column":34},"end":{"line":988,"column":null}},"325":{"start":{"line":989,"column":38},"end":{"line":989,"column":null}},"326":{"start":{"line":990,"column":34},"end":{"line":990,"column":null}},"327":{"start":{"line":991,"column":37},"end":{"line":991,"column":null}},"328":{"start":{"line":992,"column":37},"end":{"line":994,"column":null}},"329":{"start":{"line":996,"column":20},"end":{"line":998,"column":null}},"330":{"start":{"line":1015,"column":20},"end":{"line":1029,"column":null}}},"fnMap":{"0":{"name":"(anonymous_2)","decl":{"start":{"line":15,"column":20},"end":{"line":15,"column":21}},"loc":{"start":{"line":15,"column":21},"end":{"line":29,"column":null}}},"1":{"name":"(anonymous_3)","decl":{"start":{"line":32,"column":24},"end":{"line":32,"column":25}},"loc":{"start":{"line":32,"column":25},"end":{"line":50,"column":null}}},"2":{"name":"(anonymous_4)","decl":{"start":{"line":37,"column":24},"end":{"line":37,"column":33}},"loc":{"start":{"line":37,"column":33},"end":{"line":37,"column":null}}},"3":{"name":"(anonymous_5)","decl":{"start":{"line":53,"column":31},"end":{"line":53,"column":37}},"loc":{"start":{"line":53,"column":37},"end":{"line":83,"column":null}}},"4":{"name":"(anonymous_6)","decl":{"start":{"line":53,"column":37},"end":{"line":53,"column":38}},"loc":{"start":{"line":53,"column":38},"end":{"line":83,"column":null}}},"5":{"name":"(anonymous_7)","decl":{"start":{"line":54,"column":23},"end":{"line":54,"column":24}},"loc":{"start":{"line":54,"column":24},"end":{"line":64,"column":null}}},"6":{"name":"(anonymous_8)","decl":{"start":{"line":66,"column":16},"end":{"line":66,"column":17}},"loc":{"start":{"line":66,"column":17},"end":{"line":80,"column":null}}},"7":{"name":"DocsPage","decl":{"start":{"line":101,"column":24},"end":{"line":101,"column":null}},"loc":{"start":{"line":101,"column":24},"end":{"line":1093,"column":null}}},"8":{"name":"(anonymous_10)","decl":{"start":{"line":109,"column":51},"end":{"line":109,"column":null}},"loc":{"start":{"line":109,"column":51},"end":{"line":122,"column":null}}},"9":{"name":"(anonymous_11)","decl":{"start":{"line":134,"column":12},"end":{"line":134,"column":null}},"loc":{"start":{"line":134,"column":12},"end":{"line":160,"column":5}}},"10":{"name":"(anonymous_12)","decl":{"start":{"line":163,"column":25},"end":{"line":163,"column":26}},"loc":{"start":{"line":163,"column":54},"end":{"line":198,"column":null}}},"11":{"name":"(anonymous_13)","decl":{"start":{"line":167,"column":14},"end":{"line":167,"column":null}},"loc":{"start":{"line":167,"column":14},"end":{"line":181,"column":7}}},"12":{"name":"(anonymous_14)","decl":{"start":{"line":168,"column":28},"end":{"line":168,"column":null}},"loc":{"start":{"line":168,"column":28},"end":{"line":179,"column":null}}},"13":{"name":"(anonymous_15)","decl":{"start":{"line":201,"column":12},"end":{"line":201,"column":null}},"loc":{"start":{"line":201,"column":12},"end":{"line":263,"column":5}}},"14":{"name":"(anonymous_16)","decl":{"start":{"line":203,"column":12},"end":{"line":203,"column":19}},"loc":{"start":{"line":203,"column":19},"end":{"line":203,"column":null}}},"15":{"name":"(anonymous_17)","decl":{"start":{"line":204,"column":12},"end":{"line":204,"column":null}},"loc":{"start":{"line":204,"column":12},"end":{"line":243,"column":null}}},"16":{"name":"(anonymous_18)","decl":{"start":{"line":209,"column":35},"end":{"line":209,"column":36}},"loc":{"start":{"line":209,"column":36},"end":{"line":216,"column":null}}},"17":{"name":"(anonymous_19)","decl":{"start":{"line":210,"column":26},"end":{"line":210,"column":null}},"loc":{"start":{"line":210,"column":26},"end":{"line":215,"column":null}}},"18":{"name":"(anonymous_20)","decl":{"start":{"line":234,"column":41},"end":{"line":234,"column":null}},"loc":{"start":{"line":234,"column":41},"end":{"line":241,"column":null}}},"19":{"name":"(anonymous_21)","decl":{"start":{"line":236,"column":32},"end":{"line":236,"column":null}},"loc":{"start":{"line":236,"column":32},"end":{"line":240,"column":null}}},"20":{"name":"(anonymous_22)","decl":{"start":{"line":244,"column":13},"end":{"line":244,"column":null}},"loc":{"start":{"line":244,"column":13},"end":{"line":247,"column":null}}},"21":{"name":"(anonymous_23)","decl":{"start":{"line":250,"column":27},"end":{"line":250,"column":28}},"loc":{"start":{"line":250,"column":28},"end":{"line":259,"column":null}}},"22":{"name":"(anonymous_24)","decl":{"start":{"line":262,"column":11},"end":{"line":262,"column":17}},"loc":{"start":{"line":262,"column":17},"end":{"line":262,"column":null}}},"23":{"name":"(anonymous_25)","decl":{"start":{"line":265,"column":32},"end":{"line":265,"column":null}},"loc":{"start":{"line":265,"column":32},"end":{"line":269,"column":null}}},"24":{"name":"(anonymous_26)","decl":{"start":{"line":271,"column":31},"end":{"line":271,"column":null}},"loc":{"start":{"line":271,"column":31},"end":{"line":275,"column":null}}},"25":{"name":"(anonymous_27)","decl":{"start":{"line":277,"column":25},"end":{"line":277,"column":26}},"loc":{"start":{"line":277,"column":26},"end":{"line":305,"column":null}}},"26":{"name":"(anonymous_28)","decl":{"start":{"line":295,"column":18},"end":{"line":295,"column":null}},"loc":{"start":{"line":295,"column":18},"end":{"line":302,"column":null}}},"27":{"name":"(anonymous_29)","decl":{"start":{"line":308,"column":19},"end":{"line":308,"column":26}},"loc":{"start":{"line":308,"column":44},"end":{"line":335,"column":null}}},"28":{"name":"(anonymous_30)","decl":{"start":{"line":328,"column":28},"end":{"line":328,"column":null}},"loc":{"start":{"line":328,"column":28},"end":{"line":333,"column":null}}},"29":{"name":"(anonymous_31)","decl":{"start":{"line":338,"column":23},"end":{"line":338,"column":24}},"loc":{"start":{"line":338,"column":24},"end":{"line":359,"column":null}}},"30":{"name":"(anonymous_32)","decl":{"start":{"line":339,"column":24},"end":{"line":339,"column":null}},"loc":{"start":{"line":339,"column":24},"end":{"line":358,"column":null}}},"31":{"name":"(anonymous_33)","decl":{"start":{"line":347,"column":56},"end":{"line":347,"column":null}},"loc":{"start":{"line":348,"column":12},"end":{"line":348,"column":null}}},"32":{"name":"(anonymous_34)","decl":{"start":{"line":362,"column":27},"end":{"line":362,"column":28}},"loc":{"start":{"line":362,"column":42},"end":{"line":377,"column":null}}},"33":{"name":"(anonymous_35)","decl":{"start":{"line":365,"column":26},"end":{"line":365,"column":27}},"loc":{"start":{"line":365,"column":27},"end":{"line":374,"column":null}}},"34":{"name":"(anonymous_36)","decl":{"start":{"line":380,"column":25},"end":{"line":380,"column":26}},"loc":{"start":{"line":380,"column":26},"end":{"line":395,"column":null}}},"35":{"name":"(anonymous_37)","decl":{"start":{"line":387,"column":14},"end":{"line":387,"column":22}},"loc":{"start":{"line":387,"column":22},"end":{"line":387,"column":null}}},"36":{"name":"(anonymous_38)","decl":{"start":{"line":391,"column":11},"end":{"line":391,"column":19}},"loc":{"start":{"line":391,"column":19},"end":{"line":391,"column":null}}},"37":{"name":"(anonymous_39)","decl":{"start":{"line":398,"column":22},"end":{"line":398,"column":23}},"loc":{"start":{"line":398,"column":38},"end":{"line":420,"column":null}}},"38":{"name":"(anonymous_40)","decl":{"start":{"line":402,"column":30},"end":{"line":402,"column":31}},"loc":{"start":{"line":402,"column":31},"end":{"line":416,"column":null}}},"39":{"name":"(anonymous_41)","decl":{"start":{"line":404,"column":22},"end":{"line":404,"column":null}},"loc":{"start":{"line":404,"column":22},"end":{"line":408,"column":null}}},"40":{"name":"(anonymous_42)","decl":{"start":{"line":411,"column":24},"end":{"line":411,"column":null}},"loc":{"start":{"line":411,"column":24},"end":{"line":415,"column":null}}},"41":{"name":"(anonymous_43)","decl":{"start":{"line":423,"column":23},"end":{"line":423,"column":24}},"loc":{"start":{"line":423,"column":24},"end":{"line":431,"column":null}}},"42":{"name":"(anonymous_44)","decl":{"start":{"line":433,"column":31},"end":{"line":433,"column":32}},"loc":{"start":{"line":433,"column":32},"end":{"line":446,"column":null}}},"43":{"name":"(anonymous_45)","decl":{"start":{"line":448,"column":23},"end":{"line":448,"column":24}},"loc":{"start":{"line":448,"column":24},"end":{"line":455,"column":null}}},"44":{"name":"(anonymous_46)","decl":{"start":{"line":458,"column":12},"end":{"line":458,"column":null}},"loc":{"start":{"line":458,"column":12},"end":{"line":462,"column":5}}},"45":{"name":"(anonymous_47)","decl":{"start":{"line":461,"column":15},"end":{"line":461,"column":21}},"loc":{"start":{"line":461,"column":21},"end":{"line":461,"column":45}}},"46":{"name":"(anonymous_48)","decl":{"start":{"line":465,"column":12},"end":{"line":465,"column":null}},"loc":{"start":{"line":465,"column":12},"end":{"line":469,"column":5}}},"47":{"name":"(anonymous_49)","decl":{"start":{"line":472,"column":12},"end":{"line":472,"column":null}},"loc":{"start":{"line":472,"column":12},"end":{"line":502,"column":5}}},"48":{"name":"(anonymous_50)","decl":{"start":{"line":473,"column":28},"end":{"line":473,"column":29}},"loc":{"start":{"line":473,"column":29},"end":{"line":481,"column":null}}},"49":{"name":"(anonymous_51)","decl":{"start":{"line":483,"column":26},"end":{"line":483,"column":null}},"loc":{"start":{"line":483,"column":26},"end":{"line":489,"column":null}}},"50":{"name":"(anonymous_52)","decl":{"start":{"line":498,"column":11},"end":{"line":498,"column":null}},"loc":{"start":{"line":498,"column":11},"end":{"line":501,"column":null}}},"51":{"name":"(anonymous_53)","decl":{"start":{"line":505,"column":23},"end":{"line":505,"column":24}},"loc":{"start":{"line":505,"column":60},"end":{"line":555,"column":null}}},"52":{"name":"(anonymous_54)","decl":{"start":{"line":509,"column":52},"end":{"line":509,"column":null}},"loc":{"start":{"line":510,"column":6},"end":{"line":510,"column":null}}},"53":{"name":"(anonymous_55)","decl":{"start":{"line":516,"column":19},"end":{"line":516,"column":20}},"loc":{"start":{"line":516,"column":20},"end":{"line":520,"column":null}}},"54":{"name":"(anonymous_56)","decl":{"start":{"line":534,"column":24},"end":{"line":534,"column":25}},"loc":{"start":{"line":534,"column":31},"end":{"line":534,"column":null}}},"55":{"name":"(anonymous_57)","decl":{"start":{"line":535,"column":24},"end":{"line":535,"column":25}},"loc":{"start":{"line":535,"column":31},"end":{"line":535,"column":null}}},"56":{"name":"(anonymous_58)","decl":{"start":{"line":548,"column":28},"end":{"line":548,"column":36}},"loc":{"start":{"line":548,"column":36},"end":{"line":548,"column":null}}},"57":{"name":"(anonymous_59)","decl":{"start":{"line":550,"column":41},"end":{"line":550,"column":54}},"loc":{"start":{"line":550,"column":54},"end":{"line":550,"column":null}}},"58":{"name":"(anonymous_60)","decl":{"start":{"line":558,"column":21},"end":{"line":558,"column":22}},"loc":{"start":{"line":559,"column":4},"end":{"line":560,"column":null}}},"59":{"name":"(anonymous_61)","decl":{"start":{"line":561,"column":15},"end":{"line":561,"column":16}},"loc":{"start":{"line":561,"column":16},"end":{"line":565,"column":null}}},"60":{"name":"(anonymous_62)","decl":{"start":{"line":579,"column":20},"end":{"line":579,"column":21}},"loc":{"start":{"line":579,"column":21},"end":{"line":583,"column":null}}},"61":{"name":"(anonymous_63)","decl":{"start":{"line":584,"column":20},"end":{"line":584,"column":21}},"loc":{"start":{"line":584,"column":21},"end":{"line":588,"column":null}}},"62":{"name":"(anonymous_64)","decl":{"start":{"line":686,"column":26},"end":{"line":686,"column":27}},"loc":{"start":{"line":686,"column":33},"end":{"line":686,"column":null}}},"63":{"name":"(anonymous_65)","decl":{"start":{"line":698,"column":25},"end":{"line":698,"column":26}},"loc":{"start":{"line":698,"column":26},"end":{"line":700,"column":null}}},"64":{"name":"(anonymous_66)","decl":{"start":{"line":701,"column":24},"end":{"line":701,"column":25}},"loc":{"start":{"line":701,"column":25},"end":{"line":703,"column":null}}},"65":{"name":"(anonymous_67)","decl":{"start":{"line":729,"column":39},"end":{"line":729,"column":null}},"loc":{"start":{"line":730,"column":22},"end":{"line":731,"column":null}}},"66":{"name":"(anonymous_68)","decl":{"start":{"line":732,"column":33},"end":{"line":732,"column":34}},"loc":{"start":{"line":732,"column":34},"end":{"line":738,"column":null}}},"67":{"name":"(anonymous_69)","decl":{"start":{"line":749,"column":38},"end":{"line":749,"column":39}},"loc":{"start":{"line":749,"column":39},"end":{"line":753,"column":null}}},"68":{"name":"(anonymous_70)","decl":{"start":{"line":754,"column":38},"end":{"line":754,"column":39}},"loc":{"start":{"line":754,"column":39},"end":{"line":758,"column":null}}},"69":{"name":"(anonymous_71)","decl":{"start":{"line":794,"column":26},"end":{"line":794,"column":34}},"loc":{"start":{"line":794,"column":34},"end":{"line":794,"column":null}}},"70":{"name":"(anonymous_72)","decl":{"start":{"line":795,"column":23},"end":{"line":795,"column":31}},"loc":{"start":{"line":795,"column":31},"end":{"line":795,"column":null}}},"71":{"name":"(anonymous_73)","decl":{"start":{"line":796,"column":39},"end":{"line":796,"column":49}},"loc":{"start":{"line":796,"column":49},"end":{"line":796,"column":null}}},"72":{"name":"(a
[...]
,"/Users/F7905607/Dropbox/Projects/chatrr/frontend/src/lib/db.ts": {"path":"/Users/F7905607/Dropbox/Projects/chatrr/frontend/src/lib/db.ts","statementMap":{"0":{"start":{"line":50,"column":13},"end":{"line":50,"column":29}},"1":{"start":{"line":86,"column":13},"end":{"line":86,"column":18}},"2":{"start":{"line":1,"column":29},"end":{"line":1,"column":null}},"3":{"start":{"line":58,"column":4},"end":{"line":58,"column":null}},"4":{"start":{"line":60,"column":4},"end":{"line":64,"column":null}},"5":{"start":{"line":67,"column":4},"end":{"line":72,"column":null}},"6":{"start":{"line":75,"column":4},"end":{"line":81,"column":null}},"7":{"start":{"line":86,"column":18},"end":{"line":86,"column":null}}},"fnMap":{"0":{"name":"(anonymous_4)","decl":{"start":{"line":57,"column":2},"end":{"line":57,"column":16}},"loc":{"start":{"line":57,"column":16},"end":{"line":82,"column":null}}}},"branchMap":{},"s":{"0":0,"1":0,"2":1,"3":1,"4":1,"5":1,"6":1,"7":1},"f":{"0":1},"b":{}}
,"/Users/F7905607/Dropbox/Projects/chatrr/frontend/src/lib/offline.ts": {"path":"/Users/F7905607/Dropbox/Projects/chatrr/frontend/src/lib/offline.ts","statementMap":{"0":{"start":{"line":68,"column":22},"end":{"line":68,"column":null}},"1":{"start":{"line":14,"column":22},"end":{"line":14,"column":41}},"2":{"start":{"line":9,"column":22},"end":{"line":9,"column":null}},"3":{"start":{"line":63,"column":16},"end":{"line":63,"column":null}},"4":{"start":{"line":29,"column":22},"end":{"line":29,"column":40}},"5":{"start":{"line":4,"column":22},"end":{"line":4,"column":41}},"6":{"start":{"line":34,"column":22},"end":{"line":34,"column":42}},"7":{"start":{"line":1,"column":35},"end":{"line":1,"column":null}},"8":{"start":{"line":5,"column":2},"end":{"line":5,"column":null}},"9":{"start":{"line":10,"column":2},"end":{"line":10,"column":null}},"10":{"start":{"line":15,"column":2},"end":{"line":24,"column":null}},"11":{"start":{"line":16,"column":4},"end":{"line":16,"column":null}},"12":{"start":{"line":17,"column":9},"end":{"line":24,"column":null}},"13":{"start":{"line":18,"column":4},"end":{"line":23,"column":null}},"14":{"start":{"line":25,"column":2},"end":{"line":25,"column":null}},"15":{"start":{"line":30,"column":2},"end":{"line":30,"column":null}},"16":{"start":{"line":35,"column":27},"end":{"line":35,"column":null}},"17":{"start":{"line":37,"column":2},"end":{"line":59,"column":null}},"18":{"start":{"line":38,"column":4},"end":{"line":58,"column":null}},"19":{"start":{"line":40,"column":23},"end":{"line":51,"column":null}},"20":{"start":{"line":53,"column":6},"end":{"line":55,"column":null}},"21":{"start":{"line":54,"column":8},"end":{"line":54,"column":null}},"22":{"start":{"line":57,"column":6},"end":{"line":57,"column":null}},"23":{"start":{"line":64,"column":2},"end":{"line":64,"column":null}},"24":{"start":{"line":69,"column":23},"end":{"line":69,"column":null}},"25":{"start":{"line":70,"column":2},"end":{"line":70,"column":null}},"26":{"start":{"line":72,"column":2},"end":{"line":74,"column":null}},"27":{"start":{"line":73,"column":19},"end":{"line":73,"column":null}}},"fnMap":{"0":{"name":"saveMessageOffline","decl":{"start":{"line":4,"column":22},"end":{"line":4,"column":41}},"loc":{"start":{"line":4,"column":64},"end":{"line":6,"column":null}}},"1":{"name":"getUnsyncedMessages","decl":{"start":{"line":9,"column":22},"end":{"line":9,"column":null}},"loc":{"start":{"line":9,"column":22},"end":{"line":11,"column":null}}},"2":{"name":"getOfflineMessages","decl":{"start":{"line":14,"column":22},"end":{"line":14,"column":41}},"loc":{"start":{"line":14,"column":79},"end":{"line":26,"column":null}}},"3":{"name":"markMessageSynced","decl":{"start":{"line":29,"column":22},"end":{"line":29,"column":40}},"loc":{"start":{"line":29,"column":57},"end":{"line":31,"column":null}}},"4":{"name":"syncOfflineMessages","decl":{"start":{"line":34,"column":22},"end":{"line":34,"column":42}},"loc":{"start":{"line":34,"column":55},"end":{"line":60,"column":null}}},"5":{"name":"isOnline","decl":{"start":{"line":63,"column":16},"end":{"line":63,"column":null}},"loc":{"start":{"line":63,"column":16},"end":{"line":65,"column":null}}},"6":{"name":"cleanupOldMessages","decl":{"start":{"line":68,"column":22},"end":{"line":68,"column":null}},"loc":{"start":{"line":68,"column":22},"end":{"line":75,"column":null}}},"7":{"name":"(anonymous_15)","decl":{"start":{"line":73,"column":12},"end":{"line":73,"column":19}},"loc":{"start":{"line":73,"column":19},"end":{"line":73,"column":null}}}},"branchMap":{"0":{"loc":{"start":{"line":15,"column":2},"end":{"line":24,"column":null}},"type":"if","locations":[{"start":{"line":15,"column":2},"end":{"line":24,"column":null}},{"start":{"line":17,"column":9},"end":{"line":24,"column":null}}]},"1":{"loc":{"start":{"line":17,"column":9},"end":{"line":24,"column":null}},"type":"if","locations":[{"start":{"line":17,"column":9},"end":{"line":24,"column":null}},{"start":{},"end":{}}]},"2":{"loc":{"start":{"line":53,"column":6},"end":{"line":55,"column":null}},"type":"if","locations":[{"start":{"line":53,"column":6},"end":{"line":55,"column":null}},{"start":{},"end":{}}]},"3":{"loc":{"start":{"line":73,"column":19},"end":{"line":73,"column":null}},"type":"binary-expr","locations":[{"start":{"line":73,"column":19},"end":{"line":73,"column":29}},{"start":{"line":73,"column":33},"end":{"line":73,"column":null}}]}},"s":{"0":0,"1":0,"2":0,"3":0,"4":0,"5":0,"6":0,"7":0,"8":0,"9":0,"10":0,"11":0,"12":0,"13":0,"14":0,"15":0,"16":0,"17":0,"18":0,"19":0,"20":0,"21":0,"22":0,"23":0,"24":0,"25":0,"26":0,"27":0},"f":{"0":0,"1":0,"2":0,"3":0,"4":0,"5":0,"6":0,"7":0},"b":{"0":[0,0],"1":[0,0],"2":[0,0],"3":[0,0]}}
,"/Users/F7905607/Dropbox/Projects/chatrr/frontend/src/lib/profileImageService.ts": {"path":"/Users/F7905607/Dropbox/Projects/chatrr/frontend/src/lib/profileImageService.ts","statementMap":{"0":{"start":{"line":126,"column":22},"end":{"line":126,"column":null}},"1":{"start":{"line":42,"column":22},"end":{"line":42,"column":null}},"2":{"start":{"line":51,"column":22},"end":{"line":51,"column":null}},"3":{"start":{"line":180,"column":22},"end":{"line":180,"column":null}},"4":{"start":{"line":34,"column":22},"end":{"line":34,"column":48}},"5":{"start":{"line":11,"column":22},"end":{"line":11,"column":null}},"6":{"start":{"line":187,"column":22},"end":{"line":187,"column":40}},"7":{"start":{"line":77,"column":22},"end":{"line":77,"column":null}},"8":{"start":{"line":152,"column":16},"end":{"line":152,"column":37}},"9":{"start":{"line":1,"column":33},"end":{"line":1,"column":null}},"10":{"start":{"line":16,"column":20},"end":{"line":16,"column":null}},"11":{"start":{"line":18,"column":37},"end":{"line":25,"column":null}},"12":{"start":{"line":27,"column":2},"end":{"line":27,"column":null}},"13":{"start":{"line":28,"column":2},"end":{"line":28,"column":null}},"14":{"start":{"line":35,"column":2},"end":{"line":35,"column":null}},"15":{"start":{"line":36,"column":2},"end":{"line":36,"column":null}},"16":{"start":{"line":45,"column":2},"end":{"line":45,"column":null}},"17":{"start":{"line":55,"column":23},"end":{"line":55,"column":null}},"18":{"start":{"line":57,"column":2},"end":{"line":59,"column":null}},"19":{"start":{"line":58,"column":4},"end":{"line":58,"column":null}},"20":{"start":{"line":62,"column":2},"end":{"line":64,"column":null}},"21":{"start":{"line":63,"column":4},"end":{"line":63,"column":null}},"22":{"start":{"line":67,"column":15},"end":{"line":69,"column":28}},"23":{"start":{"line":71,"column":2},"end":{"line":71,"column":null}},"24":{"start":{"line":81,"column":23},"end":{"line":81,"column":null}},"25":{"start":{"line":83,"column":2},"end":{"line":85,"column":null}},"26":{"start":{"line":84,"column":4},"end":{"line":84,"column":null}},"27":{"start":{"line":87,"column":2},"end":{"line":89,"column":null}},"28":{"start":{"line":88,"column":4},"end":{"line":88,"column":29}},"29":{"start":{"line":92,"column":19},"end":{"line":92,"column":null}},"30":{"start":{"line":93,"column":2},"end":{"line":93,"column":null}},"31":{"start":{"line":96,"column":19},"end":{"line":104,"column":null}},"32":{"start":{"line":107,"column":2},"end":{"line":109,"column":null}},"33":{"start":{"line":108,"column":4},"end":{"line":108,"column":null}},"34":{"start":{"line":111,"column":15},"end":{"line":111,"column":null}},"35":{"start":{"line":112,"column":20},"end":{"line":112,"column":28}},"36":{"start":{"line":115,"column":2},"end":{"line":118,"column":null}},"37":{"start":{"line":120,"column":2},"end":{"line":120,"column":null}},"38":{"start":{"line":131,"column":2},"end":{"line":131,"column":null}},"39":{"start":{"line":134,"column":19},"end":{"line":141,"column":null}},"40":{"start":{"line":144,"column":2},"end":{"line":146,"column":null}},"41":{"start":{"line":145,"column":4},"end":{"line":145,"column":null}},"42":{"start":{"line":157,"column":21},"end":{"line":157,"column":null}},"43":{"start":{"line":158,"column":2},"end":{"line":163,"column":null}},"44":{"start":{"line":159,"column":4},"end":{"line":162,"column":null}},"45":{"start":{"line":166,"column":18},"end":{"line":166,"column":35}},"46":{"start":{"line":167,"column":2},"end":{"line":172,"column":null}},"47":{"start":{"line":168,"column":4},"end":{"line":171,"column":null}},"48":{"start":{"line":174,"column":2},"end":{"line":174,"column":null}},"49":{"start":{"line":181,"column":2},"end":{"line":181,"column":null}},"50":{"start":{"line":188,"column":25},"end":{"line":188,"column":null}},"51":{"start":{"line":190,"column":2},"end":{"line":190,"column":null}},"52":{"start":{"line":192,"column":2},"end":{"line":198,"column":null}},"53":{"start":{"line":193,"column":4},"end":{"line":197,"column":null}},"54":{"start":{"line":194,"column":6},"end":{"line":194,"column":null}},"55":{"start":{"line":196,"column":6},"end":{"line":196,"column":null}},"56":{"start":{"line":200,"column":2},"end":{"line":200,"column":null}},"57":{"start":{"line":211,"column":2},"end":{"line":253,"column":null}},"58":{"start":{"line":212,"column":16},"end":{"line":212,"column":null}},"59":{"start":{"line":213,"column":19},"end":{"line":213,"column":null}},"60":{"start":{"line":214,"column":16},"end":{"line":214,"column":null}},"61":{"start":{"line":216,"column":4},"end":{"line":249,"column":null}},"62":{"start":{"line":218,"column":18},"end":{"line":218,"column":27}},"63":{"start":{"line":219,"column":19},"end":{"line":219,"column":29}},"64":{"start":{"line":221,"column":6},"end":{"line":231,"column":null}},"65":{"start":{"line":222,"column":8},"end":{"line":225,"column":null}},"66":{"start":{"line":223,"column":10},"end":{"line":223,"column":null}},"67":{"start":{"line":224,"column":10},"end":{"line":224,"column":null}},"68":{"start":{"line":227,"column":8},"end":{"line":230,"column":null}},"69":{"start":{"line":228,"column":10},"end":{"line":228,"column":null}},"70":{"start":{"line":229,"column":10},"end":{"line":229,"column":null}},"71":{"start":{"line":233,"column":6},"end":{"line":233,"column":null}},"72":{"start":{"line":234,"column":6},"end":{"line":234,"column":null}},"73":{"start":{"line":236,"column":6},"end":{"line":236,"column":null}},"74":{"start":{"line":240,"column":10},"end":{"line":244,"column":null}},"75":{"start":{"line":241,"column":12},"end":{"line":241,"column":null}},"76":{"start":{"line":243,"column":12},"end":{"line":243,"column":null}},"77":{"start":{"line":251,"column":4},"end":{"line":251,"column":null}},"78":{"start":{"line":251,"column":24},"end":{"line":251,"column":null}},"79":{"start":{"line":252,"column":4},"end":{"line":252,"column":null}}},"fnMap":{"0":{"name":"saveProfileImageLocally","decl":{"start":{"line":11,"column":22},"end":{"line":11,"column":null}},"loc":{"start":{"line":13,"column":17},"end":{"line":29,"column":null}}},"1":{"name":"removeProfileImageLocally","decl":{"start":{"line":34,"column":22},"end":{"line":34,"column":48}},"loc":{"start":{"line":34,"column":62},"end":{"line":37,"column":null}}},"2":{"name":"getProfileImageLocally","decl":{"start":{"line":42,"column":22},"end":{"line":42,"column":null}},"loc":{"start":{"line":43,"column":16},"end":{"line":46,"column":null}}},"3":{"name":"getProfileImageURL","decl":{"start":{"line":51,"column":22},"end":{"line":51,"column":null}},"loc":{"start":{"line":53,"column":31},"end":{"line":72,"column":null}}},"4":{"name":"uploadProfileImageToServer","decl":{"start":{"line":77,"column":22},"end":{"line":77,"column":null}},"loc":{"start":{"line":79,"column":15},"end":{"line":121,"column":null}}},"5":{"name":"deleteProfileImage","decl":{"start":{"line":126,"column":22},"end":{"line":126,"column":null}},"loc":{"start":{"line":128,"column":15},"end":{"line":147,"column":null}}},"6":{"name":"validateProfileImage","decl":{"start":{"line":152,"column":16},"end":{"line":152,"column":37}},"loc":{"start":{"line":152,"column":47},"end":{"line":175,"column":null}}},"7":{"name":"getUnsyncedProfileImages","decl":{"start":{"line":180,"column":22},"end":{"line":180,"column":null}},"loc":{"start":{"line":180,"column":22},"end":{"line":182,"column":null}}},"8":{"name":"syncProfileImages","decl":{"start":{"line":187,"column":22},"end":{"line":187,"column":40}},"loc":{"start":{"line":187,"column":53},"end":{"line":201,"column":null}}},"9":{"name":"createThumbnail","decl":{"start":{"line":206,"column":15},"end":{"line":206,"column":null}},"loc":{"start":{"line":209,"column":19},"end":{"line":254,"column":null}}},"10":{"name":"(anonymous_20)","decl":{"start":{"line":211,"column":21},"end":{"line":211,"column":22}},"loc":{"start":{"line":211,"column":31},"end":{"line":253,"column":null}}},"11":{"name":"(anonymous_21)","decl":{"start":{"line":216,"column":17},"end":{"line":216,"column":null}},"loc":{"start":{"line":216,"column":17},"end":{"line":249,"column":null}}},"12":{"name":"(anonymous_22)","decl":{"start":{"line":239,"column":8},"end":{"line":239,"column":9}},"loc":{"start":{"line":239,"column":9},"end":{"line":245,"column":null}}},"13":{"name":"(anonymous_23)","decl":{"start":{"line":251,"column":18},"end":{"line":251,"column":24}},"loc":{"start":{"line":251,"column":24},"end":{"line":251,"column":null}}}},"branchMap":{"0":{"loc":{"start":{"line":53,"column":2},"end":{"line":53,"column":31}},"type":"default-arg","locations":[{"start":{"line":53,"column":26},"end":{"line":53,"column":31}}]},"1":{"loc":{"start":{"line":57,"column":2},"end":{"line":59,"column":null}},"type":"if","locations":[{"start":{"line":57,"column":2},"end":{"line":59,"column":null}},{"start":{},"end":{}}]},"2":{"loc":{"start":{"line":62,"column":2},"end":{"line":64,"column":null}},"type":"if","locations":[{"start":{"line":62,"column":2},"end":{"line":64,"column":null}},{"start":{},"end":{}}]},"3":{"loc":{"start":{"line":62,"column":6},"end":{"line":62,"column":45}},"type":"binary-expr","locations":[{"start":{"line":62,"column":6},"end":{"line":62,"column":25}},{"start":{"line":62,"column":29},"end":{"line":62,"column":45}}]},"4":{"loc":{"start":{"line":67,"column":15},"end":{"line":69,"column":28}},"type":"cond-expr","locations":[{"start":{"line":68,"column":6},"end":{"line":68,"column":28}},{"start":{"line":69,"column":6},"end":{"line":69,"column":28}}]},"5":{"loc":{"start":{"line":67,"column":15},"end":{"line":67,"column":53}},"type":"binary-expr","locations":[{"start":{"line":67,"column":15},"end":{"line":67,"column":31}},{"start":{"line":67,"column":31},"end":{"line":67,"column":53}}]},"6":{"loc":{"start":{"line":83,"column":2},"end":{"line":85,"column":null}},"type":"if","locations":[{"start":{"line":83,"column":2},"end":{"line":85,"column":null}},{"start":{},"end":{}}]},"7":{"loc":{"start":{"line":87,"column":2},"end":{"line":89,"column":null}},"type":"if","locations":[{"start":{"line":87,"column":2},"end":{"line":89,"column":null}},{"start":{},"end":{}}]},"8":{"loc":{"start":{"line":87,"column":6},"end":{"line":87,"column":45}},"type":"binary-expr","locations":[{"start":{"line":87,"column":6},"end":{"line":87,"column":25}},{"start":{"line":87,"column":29},"end":{"line":87,"column":45}}]},"9":{"loc":{"start":{"line":107,"column":2},"end":{"line":109,"column":null}},"type":"if","locations":[{"start":{"line":107,"column":2},"end":{"line":109,"column":null}},{"start":{},"end":{}}]},"10":{"loc":{"start":{"line":144,"column":2},"end":{"line":146,"column":null}},"type":"if","locations":[{"start":{"line":144,"column":2},"end":{"line":146,"column":null}},{"start":{},"end":{}}]},"11":{"loc":{"start":{"line":158,"column":2},"end":{"line":163,"column":null}},"type":"if","locations":[{"start":{"line":158,"column":2},"end":{"line":163,"column":null}},{"start":{},"end":{}}]},"12":{"loc":{"start":{"line":167,"column":2},"end":{"line":172,"column":null}},"type":"if","locations":[{"start":{"line":167,"column":2},"end":{"line":172,"column":null}},{"start":{},"end":{}}]},"13":{"loc":{"start":{"line":221,"column":6},"end":{"line":231,"column":null}},"type":"if","locations":[{"start":{"line":221,"column":6},"end":{"line":231,"column":null}},{"start":{"line":226,"column":13},"end":{"line":231,"column":null}}]},"14":{"loc":{"start":{"line":222,"column":8},"end":{"line":225,"column":null}},"type":"if","locations":[{"start":{"line":222,"column":8},"end":{"line":225,"column":null}},{"start":{},"end":{}}]},"15":{"loc":{"start":{"line":227,"column":8},"end":{"line":230,"column":null}},"type":"if","locations":[{"start":{"line":227,"column":8},"end":{"line":230,"column":null}},{"start":{},"end":{}}]},"16":{"loc":{"start":{"line":240,"column":10},"end":{"line":244,"column":null}},"type":"if","locations":[{"start":{"line":240,"column":10},"end":{"line":244,"column":null}},{"start":{"line":242,"column":17},"end":{"line":244,"column":null}}]}},"s":{"0":0,"1":0,"2":0,"3":0,"4":0,"5":0,"6":0,"7":0,"8":0,"9":1,"10":0,"11":0,"12":0,"13":0,"14":0,"15":0,"16":0,"17":0,"18":0,"19":0,"20":0,"21":0,"22":0,"23":0,"24":0,"25":0,"26":0,"27":0,"28":0,"29":0,"30":0,"31":0,"32":0,"33":0,"34":0,"35":0,"36":0,"37":0,"38":0,"39":0,"40":0,"41":0,"42":0,"43":0,"44":0,"45":0,"46":0,"47":0,"48":0,"49":0,"50":0,"51":0,"52":0,"53":0,"54":0,"55":0,"56":0,"57":0,"58":0,"59":0,"60":0,"61":0,"62":0,"63":0,"64":0,"65":0,"66":0,"67":0,"68":0,"69":0,"70":0,"71":0,"72":0,"73":0,"74":0,"75":0,"76":0,"77":0,"78":0,"79":0},"f":{"0":0,"1":0,"2":0,"3":0,"4":0,"5":0,"6":0,"7":0,"8":0,"9":0,"10":0,"11":0,"12":0,"13":0},"b":{"0":[0],"1":[0,0],"2":[0,0],"3":[0,0],"4":[0,0],"5":[0,0],"6":[0,0],"7":[0,0],"8":[0,0],"9":[0,0],"10":[0,0],"11":[0,0],"12":[0,0],"13":[0,0],"14":[0,0],"15":[0,0],"16":[0,0]}}
}
