TN:
SF:src/version.ts
FNF:0
FNH:0
DA:1,0
LF:1
LH:0
BRF:0
BRH:0
end_of_record
TN:
SF:src/app/layout.tsx
FN:40,RootLayout
FNF:1
FNH:0
FNDA:0,RootLayout
DA:2,0
DA:3,0
DA:4,0
DA:5,0
DA:6,0
DA:7,0
DA:8,0
DA:9,0
DA:10,0
DA:11,0
DA:12,0
DA:14,0
DA:16,0
DA:18,0
DA:31,0
DA:40,0
LF:16
LH:0
BRDA:16,0,0,0
BRDA:16,0,1,0
BRF:2
BRH:0
end_of_record
TN:
SF:src/app/page.tsx
FN:14,HomePage
FN:19,(anonymous_3)
FN:41,(anonymous_4)
FN:46,(anonymous_5)
FN:166,(anonymous_6)
FNF:5
FNH:0
FNDA:0,HomePage
FNDA:0,(anonymous_3)
FNDA:0,(anonymous_4)
FNDA:0,(anonymous_5)
FNDA:0,(anonymous_6)
DA:3,0
DA:4,0
DA:5,0
DA:6,0
DA:7,0
DA:8,0
DA:9,0
DA:10,0
DA:12,0
DA:14,0
DA:15,0
DA:16,0
DA:17,0
DA:19,0
DA:20,0
DA:21,0
DA:24,0
DA:25,0
DA:27,0
DA:28,0
DA:29,0
DA:32,0
DA:33,0
DA:34,0
DA:37,0
DA:41,0
DA:42,0
DA:43,0
DA:46,0
DA:47,0
DA:48,0
DA:166,0
LF:32
LH:0
BRDA:12,0,0,0
BRDA:12,0,1,0
BRDA:24,1,0,0
BRDA:24,1,1,0
BRDA:24,2,0,0
BRDA:24,2,1,0
BRDA:24,2,2,0
BRDA:24,2,3,0
BRDA:153,3,0,0
BRF:9
BRH:0
end_of_record
TN:
SF:src/app/api/docs/route.ts
FN:8,readDirStructure
FN:15,(anonymous_3)
FN:33,(anonymous_4)
FN:34,(anonymous_5)
FN:40,GET
FNF:5
FNH:0
FNDA:0,readDirStructure
FNDA:0,(anonymous_3)
FNDA:0,(anonymous_4)
FNDA:0,(anonymous_5)
FNDA:0,GET
DA:1,0
DA:2,0
DA:3,0
DA:5,0
DA:9,0
DA:10,0
DA:15,0
DA:16,0
DA:18,0
DA:19,0
DA:24,0
DA:25,0
DA:33,0
DA:34,0
DA:36,0
DA:40,0
DA:41,0
DA:42,0
DA:43,0
DA:46,0
DA:49,0
DA:50,0
DA:53,0
DA:54,0
DA:57,0
DA:58,0
DA:61,0
DA:65,0
DA:66,0
DA:68,0
DA:72,0
DA:73,0
DA:75,0
DA:76,0
LF:34
LH:0
BRDA:8,0,0,0
BRDA:18,1,0,0
BRDA:18,1,1,0
BRDA:24,2,0,0
BRDA:24,2,1,0
BRDA:46,3,0,0
BRDA:46,3,1,0
BRDA:49,4,0,0
BRDA:49,4,1,0
BRDA:53,5,0,0
BRDA:53,5,1,0
BRDA:57,6,0,0
BRDA:57,6,1,0
BRF:13
BRH:0
end_of_record
TN:
SF:src/app/app/layout.tsx
FN:9,AppLayout
FN:17,(anonymous_3)
FN:21,(anonymous_4)
FN:29,(anonymous_5)
FN:51,(anonymous_6)
FNF:5
FNH:0
FNDA:0,AppLayout
FNDA:0,(anonymous_3)
FNDA:0,(anonymous_4)
FNDA:0,(anonymous_5)
FNDA:0,(anonymous_6)
DA:3,0
DA:4,0
DA:5,0
DA:6,0
DA:7,0
DA:9,0
DA:14,0
DA:15,0
DA:17,0
DA:18,0
DA:21,0
DA:23,0
DA:24,0
DA:25,0
DA:26,0
DA:29,0
DA:30,0
DA:31,0
DA:32,0
DA:33,0
DA:38,0
DA:41,0
DA:42,0
DA:43,0
DA:44,0
DA:45,0
DA:46,0
DA:49,0
DA:51,0
LF:29
LH:0
BRDA:41,0,0,0
BRDA:41,0,1,0
BRDA:43,1,0,0
BRDA:43,1,1,0
BRDA:45,2,0,0
BRDA:45,2,1,0
BRF:6
BRH:0
end_of_record
TN:
SF:src/app/app/page.tsx
FN:6,AppPage
FN:9,(anonymous_2)
FN:38,(anonymous_3)
FN:39,(anonymous_4)
FNF:4
FNH:0
FNDA:0,AppPage
FNDA:0,(anonymous_2)
FNDA:0,(anonymous_3)
FNDA:0,(anonymous_4)
DA:3,0
DA:4,0
DA:6,0
DA:7,0
DA:9,0
DA:10,0
DA:38,0
DA:39,0
LF:8
LH:0
BRF:0
BRH:0
end_of_record
TN:
SF:src/app/app/template.tsx
FN:5,Template
FNF:1
FNH:0
FNDA:0,Template
DA:3,0
DA:5,0
LF:2
LH:0
BRF:0
BRH:0
end_of_record
TN:
SF:src/app/app/groups/page.tsx
FN:6,GroupsPage
FN:9,(anonymous_2)
FNF:2
FNH:0
FNDA:0,GroupsPage
FNDA:0,(anonymous_2)
DA:3,0
DA:4,0
DA:6,0
DA:7,0
DA:9,0
DA:10,0
LF:6
LH:0
BRF:0
BRH:0
end_of_record
TN:
SF:src/app/app/settings/page.tsx
FN:11,SettingsPage
FN:20,(anonymous_3)
FN:40,(anonymous_4)
FN:46,(anonymous_5)
FN:47,(anonymous_6)
FN:49,(anonymous_7)
FN:197,(anonymous_8)
FN:246,(anonymous_9)
FN:289,(anonymous_10)
FN:290,(anonymous_11)
FNF:10
FNH:0
FNDA:0,SettingsPage
FNDA:0,(anonymous_3)
FNDA:0,(anonymous_4)
FNDA:0,(anonymous_5)
FNDA:0,(anonymous_6)
FNDA:0,(anonymous_7)
FNDA:0,(anonymous_8)
FNDA:0,(anonymous_9)
FNDA:0,(anonymous_10)
FNDA:0,(anonymous_11)
DA:3,0
DA:4,0
DA:5,0
DA:6,0
DA:7,0
DA:8,0
DA:9,0
DA:11,0
DA:12,0
DA:13,0
DA:14,0
DA:15,0
DA:16,0
DA:18,0
DA:20,0
DA:22,0
DA:23,0
DA:25,0
DA:26,0
DA:29,0
DA:30,0
DA:31,0
DA:32,0
DA:34,0
DA:35,0
DA:40,0
DA:41,0
DA:42,0
DA:43,0
DA:46,0
DA:47,0
DA:48,0
DA:50,0
DA:197,0
DA:246,0
DA:289,0
DA:290,0
LF:37
LH:0
BRDA:25,0,0,0
BRDA:25,0,1,0
BRDA:25,1,0,0
BRDA:25,1,1,0
BRDA:29,2,0,0
BRDA:29,2,1,0
BRDA:29,3,0,0
BRDA:29,3,1,0
BRDA:32,4,0,0
BRDA:32,4,1,0
BRDA:84,5,0,0
BRDA:84,5,1,0
BRDA:86,6,0,0
BRDA:86,6,1,0
BRDA:108,7,0,0
BRDA:108,7,1,0
BRDA:117,8,0,0
BRDA:117,8,1,0
BRDA:134,9,0,0
BRDA:134,9,1,0
BRDA:141,10,0,0
BRDA:141,10,1,0
BRDA:141,11,0,0
BRDA:141,11,1,0
BRDA:151,12,0,0
BRDA:151,12,1,0
BRDA:153,13,0,0
BRDA:153,13,1,0
BRDA:168,14,0,0
BRDA:168,14,1,0
BRDA:179,15,0,0
BRDA:179,15,1,0
BRDA:181,16,0,0
BRDA:181,16,1,0
BRDA:203,17,0,0
BRDA:203,17,1,0
BRDA:215,18,0,0
BRDA:215,18,1,0
BRDA:219,19,0,0
BRDA:219,19,1,0
BRDA:228,20,0,0
BRDA:228,20,1,0
BRDA:230,21,0,0
BRDA:230,21,1,0
BRDA:252,22,0,0
BRDA:252,22,1,0
BRDA:264,23,0,0
BRDA:264,23,1,0
BRDA:270,24,0,0
BRDA:270,24,1,0
BRF:50
BRH:0
end_of_record
TN:
SF:src/app/app/updates/page.tsx
FN:6,UpdatesPage
FN:9,(anonymous_2)
FNF:2
FNH:0
FNDA:0,UpdatesPage
FNDA:0,(anonymous_2)
DA:3,0
DA:4,0
DA:6,0
DA:7,0
DA:9,0
DA:10,0
LF:6
LH:0
BRF:0
BRH:0
end_of_record
TN:
SF:src/app/demo/page.tsx
FN:18,DemoPage
FN:28,(anonymous_3)
FN:32,(anonymous_4)
FN:37,(anonymous_5)
FN:41,(anonymous_6)
FN:45,(anonymous_7)
FN:49,(anonymous_8)
FN:53,(anonymous_9)
FN:55,(anonymous_10)
FN:56,(anonymous_11)
FN:60,(anonymous_12)
FN:78,(anonymous_13)
FN:94,(anonymous_14)
FN:110,(anonymous_15)
FN:121,(anonymous_16)
FN:135,(anonymous_17)
FN:370,(anonymous_18)
FN:381,(anonymous_19)
FN:391,(anonymous_20)
FN:422,(anonymous_21)
FN:425,(anonymous_22)
FN:440,(anonymous_23)
FN:443,(anonymous_24)
FNF:23
FNH:0
FNDA:0,DemoPage
FNDA:0,(anonymous_3)
FNDA:0,(anonymous_4)
FNDA:0,(anonymous_5)
FNDA:0,(anonymous_6)
FNDA:0,(anonymous_7)
FNDA:0,(anonymous_8)
FNDA:0,(anonymous_9)
FNDA:0,(anonymous_10)
FNDA:0,(anonymous_11)
FNDA:0,(anonymous_12)
FNDA:0,(anonymous_13)
FNDA:0,(anonymous_14)
FNDA:0,(anonymous_15)
FNDA:0,(anonymous_16)
FNDA:0,(anonymous_17)
FNDA:0,(anonymous_18)
FNDA:0,(anonymous_19)
FNDA:0,(anonymous_20)
FNDA:0,(anonymous_21)
FNDA:0,(anonymous_22)
FNDA:0,(anonymous_23)
FNDA:0,(anonymous_24)
DA:3,0
DA:4,0
DA:5,0
DA:6,0
DA:7,0
DA:8,0
DA:9,0
DA:10,0
DA:11,0
DA:12,0
DA:13,0
DA:14,0
DA:16,0
DA:18,0
DA:19,0
DA:20,0
DA:21,0
DA:24,0
DA:25,0
DA:26,0
DA:28,0
DA:29,0
DA:32,0
DA:33,0
DA:37,0
DA:38,0
DA:41,0
DA:42,0
DA:45,0
DA:46,0
DA:49,0
DA:50,0
DA:53,0
DA:54,0
DA:55,0
DA:56,0
DA:60,0
DA:61,0
DA:71,0
DA:72,0
DA:74,0
DA:78,0
DA:79,0
DA:89,0
DA:90,0
DA:94,0
DA:95,0
DA:105,0
DA:106,0
DA:110,0
DA:111,0
DA:121,0
DA:122,0
DA:132,0
DA:135,0
DA:136,0
DA:147,0
DA:148,0
DA:371,0
DA:372,0
DA:382,0
DA:383,0
DA:392,0
DA:393,0
DA:423,0
DA:426,0
DA:441,0
DA:444,0
LF:68
LH:0
BRDA:16,0,0,0
BRDA:16,0,1,0
BRDA:71,1,0,0
BRDA:71,1,1,0
BRDA:89,2,0,0
BRDA:89,2,1,0
BRDA:105,3,0,0
BRDA:105,3,1,0
BRDA:132,4,0,0
BRDA:132,4,1,0
BRDA:147,5,0,0
BRDA:147,5,1,0
BRF:12
BRH:0
end_of_record
TN:
SF:src/app/docs/page.tsx
FN:15,(anonymous_2)
FN:32,(anonymous_3)
FN:37,(anonymous_4)
FN:53,(anonymous_5)
FN:53,(anonymous_6)
FN:54,(anonymous_7)
FN:66,(anonymous_8)
FN:101,DocsPage
FN:109,(anonymous_10)
FN:134,(anonymous_11)
FN:163,(anonymous_12)
FN:167,(anonymous_13)
FN:168,(anonymous_14)
FN:201,(anonymous_15)
FN:203,(anonymous_16)
FN:204,(anonymous_17)
FN:209,(anonymous_18)
FN:210,(anonymous_19)
FN:234,(anonymous_20)
FN:236,(anonymous_21)
FN:244,(anonymous_22)
FN:250,(anonymous_23)
FN:262,(anonymous_24)
FN:265,(anonymous_25)
FN:271,(anonymous_26)
FN:277,(anonymous_27)
FN:295,(anonymous_28)
FN:308,(anonymous_29)
FN:328,(anonymous_30)
FN:338,(anonymous_31)
FN:339,(anonymous_32)
FN:347,(anonymous_33)
FN:362,(anonymous_34)
FN:365,(anonymous_35)
FN:380,(anonymous_36)
FN:387,(anonymous_37)
FN:391,(anonymous_38)
FN:398,(anonymous_39)
FN:402,(anonymous_40)
FN:404,(anonymous_41)
FN:411,(anonymous_42)
FN:423,(anonymous_43)
FN:433,(anonymous_44)
FN:448,(anonymous_45)
FN:458,(anonymous_46)
FN:461,(anonymous_47)
FN:465,(anonymous_48)
FN:472,(anonymous_49)
FN:473,(anonymous_50)
FN:483,(anonymous_51)
FN:498,(anonymous_52)
FN:505,(anonymous_53)
FN:509,(anonymous_54)
FN:516,(anonymous_55)
FN:534,(anonymous_56)
FN:535,(anonymous_57)
FN:548,(anonymous_58)
FN:550,(anonymous_59)
FN:558,(anonymous_60)
FN:561,(anonymous_61)
FN:579,(anonymous_62)
FN:584,(anonymous_63)
FN:686,(anonymous_64)
FN:698,(anonymous_65)
FN:701,(anonymous_66)
FN:729,(anonymous_67)
FN:732,(anonymous_68)
FN:749,(anonymous_69)
FN:754,(anonymous_70)
FN:794,(anonymous_71)
FN:795,(anonymous_72)
FN:796,(anonymous_73)
FN:811,(anonymous_74)
FN:812,(anonymous_75)
FN:822,(anonymous_76)
FN:837,(anonymous_77)
FN:842,(anonymous_78)
FN:861,(anonymous_79)
FN:864,(anonymous_80)
FN:888,(anonymous_81)
FN:891,(anonymous_82)
FN:941,(anonymous_89)
FN:947,(anonymous_90)
FN:966,(anonymous_91)
FN:981,(anonymous_92)
FN:987,(anonymous_93)
FN:1014,(anonymous_94)
FNF:87
FNH:0
FNDA:0,(anonymous_2)
FNDA:0,(anonymous_3)
FNDA:0,(anonymous_4)
FNDA:0,(anonymous_5)
FNDA:0,(anonymous_6)
FNDA:0,(anonymous_7)
FNDA:0,(anonymous_8)
FNDA:0,DocsPage
FNDA:0,(anonymous_10)
FNDA:0,(anonymous_11)
FNDA:0,(anonymous_12)
FNDA:0,(anonymous_13)
FNDA:0,(anonymous_14)
FNDA:0,(anonymous_15)
FNDA:0,(anonymous_16)
FNDA:0,(anonymous_17)
FNDA:0,(anonymous_18)
FNDA:0,(anonymous_19)
FNDA:0,(anonymous_20)
FNDA:0,(anonymous_21)
FNDA:0,(anonymous_22)
FNDA:0,(anonymous_23)
FNDA:0,(anonymous_24)
FNDA:0,(anonymous_25)
FNDA:0,(anonymous_26)
FNDA:0,(anonymous_27)
FNDA:0,(anonymous_28)
FNDA:0,(anonymous_29)
FNDA:0,(anonymous_30)
FNDA:0,(anonymous_31)
FNDA:0,(anonymous_32)
FNDA:0,(anonymous_33)
FNDA:0,(anonymous_34)
FNDA:0,(anonymous_35)
FNDA:0,(anonymous_36)
FNDA:0,(anonymous_37)
FNDA:0,(anonymous_38)
FNDA:0,(anonymous_39)
FNDA:0,(anonymous_40)
FNDA:0,(anonymous_41)
FNDA:0,(anonymous_42)
FNDA:0,(anonymous_43)
FNDA:0,(anonymous_44)
FNDA:0,(anonymous_45)
FNDA:0,(anonymous_46)
FNDA:0,(anonymous_47)
FNDA:0,(anonymous_48)
FNDA:0,(anonymous_49)
FNDA:0,(anonymous_50)
FNDA:0,(anonymous_51)
FNDA:0,(anonymous_52)
FNDA:0,(anonymous_53)
FNDA:0,(anonymous_54)
FNDA:0,(anonymous_55)
FNDA:0,(anonymous_56)
FNDA:0,(anonymous_57)
FNDA:0,(anonymous_58)
FNDA:0,(anonymous_59)
FNDA:0,(anonymous_60)
FNDA:0,(anonymous_61)
FNDA:0,(anonymous_62)
FNDA:0,(anonymous_63)
FNDA:0,(anonymous_64)
FNDA:0,(anonymous_65)
FNDA:0,(anonymous_66)
FNDA:0,(anonymous_67)
FNDA:0,(anonymous_68)
FNDA:0,(anonymous_69)
FNDA:0,(anonymous_70)
FNDA:0,(anonymous_71)
FNDA:0,(anonymous_72)
FNDA:0,(anonymous_73)
FNDA:0,(anonymous_74)
FNDA:0,(anonymous_75)
FNDA:0,(anonymous_76)
FNDA:0,(anonymous_77)
FNDA:0,(anonymous_78)
FNDA:0,(anonymous_79)
FNDA:0,(anonymous_80)
FNDA:0,(anonymous_81)
FNDA:0,(anonymous_82)
FNDA:0,(anonymous_89)
FNDA:0,(anonymous_90)
FNDA:0,(anonymous_91)
FNDA:0,(anonymous_92)
FNDA:0,(anonymous_93)
FNDA:0,(anonymous_94)
DA:3,0
DA:4,0
DA:5,0
DA:6,0
DA:7,0
DA:8,0
DA:9,0
DA:10,0
DA:12,0
DA:15,0
DA:17,0
DA:32,0
DA:33,0
DA:34,0
DA:36,0
DA:37,0
DA:39,0
DA:41,0
DA:49,0
DA:53,0
DA:54,0
DA:55,0
DA:66,0
DA:67,0
DA:69,0
DA:70,0
DA:72,0
DA:73,0
DA:74,0
DA:75,0
DA:78,0
DA:82,0
DA:101,0
DA:102,0
DA:103,0
DA:104,0
DA:105,0
DA:106,0
DA:107,0
DA:108,0
DA:109,0
DA:111,0
DA:112,0
DA:113,0
DA:114,0
DA:116,0
DA:117,0
DA:121,0
DA:123,0
DA:124,0
DA:125,0
DA:126,0
DA:127,0
DA:128,0
DA:129,0
DA:130,0
DA:131,0
DA:134,0
DA:135,0
DA:136,0
DA:158,0
DA:163,0
DA:164,0
DA:165,0
DA:167,0
DA:168,0
DA:169,0
DA:170,0
DA:171,0
DA:172,0
DA:173,0
DA:175,0
DA:176,0
DA:180,0
DA:201,0
DA:202,0
DA:203,0
DA:205,0
DA:208,0
DA:209,0
DA:210,0
DA:211,0
DA:212,0
DA:213,0
DA:217,0
DA:218,0
DA:220,0
DA:222,0
DA:225,0
DA:226,0
DA:227,0
DA:229,0
DA:232,0
DA:233,0
DA:234,0
DA:235,0
DA:236,0
DA:237,0
DA:238,0
DA:239,0
DA:245,0
DA:246,0
DA:250,0
DA:251,0
DA:252,0
DA:253,0
DA:254,0
DA:256,0
DA:257,0
DA:261,0
DA:262,0
DA:265,0
DA:266,0
DA:267,0
DA:271,0
DA:272,0
DA:273,0
DA:277,0
DA:278,0
DA:280,0
DA:281,0
DA:282,0
DA:283,0
DA:286,0
DA:288,0
DA:289,0
DA:291,0
DA:292,0
DA:293,0
DA:295,0
DA:296,0
DA:297,0
DA:298,0
DA:299,0
DA:301,0
DA:304,0
DA:308,0
DA:309,0
DA:310,0
DA:311,0
DA:312,0
DA:314,0
DA:315,0
DA:316,0
DA:317,0
DA:320,0
DA:321,0
DA:322,0
DA:324,0
DA:325,0
DA:327,0
DA:328,0
DA:329,0
DA:330,0
DA:331,0
DA:338,0
DA:339,0
DA:340,0
DA:341,0
DA:342,0
DA:345,0
DA:346,0
DA:347,0
DA:348,0
DA:350,0
DA:351,0
DA:355,0
DA:357,0
DA:362,0
DA:363,0
DA:365,0
DA:366,0
DA:367,0
DA:368,0
DA:369,0
DA:370,0
DA:373,0
DA:376,0
DA:380,0
DA:382,0
DA:385,0
DA:387,0
DA:390,0
DA:391,0
DA:394,0
DA:398,0
DA:399,0
DA:400,0
DA:402,0
DA:404,0
DA:405,0
DA:406,0
DA:411,0
DA:412,0
DA:413,0
DA:418,0
DA:419,0
DA:423,0
DA:424,0
DA:425,0
DA:426,0
DA:427,0
DA:429,0
DA:433,0
DA:434,0
DA:435,0
DA:436,0
DA:437,0
DA:439,0
DA:440,0
DA:441,0
DA:442,0
DA:445,0
DA:448,0
DA:449,0
DA:450,0
DA:451,0
DA:452,0
DA:453,0
DA:458,0
DA:459,0
DA:461,0
DA:465,0
DA:466,0
DA:467,0
DA:472,0
DA:473,0
DA:474,0
DA:475,0
DA:477,0
DA:478,0
DA:483,0
DA:484,0
DA:485,0
DA:486,0
DA:487,0
DA:491,0
DA:492,0
DA:493,0
DA:494,0
DA:495,0
DA:498,0
DA:499,0
DA:500,0
DA:505,0
DA:506,0
DA:509,0
DA:510,0
DA:513,0
DA:517,0
DA:518,0
DA:519,0
DA:534,0
DA:535,0
DA:548,0
DA:550,0
DA:558,0
DA:559,0
DA:562,0
DA:563,0
DA:564,0
DA:580,0
DA:581,0
DA:585,0
DA:586,0
DA:686,0
DA:699,0
DA:702,0
DA:730,0
DA:733,0
DA:734,0
DA:735,0
DA:736,0
DA:737,0
DA:750,0
DA:751,0
DA:755,0
DA:756,0
DA:794,0
DA:795,0
DA:796,0
DA:811,0
DA:812,0
DA:823,0
DA:824,0
DA:838,0
DA:839,0
DA:843,0
DA:844,0
DA:862,0
DA:863,0
DA:864,0
DA:889,0
DA:892,0
DA:942,0
DA:948,0
DA:949,0
DA:950,0
DA:958,0
DA:959,0
DA:960,0
DA:961,0
DA:967,0
DA:968,0
DA:982,0
DA:988,0
DA:989,0
DA:990,0
DA:991,0
DA:992,0
DA:996,0
DA:1015,0
LF:312
LH:0
BRDA:12,0,0,0
BRDA:12,0,1,0
BRDA:33,1,0,0
BRDA:33,1,1,0
BRDA:36,2,0,0
BRDA:36,2,1,0
BRDA:39,3,0,0
BRDA:39,3,1,0
BRDA:39,4,0,0
BRDA:39,4,1,0
BRDA:39,4,2,0
BRDA:39,4,3,0
BRDA:67,5,0,0
BRDA:67,5,1,0
BRDA:72,6,0,0
BRDA:72,6,1,0
BRDA:72,7,0,0
BRDA:72,7,1,0
BRDA:111,8,0,0
BRDA:111,8,1,0
BRDA:113,9,0,0
BRDA:113,9,1,0
BRDA:116,10,0,0
BRDA:116,10,1,0
BRDA:116,11,0,0
BRDA:116,11,1,0
BRDA:135,12,0,0
BRDA:135,12,1,0
BRDA:169,13,0,0
BRDA:169,13,1,0
BRDA:169,14,0,0
BRDA:169,14,1,0
BRDA:212,15,0,0
BRDA:212,15,1,0
BRDA:212,16,0,0
BRDA:212,16,1,0
BRDA:217,17,0,0
BRDA:217,17,1,0
BRDA:227,18,0,0
BRDA:227,18,1,0
BRDA:235,19,0,0
BRDA:235,19,1,0
BRDA:253,20,0,0
BRDA:253,20,1,0
BRDA:266,21,0,0
BRDA:266,21,1,0
BRDA:272,22,0,0
BRDA:272,22,1,0
BRDA:278,23,0,0
BRDA:278,23,1,0
BRDA:280,24,0,0
BRDA:280,24,1,0
BRDA:283,25,0,0
BRDA:283,25,1,0
BRDA:286,26,0,0
BRDA:286,26,1,0
BRDA:289,27,0,0
BRDA:289,27,1,0
BRDA:291,28,0,0
BRDA:291,28,1,0
BRDA:296,29,0,0
BRDA:296,29,1,0
BRDA:296,30,0,0
BRDA:296,30,1,0
BRDA:297,31,0,0
BRDA:297,31,1,0
BRDA:304,32,0,0
BRDA:304,32,1,0
BRDA:310,33,0,0
BRDA:310,33,1,0
BRDA:317,34,0,0
BRDA:317,34,1,0
BRDA:320,35,0,0
BRDA:320,35,1,0
BRDA:330,36,0,0
BRDA:330,36,1,0
BRDA:341,37,0,0
BRDA:341,37,1,0
BRDA:346,38,0,0
BRDA:346,38,1,0
BRDA:350,39,0,0
BRDA:350,39,1,0
BRDA:363,40,0,0
BRDA:363,40,1,0
BRDA:367,41,0,0
BRDA:367,41,1,0
BRDA:368,42,0,0
BRDA:368,42,1,0
BRDA:368,43,0,0
BRDA:368,43,1,0
BRDA:370,44,0,0
BRDA:370,44,1,0
BRDA:405,45,0,0
BRDA:405,45,1,0
BRDA:412,46,0,0
BRDA:412,46,1,0
BRDA:425,47,0,0
BRDA:425,47,1,0
BRDA:425,48,0,0
BRDA:425,48,1,0
BRDA:434,49,0,0
BRDA:434,49,1,0
BRDA:435,50,0,0
BRDA:435,50,1,0
BRDA:436,51,0,0
BRDA:436,51,1,0
BRDA:436,52,0,0
BRDA:436,52,1,0
BRDA:437,53,0,0
BRDA:437,53,1,0
BRDA:440,54,0,0
BRDA:440,54,1,0
BRDA:441,55,0,0
BRDA:441,55,1,0
BRDA:441,56,0,0
BRDA:441,56,1,0
BRDA:449,57,0,0
BRDA:449,57,1,0
BRDA:452,58,0,0
BRDA:452,58,1,0
BRDA:466,59,0,0
BRDA:466,59,1,0
BRDA:466,60,0,0
BRDA:466,60,1,0
BRDA:474,61,0,0
BRDA:474,61,1,0
BRDA:477,62,0,0
BRDA:477,62,1,0
BRDA:477,63,0,0
BRDA:477,63,1,0
BRDA:484,64,0,0
BRDA:484,64,1,0
BRDA:491,65,0,0
BRDA:491,65,1,0
BRDA:505,66,0,0
BRDA:537,67,0,0
BRDA:537,67,1,0
BRDA:545,68,0,0
BRDA:558,69,0,0
BRDA:569,70,0,0
BRDA:569,70,1,0
BRDA:573,71,0,0
BRDA:573,71,1,0
BRDA:580,72,0,0
BRDA:580,72,1,0
BRDA:585,73,0,0
BRDA:585,73,1,0
BRDA:604,74,0,0
BRDA:632,75,0,0
BRDA:632,75,1,0
BRDA:637,76,0,0
BRDA:637,76,1,0
BRDA:637,77,0,0
BRDA:637,77,1,0
BRDA:647,78,0,0
BRDA:647,78,1,0
BRDA:648,79,0,0
BRDA:648,79,1,0
BRDA:649,80,0,0
BRDA:649,80,1,0
BRDA:650,81,0,0
BRDA:650,81,1,0
BRDA:705,82,0,0
BRDA:711,83,0,0
BRDA:711,83,1,0
BRDA:718,84,0,0
BRDA:720,85,0,0
BRDA:741,86,0,0
BRDA:741,86,1,0
BRDA:745,87,0,0
BRDA:745,87,1,0
BRDA:750,88,0,0
BRDA:750,88,1,0
BRDA:755,89,0,0
BRDA:755,89,1,0
BRDA:791,90,0,0
BRDA:820,91,0,0
BRDA:833,92,0,0
BRDA:833,92,1,0
BRDA:838,93,0,0
BRDA:838,93,1,0
BRDA:843,94,0,0
BRDA:843,94,1,0
BRDA:855,95,0,0
BRDA:855,95,1,0
BRDA:856,96,0,0
BRDA:856,96,1,0
BRDA:856,97,0,0
BRDA:856,97,1,0
BRDA:869,98,0,0
BRDA:869,98,1,0
BRDA:879,99,0,0
BRDA:879,99,1,0
BRDA:894,100,0,0
BRDA:894,100,1,0
BRDA:896,101,0,0
BRDA:896,101,1,0
BRDA:907,102,0,0
BRDA:915,103,0,0
BRDA:942,104,0,0
BRDA:942,104,1,0
BRDA:959,105,0,0
BRDA:959,105,1,0
BRDA:960,106,0,0
BRDA:960,106,1,0
BRDA:968,107,0,0
BRDA:968,107,1,0
BRDA:982,108,0,0
BRDA:982,108,1,0
BRDA:988,109,0,0
BRDA:988,109,1,0
BRDA:989,110,0,0
BRDA:989,110,1,0
BRDA:991,111,0,0
BRDA:991,111,1,0
BRDA:992,112,0,0
BRDA:992,112,1,0
BRDA:996,113,0,0
BRDA:996,113,1,0
BRDA:1015,114,0,0
BRDA:1015,114,1,0
BRF:221
BRH:0
end_of_record
TN:
SF:src/app/email-preview/page.tsx
FN:13,EmailPreviewPage
FN:22,(anonymous_3)
FN:35,(anonymous_4)
FN:36,(anonymous_5)
FN:39,(anonymous_6)
FN:69,(anonymous_7)
FN:80,(anonymous_8)
FN:88,(anonymous_9)
FN:96,(anonymous_10)
FN:104,(anonymous_11)
FN:114,(anonymous_12)
FN:116,(anonymous_13)
FNF:12
FNH:0
FNDA:0,EmailPreviewPage
FNDA:0,(anonymous_3)
FNDA:0,(anonymous_4)
FNDA:0,(anonymous_5)
FNDA:0,(anonymous_6)
FNDA:0,(anonymous_7)
FNDA:0,(anonymous_8)
FNDA:0,(anonymous_9)
FNDA:0,(anonymous_10)
FNDA:0,(anonymous_11)
FNDA:0,(anonymous_12)
FNDA:0,(anonymous_13)
DA:3,0
DA:4,0
DA:5,0
DA:6,0
DA:7,0
DA:8,0
DA:9,0
DA:11,0
DA:13,0
DA:14,0
DA:15,0
DA:16,0
DA:17,0
DA:18,0
DA:19,0
DA:20,0
DA:22,0
DA:23,0
DA:32,0
DA:35,0
DA:36,0
DA:39,0
DA:40,0
DA:69,0
DA:80,0
DA:88,0
DA:96,0
DA:104,0
DA:114,0
DA:117,0
DA:118,0
LF:31
LH:0
BRDA:11,0,0,0
BRDA:11,0,1,0
BRF:2
BRH:0
end_of_record
TN:
SF:src/app/login/page.tsx
FN:10,LoginPage
FN:19,(anonymous_3)
FN:82,(anonymous_4)
FN:94,(anonymous_5)
FN:108,(anonymous_6)
FN:128,(anonymous_7)
FNF:6
FNH:0
FNDA:0,LoginPage
FNDA:0,(anonymous_3)
FNDA:0,(anonymous_4)
FNDA:0,(anonymous_5)
FNDA:0,(anonymous_6)
FNDA:0,(anonymous_7)
DA:3,0
DA:4,0
DA:5,0
DA:6,0
DA:8,0
DA:10,0
DA:11,0
DA:12,0
DA:13,0
DA:14,0
DA:15,0
DA:16,0
DA:17,0
DA:19,0
DA:20,0
DA:21,0
DA:22,0
DA:24,0
DA:25,0
DA:28,0
DA:29,0
DA:30,0
DA:31,0
DA:34,0
DA:35,0
DA:37,0
DA:39,0
DA:41,0
DA:82,0
DA:94,0
DA:108,0
DA:129,0
DA:130,0
DA:131,0
LF:34
LH:0
BRDA:8,0,0,0
BRDA:8,0,1,0
BRDA:25,1,0,0
BRDA:25,1,1,0
BRDA:28,2,0,0
BRDA:28,2,1,0
BRDA:39,3,0,0
BRDA:39,3,1,0
BRDA:63,4,0,0
BRDA:63,4,1,0
BRDA:67,5,0,0
BRDA:74,6,0,0
BRDA:121,7,0,0
BRDA:121,7,1,0
BRDA:121,8,0,0
BRDA:121,8,1,0
BRDA:125,9,0,0
BRF:17
BRH:0
end_of_record
TN:
SF:src/app/register/page.tsx
FN:10,RegisterPage
FN:26,(anonymous_3)
FN:37,(anonymous_4)
FN:44,(anonymous_5)
FN:51,(anonymous_6)
FN:59,(anonymous_7)
FN:65,(anonymous_8)
FN:80,(anonymous_9)
FN:86,(anonymous_10)
FN:92,(anonymous_11)
FN:104,(anonymous_12)
FN:119,(anonymous_13)
FN:122,(anonymous_14)
FN:229,(anonymous_15)
FN:247,(anonymous_16)
FN:283,(anonymous_17)
FN:290,(anonymous_18)
FN:325,(anonymous_19)
FN:332,(anonymous_20)
FNF:19
FNH:0
FNDA:0,RegisterPage
FNDA:0,(anonymous_3)
FNDA:0,(anonymous_4)
FNDA:0,(anonymous_5)
FNDA:0,(anonymous_6)
FNDA:0,(anonymous_7)
FNDA:0,(anonymous_8)
FNDA:0,(anonymous_9)
FNDA:0,(anonymous_10)
FNDA:0,(anonymous_11)
FNDA:0,(anonymous_12)
FNDA:0,(anonymous_13)
FNDA:0,(anonymous_14)
FNDA:0,(anonymous_15)
FNDA:0,(anonymous_16)
FNDA:0,(anonymous_17)
FNDA:0,(anonymous_18)
FNDA:0,(anonymous_19)
FNDA:0,(anonymous_20)
DA:3,0
DA:4,0
DA:5,0
DA:6,0
DA:8,0
DA:10,0
DA:11,0
DA:12,0
DA:13,0
DA:14,0
DA:15,0
DA:16,0
DA:17,0
DA:18,0
DA:19,0
DA:20,0
DA:21,0
DA:22,0
DA:23,0
DA:26,0
DA:27,0
DA:28,0
DA:29,0
DA:30,0
DA:31,0
DA:32,0
DA:35,0
DA:37,0
DA:38,0
DA:39,0
DA:40,0
DA:41,0
DA:44,0
DA:45,0
DA:46,0
DA:47,0
DA:48,0
DA:51,0
DA:52,0
DA:53,0
DA:54,0
DA:55,0
DA:59,0
DA:60,0
DA:61,0
DA:65,0
DA:66,0
DA:67,0
DA:70,0
DA:72,0
DA:74,0
DA:75,0
DA:80,0
DA:81,0
DA:82,0
DA:86,0
DA:87,0
DA:88,0
DA:92,0
DA:93,0
DA:94,0
DA:95,0
DA:99,0
DA:100,0
DA:101,0
DA:104,0
DA:105,0
DA:106,0
DA:107,0
DA:110,0
DA:111,0
DA:113,0
DA:115,0
DA:119,0
DA:122,0
DA:123,0
DA:124,0
DA:127,0
DA:128,0
DA:129,0
DA:130,0
DA:132,0
DA:135,0
DA:136,0
DA:137,0
DA:140,0
DA:141,0
DA:142,0
DA:145,0
DA:146,0
DA:147,0
DA:151,0
DA:152,0
DA:153,0
DA:157,0
DA:158,0
DA:159,0
DA:162,0
DA:163,0
DA:164,0
DA:167,0
DA:168,0
DA:169,0
DA:172,0
DA:173,0
DA:174,0
DA:177,0
DA:179,0
DA:180,0
DA:183,0
DA:184,0
DA:186,0
DA:189,0
DA:191,0
DA:229,0
DA:247,0
DA:283,0
DA:290,0
DA:325,0
DA:332,0
LF:120
LH:0
BRDA:8,0,0,0
BRDA:8,0,1,0
BRDA:28,1,0,0
BRDA:28,1,1,0
BRDA:29,2,0,0
BRDA:29,2,1,0
BRDA:30,3,0,0
BRDA:30,3,1,0
BRDA:30,4,0,0
BRDA:30,4,1,0
BRDA:31,5,0,0
BRDA:31,5,1,0
BRDA:38,6,0,0
BRDA:38,6,1,0
BRDA:39,7,0,0
BRDA:39,7,1,0
BRDA:40,8,0,0
BRDA:40,8,1,0
BRDA:45,9,0,0
BRDA:45,9,1,0
BRDA:46,10,0,0
BRDA:46,10,1,0
BRDA:47,11,0,0
BRDA:47,11,1,0
BRDA:55,12,0,0
BRDA:55,12,1,0
BRDA:55,12,2,0
BRDA:70,13,0,0
BRDA:70,13,1,0
BRDA:72,14,0,0
BRDA:72,14,1,0
BRDA:87,15,0,0
BRDA:87,15,1,0
BRDA:88,16,0,0
BRDA:88,16,1,0
BRDA:88,16,2,0
BRDA:93,17,0,0
BRDA:93,17,1,0
BRDA:99,18,0,0
BRDA:99,18,1,0
BRDA:127,19,0,0
BRDA:127,19,1,0
BRDA:135,20,0,0
BRDA:135,20,1,0
BRDA:140,21,0,0
BRDA:140,21,1,0
BRDA:140,22,0,0
BRDA:140,22,1,0
BRDA:145,23,0,0
BRDA:145,23,1,0
BRDA:151,24,0,0
BRDA:151,24,1,0
BRDA:157,25,0,0
BRDA:157,25,1,0
BRDA:162,26,0,0
BRDA:162,26,1,0
BRDA:167,27,0,0
BRDA:167,27,1,0
BRDA:172,28,0,0
BRDA:172,28,1,0
BRDA:183,29,0,0
BRDA:183,29,1,0
BRDA:183,30,0,0
BRDA:183,30,1,0
BRDA:189,31,0,0
BRDA:189,31,1,0
BRDA:215,32,0,0
BRDA:226,33,0,0
BRDA:226,33,1,0
BRDA:232,34,0,0
BRDA:252,35,0,0
BRDA:252,35,1,0
BRDA:254,36,0,0
BRDA:257,37,0,0
BRDA:257,37,1,0
BRDA:260,38,0,0
BRDA:260,38,1,0
BRDA:266,39,0,0
BRDA:269,40,0,0
BRDA:269,40,1,0
BRDA:269,40,2,0
BRDA:269,40,3,0
BRDA:279,41,0,0
BRDA:279,41,1,0
BRDA:293,42,0,0
BRDA:293,42,1,0
BRDA:296,43,0,0
BRDA:307,44,0,0
BRDA:321,45,0,0
BRDA:321,45,1,0
BRDA:335,46,0,0
BRDA:335,46,1,0
BRDA:338,47,0,0
BRDA:338,47,1,0
BRDA:343,48,0,0
BRDA:343,48,1,0
BRDA:343,48,2,0
BRDA:344,49,0,0
BRDA:344,49,1,0
BRF:99
BRH:0
end_of_record
TN:
SF:src/app/setup-2fa/page.tsx
FN:10,Setup2FAContent
FN:22,(anonymous_3)
FN:28,(anonymous_4)
FN:43,(anonymous_5)
FN:148,(anonymous_6)
FN:176,Setup2FAPage
FNF:6
FNH:0
FNDA:0,Setup2FAContent
FNDA:0,(anonymous_3)
FNDA:0,(anonymous_4)
FNDA:0,(anonymous_5)
FNDA:0,(anonymous_6)
FNDA:0,Setup2FAPage
DA:3,0
DA:4,0
DA:5,0
DA:6,0
DA:8,0
DA:11,0
DA:12,0
DA:13,0
DA:15,0
DA:16,0
DA:17,0
DA:18,0
DA:19,0
DA:20,0
DA:22,0
DA:23,0
DA:24,0
DA:25,0
DA:28,0
DA:29,0
DA:30,0
DA:31,0
DA:32,0
DA:34,0
DA:36,0
DA:40,0
DA:43,0
DA:44,0
DA:45,0
DA:47,0
DA:48,0
DA:49,0
DA:52,0
DA:53,0
DA:54,0
DA:57,0
DA:59,0
DA:60,0
DA:62,0
DA:63,0
DA:65,0
DA:67,0
DA:69,0
DA:73,0
DA:148,0
DA:176,0
LF:46
LH:0
BRDA:8,0,0,0
BRDA:8,0,1,0
BRDA:23,1,0,0
BRDA:23,1,1,0
BRDA:34,2,0,0
BRDA:34,2,1,0
BRDA:47,3,0,0
BRDA:47,3,1,0
BRDA:47,4,0,0
BRDA:47,4,1,0
BRDA:52,5,0,0
BRDA:52,5,1,0
BRDA:67,6,0,0
BRDA:67,6,1,0
BRDA:73,7,0,0
BRDA:73,7,1,0
BRDA:110,8,0,0
BRDA:115,9,0,0
BRDA:160,10,0,0
BRDA:160,10,1,0
BRF:20
BRH:0
end_of_record
TN:
SF:src/components/RoutePreloader.tsx
FN:10,RoutePreloader
FN:13,(anonymous_2)
FN:23,(anonymous_3)
FNF:3
FNH:3
FNDA:6,RoutePreloader
FNDA:5,(anonymous_2)
FNDA:20,(anonymous_3)
DA:3,1
DA:4,1
DA:10,6
DA:11,6
DA:13,6
DA:15,5
DA:23,5
DA:24,20
DA:27,5
DA:30,6
LF:10
LH:10
BRF:0
BRH:0
end_of_record
TN:
SF:src/components/AppLayout/AppLayout.tsx
FN:13,AppLayout
FN:21,(anonymous_3)
FN:22,(anonymous_4)
FN:53,(anonymous_5)
FN:57,(anonymous_6)
FN:58,(anonymous_7)
FN:79,(anonymous_8)
FN:86,(anonymous_9)
FN:110,(anonymous_10)
FN:144,(anonymous_11)
FNF:10
FNH:9
FNDA:22,AppLayout
FNDA:10,(anonymous_3)
FNDA:9,(anonymous_4)
FNDA:10,(anonymous_5)
FNDA:17,(anonymous_6)
FNDA:17,(anonymous_7)
FNDA:0,(anonymous_8)
FNDA:17,(anonymous_9)
FNDA:12,(anonymous_10)
FNDA:48,(anonymous_11)
DA:3,1
DA:4,1
DA:5,1
DA:6,1
DA:13,10
DA:14,22
DA:15,22
DA:16,22
DA:17,22
DA:18,22
DA:21,22
DA:22,10
DA:23,9
DA:24,9
DA:26,9
DA:32,9
DA:33,2
DA:34,2
DA:35,2
DA:38,7
DA:39,7
DA:40,7
DA:41,7
DA:43,0
DA:44,0
DA:45,0
DA:46,0
DA:48,7
DA:52,10
DA:53,10
DA:57,22
DA:58,17
DA:59,17
DA:60,7
DA:61,7
DA:62,7
DA:63,7
DA:65,7
DA:66,7
DA:67,7
DA:70,0
DA:76,17
DA:79,17
DA:80,0
DA:81,0
DA:84,17
DA:86,17
DA:87,17
DA:92,22
DA:103,12
DA:110,12
DA:111,12
DA:112,2
DA:113,0
DA:114,0
DA:115,0
DA:118,12
DA:145,48
DA:146,48
LF:59
LH:49
BRDA:32,0,0,2
BRDA:32,0,1,7
BRDA:32,1,0,9
BRDA:32,1,1,8
BRDA:32,1,2,8
BRDA:32,1,3,7
BRDA:59,2,0,7
BRDA:59,2,1,10
BRDA:63,3,0,7
BRDA:63,3,1,0
BRDA:66,4,0,0
BRDA:66,4,1,7
BRDA:92,5,0,10
BRDA:92,5,1,12
BRDA:92,6,0,22
BRDA:92,6,1,12
BRDA:111,7,0,10
BRDA:111,7,1,2
BRDA:112,8,0,2
BRDA:112,8,1,0
BRDA:113,9,0,0
BRDA:113,9,1,0
BRDA:114,10,0,0
BRDA:114,10,1,0
BRDA:118,11,0,0
BRDA:118,11,1,12
BRDA:151,12,0,12
BRDA:151,12,1,36
BRDA:157,13,0,12
BRDA:163,14,0,0
BRDA:163,14,1,12
BRDA:164,15,0,0
BRDA:164,15,1,12
BRF:33
BRH:23
end_of_record
TN:
SF:src/components/BackgroundBlobs/BackgroundBlobs.tsx
FN:3,BackgroundBlobs
FNF:1
FNH:1
FNDA:9,BackgroundBlobs
DA:3,9
LF:1
LH:1
BRF:0
BRH:0
end_of_record
TN:
SF:src/components/BottomSheetDemo/BottomSheetDemo.tsx
FN:17,BottomSheetDemo
FN:42,(anonymous_3)
FN:53,(anonymous_4)
FN:64,(anonymous_5)
FN:75,(anonymous_6)
FN:84,(anonymous_7)
FN:150,(anonymous_8)
FN:273,(anonymous_9)
FN:315,(anonymous_10)
FN:345,(anonymous_11)
FN:352,(anonymous_12)
FNF:11
FNH:5
FNDA:39,BottomSheetDemo
FNDA:4,(anonymous_3)
FNDA:5,(anonymous_4)
FNDA:3,(anonymous_5)
FNDA:4,(anonymous_6)
FNDA:0,(anonymous_7)
FNDA:0,(anonymous_8)
FNDA:0,(anonymous_9)
FNDA:0,(anonymous_10)
FNDA:0,(anonymous_11)
FNDA:0,(anonymous_12)
DA:3,1
DA:4,1
DA:5,1
DA:6,1
DA:7,1
DA:8,1
DA:9,1
DA:10,1
DA:11,1
DA:12,1
DA:13,1
DA:14,1
DA:15,1
DA:17,23
DA:18,39
DA:19,39
DA:20,39
DA:21,39
DA:22,39
DA:42,4
DA:53,5
DA:64,3
DA:75,4
DA:84,0
DA:150,0
DA:273,0
DA:315,0
DA:345,0
DA:354,0
DA:356,0
LF:30
LH:23
BRF:0
BRH:0
end_of_record
TN:
SF:src/components/BurgerMenu/BurgerMenu.tsx
FN:12,BurgerMenu
FN:16,(anonymous_3)
FN:39,(anonymous_4)
FN:99,(anonymous_5)
FN:154,(anonymous_6)
FN:159,(anonymous_7)
FN:180,(anonymous_8)
FN:181,(anonymous_9)
FN:193,(anonymous_10)
FN:204,(anonymous_11)
FN:205,(anonymous_12)
FN:235,(anonymous_13)
FN:236,(anonymous_14)
FNF:13
FNH:2
FNDA:11,BurgerMenu
FNDA:0,(anonymous_3)
FNDA:0,(anonymous_4)
FNDA:0,(anonymous_5)
FNDA:55,(anonymous_6)
FNDA:0,(anonymous_7)
FNDA:0,(anonymous_8)
FNDA:0,(anonymous_9)
FNDA:0,(anonymous_10)
FNDA:0,(anonymous_11)
FNDA:0,(anonymous_12)
FNDA:0,(anonymous_13)
FNDA:0,(anonymous_14)
DA:3,1
DA:4,1
DA:5,1
DA:12,11
DA:13,11
DA:14,11
DA:16,11
DA:17,0
DA:18,0
DA:19,0
DA:22,11
DA:30,11
DA:31,11
DA:32,11
DA:33,11
DA:39,0
DA:99,0
DA:155,55
DA:156,11
DA:160,0
DA:161,0
DA:180,0
DA:181,0
DA:189,44
DA:193,0
DA:204,0
DA:205,0
DA:235,0
DA:236,0
LF:29
LH:15
BRDA:30,0,0,11
BRDA:30,0,1,0
BRDA:31,1,0,11
BRDA:31,1,1,0
BRDA:32,2,0,11
BRDA:32,2,1,0
BRDA:33,3,0,11
BRDA:33,3,1,0
BRDA:66,4,0,0
BRDA:66,4,1,11
BRDA:66,5,0,11
BRDA:66,5,1,0
BRDA:69,6,0,0
BRDA:69,6,1,11
BRDA:76,7,0,0
BRDA:76,7,1,11
BRDA:76,8,0,11
BRDA:76,8,1,0
BRDA:79,9,0,0
BRDA:79,9,1,11
BRDA:86,10,0,0
BRDA:86,10,1,11
BRDA:86,11,0,11
BRDA:86,11,1,0
BRDA:89,12,0,0
BRDA:89,12,1,11
BRDA:97,13,0,11
BRDA:118,14,0,0
BRDA:118,14,1,11
BRDA:127,15,0,0
BRDA:127,15,1,11
BRDA:155,16,0,11
BRDA:155,16,1,44
BRDA:155,17,0,55
BRDA:155,17,1,11
BRF:35
BRH:20
end_of_record
TN:
SF:src/components/Demo2FA/Demo2FA.tsx
FN:8,Demo2FAContent
FN:13,(anonymous_3)
FN:25,(anonymous_4)
FN:37,(anonymous_5)
FN:70,(anonymous_6)
FN:89,(anonymous_7)
FN:92,(anonymous_8)
FN:99,(anonymous_9)
FN:100,(anonymous_10)
FN:121,(anonymous_11)
FN:125,(anonymous_12)
FN:148,(anonymous_13)
FN:173,(anonymous_14)
FNF:13
FNH:0
FNDA:0,Demo2FAContent
FNDA:0,(anonymous_3)
FNDA:0,(anonymous_4)
FNDA:0,(anonymous_5)
FNDA:0,(anonymous_6)
FNDA:0,(anonymous_7)
FNDA:0,(anonymous_8)
FNDA:0,(anonymous_9)
FNDA:0,(anonymous_10)
FNDA:0,(anonymous_11)
FNDA:0,(anonymous_12)
FNDA:0,(anonymous_13)
FNDA:0,(anonymous_14)
DA:3,0
DA:4,0
DA:6,0
DA:8,0
DA:9,0
DA:10,0
DA:11,0
DA:13,0
DA:14,0
DA:16,0
DA:17,0
DA:18,0
DA:20,0
DA:21,0
DA:25,0
DA:26,0
DA:27,0
DA:29,0
DA:30,0
DA:32,0
DA:33,0
DA:37,0
DA:38,0
DA:39,0
DA:40,0
DA:41,0
DA:43,0
DA:44,0
DA:71,0
DA:72,0
DA:73,0
DA:74,0
DA:75,0
DA:76,0
DA:78,0
DA:90,0
DA:93,0
DA:99,0
DA:100,0
DA:122,0
DA:123,0
DA:126,0
DA:127,0
DA:128,0
DA:148,0
DA:174,0
LF:46
LH:0
BRDA:6,0,0,0
BRDA:6,0,1,0
BRDA:14,1,0,0
BRDA:14,1,1,0
BRDA:14,2,0,0
BRDA:14,2,1,0
BRDA:20,3,0,0
BRDA:20,3,1,0
BRDA:20,4,0,0
BRDA:20,4,1,0
BRDA:26,5,0,0
BRDA:26,5,1,0
BRDA:26,6,0,0
BRDA:26,6,1,0
BRDA:26,6,2,0
BRDA:29,7,0,0
BRDA:29,7,1,0
BRDA:29,8,0,0
BRDA:29,8,1,0
BRDA:32,9,0,0
BRDA:32,9,1,0
BRDA:32,10,0,0
BRDA:32,10,1,0
BRDA:73,11,0,0
BRDA:73,11,1,0
BRDA:101,12,0,0
BRDA:101,12,1,0
BRDA:116,13,0,0
BRDA:116,13,1,0
BRDA:126,14,0,0
BRDA:126,14,1,0
BRF:31
BRH:0
end_of_record
TN:
SF:src/components/Logo/Logo.tsx
FN:10,Logo
FNF:1
FNH:1
FNDA:11,Logo
DA:1,1
DA:8,1
DA:10,11
DA:11,11
DA:17,11
DA:18,11
LF:6
LH:6
BRDA:8,0,0,1
BRDA:8,0,1,1
BRDA:10,1,0,7
BRDA:10,2,0,8
BRDA:18,3,0,2
BRDA:18,3,1,9
BRF:6
BRH:6
end_of_record
TN:
SF:src/components/MobileLayout/MobileLayout.tsx
FN:22,MobileLayout
FN:34,(anonymous_3)
FN:35,(anonymous_4)
FN:67,(anonymous_5)
FN:71,(anonymous_6)
FN:72,(anonymous_7)
FN:93,(anonymous_8)
FN:100,(anonymous_9)
FN:248,(anonymous_10)
FNF:9
FNH:9
FNDA:42,MobileLayout
FNDA:30,(anonymous_3)
FNDA:12,(anonymous_4)
FNDA:30,(anonymous_5)
FNDA:40,(anonymous_6)
FNDA:41,(anonymous_7)
FNDA:1,(anonymous_8)
FNDA:40,(anonymous_9)
FNDA:44,(anonymous_10)
DA:3,1
DA:4,1
DA:5,1
DA:6,1
DA:7,1
DA:8,1
DA:9,1
DA:22,15
DA:23,42
DA:24,42
DA:25,42
DA:26,42
DA:27,42
DA:28,42
DA:29,42
DA:31,42
DA:34,42
DA:35,30
DA:36,12
DA:37,12
DA:39,12
DA:45,12
DA:46,1
DA:47,1
DA:48,1
DA:51,11
DA:52,11
DA:53,10
DA:54,10
DA:55,10
DA:57,1
DA:58,1
DA:59,1
DA:60,1
DA:62,11
DA:66,30
DA:67,30
DA:71,42
DA:72,40
DA:73,41
DA:74,11
DA:75,11
DA:76,11
DA:77,11
DA:79,11
DA:80,11
DA:81,11
DA:84,0
DA:90,40
DA:93,40
DA:94,1
DA:95,1
DA:98,40
DA:100,40
DA:101,40
DA:106,42
DA:124,11
DA:135,11
DA:249,44
DA:250,44
LF:60
LH:59
BRDA:45,0,0,1
BRDA:45,0,1,11
BRDA:45,1,0,12
BRDA:45,1,1,11
BRDA:45,1,2,11
BRDA:45,1,3,11
BRDA:73,2,0,11
BRDA:73,2,1,30
BRDA:77,3,0,11
BRDA:77,3,1,0
BRDA:80,4,0,0
BRDA:80,4,1,11
BRDA:106,5,0,31
BRDA:106,5,1,11
BRDA:106,6,0,42
BRDA:106,6,1,12
BRDA:106,6,2,1
BRDA:114,7,0,31
BRDA:114,7,1,0
BRDA:117,8,0,31
BRDA:117,8,1,0
BRDA:118,9,0,31
BRDA:118,9,1,0
BRDA:125,10,0,11
BRDA:125,10,1,0
BRDA:126,11,0,11
BRDA:126,11,1,0
BRDA:127,12,0,11
BRDA:127,12,1,0
BRDA:128,13,0,11
BRDA:128,13,1,0
BRDA:129,14,0,11
BRDA:129,14,1,0
BRDA:130,15,0,11
BRDA:130,15,1,0
BRDA:198,16,0,11
BRDA:267,17,0,11
BRDA:272,18,0,0
BRDA:272,18,1,11
BRDA:273,19,0,0
BRDA:273,19,1,11
BRDA:282,20,0,0
BRDA:282,20,1,11
BRDA:289,21,0,11
BRDA:289,21,1,22
BRDA:290,22,0,11
BRDA:290,22,1,22
BRDA:301,23,0,11
BRDA:301,23,1,33
BRF:49
BRH:35
end_of_record
TN:
SF:src/components/ThemeToggle/ThemeToggle.tsx
FN:7,ThemeToggle
FN:11,(anonymous_2)
FNF:2
FNH:2
FNDA:24,ThemeToggle
FNDA:14,(anonymous_2)
DA:3,1
DA:4,1
DA:5,1
DA:7,7
DA:8,24
DA:9,24
DA:11,24
DA:12,14
DA:16,24
LF:9
LH:9
BRDA:16,0,0,14
BRDA:16,0,1,10
BRDA:31,1,0,5
BRDA:31,1,1,5
BRDA:36,2,0,5
BRDA:54,3,0,5
BRDA:54,3,1,5
BRF:7
BRH:7
end_of_record
TN:
SF:src/components/ToastContainer/ToastContainer.tsx
FN:6,ToastItem
FN:14,(anonymous_2)
FN:30,(anonymous_3)
FN:33,(anonymous_4)
FN:39,(anonymous_5)
FN:49,(anonymous_6)
FN:51,(anonymous_7)
FN:56,(anonymous_8)
FN:61,(anonymous_9)
FN:66,(anonymous_10)
FN:68,(anonymous_11)
FN:96,(anonymous_12)
FN:107,ToastContainer
FN:112,(anonymous_14)
FN:116,(anonymous_15)
FNF:15
FNH:14
FNDA:46,ToastItem
FNDA:46,(anonymous_2)
FNDA:17,(anonymous_3)
FNDA:14,(anonymous_4)
FNDA:3,(anonymous_5)
FNDA:17,(anonymous_6)
FNDA:5,(anonymous_7)
FNDA:3,(anonymous_8)
FNDA:0,(anonymous_9)
FNDA:17,(anonymous_10)
FNDA:17,(anonymous_11)
FNDA:2,(anonymous_12)
FNDA:35,ToastContainer
FNDA:26,(anonymous_14)
FNDA:5,(anonymous_15)
DA:3,1
DA:4,1
DA:7,46
DA:8,46
DA:9,46
DA:10,46
DA:11,46
DA:14,46
DA:15,46
DA:17,24
DA:19,9
DA:21,9
DA:23,4
DA:25,0
DA:30,46
DA:31,17
DA:32,17
DA:33,17
DA:34,14
DA:39,46
DA:40,3
DA:41,3
DA:42,3
DA:44,3
DA:45,3
DA:49,46
DA:50,17
DA:51,17
DA:52,5
DA:56,46
DA:57,3
DA:58,3
DA:61,46
DA:62,0
DA:63,0
DA:66,46
DA:67,17
DA:68,17
DA:69,17
DA:70,14
DA:97,2
DA:98,2
DA:107,13
DA:108,35
DA:113,26
DA:116,5
LF:46
LH:43
BRDA:11,0,0,46
BRDA:11,0,1,0
BRDA:15,1,0,24
BRDA:15,1,1,9
BRDA:15,1,2,9
BRDA:15,1,3,4
BRDA:15,1,4,0
BRDA:31,2,0,17
BRDA:31,2,1,0
BRDA:31,3,0,17
BRDA:31,3,1,17
BRDA:31,3,2,17
BRDA:40,4,0,3
BRDA:40,4,1,0
BRDA:69,5,0,14
BRDA:69,5,1,3
BRDA:77,6,0,17
BRDA:77,6,1,29
BRDA:85,7,0,46
BRDA:86,8,0,46
BRDA:87,9,0,46
BRDA:88,10,0,46
BRF:22
BRH:18
end_of_record
TN:
SF:src/components/dialogs/BottomSheet/BottomSheet.tsx
FN:19,BottomSheet
FN:34,(anonymous_2)
FN:39,(anonymous_3)
FN:43,(anonymous_4)
FN:44,(anonymous_5)
FN:47,(anonymous_6)
FN:55,(anonymous_7)
FN:58,(anonymous_8)
FN:63,(anonymous_9)
FN:67,(anonymous_10)
FN:74,(anonymous_11)
FN:78,(anonymous_12)
FN:84,(anonymous_13)
FN:89,(anonymous_14)
FN:96,(anonymous_15)
FN:109,(anonymous_16)
FN:116,(anonymous_17)
FN:141,(anonymous_18)
FN:142,(anonymous_19)
FN:220,(anonymous_20)
FN:224,(anonymous_21)
FNF:21
FNH:17
FNDA:72,BottomSheet
FNDA:23,(anonymous_2)
FNDA:48,(anonymous_3)
FNDA:42,(anonymous_4)
FNDA:34,(anonymous_5)
FNDA:2,(anonymous_6)
FNDA:1,(anonymous_7)
FNDA:2,(anonymous_8)
FNDA:25,(anonymous_9)
FNDA:1,(anonymous_10)
FNDA:6,(anonymous_11)
FNDA:25,(anonymous_12)
FNDA:25,(anonymous_13)
FNDA:1,(anonymous_14)
FNDA:47,(anonymous_15)
FNDA:47,(anonymous_16)
FNDA:94,(anonymous_17)
FNDA:0,(anonymous_18)
FNDA:0,(anonymous_19)
FNDA:0,(anonymous_20)
FNDA:0,(anonymous_21)
DA:3,1
DA:4,1
DA:19,25
DA:29,72
DA:30,72
DA:31,72
DA:32,72
DA:34,72
DA:35,23
DA:39,72
DA:40,48
DA:41,44
DA:42,44
DA:43,44
DA:44,42
DA:45,34
DA:47,34
DA:48,2
DA:52,4
DA:53,2
DA:54,2
DA:55,2
DA:56,1
DA:58,2
DA:63,72
DA:65,25
DA:67,6
DA:68,1
DA:69,1
DA:73,6
DA:74,6
DA:78,72
DA:79,25
DA:80,22
DA:82,3
DA:84,25
DA:85,25
DA:89,72
DA:91,1
DA:92,1
DA:96,72
DA:97,47
DA:99,2
DA:101,43
DA:103,2
DA:105,0
DA:109,72
DA:110,47
DA:111,2
DA:113,45
DA:116,72
DA:118,94
DA:119,4
DA:122,90
DA:125,72
DA:141,0
DA:142,0
DA:221,0
DA:222,0
DA:225,0
DA:226,0
DA:260,47
LF:62
LH:55
BRDA:23,0,0,60
BRDA:24,1,0,69
BRDA:25,2,0,69
BRDA:27,3,0,69
BRDA:40,4,0,44
BRDA:40,4,1,4
BRDA:52,5,0,2
BRDA:52,5,1,2
BRDA:65,6,0,19
BRDA:65,6,1,6
BRDA:65,7,0,25
BRDA:65,7,1,22
BRDA:65,7,2,6
BRDA:68,8,0,1
BRDA:68,8,1,0
BRDA:79,9,0,22
BRDA:79,9,1,3
BRDA:91,10,0,1
BRDA:91,10,1,0
BRDA:91,11,0,1
BRDA:91,11,1,1
BRDA:91,11,2,1
BRDA:97,12,0,2
BRDA:97,12,1,43
BRDA:97,12,2,2
BRDA:97,12,3,0
BRDA:110,13,0,2
BRDA:110,13,1,45
BRDA:118,14,0,4
BRDA:118,14,1,90
BRDA:119,15,0,0
BRDA:119,15,1,4
BRDA:125,16,0,25
BRDA:125,16,1,47
BRDA:125,17,0,72
BRDA:125,17,1,49
BRDA:148,18,0,1
BRDA:148,18,1,46
BRDA:159,19,0,4
BRDA:159,19,1,43
BRDA:170,20,0,1
BRDA:170,20,1,46
BRDA:188,21,0,4
BRDA:188,21,1,43
BRDA:204,22,0,47
BRDA:204,22,1,45
BRDA:250,23,0,2
BRDA:250,23,1,45
BRF:48
BRH:44
end_of_record
TN:
SF:src/components/dialogs/ConfirmationDialog/ConfirmationDialog.tsx
FN:6,ConfirmationDialog
FN:10,(anonymous_2)
FN:13,(anonymous_3)
FN:21,(anonymous_4)
FN:30,(anonymous_5)
FN:41,(anonymous_6)
FN:64,(anonymous_7)
FN:65,(anonymous_8)
FN:66,(anonymous_9)
FN:145,(anonymous_10)
FN:148,(anonymous_11)
FN:150,(anonymous_12)
FN:153,(anonymous_13)
FNF:13
FNH:10
FNDA:31,ConfirmationDialog
FNDA:31,(anonymous_2)
FNDA:1,(anonymous_3)
FNDA:13,(anonymous_4)
FNDA:13,(anonymous_5)
FNDA:26,(anonymous_6)
FNDA:1,(anonymous_7)
FNDA:0,(anonymous_8)
FNDA:0,(anonymous_9)
FNDA:26,(anonymous_10)
FNDA:3,(anonymous_11)
FNDA:3,(anonymous_12)
FNDA:0,(anonymous_13)
DA:3,1
DA:4,1
DA:6,13
DA:7,31
DA:10,31
DA:11,31
DA:13,13
DA:14,1
DA:16,1
DA:20,13
DA:21,13
DA:24,31
DA:25,18
DA:28,13
DA:30,13
DA:31,13
DA:33,1
DA:35,1
DA:37,11
DA:41,13
DA:42,26
DA:64,1
DA:65,0
DA:66,0
DA:146,26
DA:148,3
DA:151,3
DA:154,0
LF:28
LH:25
BRDA:11,0,0,18
BRDA:11,0,1,13
BRDA:14,1,0,1
BRDA:14,1,1,0
BRDA:24,2,0,18
BRDA:24,2,1,13
BRDA:24,3,0,31
BRDA:24,3,1,13
BRDA:28,4,0,11
BRDA:31,5,0,1
BRDA:31,5,1,1
BRDA:31,5,2,11
BRDA:46,6,0,1
BRDA:46,6,1,25
BRDA:51,7,0,1
BRDA:51,7,1,25
BRDA:53,8,0,12
BRDA:53,8,1,13
BRDA:158,9,0,26
BRF:19
BRH:18
end_of_record
TN:
SF:src/components/form-controls/Button/Button.tsx
FN:13,(anonymous_2)
FN:59,(anonymous_3)
FNF:2
FNH:1
FNDA:189,(anonymous_2)
FNDA:0,(anonymous_3)
DA:1,2
DA:2,2
DA:12,2
DA:14,189
DA:15,189
DA:17,189
DA:19,156
DA:20,156
DA:21,156
DA:22,0
DA:26,33
DA:28,33
DA:29,26
DA:30,7
DA:31,5
DA:32,2
DA:33,1
DA:34,1
DA:35,1
DA:40,189
DA:41,1
DA:45,189
DA:52,189
DA:59,189
DA:60,0
DA:61,0
DA:62,0
DA:83,2
DA:85,364
LF:29
LH:25
BRDA:13,0,0,188
BRDA:13,1,0,10
BRDA:13,2,0,187
BRDA:13,3,0,168
BRDA:15,4,0,189
BRDA:15,4,1,189
BRDA:17,5,0,156
BRDA:17,5,1,33
BRDA:21,6,0,0
BRDA:21,6,1,156
BRDA:28,7,0,26
BRDA:28,7,1,7
BRDA:30,8,0,5
BRDA:30,8,1,2
BRDA:32,9,0,1
BRDA:32,9,1,1
BRDA:34,10,0,1
BRDA:34,10,1,0
BRDA:40,11,0,1
BRDA:40,11,1,188
BRDA:45,12,0,33
BRDA:45,12,1,156
BRDA:53,13,0,189
BRDA:53,13,1,156
BRDA:54,14,0,21
BRDA:54,14,1,168
BRDA:54,15,0,189
BRDA:54,15,1,33
BRDA:60,16,0,0
BRDA:60,16,1,0
BRDA:60,17,0,0
BRDA:60,17,1,0
BRDA:72,18,0,189
BRDA:72,18,1,0
BRF:34
BRH:27
end_of_record
TN:
SF:src/components/form-controls/Calendar/Calendar.tsx
FN:15,Calendar
FN:28,(anonymous_2)
FN:32,(anonymous_3)
FN:36,(anonymous_4)
FN:79,(anonymous_5)
FN:86,(anonymous_6)
FN:92,(anonymous_7)
FN:109,(anonymous_8)
FN:113,(anonymous_9)
FN:117,(anonymous_10)
FN:131,(anonymous_11)
FN:143,(anonymous_12)
FN:182,(anonymous_13)
FN:191,(anonymous_14)
FN:195,(anonymous_15)
FN:215,(anonymous_16)
FN:218,(anonymous_17)
FN:230,(anonymous_18)
FN:233,(anonymous_19)
FNF:19
FNH:0
FNDA:0,Calendar
FNDA:0,(anonymous_2)
FNDA:0,(anonymous_3)
FNDA:0,(anonymous_4)
FNDA:0,(anonymous_5)
FNDA:0,(anonymous_6)
FNDA:0,(anonymous_7)
FNDA:0,(anonymous_8)
FNDA:0,(anonymous_9)
FNDA:0,(anonymous_10)
FNDA:0,(anonymous_11)
FNDA:0,(anonymous_12)
FNDA:0,(anonymous_13)
FNDA:0,(anonymous_14)
FNDA:0,(anonymous_15)
FNDA:0,(anonymous_16)
FNDA:0,(anonymous_17)
FNDA:0,(anonymous_18)
FNDA:0,(anonymous_19)
DA:3,2
DA:4,2
DA:15,0
DA:16,0
DA:17,0
DA:18,0
DA:23,0
DA:28,0
DA:29,0
DA:32,0
DA:33,0
DA:36,0
DA:37,0
DA:38,0
DA:39,0
DA:42,0
DA:43,0
DA:45,0
DA:46,0
DA:55,0
DA:56,0
DA:65,0
DA:66,0
DA:67,0
DA:68,0
DA:76,0
DA:79,0
DA:80,0
DA:81,0
DA:86,0
DA:87,0
DA:92,0
DA:93,0
DA:100,0
DA:102,0
DA:104,0
DA:105,0
DA:109,0
DA:110,0
DA:113,0
DA:114,0
DA:117,0
DA:118,0
DA:119,0
DA:121,0
DA:128,0
DA:131,0
DA:132,0
DA:139,0
DA:140,0
DA:143,0
DA:144,0
DA:145,0
DA:146,0
DA:147,0
DA:153,0
DA:183,0
DA:192,0
DA:195,0
DA:215,0
DA:219,0
DA:230,0
DA:234,0
LF:63
LH:2
BRDA:15,0,0,0
BRDA:16,1,0,0
BRDA:16,1,1,0
BRDA:17,2,0,0
BRDA:17,2,1,0
BRDA:19,3,0,0
BRDA:19,3,1,0
BRDA:20,4,0,0
BRDA:20,4,1,0
BRDA:81,5,0,0
BRDA:81,5,1,0
BRDA:81,5,2,0
BRDA:87,6,0,0
BRDA:87,6,1,0
BRDA:87,6,2,0
BRDA:102,7,0,0
BRDA:102,7,1,0
BRDA:104,8,0,0
BRDA:104,8,1,0
BRDA:105,9,0,0
BRDA:105,9,1,0
BRDA:139,10,0,0
BRDA:139,10,1,0
BRDA:140,11,0,0
BRDA:140,11,1,0
BRDA:159,12,0,0
BRDA:159,12,1,0
BRDA:178,13,0,0
BRDA:178,13,1,0
BRDA:194,14,0,0
BRDA:194,14,1,0
BRDA:194,15,0,0
BRDA:194,15,1,0
BRDA:194,16,0,0
BRDA:194,16,1,0
BRDA:205,17,0,0
BRDA:205,17,1,0
BRDA:208,18,0,0
BRDA:208,18,1,0
BRF:39
BRH:0
end_of_record
TN:
SF:src/components/form-controls/Checkbox/Checkbox.tsx
FN:9,(anonymous_1)
FNF:1
FNH:1
FNDA:24,(anonymous_1)
DA:1,2
DA:8,2
DA:47,2
DA:49,92
LF:4
LH:4
BRDA:9,0,0,23
BRDA:37,1,0,24
BRDA:39,2,0,24
BRF:3
BRH:3
end_of_record
TN:
SF:src/components/form-controls/DatePicker/DatePicker.tsx
FN:19,(anonymous_2)
FN:79,(anonymous_3)
FN:82,(anonymous_4)
FN:83,(anonymous_5)
FN:85,(anonymous_6)
FN:91,(anonymous_7)
FN:91,(anonymous_8)
FN:95,(anonymous_9)
FN:101,(anonymous_10)
FN:112,(anonymous_11)
FN:163,(anonymous_12)
FN:185,(anonymous_13)
FN:189,(anonymous_14)
FN:214,(anonymous_15)
FN:232,(anonymous_16)
FN:263,(anonymous_17)
FN:269,(anonymous_18)
FN:283,(anonymous_19)
FN:306,(anonymous_20)
FN:314,(anonymous_21)
FN:320,(anonymous_22)
FN:338,(anonymous_23)
FN:362,(anonymous_24)
FN:384,(anonymous_25)
FN:400,(anonymous_26)
FN:422,(anonymous_27)
FN:438,(anonymous_28)
FN:473,(anonymous_29)
FN:529,(anonymous_30)
FN:542,(anonymous_31)
FN:548,(anonymous_32)
FN:574,(anonymous_33)
FN:581,(anonymous_34)
FN:587,(anonymous_35)
FN:592,(anonymous_36)
FN:601,(anonymous_37)
FN:603,(anonymous_38)
FN:649,(anonymous_39)
FN:663,(anonymous_40)
FN:668,(anonymous_41)
FN:677,(anonymous_42)
FN:738,(anonymous_43)
FN:743,(anonymous_44)
FN:753,(anonymous_45)
FN:801,(anonymous_46)
FN:815,(anonymous_47)
FN:820,(anonymous_48)
FN:829,(anonymous_49)
FN:871,(anonymous_50)
FN:884,(anonymous_51)
FN:889,(anonymous_52)
FN:898,(anonymous_53)
FN:940,(anonymous_54)
FN:953,(anonymous_55)
FN:958,(anonymous_56)
FN:976,(anonymous_57)
FN:991,(anonymous_58)
FN:995,(anonymous_59)
FN:1016,(anonymous_60)
FN:1050,(anonymous_61)
FN:1055,(anonymous_62)
FN:1060,(anonymous_63)
FN:1065,(anonymous_64)
FN:1080,(anonymous_65)
FN:1081,(anonymous_66)
FN:1083,(anonymous_67)
FN:1108,(anonymous_68)
FNF:67
FNH:25
FNDA:60,(anonymous_2)
FNDA:6000,(anonymous_3)
FNDA:1440,(anonymous_4)
FNDA:3600,(anonymous_5)
FNDA:70,(anonymous_6)
FNDA:36,(anonymous_7)
FNDA:1010,(anonymous_8)
FNDA:36,(anonymous_9)
FNDA:50,(anonymous_10)
FNDA:0,(anonymous_11)
FNDA:0,(anonymous_12)
FNDA:0,(anonymous_13)
FNDA:0,(anonymous_14)
FNDA:0,(anonymous_15)
FNDA:0,(anonymous_16)
FNDA:0,(anonymous_17)
FNDA:0,(anonymous_18)
FNDA:0,(anonymous_19)
FNDA:0,(anonymous_20)
FNDA:0,(anonymous_21)
FNDA:0,(anonymous_22)
FNDA:0,(anonymous_23)
FNDA:0,(anonymous_24)
FNDA:0,(anonymous_25)
FNDA:0,(anonymous_26)
FNDA:0,(anonymous_27)
FNDA:10,(anonymous_28)
FNDA:14000,(anonymous_29)
FNDA:2,(anonymous_30)
FNDA:2,(anonymous_31)
FNDA:50,(anonymous_32)
FNDA:36,(anonymous_33)
FNDA:50,(anonymous_34)
FNDA:50,(anonymous_35)
FNDA:55,(anonymous_36)
FNDA:60,(anonymous_37)
FNDA:0,(anonymous_38)
FNDA:0,(anonymous_39)
FNDA:1200,(anonymous_40)
FNDA:0,(anonymous_41)
FNDA:0,(anonymous_42)
FNDA:2800,(anonymous_43)
FNDA:0,(anonymous_44)
FNDA:0,(anonymous_45)
FNDA:0,(anonymous_46)
FNDA:10000,(anonymous_47)
FNDA:0,(anonymous_48)
FNDA:0,(anonymous_49)
FNDA:0,(anonymous_50)
FNDA:0,(anonymous_51)
FNDA:0,(anonymous_52)
FNDA:0,(anonymous_53)
FNDA:0,(anonymous_54)
FNDA:0,(anonymous_55)
FNDA:0,(anonymous_56)
FNDA:0,(anonymous_57)
FNDA:0,(anonymous_58)
FNDA:0,(anonymous_59)
FNDA:10,(anonymous_60)
FNDA:0,(anonymous_61)
FNDA:0,(anonymous_62)
FNDA:0,(anonymous_63)
FNDA:0,(anonymous_64)
FNDA:0,(anonymous_65)
FNDA:0,(anonymous_66)
FNDA:3,(anonymous_67)
FNDA:60,(anonymous_68)
DA:3,2
DA:4,2
DA:5,2
DA:18,2
DA:20,60
DA:21,60
DA:22,60
DA:23,60
DA:24,60
DA:25,60
DA:26,60
DA:27,60
DA:30,60
DA:31,60
DA:32,60
DA:33,60
DA:34,60
DA:36,60
DA:37,60
DA:38,60
DA:39,60
DA:40,60
DA:41,60
DA:42,60
DA:43,60
DA:46,60
DA:47,60
DA:48,60
DA:49,60
DA:52,60
DA:53,60
DA:54,60
DA:55,60
DA:56,60
DA:57,60
DA:60,60
DA:61,60
DA:64,60
DA:67,60
DA:70,60
DA:71,60
DA:73,60
DA:78,60
DA:79,6000
DA:82,1440
DA:83,3600
DA:85,60
DA:86,70
DA:90,60
DA:91,1010
DA:94,60
DA:95,60
DA:96,60
DA:97,60
DA:98,60
DA:101,60
DA:102,50
DA:105,10
DA:106,0
DA:110,10
DA:112,0
DA:113,0
DA:115,0
DA:116,0
DA:118,0
DA:119,0
DA:123,0
DA:124,0
DA:128,0
DA:129,0
DA:132,0
DA:133,0
DA:135,0
DA:139,10
DA:140,10
DA:142,10
DA:143,0
DA:147,10
DA:148,10
DA:152,10
DA:153,10
DA:156,10
DA:157,10
DA:158,10
DA:163,60
DA:171,0
DA:173,0
DA:174,0
DA:175,0
DA:178,0
DA:179,0
DA:180,0
DA:181,0
DA:182,0
DA:183,0
DA:185,0
DA:186,0
DA:189,0
DA:190,0
DA:191,0
DA:192,0
DA:194,0
DA:195,0
DA:196,0
DA:198,0
DA:199,0
DA:201,0
DA:203,0
DA:204,0
DA:205,0
DA:210,0
DA:214,60
DA:215,0
DA:216,0
DA:217,0
DA:218,0
DA:221,0
DA:224,0
DA:225,0
DA:229,0
DA:232,0
DA:233,0
DA:236,0
DA:237,0
DA:238,0
DA:241,0
DA:242,0
DA:247,0
DA:248,0
DA:249,0
DA:250,0
DA:254,0
DA:256,0
DA:257,0
DA:263,0
DA:269,60
DA:270,0
DA:271,0
DA:272,0
DA:275,0
DA:276,0
DA:280,0
DA:281,0
DA:283,0
DA:284,0
DA:287,0
DA:288,0
DA:291,0
DA:292,0
DA:293,0
DA:294,0
DA:295,0
DA:296,0
DA:299,0
DA:300,0
DA:301,0
DA:306,0
DA:307,0
DA:308,0
DA:314,0
DA:320,60
DA:321,0
DA:322,0
DA:323,0
DA:324,0
DA:327,0
DA:330,0
DA:331,0
DA:335,0
DA:338,0
DA:339,0
DA:342,0
DA:343,0
DA:344,0
DA:347,0
DA:348,0
DA:352,0
DA:353,0
DA:354,0
DA:355,0
DA:358,0
DA:362,60
DA:363,0
DA:364,0
DA:365,0
DA:366,0
DA:369,0
DA:370,0
DA:374,0
DA:377,0
DA:378,0
DA:379,0
DA:380,0
DA:384,0
DA:385,0
DA:387,0
DA:388,0
DA:389,0
DA:392,0
DA:393,0
DA:394,0
DA:395,0
DA:400,60
DA:401,0
DA:402,0
DA:403,0
DA:404,0
DA:407,0
DA:408,0
DA:412,0
DA:415,0
DA:416,0
DA:417,0
DA:418,0
DA:422,0
DA:423,0
DA:425,0
DA:426,0
DA:427,0
DA:430,0
DA:431,0
DA:432,0
DA:433,0
DA:438,60
DA:439,10
DA:441,10
DA:442,10
DA:445,10
DA:447,10
DA:448,10
DA:449,10
DA:450,10
DA:451,10
DA:453,10
DA:454,10
DA:455,10
DA:457,10
DA:458,10
DA:461,10
DA:463,0
DA:464,0
DA:466,10
DA:468,0
DA:469,0
DA:473,60
DA:475,14000
DA:476,14000
DA:479,14000
DA:480,14000
DA:484,14000
DA:487,14000
DA:488,14000
DA:489,14000
DA:495,14000
DA:497,14000
DA:501,14000
DA:504,14000
DA:508,14000
DA:509,14000
DA:511,90
DA:512,90
DA:516,14000
DA:517,14000
DA:519,14000
DA:529,60
DA:531,2
DA:533,2
DA:535,2
DA:536,1
DA:538,2
DA:539,2
DA:542,60
DA:543,2
DA:544,2
DA:545,2
DA:548,60
DA:549,50
DA:551,10
DA:552,10
DA:553,10
DA:554,10
DA:555,10
DA:557,10
DA:559,10
DA:560,10
DA:561,10
DA:562,10
DA:563,10
DA:564,10
DA:566,10
DA:567,10
DA:568,10
DA:569,10
DA:570,10
DA:574,60
DA:575,36
DA:576,1
DA:581,60
DA:582,50
DA:583,10
DA:585,40
DA:587,50
DA:588,50
DA:592,60
DA:593,55
DA:601,60
DA:602,60
DA:603,20
DA:604,0
DA:606,0
DA:607,0
DA:608,0
DA:609,0
DA:610,0
DA:613,0
DA:614,0
DA:615,0
DA:616,0
DA:617,0
DA:619,0
DA:627,0
DA:628,0
DA:631,0
DA:632,0
DA:633,0
DA:634,0
DA:635,0
DA:638,0
DA:641,0
DA:646,0
DA:649,0
DA:650,0
DA:654,20
DA:664,1200
DA:668,0
DA:676,40
DA:677,20
DA:678,0
DA:680,0
DA:681,0
DA:684,0
DA:685,0
DA:688,0
DA:689,0
DA:690,0
DA:691,0
DA:692,0
DA:694,0
DA:702,0
DA:703,0
DA:706,0
DA:707,0
DA:708,0
DA:709,0
DA:710,0
DA:712,0
DA:715,0
DA:720,0
DA:721,0
DA:724,20
DA:739,2800
DA:743,0
DA:752,20
DA:753,20
DA:754,0
DA:756,0
DA:757,0
DA:758,0
DA:761,0
DA:762,0
DA:765,0
DA:766,0
DA:767,0
DA:768,0
DA:769,0
DA:771,0
DA:779,0
DA:780,0
DA:783,0
DA:784,0
DA:785,0
DA:786,0
DA:787,0
DA:790,0
DA:793,0
DA:798,0
DA:801,0
DA:802,0
DA:806,20
DA:816,10000
DA:820,0
DA:828,0
DA:829,0
DA:830,0
DA:832,0
DA:833,0
DA:834,0
DA:835,0
DA:836,0
DA:838,0
DA:839,0
DA:840,0
DA:841,0
DA:842,0
DA:844,0
DA:852,0
DA:853,0
DA:856,0
DA:857,0
DA:858,0
DA:859,0
DA:860,0
DA:862,0
DA:864,0
DA:869,0
DA:871,0
DA:872,0
DA:876,0
DA:885,0
DA:889,0
DA:897,0
DA:898,0
DA:899,0
DA:901,0
DA:902,0
DA:903,0
DA:904,0
DA:905,0
DA:907,0
DA:908,0
DA:909,0
DA:910,0
DA:911,0
DA:913,0
DA:921,0
DA:922,0
DA:925,0
DA:926,0
DA:927,0
DA:928,0
DA:929,0
DA:931,0
DA:933,0
DA:938,0
DA:940,0
DA:941,0
DA:945,0
DA:954,0
DA:958,0
DA:977,0
DA:978,0
DA:992,0
DA:993,0
DA:996,0
DA:997,0
DA:1016,10
DA:1050,0
DA:1055,0
DA:1061,0
DA:1062,0
DA:1063,0
DA:1065,0
DA:1080,0
DA:1081,0
DA:1083,3
DA:1108,60
DA:1131,2
DA:1133,138
LF:468
LH:171
BRDA:19,0,0,50
BRDA:19,1,0,5
BRDA:20,2,0,60
BRDA:20,2,1,59
BRDA:71,3,0,60
BRDA:71,3,1,0
BRDA:102,4,0,40
BRDA:102,4,1,10
BRDA:102,5,0,50
BRDA:102,5,1,10
BRDA:105,6,0,0
BRDA:105,6,1,10
BRDA:110,7,0,0
BRDA:110,7,1,10
BRDA:110,8,0,10
BRDA:110,8,1,10
BRDA:113,9,0,0
BRDA:113,9,1,0
BRDA:118,10,0,0
BRDA:118,10,1,0
BRDA:123,11,0,0
BRDA:123,11,1,0
BRDA:142,12,0,0
BRDA:142,12,1,10
BRDA:147,13,0,10
BRDA:147,13,1,0
BRDA:156,14,0,10
BRDA:156,14,1,0
BRDA:171,15,0,0
BRDA:171,15,1,0
BRDA:178,16,0,0
BRDA:178,16,1,0
BRDA:198,17,0,0
BRDA:198,17,1,0
BRDA:204,18,0,0
BRDA:204,18,1,0
BRDA:204,19,0,0
BRDA:204,19,1,0
BRDA:224,20,0,0
BRDA:224,20,1,0
BRDA:233,21,0,0
BRDA:233,21,1,0
BRDA:241,22,0,0
BRDA:241,22,1,0
BRDA:241,23,0,0
BRDA:241,23,1,0
BRDA:247,24,0,0
BRDA:247,24,1,0
BRDA:247,25,0,0
BRDA:247,25,1,0
BRDA:247,25,2,0
BRDA:256,26,0,0
BRDA:256,26,1,0
BRDA:256,27,0,0
BRDA:256,27,1,0
BRDA:275,28,0,0
BRDA:275,28,1,0
BRDA:291,29,0,0
BRDA:291,29,1,0
BRDA:291,30,0,0
BRDA:291,30,1,0
BRDA:299,31,0,0
BRDA:299,31,1,0
BRDA:299,32,0,0
BRDA:299,32,1,0
BRDA:307,33,0,0
BRDA:307,33,1,0
BRDA:307,34,0,0
BRDA:307,34,1,0
BRDA:330,35,0,0
BRDA:330,35,1,0
BRDA:339,36,0,0
BRDA:339,36,1,0
BRDA:347,37,0,0
BRDA:347,37,1,0
BRDA:347,38,0,0
BRDA:347,38,1,0
BRDA:352,39,0,0
BRDA:352,39,1,0
BRDA:352,40,0,0
BRDA:352,40,1,0
BRDA:352,40,2,0
BRDA:369,41,0,0
BRDA:369,41,1,0
BRDA:379,42,0,0
BRDA:379,42,1,0
BRDA:379,43,0,0
BRDA:379,43,1,0
BRDA:385,44,0,0
BRDA:385,44,1,0
BRDA:392,45,0,0
BRDA:392,45,1,0
BRDA:392,46,0,0
BRDA:392,46,1,0
BRDA:392,46,2,0
BRDA:407,47,0,0
BRDA:407,47,1,0
BRDA:417,48,0,0
BRDA:417,48,1,0
BRDA:417,49,0,0
BRDA:417,49,1,0
BRDA:423,50,0,0
BRDA:423,50,1,0
BRDA:430,51,0,0
BRDA:430,51,1,0
BRDA:430,52,0,0
BRDA:430,52,1,0
BRDA:430,52,2,0
BRDA:439,53,0,10
BRDA:439,53,1,0
BRDA:445,54,0,10
BRDA:445,54,1,0
BRDA:445,55,0,10
BRDA:445,55,1,10
BRDA:453,56,0,10
BRDA:453,56,1,0
BRDA:455,57,0,10
BRDA:455,57,1,0
BRDA:461,58,0,0
BRDA:461,58,1,10
BRDA:466,59,0,0
BRDA:466,59,1,10
BRDA:509,60,0,90
BRDA:509,60,1,13910
BRDA:509,61,0,14000
BRDA:509,61,1,13850
BRDA:517,62,0,60
BRDA:517,62,1,13940
BRDA:517,63,0,90
BRDA:517,63,1,13850
BRDA:535,64,0,1
BRDA:535,64,1,1
BRDA:543,65,0,2
BRDA:543,65,1,2
BRDA:549,66,0,10
BRDA:549,66,1,40
BRDA:562,67,0,10
BRDA:562,67,1,0
BRDA:575,68,0,1
BRDA:575,68,1,35
BRDA:582,69,0,10
BRDA:582,69,1,40
BRDA:602,70,0,20
BRDA:602,70,1,40
BRDA:604,71,0,0
BRDA:604,71,1,0
BRDA:631,72,0,0
BRDA:631,72,1,0
BRDA:632,73,0,0
BRDA:632,73,1,0
BRDA:633,74,0,0
BRDA:633,74,1,0
BRDA:634,75,0,0
BRDA:634,75,1,0
BRDA:676,76,0,20
BRDA:676,76,1,20
BRDA:678,77,0,0
BRDA:678,77,1,0
BRDA:706,78,0,0
BRDA:706,78,1,0
BRDA:707,79,0,0
BRDA:707,79,1,0
BRDA:708,80,0,0
BRDA:708,80,1,0
BRDA:709,81,0,0
BRDA:709,81,1,0
BRDA:752,82,0,20
BRDA:752,82,1,0
BRDA:754,83,0,0
BRDA:754,83,1,0
BRDA:783,84,0,0
BRDA:783,84,1,0
BRDA:784,85,0,0
BRDA:784,85,1,0
BRDA:785,86,0,0
BRDA:785,86,1,0
BRDA:786,87,0,0
BRDA:786,87,1,0
BRDA:828,88,0,0
BRDA:828,88,1,0
BRDA:830,89,0,0
BRDA:830,89,1,0
BRDA:856,90,0,0
BRDA:856,90,1,0
BRDA:857,91,0,0
BRDA:857,91,1,0
BRDA:858,92,0,0
BRDA:858,92,1,0
BRDA:859,93,0,0
BRDA:859,93,1,0
BRDA:897,94,0,0
BRDA:897,94,1,0
BRDA:899,95,0,0
BRDA:899,95,1,0
BRDA:925,96,0,0
BRDA:925,96,1,0
BRDA:926,97,0,0
BRDA:926,97,1,0
BRDA:927,98,0,0
BRDA:927,98,1,0
BRDA:928,99,0,0
BRDA:928,99,1,0
BRDA:971,100,0,60
BRDA:1019,101,0,60
BRDA:1019,101,1,0
BRDA:1020,102,0,5
BRDA:1020,102,1,55
BRDA:1022,103,0,45
BRDA:1022,103,1,10
BRDA:1044,104,0,60
BRDA:1047,105,0,60
BRDA:1047,105,1,0
BRDA:1047,105,2,0
BRDA:1062,106,0,0
BRDA:1062,106,1,0
BRDA:1076,107,0,60
BRDA:1090,108,0,0
BRDA:1090,108,1,20
BRDA:1090,109,0,20
BRDA:1090,109,1,0
BRDA:1108,110,0,20
BRDA:1108,110,1,0
BRDA:1108,110,2,20
BRDA:1111,111,0,20
BRDA:1114,112,0,20
BRDA:1114,112,1,20
BRF:226
BRH:64
end_of_record
TN:
SF:src/components/form-controls/DualRangeSlider/DualRangeSlider.tsx
FN:20,DualRangeSlider
FN:37,(anonymous_2)
FN:45,(anonymous_3)
FN:53,(anonymous_4)
FN:94,(anonymous_5)
FN:105,(anonymous_6)
FNF:6
FNH:2
FNDA:5,DualRangeSlider
FNDA:0,(anonymous_2)
FNDA:0,(anonymous_3)
FNDA:10,(anonymous_4)
FNDA:0,(anonymous_5)
FNDA:0,(anonymous_6)
DA:3,1
DA:4,1
DA:20,39
DA:33,5
DA:34,5
DA:37,5
DA:38,0
DA:39,0
DA:40,0
DA:41,0
DA:45,5
DA:46,0
DA:47,0
DA:48,0
DA:49,0
DA:53,5
DA:54,10
DA:57,5
DA:58,5
DA:94,0
DA:105,0
LF:21
LH:11
BRDA:22,0,0,0
BRDA:23,1,0,0
BRDA:26,2,0,0
BRDA:27,3,0,0
BRDA:28,4,0,0
BRDA:29,5,0,5
BRDA:33,6,0,5
BRDA:33,6,1,0
BRDA:34,7,0,5
BRDA:34,7,1,0
BRDA:40,8,0,0
BRDA:40,8,1,0
BRDA:48,9,0,0
BRDA:48,9,1,0
BRDA:62,10,0,5
BRDA:65,11,0,5
BRDA:111,12,0,5
BRF:17
BRH:6
end_of_record
TN:
SF:src/components/form-controls/Input/Input.tsx
FN:10,(anonymous_1)
FNF:1
FNH:1
FNDA:55,(anonymous_1)
DA:1,2
DA:9,2
DA:51,2
DA:53,370
LF:4
LH:4
BRDA:10,0,0,54
BRDA:13,1,0,55
BRDA:19,2,0,1
BRDA:31,3,0,0
BRDA:31,3,1,1
BRDA:32,4,0,1
BRDA:32,4,1,0
BRDA:39,5,0,2
BRDA:39,5,1,52
BRDA:43,6,0,55
BRF:10
BRH:8
end_of_record
TN:
SF:src/components/form-controls/Radio/Radio.tsx
FN:16,(anonymous_1)
FN:23,(anonymous_2)
FNF:2
FNH:2
FNDA:15,(anonymous_1)
FNDA:51,(anonymous_2)
DA:1,2
DA:15,2
DA:24,51
DA:50,2
DA:52,49
LF:5
LH:5
BRDA:19,0,0,15
BRDA:26,1,0,1
BRDA:26,1,1,50
BRDA:29,2,0,15
BRDA:29,2,1,36
BRDA:42,3,0,15
BRF:6
BRH:6
end_of_record
TN:
SF:src/components/form-controls/RangeSlider/RangeSlider.tsx
FN:12,(anonymous_1)
FN:15,(anonymous_2)
FNF:2
FNH:2
FNDA:25,(anonymous_1)
FNDA:1,(anonymous_2)
DA:1,2
DA:11,2
DA:13,25
DA:15,25
DA:16,1
DA:17,1
DA:18,1
DA:22,25
DA:54,2
DA:56,58
LF:10
LH:10
BRDA:12,0,0,16
BRDA:12,1,0,24
BRDA:12,2,0,19
BRDA:12,3,0,24
BRDA:13,4,0,25
BRDA:13,4,1,23
BRDA:13,4,2,14
BRDA:13,4,3,14
BRDA:17,5,0,1
BRDA:17,5,1,0
BRDA:22,6,0,2
BRDA:22,6,1,23
BRDA:26,7,0,25
BRDA:26,7,1,15
BRDA:28,8,0,25
BRDA:29,9,0,25
BRDA:41,10,0,2
BRDA:41,10,1,23
BRDA:46,11,0,25
BRF:19
BRH:18
end_of_record
TN:
SF:src/components/form-controls/Select/Select.tsx
FN:9,(anonymous_1)
FNF:1
FNH:1
FNDA:20,(anonymous_1)
DA:1,2
DA:8,2
DA:50,2
DA:52,54
LF:4
LH:4
BRDA:9,0,0,19
BRDA:12,1,0,20
BRDA:20,2,0,2
BRDA:20,2,1,18
BRDA:42,3,0,20
BRF:5
BRH:5
end_of_record
TN:
SF:src/components/form-controls/SimpleDualRangeSlider/SimpleDualRangeSlider.tsx
FN:20,SimpleDualRangeSlider
FN:36,(anonymous_2)
FN:44,(anonymous_3)
FN:52,(anonymous_4)
FN:93,(anonymous_5)
FN:104,(anonymous_6)
FNF:6
FNH:2
FNDA:5,SimpleDualRangeSlider
FNDA:0,(anonymous_2)
FNDA:0,(anonymous_3)
FNDA:10,(anonymous_4)
FNDA:0,(anonymous_5)
FNDA:0,(anonymous_6)
DA:3,1
DA:4,1
DA:20,39
DA:33,5
DA:34,5
DA:36,5
DA:37,0
DA:38,0
DA:39,0
DA:40,0
DA:44,5
DA:45,0
DA:46,0
DA:47,0
DA:48,0
DA:52,5
DA:53,10
DA:56,5
DA:57,5
DA:93,0
DA:104,0
LF:21
LH:11
BRDA:22,0,0,0
BRDA:23,1,0,0
BRDA:26,2,0,0
BRDA:27,3,0,0
BRDA:28,4,0,5
BRDA:29,5,0,0
BRDA:33,6,0,5
BRDA:33,6,1,0
BRDA:34,7,0,5
BRDA:34,7,1,0
BRDA:39,8,0,0
BRDA:39,8,1,0
BRDA:47,9,0,0
BRDA:47,9,1,0
BRDA:61,10,0,5
BRDA:64,11,0,5
BRDA:110,12,0,5
BRF:17
BRH:6
end_of_record
TN:
SF:src/components/form-controls/Textarea/Textarea.tsx
FN:9,(anonymous_1)
FNF:1
FNH:1
FNDA:38,(anonymous_1)
DA:1,2
DA:8,2
DA:31,2
DA:33,178
LF:4
LH:4
BRDA:9,0,0,37
BRDA:12,1,0,38
BRDA:19,2,0,3
BRDA:19,2,1,35
BRDA:23,3,0,38
BRF:5
BRH:5
end_of_record
TN:
SF:src/components/forms/EmailVerification/EmailVerification.tsx
FN:18,EmailVerificationContent
FN:26,(anonymous_3)
FN:42,(anonymous_4)
FN:45,(anonymous_5)
FN:55,(anonymous_6)
FN:70,(anonymous_7)
FN:78,(anonymous_8)
FN:91,(anonymous_9)
FN:157,(anonymous_10)
FN:191,(anonymous_11)
FN:245,(anonymous_12)
FN:248,(anonymous_13)
FN:255,(anonymous_14)
FN:256,(anonymous_15)
FN:278,(anonymous_16)
FN:282,(anonymous_17)
FN:305,(anonymous_18)
FN:316,(anonymous_19)
FN:346,(anonymous_20)
FNF:19
FNH:16
FNDA:78,EmailVerificationContent
FNDA:46,(anonymous_3)
FNDA:36,(anonymous_4)
FNDA:4,(anonymous_5)
FNDA:49,(anonymous_6)
FNDA:2,(anonymous_7)
FNDA:1,(anonymous_8)
FNDA:5,(anonymous_9)
FNDA:0,(anonymous_10)
FNDA:0,(anonymous_11)
FNDA:468,(anonymous_12)
FNDA:936,(anonymous_13)
FNDA:46,(anonymous_14)
FNDA:49,(anonymous_15)
FNDA:67,(anonymous_16)
FNDA:47,(anonymous_17)
FNDA:222,(anonymous_18)
FNDA:0,(anonymous_19)
FNDA:1,(anonymous_20)
DA:3,2
DA:4,2
DA:5,2
DA:6,2
DA:7,2
DA:9,2
DA:18,24
DA:19,78
DA:20,78
DA:21,78
DA:22,78
DA:23,78
DA:24,78
DA:26,78
DA:28,46
DA:30,43
DA:31,43
DA:32,43
DA:35,43
DA:36,37
DA:40,43
DA:42,36
DA:43,6
DA:45,6
DA:46,4
DA:47,4
DA:48,0
DA:55,78
DA:57,49
DA:58,1
DA:61,49
DA:62,1
DA:65,49
DA:66,1
DA:70,78
DA:71,2
DA:72,2
DA:73,2
DA:74,2
DA:77,2
DA:78,1
DA:79,1
DA:80,1
DA:81,0
DA:86,1
DA:87,1
DA:91,78
DA:92,5
DA:94,5
DA:95,5
DA:96,0
DA:97,0
DA:100,5
DA:102,5
DA:106,5
DA:108,0
DA:109,0
DA:110,0
DA:112,0
DA:113,0
DA:114,0
DA:115,0
DA:116,0
DA:119,0
DA:124,5
DA:126,0
DA:127,0
DA:130,5
DA:131,5
DA:134,5
DA:140,3
DA:142,3
DA:143,1
DA:145,1
DA:146,1
DA:147,1
DA:151,2
DA:152,0
DA:154,0
DA:156,0
DA:157,0
DA:158,0
DA:165,0
DA:166,0
DA:170,2
DA:171,0
DA:172,0
DA:176,2
DA:177,2
DA:178,2
DA:181,2
DA:187,2
DA:190,2
DA:191,2
DA:192,0
DA:195,1
DA:197,1
DA:198,1
DA:200,4
DA:246,468
DA:249,936
DA:255,46
DA:256,49
DA:279,67
DA:280,67
DA:283,47
DA:284,42
DA:285,42
DA:305,222
DA:317,0
DA:318,0
DA:319,0
DA:348,1
LF:113
LH:85
BRDA:9,0,0,2
BRDA:9,0,1,2
BRDA:18,1,0,78
BRDA:28,2,0,3
BRDA:28,2,1,43
BRDA:28,3,0,46
BRDA:28,3,1,46
BRDA:35,4,0,37
BRDA:35,4,1,6
BRDA:35,5,0,43
BRDA:35,5,1,43
BRDA:40,6,0,6
BRDA:40,6,1,37
BRDA:40,7,0,43
BRDA:40,7,1,43
BRDA:43,8,0,6
BRDA:43,8,1,0
BRDA:47,9,0,0
BRDA:47,9,1,4
BRDA:57,10,0,1
BRDA:57,10,1,48
BRDA:57,11,0,49
BRDA:57,11,1,1
BRDA:57,11,2,1
BRDA:61,12,0,1
BRDA:61,12,1,48
BRDA:61,13,0,49
BRDA:61,13,1,1
BRDA:65,14,0,1
BRDA:65,14,1,48
BRDA:65,15,0,49
BRDA:65,15,1,1
BRDA:77,16,0,1
BRDA:77,16,1,1
BRDA:80,17,0,0
BRDA:80,17,1,1
BRDA:95,18,0,0
BRDA:95,18,1,5
BRDA:106,19,0,0
BRDA:106,19,1,5
BRDA:112,20,0,0
BRDA:112,20,1,0
BRDA:112,21,0,0
BRDA:112,21,1,0
BRDA:124,22,0,0
BRDA:124,22,1,5
BRDA:142,23,0,1
BRDA:142,23,1,2
BRDA:143,24,0,1
BRDA:143,24,1,0
BRDA:151,25,0,0
BRDA:151,25,1,2
BRDA:170,26,0,0
BRDA:170,26,1,2
BRDA:176,27,0,2
BRDA:176,27,1,0
BRDA:176,28,0,2
BRDA:176,28,1,2
BRDA:181,29,0,0
BRDA:181,29,1,2
BRDA:183,30,0,0
BRDA:183,30,1,2
BRDA:195,31,0,1
BRDA:195,31,1,0
BRDA:221,32,0,0
BRDA:221,32,1,78
BRDA:223,33,0,0
BRDA:223,33,1,78
BRDA:227,34,0,78
BRDA:227,34,1,78
BRDA:257,35,0,78
BRDA:257,35,1,390
BRDA:269,36,0,188
BRDA:269,36,1,280
BRDA:274,37,0,468
BRDA:274,37,1,188
BRDA:283,38,0,42
BRDA:283,38,1,5
BRDA:305,39,0,78
BRDA:305,39,1,73
BRDA:308,40,0,5
BRDA:308,40,1,73
BRDA:312,41,0,78
BRDA:312,41,1,0
BRF:84
BRH:64
end_of_record
TN:
SF:src/components/forms/ForgotPassword/ForgotPassword.tsx
FN:10,ForgotPasswordContent
FN:16,(anonymous_6)
FN:20,(anonymous_7)
FN:21,(anonymous_8)
FN:21,(anonymous_9)
FN:28,(anonymous_10)
FN:57,(anonymous_11)
FN:94,(anonymous_12)
FNF:8
FNH:8
FNDA:190,ForgotPasswordContent
FNDA:3,(anonymous_6)
FNDA:1,(anonymous_7)
FNDA:1,(anonymous_8)
FNDA:1,(anonymous_9)
FNDA:6,(anonymous_10)
FNDA:2,(anonymous_11)
FNDA:164,(anonymous_12)
DA:3,3
DA:4,3
DA:5,3
DA:6,3
DA:8,3
DA:10,19
DA:11,190
DA:12,190
DA:13,190
DA:14,190
DA:16,190
DA:17,3
DA:20,3
DA:21,1
DA:22,1
DA:23,1
DA:28,190
DA:29,6
DA:30,6
DA:33,6
DA:34,6
DA:35,0
DA:36,0
DA:37,0
DA:40,6
DA:41,6
DA:47,5
DA:49,3
DA:50,1
DA:51,1
DA:54,2
DA:57,2
DA:58,2
DA:61,3
DA:63,6
DA:94,164
LF:36
LH:33
BRDA:8,0,0,3
BRDA:8,0,1,3
BRDA:34,1,0,0
BRDA:34,1,1,6
BRDA:49,2,0,1
BRDA:49,2,1,2
BRDA:50,3,0,1
BRDA:50,3,1,0
BRDA:61,4,0,3
BRDA:61,4,1,0
BRDA:106,5,0,6
BRDA:106,5,1,184
BRF:12
BRH:9
end_of_record
TN:
SF:src/components/forms/LoginForm/LoginForm.tsx
FN:11,LoginFormContent
FN:20,(anonymous_6)
FN:49,(anonymous_7)
FN:50,(anonymous_8)
FN:50,(anonymous_9)
FN:72,(anonymous_10)
FN:82,(anonymous_11)
FN:85,(anonymous_12)
FN:86,(anonymous_13)
FN:86,(anonymous_14)
FN:116,(anonymous_15)
FN:130,(anonymous_16)
FN:137,(anonymous_17)
FNF:13
FNH:10
FNDA:219,LoginFormContent
FNDA:6,(anonymous_6)
FNDA:0,(anonymous_7)
FNDA:0,(anonymous_8)
FNDA:0,(anonymous_9)
FNDA:2,(anonymous_10)
FNDA:1,(anonymous_11)
FNDA:1,(anonymous_12)
FNDA:1,(anonymous_13)
FNDA:1,(anonymous_14)
FNDA:112,(anonymous_15)
FNDA:79,(anonymous_16)
FNDA:2,(anonymous_17)
DA:3,2
DA:4,2
DA:5,2
DA:6,2
DA:7,2
DA:9,2
DA:11,17
DA:12,219
DA:13,219
DA:14,219
DA:15,219
DA:16,219
DA:17,219
DA:18,219
DA:20,219
DA:21,6
DA:22,6
DA:24,6
DA:25,6
DA:34,4
DA:36,4
DA:37,1
DA:38,1
DA:42,3
DA:43,0
DA:46,0
DA:49,0
DA:50,0
DA:51,0
DA:63,0
DA:67,3
DA:68,3
DA:70,3
DA:72,3
DA:73,2
DA:76,1
DA:78,5
DA:82,219
DA:83,1
DA:85,1
DA:86,1
DA:87,1
DA:88,1
DA:116,112
DA:130,79
DA:137,2
LF:46
LH:40
BRDA:9,0,0,2
BRDA:9,0,1,2
BRDA:36,1,0,1
BRDA:36,1,1,3
BRDA:37,2,0,1
BRDA:37,2,1,0
BRDA:42,3,0,0
BRDA:42,3,1,3
BRDA:76,4,0,1
BRDA:76,4,1,0
BRDA:126,5,0,1
BRDA:126,5,1,218
BRDA:139,6,0,1
BRDA:139,6,1,218
BRDA:141,7,0,1
BRDA:141,7,1,218
BRDA:157,8,0,6
BRDA:157,8,1,213
BRF:18
BRH:15
end_of_record
TN:
SF:src/components/forms/LoginVerification/LoginVerification.tsx
FN:17,LoginVerificationContent
FN:24,(anonymous_3)
FN:38,(anonymous_4)
FN:53,(anonymous_5)
FN:64,(anonymous_6)
FN:103,(anonymous_7)
FN:148,(anonymous_8)
FN:151,(anonymous_9)
FN:156,(anonymous_10)
FN:157,(anonymous_11)
FN:178,(anonymous_12)
FN:182,(anonymous_13)
FN:205,(anonymous_14)
FN:230,(anonymous_15)
FNF:14
FNH:13
FNDA:75,LoginVerificationContent
FNDA:43,(anonymous_3)
FNDA:46,(anonymous_4)
FNDA:2,(anonymous_5)
FNDA:5,(anonymous_6)
FNDA:0,(anonymous_7)
FNDA:450,(anonymous_8)
FNDA:900,(anonymous_9)
FNDA:43,(anonymous_10)
FNDA:46,(anonymous_11)
FNDA:64,(anonymous_12)
FNDA:45,(anonymous_13)
FNDA:213,(anonymous_14)
FNDA:1,(anonymous_15)
DA:3,1
DA:4,1
DA:5,1
DA:6,1
DA:8,1
DA:17,23
DA:18,75
DA:19,75
DA:20,75
DA:21,75
DA:22,75
DA:24,75
DA:26,43
DA:28,40
DA:29,40
DA:30,40
DA:33,40
DA:34,34
DA:38,75
DA:40,46
DA:41,1
DA:44,46
DA:45,1
DA:48,46
DA:49,1
DA:53,75
DA:54,2
DA:55,2
DA:56,2
DA:57,2
DA:60,2
DA:61,2
DA:64,75
DA:65,5
DA:67,5
DA:68,5
DA:69,0
DA:70,0
DA:73,5
DA:75,5
DA:76,5
DA:86,3
DA:88,3
DA:89,1
DA:91,1
DA:92,1
DA:93,1
DA:97,2
DA:98,2
DA:100,2
DA:103,2
DA:104,0
DA:107,1
DA:109,1
DA:110,1
DA:112,4
DA:149,450
DA:151,900
DA:156,43
DA:157,46
DA:179,64
DA:180,64
DA:183,45
DA:184,40
DA:185,40
DA:205,213
DA:232,1
LF:67
LH:64
BRDA:8,0,0,1
BRDA:8,0,1,1
BRDA:26,1,0,3
BRDA:26,1,1,40
BRDA:26,2,0,43
BRDA:26,2,1,43
BRDA:33,3,0,34
BRDA:33,3,1,6
BRDA:33,4,0,40
BRDA:33,4,1,40
BRDA:40,5,0,1
BRDA:40,5,1,45
BRDA:40,6,0,46
BRDA:40,6,1,1
BRDA:40,6,2,1
BRDA:44,7,0,1
BRDA:44,7,1,45
BRDA:44,8,0,46
BRDA:44,8,1,1
BRDA:48,9,0,1
BRDA:48,9,1,45
BRDA:48,10,0,46
BRDA:48,10,1,1
BRDA:68,11,0,0
BRDA:68,11,1,5
BRDA:88,12,0,1
BRDA:88,12,1,2
BRDA:89,13,0,1
BRDA:89,13,1,0
BRDA:107,14,0,1
BRDA:107,14,1,0
BRDA:158,15,0,75
BRDA:158,15,1,375
BRDA:173,16,0,450
BRDA:173,16,1,182
BRDA:183,17,0,40
BRDA:183,17,1,5
BRDA:205,18,0,75
BRDA:205,18,1,70
BRDA:208,19,0,5
BRDA:208,19,1,70
BRF:41
BRH:38
end_of_record
TN:
SF:src/components/image-manip/CoverImageCropper/CoverImageCropper.tsx
FN:13,CoverImageCropper
FN:30,(anonymous_3)
FN:32,(anonymous_4)
FN:39,(anonymous_5)
FN:73,(anonymous_6)
FN:82,(anonymous_7)
FN:96,(anonymous_8)
FN:101,(anonymous_9)
FN:110,(anonymous_10)
FN:124,(anonymous_11)
FN:129,(anonymous_12)
FN:152,(anonymous_13)
FN:178,(anonymous_14)
FN:215,(anonymous_15)
FNF:14
FNH:0
FNDA:0,CoverImageCropper
FNDA:0,(anonymous_3)
FNDA:0,(anonymous_4)
FNDA:0,(anonymous_5)
FNDA:0,(anonymous_6)
FNDA:0,(anonymous_7)
FNDA:0,(anonymous_8)
FNDA:0,(anonymous_9)
FNDA:0,(anonymous_10)
FNDA:0,(anonymous_11)
FNDA:0,(anonymous_12)
FNDA:0,(anonymous_13)
FNDA:0,(anonymous_14)
FNDA:0,(anonymous_15)
DA:3,0
DA:4,0
DA:13,0
DA:14,0
DA:15,0
DA:16,0
DA:17,0
DA:18,0
DA:19,0
DA:20,0
DA:21,0
DA:22,0
DA:23,0
DA:26,0
DA:27,0
DA:30,0
DA:31,0
DA:32,0
DA:33,0
DA:35,0
DA:39,0
DA:40,0
DA:42,0
DA:45,0
DA:51,0
DA:52,0
DA:55,0
DA:58,0
DA:59,0
DA:62,0
DA:63,0
DA:64,0
DA:69,0
DA:73,0
DA:74,0
DA:75,0
DA:76,0
DA:82,0
DA:83,0
DA:84,0
DA:86,0
DA:92,0
DA:93,0
DA:96,0
DA:97,0
DA:101,0
DA:102,0
DA:103,0
DA:104,0
DA:110,0
DA:111,0
DA:112,0
DA:114,0
DA:120,0
DA:121,0
DA:124,0
DA:125,0
DA:129,0
DA:130,0
DA:132,0
DA:133,0
DA:136,0
DA:137,0
DA:138,0
DA:141,0
DA:142,0
DA:143,0
DA:145,0
DA:152,0
DA:153,0
DA:154,0
DA:157,0
DA:158,0
DA:161,0
DA:162,0
DA:165,0
DA:171,0
DA:173,0
DA:174,0
DA:178,0
DA:179,0
DA:181,0
DA:182,0
DA:185,0
DA:186,0
DA:187,0
DA:188,0
DA:190,0
DA:191,0
DA:195,0
DA:196,0
DA:197,0
DA:198,0
DA:201,0
DA:214,0
DA:216,0
DA:217,0
DA:221,0
LF:98
LH:0
BRDA:40,0,0,0
BRDA:40,0,1,0
BRDA:83,1,0,0
BRDA:83,1,1,0
BRDA:111,2,0,0
BRDA:111,2,1,0
BRDA:130,3,0,0
BRDA:130,3,1,0
BRDA:130,4,0,0
BRDA:130,4,1,0
BRDA:153,5,0,0
BRDA:153,5,1,0
BRDA:153,6,0,0
BRDA:153,6,1,0
BRDA:179,7,0,0
BRDA:179,7,1,0
BRDA:179,8,0,0
BRDA:179,8,1,0
BRDA:191,9,0,0
BRDA:191,9,1,0
BRDA:216,10,0,0
BRDA:216,10,1,0
BRDA:238,11,0,0
BRDA:238,11,1,0
BRDA:252,12,0,0
BRDA:294,13,0,0
BRDA:294,13,1,0
BRDA:294,14,0,0
BRDA:294,14,1,0
BRDA:294,15,0,0
BRDA:294,15,1,0
BRDA:294,16,0,0
BRDA:294,16,1,0
BRDA:303,17,0,0
BRDA:303,17,1,0
BRDA:311,18,0,0
BRDA:311,18,1,0
BRF:37
BRH:0
end_of_record
TN:
SF:src/components/image-manip/CoverImageUploader/CoverImageUploader.tsx
FN:20,CoverImageUploader
FN:33,(anonymous_3)
FN:35,(anonymous_4)
FN:42,(anonymous_5)
FN:46,(anonymous_6)
FN:58,(anonymous_7)
FN:63,(anonymous_8)
FN:76,(anonymous_9)
FN:101,(anonymous_10)
FN:146,(anonymous_11)
FN:151,(anonymous_12)
FN:159,(anonymous_13)
FN:161,(anonymous_14)
FN:166,(anonymous_15)
FN:170,(anonymous_16)
FN:210,(anonymous_17)
FN:211,(anonymous_18)
FN:286,(anonymous_19)
FN:287,(anonymous_20)
FN:314,(anonymous_21)
FN:315,(anonymous_22)
FNF:21
FNH:7
FNDA:9,CoverImageUploader
FNDA:0,(anonymous_3)
FNDA:0,(anonymous_4)
FNDA:5,(anonymous_5)
FNDA:1,(anonymous_6)
FNDA:5,(anonymous_7)
FNDA:5,(anonymous_8)
FNDA:3,(anonymous_9)
FNDA:0,(anonymous_10)
FNDA:1,(anonymous_11)
FNDA:0,(anonymous_12)
FNDA:0,(anonymous_13)
FNDA:0,(anonymous_14)
FNDA:0,(anonymous_15)
FNDA:0,(anonymous_16)
FNDA:0,(anonymous_17)
FNDA:0,(anonymous_18)
FNDA:0,(anonymous_19)
FNDA:0,(anonymous_20)
FNDA:0,(anonymous_21)
FNDA:0,(anonymous_22)
DA:3,1
DA:4,1
DA:11,1
DA:12,1
DA:13,1
DA:20,5
DA:21,9
DA:22,9
DA:23,9
DA:24,9
DA:25,9
DA:26,9
DA:27,9
DA:28,9
DA:29,9
DA:30,9
DA:31,9
DA:33,9
DA:34,0
DA:35,0
DA:36,0
DA:37,0
DA:42,9
DA:43,5
DA:46,5
DA:47,1
DA:53,0
DA:57,5
DA:58,5
DA:59,5
DA:63,9
DA:64,5
DA:66,5
DA:67,5
DA:68,5
DA:69,0
DA:72,0
DA:76,9
DA:77,3
DA:78,3
DA:80,3
DA:83,3
DA:84,3
DA:85,1
DA:86,1
DA:88,1
DA:89,1
DA:93,2
DA:94,2
DA:95,2
DA:98,2
DA:101,9
DA:102,0
DA:103,0
DA:104,0
DA:106,0
DA:107,0
DA:110,0
DA:113,0
DA:114,0
DA:115,0
DA:119,0
DA:120,0
DA:121,0
DA:122,0
DA:123,0
DA:124,0
DA:126,0
DA:129,0
DA:130,0
DA:132,0
DA:136,0
DA:139,0
DA:140,0
DA:142,0
DA:146,9
DA:147,1
DA:148,1
DA:151,9
DA:152,0
DA:153,0
DA:155,0
DA:159,9
DA:160,0
DA:161,0
DA:162,0
DA:166,9
DA:167,0
DA:170,0
DA:171,0
DA:172,0
DA:173,0
DA:174,0
DA:175,0
DA:179,0
DA:180,0
DA:181,0
DA:184,0
DA:185,0
DA:187,0
DA:210,0
DA:211,0
DA:286,0
DA:287,0
DA:314,0
DA:315,0
LF:106
LH:51
BRDA:47,0,0,0
BRDA:47,0,1,1
BRDA:48,1,0,1
BRDA:48,1,1,0
BRDA:48,1,2,0
BRDA:48,1,3,0
BRDA:64,2,0,0
BRDA:64,2,1,5
BRDA:64,3,0,5
BRDA:64,3,1,5
BRDA:64,3,2,5
BRDA:68,4,0,0
BRDA:68,4,1,5
BRDA:78,5,0,0
BRDA:78,5,1,3
BRDA:84,6,0,1
BRDA:84,6,1,2
BRDA:114,7,0,0
BRDA:114,7,1,0
BRDA:120,8,0,0
BRDA:120,8,1,0
BRDA:120,9,0,0
BRDA:120,9,1,0
BRDA:129,10,0,0
BRDA:129,10,1,0
BRDA:152,11,0,0
BRDA:152,11,1,0
BRDA:174,12,0,0
BRDA:174,12,1,0
BRDA:174,13,0,0
BRDA:174,13,1,0
BRDA:195,14,0,9
BRDA:195,14,1,2
BRDA:230,15,0,0
BRDA:230,15,1,9
BRDA:231,16,0,0
BRDA:231,16,1,9
BRDA:241,17,0,0
BRDA:241,17,1,9
BRDA:247,18,0,9
BRDA:250,19,0,0
BRDA:250,19,1,0
BRDA:255,20,0,0
BRDA:255,20,1,0
BRDA:258,21,0,0
BRDA:258,21,1,0
BRDA:286,22,0,0
BRDA:286,22,1,0
BRDA:304,23,0,0
BRDA:304,23,1,0
BRDA:314,24,0,0
BRDA:314,24,1,0
BRDA:343,25,0,0
BRDA:343,25,1,9
BRDA:345,26,0,0
BRDA:345,26,1,9
BRDA:345,27,0,9
BRDA:345,27,1,0
BRDA:349,28,0,0
BRDA:364,29,0,9
BRDA:374,30,0,0
BRDA:374,30,1,0
BRF:62
BRH:20
end_of_record
TN:
SF:src/components/image-manip/ProfileImageCropper/ProfileImageCropper.tsx
FN:13,ProfileImageCropper
FN:27,(anonymous_3)
FN:29,(anonymous_4)
FN:36,(anonymous_5)
FN:73,(anonymous_6)
FN:82,(anonymous_7)
FN:96,(anonymous_8)
FN:101,(anonymous_9)
FN:110,(anonymous_10)
FN:124,(anonymous_11)
FN:129,(anonymous_12)
FN:166,(anonymous_13)
FN:192,(anonymous_14)
FN:239,(anonymous_15)
FNF:14
FNH:0
FNDA:0,ProfileImageCropper
FNDA:0,(anonymous_3)
FNDA:0,(anonymous_4)
FNDA:0,(anonymous_5)
FNDA:0,(anonymous_6)
FNDA:0,(anonymous_7)
FNDA:0,(anonymous_8)
FNDA:0,(anonymous_9)
FNDA:0,(anonymous_10)
FNDA:0,(anonymous_11)
FNDA:0,(anonymous_12)
FNDA:0,(anonymous_13)
FNDA:0,(anonymous_14)
FNDA:0,(anonymous_15)
DA:3,0
DA:4,0
DA:13,0
DA:14,0
DA:15,0
DA:16,0
DA:17,0
DA:18,0
DA:19,0
DA:20,0
DA:21,0
DA:22,0
DA:23,0
DA:24,0
DA:27,0
DA:28,0
DA:29,0
DA:30,0
DA:32,0
DA:36,0
DA:37,0
DA:39,0
DA:42,0
DA:49,0
DA:51,0
DA:52,0
DA:55,0
DA:58,0
DA:59,0
DA:62,0
DA:63,0
DA:64,0
DA:69,0
DA:73,0
DA:74,0
DA:75,0
DA:76,0
DA:82,0
DA:83,0
DA:84,0
DA:86,0
DA:92,0
DA:93,0
DA:96,0
DA:97,0
DA:101,0
DA:102,0
DA:103,0
DA:104,0
DA:110,0
DA:111,0
DA:112,0
DA:114,0
DA:120,0
DA:121,0
DA:124,0
DA:125,0
DA:129,0
DA:130,0
DA:132,0
DA:133,0
DA:136,0
DA:137,0
DA:140,0
DA:144,0
DA:145,0
DA:148,0
DA:149,0
DA:151,0
DA:152,0
DA:155,0
DA:156,0
DA:159,0
DA:166,0
DA:167,0
DA:168,0
DA:171,0
DA:172,0
DA:175,0
DA:176,0
DA:179,0
DA:185,0
DA:187,0
DA:188,0
DA:192,0
DA:193,0
DA:195,0
DA:196,0
DA:199,0
DA:200,0
DA:201,0
DA:203,0
DA:204,0
DA:207,0
DA:208,0
DA:211,0
DA:212,0
DA:215,0
DA:216,0
DA:220,0
DA:221,0
DA:222,0
DA:225,0
DA:238,0
DA:240,0
DA:241,0
DA:245,0
LF:107
LH:0
BRDA:37,0,0,0
BRDA:37,0,1,0
BRDA:83,1,0,0
BRDA:83,1,1,0
BRDA:111,2,0,0
BRDA:111,2,1,0
BRDA:130,3,0,0
BRDA:130,3,1,0
BRDA:130,4,0,0
BRDA:130,4,1,0
BRDA:167,5,0,0
BRDA:167,5,1,0
BRDA:167,6,0,0
BRDA:167,6,1,0
BRDA:193,7,0,0
BRDA:193,7,1,0
BRDA:193,8,0,0
BRDA:193,8,1,0
BRDA:204,9,0,0
BRDA:204,9,1,0
BRDA:240,10,0,0
BRDA:240,10,1,0
BRDA:261,11,0,0
BRDA:261,11,1,0
BRDA:275,12,0,0
BRDA:336,13,0,0
BRDA:336,13,1,0
BRDA:336,14,0,0
BRDA:336,14,1,0
BRDA:336,15,0,0
BRDA:336,15,1,0
BRDA:336,16,0,0
BRDA:336,16,1,0
BRDA:345,17,0,0
BRDA:345,17,1,0
BRDA:353,18,0,0
BRDA:353,18,1,0
BRF:37
BRH:0
end_of_record
TN:
SF:src/components/image-manip/ProfileImageUploader/ProfileImageUploader.tsx
FN:20,ProfileImageUploader
FN:33,(anonymous_3)
FN:35,(anonymous_4)
FN:42,(anonymous_5)
FN:46,(anonymous_6)
FN:58,(anonymous_7)
FN:63,(anonymous_8)
FN:77,(anonymous_9)
FN:96,(anonymous_10)
FN:156,(anonymous_11)
FN:161,(anonymous_12)
FN:169,(anonymous_13)
FN:171,(anonymous_14)
FN:176,(anonymous_15)
FN:180,(anonymous_16)
FN:223,(anonymous_17)
FN:224,(anonymous_18)
FN:293,(anonymous_19)
FN:294,(anonymous_20)
FN:321,(anonymous_21)
FN:322,(anonymous_22)
FNF:21
FNH:7
FNDA:12,ProfileImageUploader
FNDA:0,(anonymous_3)
FNDA:0,(anonymous_4)
FNDA:8,(anonymous_5)
FNDA:1,(anonymous_6)
FNDA:8,(anonymous_7)
FNDA:8,(anonymous_8)
FNDA:3,(anonymous_9)
FNDA:0,(anonymous_10)
FNDA:1,(anonymous_11)
FNDA:0,(anonymous_12)
FNDA:0,(anonymous_13)
FNDA:0,(anonymous_14)
FNDA:0,(anonymous_15)
FNDA:0,(anonymous_16)
FNDA:0,(anonymous_17)
FNDA:0,(anonymous_18)
FNDA:0,(anonymous_19)
FNDA:0,(anonymous_20)
FNDA:0,(anonymous_21)
FNDA:0,(anonymous_22)
DA:3,1
DA:4,1
DA:11,1
DA:12,1
DA:13,1
DA:20,8
DA:21,12
DA:22,12
DA:23,12
DA:24,12
DA:25,12
DA:26,12
DA:27,12
DA:28,12
DA:29,12
DA:30,12
DA:31,12
DA:33,12
DA:34,0
DA:35,0
DA:36,0
DA:37,0
DA:42,12
DA:43,8
DA:46,8
DA:47,1
DA:53,0
DA:57,8
DA:58,8
DA:59,8
DA:63,12
DA:64,8
DA:66,8
DA:67,8
DA:68,8
DA:69,0
DA:72,0
DA:77,12
DA:78,3
DA:79,3
DA:82,3
DA:85,3
DA:86,3
DA:87,1
DA:88,1
DA:92,2
DA:93,2
DA:96,12
DA:97,0
DA:98,0
DA:99,0
DA:101,0
DA:102,0
DA:105,0
DA:106,0
DA:109,0
DA:110,0
DA:111,0
DA:112,0
DA:115,0
DA:116,0
DA:122,0
DA:123,0
DA:124,0
DA:125,0
DA:126,0
DA:127,0
DA:128,0
DA:131,0
DA:132,0
DA:136,0
DA:139,0
DA:140,0
DA:142,0
DA:146,0
DA:149,0
DA:150,0
DA:152,0
DA:156,12
DA:157,1
DA:158,1
DA:161,12
DA:162,0
DA:163,0
DA:165,0
DA:169,12
DA:170,0
DA:171,0
DA:172,0
DA:176,12
DA:177,0
DA:180,0
DA:181,0
DA:182,0
DA:183,0
DA:184,0
DA:185,0
DA:189,0
DA:190,0
DA:191,0
DA:194,0
DA:198,0
DA:199,0
DA:201,0
DA:223,0
DA:224,0
DA:293,0
DA:294,0
DA:321,0
DA:322,0
LF:110
LH:47
BRDA:47,0,0,0
BRDA:47,0,1,1
BRDA:48,1,0,1
BRDA:48,1,1,0
BRDA:48,1,2,0
BRDA:48,1,3,0
BRDA:64,2,0,0
BRDA:64,2,1,8
BRDA:64,3,0,8
BRDA:64,3,1,8
BRDA:64,3,2,8
BRDA:68,4,0,0
BRDA:68,4,1,8
BRDA:79,5,0,0
BRDA:79,5,1,3
BRDA:86,6,0,1
BRDA:86,6,1,2
BRDA:110,7,0,0
BRDA:110,7,1,0
BRDA:123,8,0,0
BRDA:123,8,1,0
BRDA:123,9,0,0
BRDA:123,9,1,0
BRDA:139,10,0,0
BRDA:139,10,1,0
BRDA:162,11,0,0
BRDA:162,11,1,0
BRDA:184,12,0,0
BRDA:184,12,1,0
BRDA:184,13,0,0
BRDA:184,13,1,0
BRDA:209,14,0,12
BRDA:209,14,1,2
BRDA:245,15,0,1
BRDA:245,15,1,11
BRDA:246,16,0,0
BRDA:246,16,1,12
BRDA:247,17,0,0
BRDA:247,17,1,12
BRDA:253,18,0,12
BRDA:256,19,0,0
BRDA:256,19,1,0
BRDA:262,20,0,0
BRDA:262,20,1,0
BRDA:265,21,0,0
BRDA:265,21,1,0
BRDA:293,22,0,0
BRDA:293,22,1,0
BRDA:311,23,0,0
BRDA:311,23,1,0
BRDA:321,24,0,0
BRDA:321,24,1,0
BRDA:347,25,0,0
BRDA:347,25,1,12
BRDA:349,26,0,0
BRDA:349,26,1,12
BRDA:349,27,0,12
BRDA:349,27,1,0
BRDA:353,28,0,0
BRDA:368,29,0,12
BRDA:378,30,0,0
BRDA:378,30,1,0
BRF:62
BRH:21
end_of_record
TN:
SF:src/components/panels/AuthPanel/AuthPanel.tsx
FN:20,AuthPanel
FN:57,(anonymous_3)
FN:68,(anonymous_4)
FN:75,(anonymous_5)
FN:82,(anonymous_6)
FN:90,(anonymous_7)
FN:96,(anonymous_8)
FN:117,(anonymous_9)
FN:128,(anonymous_10)
FN:133,(anonymous_11)
FN:138,(anonymous_12)
FN:145,(anonymous_13)
FN:151,(anonymous_14)
FN:178,(anonymous_15)
FN:182,(anonymous_16)
FN:197,(anonymous_17)
FN:201,(anonymous_18)
FN:207,(anonymous_19)
FN:211,(anonymous_20)
FN:216,(anonymous_21)
FN:219,(anonymous_22)
FN:246,(anonymous_23)
FN:251,(anonymous_24)
FN:255,(anonymous_25)
FN:266,(anonymous_26)
FN:368,(anonymous_27)
FN:380,(anonymous_28)
FN:520,(anonymous_29)
FN:537,(anonymous_30)
FN:540,(anonymous_31)
FN:559,(anonymous_32)
FN:560,(anonymous_33)
FN:610,(anonymous_34)
FN:623,(anonymous_35)
FN:630,(anonymous_36)
FN:662,(anonymous_37)
FN:684,(anonymous_38)
FN:723,(anonymous_39)
FN:741,(anonymous_40)
FN:757,(anonymous_41)
FN:778,(anonymous_42)
FN:819,(anonymous_43)
FN:823,(anonymous_44)
FN:834,(anonymous_45)
FN:839,(anonymous_46)
FN:862,(anonymous_47)
FN:869,(anonymous_48)
FN:911,(anonymous_49)
FN:918,(anonymous_50)
FN:937,(anonymous_51)
FNF:50
FNH:6
FNDA:12,AuthPanel
FNDA:12,(anonymous_3)
FNDA:0,(anonymous_4)
FNDA:0,(anonymous_5)
FNDA:0,(anonymous_6)
FNDA:0,(anonymous_7)
FNDA:0,(anonymous_8)
FNDA:0,(anonymous_9)
FNDA:0,(anonymous_10)
FNDA:0,(anonymous_11)
FNDA:0,(anonymous_12)
FNDA:8,(anonymous_13)
FNDA:0,(anonymous_14)
FNDA:0,(anonymous_15)
FNDA:8,(anonymous_16)
FNDA:0,(anonymous_17)
FNDA:8,(anonymous_18)
FNDA:0,(anonymous_19)
FNDA:0,(anonymous_20)
FNDA:8,(anonymous_21)
FNDA:0,(anonymous_22)
FNDA:0,(anonymous_23)
FNDA:0,(anonymous_24)
FNDA:0,(anonymous_25)
FNDA:0,(anonymous_26)
FNDA:0,(anonymous_27)
FNDA:0,(anonymous_28)
FNDA:0,(anonymous_29)
FNDA:0,(anonymous_30)
FNDA:0,(anonymous_31)
FNDA:0,(anonymous_32)
FNDA:0,(anonymous_33)
FNDA:0,(anonymous_34)
FNDA:0,(anonymous_35)
FNDA:0,(anonymous_36)
FNDA:0,(anonymous_37)
FNDA:0,(anonymous_38)
FNDA:0,(anonymous_39)
FNDA:0,(anonymous_40)
FNDA:0,(anonymous_41)
FNDA:0,(anonymous_42)
FNDA:0,(anonymous_43)
FNDA:0,(anonymous_44)
FNDA:0,(anonymous_45)
FNDA:0,(anonymous_46)
FNDA:0,(anonymous_47)
FNDA:0,(anonymous_48)
FNDA:0,(anonymous_49)
FNDA:0,(anonymous_50)
FNDA:0,(anonymous_51)
DA:3,1
DA:4,1
DA:5,1
DA:6,1
DA:7,1
DA:8,1
DA:9,1
DA:10,1
DA:12,1
DA:20,4
DA:21,12
DA:22,12
DA:23,12
DA:24,12
DA:25,12
DA:26,12
DA:27,12
DA:28,12
DA:31,12
DA:32,12
DA:33,12
DA:34,12
DA:37,12
DA:38,12
DA:39,12
DA:40,12
DA:41,12
DA:42,12
DA:43,12
DA:44,12
DA:45,12
DA:46,12
DA:47,12
DA:48,12
DA:49,12
DA:52,12
DA:53,12
DA:54,12
DA:57,12
DA:58,12
DA:59,12
DA:60,12
DA:61,12
DA:62,12
DA:63,12
DA:66,12
DA:68,12
DA:69,0
DA:70,0
DA:71,0
DA:72,0
DA:75,12
DA:76,0
DA:77,0
DA:78,0
DA:79,0
DA:82,12
DA:83,0
DA:84,0
DA:85,0
DA:86,0
DA:90,12
DA:91,0
DA:92,0
DA:96,12
DA:98,0
DA:103,0
DA:105,0
DA:106,0
DA:107,0
DA:109,0
DA:112,0
DA:117,12
DA:118,0
DA:119,0
DA:121,0
DA:122,0
DA:123,0
DA:124,0
DA:128,12
DA:129,0
DA:130,0
DA:133,12
DA:134,0
DA:135,0
DA:138,12
DA:139,0
DA:140,0
DA:141,0
DA:145,12
DA:146,8
DA:147,8
DA:148,8
DA:151,0
DA:152,0
DA:153,0
DA:154,0
DA:155,0
DA:158,0
DA:159,0
DA:162,0
DA:163,0
DA:166,0
DA:167,0
DA:168,0
DA:172,0
DA:174,0
DA:178,0
DA:182,12
DA:183,8
DA:185,8
DA:188,8
DA:189,8
DA:190,8
DA:191,8
DA:194,8
DA:197,8
DA:198,0
DA:201,8
DA:204,0
DA:207,0
DA:208,0
DA:211,0
DA:216,12
DA:217,8
DA:219,0
DA:221,0
DA:222,0
DA:223,0
DA:226,0
DA:228,0
DA:229,0
DA:230,0
DA:233,0
DA:234,0
DA:235,0
DA:236,0
DA:237,0
DA:238,0
DA:239,0
DA:240,0
DA:241,0
DA:243,0
DA:246,0
DA:247,0
DA:251,0
DA:255,12
DA:256,0
DA:259,0
DA:260,0
DA:261,0
DA:264,12
DA:266,4
DA:267,0
DA:268,0
DA:269,0
DA:271,0
DA:272,0
DA:275,0
DA:276,0
DA:278,0
DA:284,0
DA:285,0
DA:286,0
DA:290,0
DA:291,0
DA:293,0
DA:299,0
DA:300,0
DA:301,0
DA:305,0
DA:306,0
DA:309,0
DA:313,0
DA:314,0
DA:317,0
DA:323,0
DA:324,0
DA:325,0
DA:329,0
DA:330,0
DA:331,0
DA:332,0
DA:336,0
DA:337,0
DA:338,0
DA:339,0
DA:343,0
DA:344,0
DA:348,0
DA:349,0
DA:351,0
DA:356,0
DA:359,0
DA:360,0
DA:361,0
DA:362,0
DA:365,0
DA:368,0
DA:369,0
DA:370,0
DA:373,0
DA:374,0
DA:376,0
DA:380,4
DA:381,0
DA:382,0
DA:383,0
DA:386,0
DA:387,0
DA:388,0
DA:389,0
DA:392,0
DA:393,0
DA:394,0
DA:395,0
DA:397,0
DA:400,0
DA:401,0
DA:402,0
DA:403,0
DA:406,0
DA:407,0
DA:408,0
DA:409,0
DA:411,0
DA:414,0
DA:415,0
DA:416,0
DA:417,0
DA:420,0
DA:421,0
DA:422,0
DA:423,0
DA:426,0
DA:427,0
DA:428,0
DA:429,0
DA:432,0
DA:433,0
DA:434,0
DA:435,0
DA:438,0
DA:439,0
DA:440,0
DA:441,0
DA:444,0
DA:445,0
DA:446,0
DA:449,0
DA:450,0
DA:451,0
DA:452,0
DA:455,0
DA:456,0
DA:457,0
DA:461,0
DA:462,0
DA:463,0
DA:466,0
DA:467,0
DA:468,0
DA:471,0
DA:472,0
DA:473,0
DA:476,0
DA:477,0
DA:478,0
DA:481,0
DA:483,0
DA:484,0
DA:495,0
DA:497,0
DA:498,0
DA:502,0
DA:505,0
DA:508,0
DA:509,0
DA:510,0
DA:511,0
DA:512,0
DA:513,0
DA:514,0
DA:515,0
DA:516,0
DA:518,0
DA:520,0
DA:531,0
DA:533,0
DA:537,4
DA:538,0
DA:540,0
DA:541,0
DA:548,4
DA:551,4
DA:559,0
DA:560,0
DA:610,0
DA:623,0
DA:630,0
DA:662,0
DA:684,0
DA:723,0
DA:741,0
DA:758,0
DA:759,0
DA:779,0
DA:780,0
DA:820,0
DA:823,0
DA:835,0
DA:836,0
DA:837,0
DA:840,0
DA:841,0
DA:842,0
DA:862,0
DA:869,0
DA:911,0
DA:918,0
DA:937,0
LF:321
LH:78
BRDA:12,0,0,1
BRDA:12,0,1,1
BRDA:59,1,0,0
BRDA:59,1,1,12
BRDA:60,2,0,0
BRDA:60,2,1,12
BRDA:61,3,0,0
BRDA:61,3,1,12
BRDA:61,4,0,12
BRDA:61,4,1,0
BRDA:62,5,0,0
BRDA:62,5,1,12
BRDA:69,6,0,0
BRDA:69,6,1,0
BRDA:70,7,0,0
BRDA:70,7,1,0
BRDA:71,8,0,0
BRDA:71,8,1,0
BRDA:76,9,0,0
BRDA:76,9,1,0
BRDA:77,10,0,0
BRDA:77,10,1,0
BRDA:78,11,0,0
BRDA:78,11,1,0
BRDA:86,12,0,0
BRDA:86,12,1,0
BRDA:86,12,2,0
BRDA:103,13,0,0
BRDA:103,13,1,0
BRDA:106,14,0,0
BRDA:106,14,1,0
BRDA:107,15,0,0
BRDA:107,15,1,0
BRDA:121,16,0,0
BRDA:121,16,1,0
BRDA:122,17,0,0
BRDA:122,17,1,0
BRDA:134,18,0,0
BRDA:134,18,1,0
BRDA:135,19,0,0
BRDA:135,19,1,0
BRDA:135,19,2,0
BRDA:146,20,0,8
BRDA:146,20,1,0
BRDA:146,21,0,8
BRDA:146,21,1,0
BRDA:162,22,0,0
BRDA:162,22,1,0
BRDA:167,23,0,0
BRDA:167,23,1,0
BRDA:183,24,0,8
BRDA:183,24,1,0
BRDA:217,25,0,0
BRDA:217,25,1,8
BRDA:217,26,0,8
BRDA:217,26,1,0
BRDA:226,27,0,0
BRDA:226,27,1,0
BRDA:256,28,0,0
BRDA:256,28,1,0
BRDA:264,29,0,8
BRDA:264,29,1,4
BRDA:275,30,0,0
BRDA:275,30,1,0
BRDA:290,31,0,0
BRDA:290,31,1,0
BRDA:305,32,0,0
BRDA:305,32,1,0
BRDA:306,33,0,0
BRDA:306,33,1,0
BRDA:329,34,0,0
BRDA:329,34,1,0
BRDA:336,35,0,0
BRDA:336,35,1,0
BRDA:343,36,0,0
BRDA:343,36,1,0
BRDA:343,37,0,0
BRDA:343,37,1,0
BRDA:373,38,0,0
BRDA:373,38,1,0
BRDA:374,39,0,0
BRDA:374,39,1,0
BRDA:386,40,0,0
BRDA:386,40,1,0
BRDA:392,41,0,0
BRDA:392,41,1,0
BRDA:400,42,0,0
BRDA:400,42,1,0
BRDA:406,43,0,0
BRDA:406,43,1,0
BRDA:414,44,0,0
BRDA:414,44,1,0
BRDA:420,45,0,0
BRDA:420,45,1,0
BRDA:426,46,0,0
BRDA:426,46,1,0
BRDA:432,47,0,0
BRDA:432,47,1,0
BRDA:438,48,0,0
BRDA:438,48,1,0
BRDA:444,49,0,0
BRDA:444,49,1,0
BRDA:449,50,0,0
BRDA:449,50,1,0
BRDA:455,51,0,0
BRDA:455,51,1,0
BRDA:455,52,0,0
BRDA:455,52,1,0
BRDA:461,53,0,0
BRDA:461,53,1,0
BRDA:466,54,0,0
BRDA:466,54,1,0
BRDA:466,55,0,0
BRDA:466,55,1,0
BRDA:466,55,2,0
BRDA:471,56,0,0
BRDA:471,56,1,0
BRDA:476,57,0,0
BRDA:476,57,1,0
BRDA:497,58,0,0
BRDA:497,58,1,0
BRDA:498,59,0,0
BRDA:498,59,1,0
BRDA:531,60,0,0
BRDA:531,60,1,0
BRDA:548,61,0,0
BRDA:548,61,1,4
BRDA:551,62,0,0
BRDA:551,62,1,4
BRDA:557,63,0,0
BRDA:557,63,1,4
BRDA:577,64,0,3
BRDA:577,64,1,1
BRDA:597,65,0,4
BRDA:602,66,0,3
BRDA:619,67,0,0
BRDA:619,67,1,3
BRDA:633,68,0,0
BRDA:633,68,1,3
BRDA:668,69,0,3
BRDA:668,69,1,0
BRDA:669,70,0,3
BRDA:669,70,1,0
BRDA:670,71,0,3
BRDA:670,71,1,0
BRDA:690,72,0,0
BRDA:690,72,1,3
BRDA:691,73,0,0
BRDA:691,73,1,3
BRDA:692,74,0,0
BRDA:692,74,1,3
BRDA:716,75,0,0
BRDA:716,75,1,3
BRDA:738,76,0,0
BRDA:738,76,1,1
BRDA:744,77,0,1
BRDA:754,78,0,0
BRDA:754,78,1,1
BRDA:763,79,0,1
BRDA:786,80,0,1
BRDA:788,81,0,0
BRDA:791,82,0,0
BRDA:791,82,1,0
BRDA:791,82,2,0
BRDA:791,82,3,0
BRDA:794,83,0,0
BRDA:794,83,1,0
BRDA:794,83,2,0
BRDA:801,84,0,1
BRDA:805,85,0,1
BRDA:858,86,0,0
BRDA:858,86,1,1
BRDA:872,87,0,0
BRDA:872,87,1,1
BRDA:876,88,0,1
BRDA:891,89,0,0
BRDA:891,89,1,0
BRDA:892,90,0,0
BRDA:892,90,1,0
BRDA:893,91,0,0
BRDA:893,91,1,0
BRDA:907,92,0,0
BRDA:907,92,1,1
BRDA:921,93,0,0
BRDA:921,93,1,1
BRDA:924,94,0,1
BRDA:924,94,1,0
BRDA:930,95,0,0
BRDA:930,95,1,1
BRF:189
BRH:44
end_of_record
TN:
SF:src/components/panels/DemoPanels/DemoPanels.tsx
FN:6,Panel1Content
FN:9,(anonymous_13)
FN:13,(anonymous_14)
FN:17,(anonymous_15)
FN:21,(anonymous_16)
FN:25,(anonymous_17)
FN:37,(anonymous_18)
FN:42,(anonymous_19)
FN:49,(anonymous_20)
FN:59,(anonymous_21)
FN:113,Panel2Content
FN:116,(anonymous_23)
FN:140,Panel3Content
FN:143,(anonymous_25)
FN:167,Panel4Content
FN:200,LeftAlignedPanelContent
FN:203,(anonymous_28)
FN:228,RightAlignedPanelContent
FN:259,ProfilePanelContent
FN:304,FullWidthPanelContent
FN:307,(anonymous_32)
FN:361,(anonymous_33)
FN:380,FullWidthPanel2Content
FN:405,ActionHeaderPanelContent
FN:451,SubtitleTogglePanelContent
FN:456,(anonymous_37)
FN:470,(anonymous_38)
FN:477,(anonymous_39)
FNF:28
FNH:0
FNDA:0,Panel1Content
FNDA:0,(anonymous_13)
FNDA:0,(anonymous_14)
FNDA:0,(anonymous_15)
FNDA:0,(anonymous_16)
FNDA:0,(anonymous_17)
FNDA:0,(anonymous_18)
FNDA:0,(anonymous_19)
FNDA:0,(anonymous_20)
FNDA:0,(anonymous_21)
FNDA:0,Panel2Content
FNDA:0,(anonymous_23)
FNDA:0,Panel3Content
FNDA:0,(anonymous_25)
FNDA:0,Panel4Content
FNDA:0,LeftAlignedPanelContent
FNDA:0,(anonymous_28)
FNDA:0,RightAlignedPanelContent
FNDA:0,ProfilePanelContent
FNDA:0,FullWidthPanelContent
FNDA:0,(anonymous_32)
FNDA:0,(anonymous_33)
FNDA:0,FullWidthPanel2Content
FNDA:0,ActionHeaderPanelContent
FNDA:0,SubtitleTogglePanelContent
FNDA:0,(anonymous_37)
FNDA:0,(anonymous_38)
FNDA:0,(anonymous_39)
DA:3,0
DA:4,0
DA:6,0
DA:7,0
DA:9,0
DA:10,0
DA:13,0
DA:14,0
DA:17,0
DA:18,0
DA:21,0
DA:22,0
DA:25,0
DA:26,0
DA:37,0
DA:42,0
DA:49,0
DA:50,0
DA:59,0
DA:113,0
DA:114,0
DA:116,0
DA:117,0
DA:140,0
DA:141,0
DA:143,0
DA:144,0
DA:167,0
DA:168,0
DA:200,0
DA:201,0
DA:203,0
DA:204,0
DA:228,0
DA:259,0
DA:304,0
DA:305,0
DA:307,0
DA:308,0
DA:362,0
DA:380,0
DA:405,0
DA:451,0
DA:452,0
DA:453,0
DA:456,0
DA:457,0
DA:458,0
DA:461,0
DA:470,0
DA:477,0
LF:51
LH:0
BRDA:466,0,0,0
BRDA:466,0,1,0
BRDA:497,1,0,0
BRDA:497,1,1,0
BRDA:498,2,0,0
BRDA:498,2,1,0
BRDA:507,3,0,0
BRDA:507,3,1,0
BRF:8
BRH:0
end_of_record
TN:
SF:src/components/panels/PanelContainer/PanelContainer.tsx
FN:22,Panel
FN:28,(anonymous_2)
FN:31,(anonymous_3)
FN:60,(anonymous_4)
FN:67,(anonymous_5)
FN:70,(anonymous_6)
FN:73,(anonymous_7)
FN:102,(anonymous_8)
FN:103,(anonymous_9)
FN:187,(anonymous_10)
FN:205,(anonymous_11)
FN:206,(anonymous_12)
FN:221,PanelContainer
FN:228,(anonymous_14)
FNF:14
FNH:9
FNDA:72,Panel
FNDA:26,(anonymous_2)
FNDA:0,(anonymous_3)
FNDA:32,(anonymous_4)
FNDA:20,(anonymous_5)
FNDA:26,(anonymous_6)
FNDA:4,(anonymous_7)
FNDA:0,(anonymous_8)
FNDA:0,(anonymous_9)
FNDA:8,(anonymous_10)
FNDA:0,(anonymous_11)
FNDA:0,(anonymous_12)
FNDA:57,PanelContainer
FNDA:42,(anonymous_14)
DA:3,1
DA:4,1
DA:5,1
DA:23,72
DA:24,72
DA:25,72
DA:28,72
DA:30,26
DA:31,0
DA:32,0
DA:33,0
DA:34,0
DA:35,0
DA:36,0
DA:37,0
DA:38,0
DA:40,0
DA:43,0
DA:46,0
DA:47,0
DA:50,0
DA:52,26
DA:57,72
DA:60,72
DA:61,32
DA:62,6
DA:63,6
DA:67,26
DA:68,20
DA:70,26
DA:73,72
DA:76,4
DA:80,72
DA:87,72
DA:88,52
DA:89,20
DA:90,3
DA:92,17
DA:102,0
DA:103,0
DA:188,8
DA:205,0
DA:206,0
DA:221,21
DA:222,57
DA:224,57
DA:229,42
LF:47
LH:30
BRDA:22,0,0,0
BRDA:22,1,0,66
BRDA:30,2,0,0
BRDA:30,2,1,26
BRDA:34,3,0,0
BRDA:34,3,1,0
BRDA:37,4,0,0
BRDA:37,4,1,0
BRDA:61,5,0,6
BRDA:61,5,1,26
BRDA:87,6,0,52
BRDA:87,6,1,20
BRDA:89,7,0,3
BRDA:89,7,1,17
BRDA:100,8,0,20
BRDA:100,8,1,52
BRDA:100,9,0,72
BRDA:100,9,1,20
BRDA:115,10,0,72
BRDA:115,10,1,2
BRDA:129,11,0,57
BRDA:129,11,1,15
BRDA:130,12,0,57
BRDA:130,12,1,15
BRDA:131,13,0,57
BRDA:131,13,1,15
BRDA:136,14,0,6
BRDA:136,14,1,66
BRDA:136,15,0,5
BRDA:136,15,1,61
BRDA:137,16,0,15
BRDA:137,16,1,57
BRDA:139,17,0,72
BRDA:161,18,0,11
BRDA:161,18,1,61
BRDA:164,19,0,11
BRDA:164,19,1,61
BRDA:165,20,0,11
BRDA:165,20,1,61
BRDA:175,21,0,11
BRDA:175,21,1,61
BRDA:176,22,0,72
BRDA:176,22,1,61
BRDA:187,23,0,72
BRDA:187,23,1,4
BRDA:224,24,0,25
BRDA:224,24,1,32
BRF:47
BRH:41
end_of_record
TN:
SF:src/contexts/ConfirmationContext.tsx
FN:34,ConfirmationProvider
FN:37,(anonymous_4)
FN:38,(anonymous_5)
FN:49,(anonymous_6)
FN:69,useConfirmation
FNF:5
FNH:5
FNDA:31,ConfirmationProvider
FNDA:13,(anonymous_4)
FNDA:13,(anonymous_5)
FNDA:5,(anonymous_6)
FNDA:62,useConfirmation
DA:3,1
DA:32,1
DA:34,13
DA:35,31
DA:37,31
DA:38,13
DA:39,13
DA:40,13
DA:49,31
DA:50,5
DA:51,5
DA:52,5
DA:69,62
DA:70,62
DA:71,62
DA:72,0
DA:74,62
LF:17
LH:16
BRDA:50,0,0,5
BRDA:50,0,1,0
BRDA:71,1,0,0
BRDA:71,1,1,62
BRF:4
BRH:2
end_of_record
TN:
SF:src/contexts/PanelContext.tsx
FN:36,PanelProvider
FN:39,(anonymous_4)
FN:42,(anonymous_5)
FN:44,(anonymous_6)
FN:47,(anonymous_7)
FN:48,(anonymous_8)
FN:50,(anonymous_9)
FN:70,(anonymous_10)
FN:85,(anonymous_11)
FN:86,(anonymous_12)
FN:87,(anonymous_13)
FN:91,(anonymous_14)
FN:97,(anonymous_15)
FN:98,(anonymous_16)
FN:99,(anonymous_17)
FN:101,(anonymous_18)
FN:106,(anonymous_19)
FN:107,(anonymous_20)
FN:109,(anonymous_21)
FN:112,(anonymous_22)
FN:118,(anonymous_23)
FN:119,(anonymous_24)
FN:121,(anonymous_25)
FN:122,(anonymous_26)
FN:127,(anonymous_27)
FN:131,(anonymous_28)
FN:131,(anonymous_29)
FN:134,(anonymous_30)
FN:146,usePanels
FNF:29
FNH:26
FNDA:123,PanelProvider
FNDA:42,(anonymous_4)
FNDA:42,(anonymous_5)
FNDA:34,(anonymous_6)
FNDA:28,(anonymous_7)
FNDA:28,(anonymous_8)
FNDA:8,(anonymous_9)
FNDA:8,(anonymous_10)
FNDA:4,(anonymous_11)
FNDA:4,(anonymous_12)
FNDA:4,(anonymous_13)
FNDA:5,(anonymous_14)
FNDA:4,(anonymous_15)
FNDA:4,(anonymous_16)
FNDA:4,(anonymous_17)
FNDA:6,(anonymous_18)
FNDA:5,(anonymous_19)
FNDA:5,(anonymous_20)
FNDA:2,(anonymous_21)
FNDA:2,(anonymous_22)
FNDA:3,(anonymous_23)
FNDA:3,(anonymous_24)
FNDA:2,(anonymous_25)
FNDA:2,(anonymous_26)
FNDA:2,(anonymous_27)
FNDA:0,(anonymous_28)
FNDA:0,(anonymous_29)
FNDA:0,(anonymous_30)
FNDA:685,usePanels
DA:3,5
DA:34,5
DA:36,83
DA:37,123
DA:39,123
DA:42,123
DA:43,123
DA:44,34
DA:47,123
DA:48,28
DA:50,28
DA:52,28
DA:54,0
DA:55,0
DA:66,0
DA:70,28
DA:71,28
DA:85,123
DA:86,4
DA:87,4
DA:88,4
DA:91,4
DA:92,5
DA:97,4
DA:98,4
DA:99,4
DA:100,4
DA:101,6
DA:106,123
DA:107,5
DA:108,5
DA:109,2
DA:112,1
DA:113,2
DA:118,5
DA:119,3
DA:120,3
DA:121,2
DA:122,2
DA:127,123
DA:128,2
DA:131,0
DA:134,0
DA:135,0
DA:146,685
DA:147,685
DA:148,685
DA:149,0
DA:151,685
LF:49
LH:42
BRDA:39,0,0,32
BRDA:39,0,1,91
BRDA:43,1,0,28
BRDA:43,1,1,95
BRDA:47,2,0,20
BRDA:52,3,0,0
BRDA:52,3,1,28
BRDA:57,4,0,0
BRDA:57,4,1,0
BRDA:70,5,0,6
BRDA:70,5,1,22
BRDA:73,6,0,28
BRDA:73,6,1,20
BRDA:88,7,0,0
BRDA:88,7,1,4
BRDA:92,8,0,5
BRDA:92,8,1,0
BRDA:100,9,0,0
BRDA:100,9,1,4
BRDA:108,10,0,4
BRDA:108,10,1,1
BRDA:113,11,0,1
BRDA:113,11,1,1
BRDA:120,12,0,2
BRDA:120,12,1,1
BRDA:128,13,0,2
BRDA:128,13,1,0
BRDA:148,14,0,0
BRDA:148,14,1,685
BRF:29
BRH:21
end_of_record
TN:
SF:src/contexts/ThemeContext.tsx
FN:14,ThemeProvider
FN:18,(anonymous_4)
FN:28,(anonymous_5)
FN:47,useTheme
FN:51,(anonymous_7)
FNF:5
FNH:4
FNDA:55,ThemeProvider
FNDA:26,(anonymous_4)
FNDA:3,(anonymous_5)
FNDA:66,useTheme
FNDA:0,(anonymous_7)
DA:3,3
DA:12,3
DA:14,26
DA:15,55
DA:16,55
DA:18,55
DA:19,26
DA:21,26
DA:22,26
DA:23,4
DA:24,4
DA:28,55
DA:29,3
DA:30,3
DA:31,3
DA:32,3
DA:36,55
DA:47,66
DA:48,66
DA:49,66
DA:51,22
DA:53,44
LF:22
LH:22
BRDA:22,0,0,4
BRDA:22,0,1,22
BRDA:29,1,0,2
BRDA:29,1,1,1
BRDA:36,2,0,26
BRDA:36,2,1,29
BRDA:49,3,0,22
BRDA:49,3,1,44
BRF:8
BRH:8
end_of_record
TN:
SF:src/contexts/ToastContext.tsx
FN:22,ToastProvider
FN:25,(anonymous_4)
FN:29,(anonymous_5)
FN:32,(anonymous_6)
FN:33,(anonymous_7)
FN:33,(anonymous_8)
FN:43,useToast
FNF:7
FNH:7
FNDA:177,ToastProvider
FNDA:39,(anonymous_4)
FNDA:39,(anonymous_5)
FNDA:5,(anonymous_6)
FNDA:5,(anonymous_7)
FNDA:5,(anonymous_8)
FNDA:704,useToast
DA:3,9
DA:20,9
DA:22,134
DA:23,177
DA:25,177
DA:26,39
DA:27,39
DA:29,39
DA:32,177
DA:33,5
DA:43,704
DA:44,704
DA:45,704
DA:46,0
DA:48,704
LF:15
LH:14
BRDA:25,0,0,29
BRDA:45,1,0,0
BRDA:45,1,1,704
BRF:3
BRH:2
end_of_record
TN:
SF:src/hooks/useAuth.ts
FN:7,useAuth
FN:12,(anonymous_2)
FN:23,(anonymous_3)
FN:30,(anonymous_4)
FNF:4
FNH:0
FNDA:0,useAuth
FNDA:0,(anonymous_2)
FNDA:0,(anonymous_3)
FNDA:0,(anonymous_4)
DA:3,0
DA:4,0
DA:7,0
DA:8,0
DA:9,0
DA:10,0
DA:12,0
DA:13,0
DA:14,0
DA:16,0
DA:17,0
DA:20,0
DA:23,0
DA:24,0
DA:25,0
DA:26,0
DA:27,0
DA:30,0
DA:31,0
DA:32,0
DA:33,0
DA:34,0
DA:37,0
LF:23
LH:0
BRDA:16,0,0,0
BRDA:16,0,1,0
BRDA:16,1,0,0
BRDA:16,1,1,0
BRF:4
BRH:0
end_of_record
TN:
SF:src/hooks/useOfflineSync.ts
FN:6,useOfflineSync
FN:10,(anonymous_2)
FN:15,(anonymous_3)
FN:32,(anonymous_4)
FN:39,(anonymous_5)
FNF:5
FNH:0
FNDA:0,useOfflineSync
FNDA:0,(anonymous_2)
FNDA:0,(anonymous_3)
FNDA:0,(anonymous_4)
FNDA:0,(anonymous_5)
DA:3,0
DA:4,0
DA:6,0
DA:7,0
DA:8,0
DA:10,0
DA:12,0
DA:15,0
DA:16,0
DA:19,0
DA:20,0
DA:21,0
DA:22,0
DA:23,0
DA:25,0
DA:27,0
DA:32,0
DA:33,0
DA:36,0
DA:37,0
DA:39,0
DA:40,0
DA:41,0
DA:45,0
LF:24
LH:0
BRDA:20,0,0,0
BRDA:20,0,1,0
BRF:2
BRH:0
end_of_record
TN:
SF:src/lib/api.ts
FN:5,(anonymous_3)
FN:20,(anonymous_4)
FN:35,(anonymous_5)
FN:50,(anonymous_6)
FN:67,(anonymous_7)
FNF:5
FNH:0
FNDA:0,(anonymous_3)
FNDA:0,(anonymous_4)
FNDA:0,(anonymous_5)
FNDA:0,(anonymous_6)
FNDA:0,(anonymous_7)
DA:1,1
DA:3,1
DA:6,0
DA:12,0
DA:13,0
DA:14,0
DA:17,0
DA:21,0
DA:27,0
DA:28,0
DA:29,0
DA:32,0
DA:36,0
DA:42,0
DA:43,0
DA:44,0
DA:47,0
DA:51,0
DA:57,0
DA:58,0
DA:59,0
DA:62,0
DA:68,0
DA:72,0
DA:73,0
DA:78,1
LF:26
LH:3
BRDA:1,0,0,1
BRDA:1,0,1,1
BRDA:12,1,0,0
BRDA:12,1,1,0
BRDA:14,2,0,0
BRDA:14,2,1,0
BRDA:27,3,0,0
BRDA:27,3,1,0
BRDA:29,4,0,0
BRDA:29,4,1,0
BRDA:42,5,0,0
BRDA:42,5,1,0
BRDA:44,6,0,0
BRDA:44,6,1,0
BRDA:57,7,0,0
BRDA:57,7,1,0
BRDA:59,8,0,0
BRDA:59,8,1,0
BRDA:72,9,0,0
BRDA:72,9,1,0
BRF:20
BRH:2
end_of_record
TN:
SF:src/lib/auth.ts
FN:16,(anonymous_7)
FN:33,(anonymous_8)
FN:55,(anonymous_9)
FN:64,(anonymous_10)
FN:78,(anonymous_11)
FN:92,(anonymous_12)
FNF:6
FNH:0
FNDA:0,(anonymous_7)
FNDA:0,(anonymous_8)
FNDA:0,(anonymous_9)
FNDA:0,(anonymous_10)
FNDA:0,(anonymous_11)
FNDA:0,(anonymous_12)
DA:16,0
DA:17,0
DA:18,0
DA:19,0
DA:20,0
DA:22,0
DA:24,0
DA:25,0
DA:33,0
DA:34,0
DA:35,0
DA:36,0
DA:37,0
DA:39,0
DA:41,0
DA:42,0
DA:43,0
DA:45,0
DA:47,0
DA:48,0
DA:55,0
DA:56,0
DA:57,0
DA:58,0
DA:64,0
DA:65,0
DA:66,0
DA:67,0
DA:68,0
DA:70,0
DA:71,0
DA:78,0
DA:79,0
DA:80,0
DA:81,0
DA:82,0
DA:84,0
DA:92,0
DA:93,0
DA:94,0
DA:96,0
DA:99,0
DA:100,0
DA:104,0
DA:105,0
DA:109,0
DA:110,0
DA:111,0
DA:112,0
DA:113,0
DA:116,0
DA:120,0
DA:121,0
DA:122,0
LF:54
LH:0
BRDA:19,0,0,0
BRDA:19,0,1,0
BRDA:19,1,0,0
BRDA:19,1,1,0
BRDA:19,1,2,0
BRDA:36,2,0,0
BRDA:36,2,1,0
BRDA:36,3,0,0
BRDA:36,3,1,0
BRDA:36,3,2,0
BRDA:41,4,0,0
BRDA:41,4,1,0
BRDA:41,5,0,0
BRDA:41,5,1,0
BRDA:58,6,0,0
BRDA:58,6,1,0
BRDA:99,7,0,0
BRDA:99,7,1,0
BRDA:99,8,0,0
BRDA:99,8,1,0
BRDA:99,8,2,0
BRDA:104,9,0,0
BRDA:104,9,1,0
BRDA:104,10,0,0
BRDA:104,10,1,0
BRDA:104,10,2,0
BRDA:109,11,0,0
BRDA:109,11,1,0
BRDA:109,12,0,0
BRDA:109,12,1,0
BRDA:109,12,2,0
BRDA:112,13,0,0
BRDA:112,13,1,0
BRDA:112,14,0,0
BRDA:112,14,1,0
BRDA:120,15,0,0
BRDA:120,15,1,0
BRF:37
BRH:0
end_of_record
TN:
SF:src/lib/coverImageService.ts
FN:11,saveCoverImageLocally
FN:34,getCoverImageLocally
FN:43,getCoverImageURL
FN:69,uploadCoverImageToServer
FN:119,deleteCoverImageLocally
FN:129,deleteCoverImage
FN:155,getUnsyncedCoverImages
FN:162,syncCoverImages
FN:181,createThumbnail
FN:186,(anonymous_19)
FN:191,(anonymous_20)
FN:214,(anonymous_21)
FN:226,(anonymous_22)
FN:234,validateCoverImage
FNF:14
FNH:0
FNDA:0,saveCoverImageLocally
FNDA:0,getCoverImageLocally
FNDA:0,getCoverImageURL
FNDA:0,uploadCoverImageToServer
FNDA:0,deleteCoverImageLocally
FNDA:0,deleteCoverImage
FNDA:0,getUnsyncedCoverImages
FNDA:0,syncCoverImages
FNDA:0,createThumbnail
FNDA:0,(anonymous_19)
FNDA:0,(anonymous_20)
FNDA:0,(anonymous_21)
FNDA:0,(anonymous_22)
FNDA:0,validateCoverImage
DA:1,0
DA:11,0
DA:16,0
DA:18,0
DA:27,0
DA:28,0
DA:34,0
DA:37,0
DA:43,0
DA:47,0
DA:49,0
DA:50,0
DA:54,0
DA:55,0
DA:59,0
DA:63,0
DA:69,0
DA:73,0
DA:75,0
DA:76,0
DA:79,0
DA:80,0
DA:84,0
DA:85,0
DA:88,0
DA:99,0
DA:100,0
DA:103,0
DA:104,0
DA:107,0
DA:112,0
DA:113,0
DA:119,0
DA:122,0
DA:123,0
DA:129,0
DA:134,0
DA:137,0
DA:147,0
DA:148,0
DA:155,0
DA:156,0
DA:162,0
DA:163,0
DA:165,0
DA:167,0
DA:168,0
DA:169,0
DA:171,0
DA:175,0
DA:186,0
DA:187,0
DA:188,0
DA:189,0
DA:191,0
DA:193,0
DA:194,0
DA:196,0
DA:197,0
DA:198,0
DA:199,0
DA:202,0
DA:203,0
DA:204,0
DA:208,0
DA:209,0
DA:211,0
DA:215,0
DA:216,0
DA:218,0
DA:226,0
DA:227,0
DA:234,0
DA:239,0
DA:240,0
DA:241,0
DA:248,0
DA:249,0
DA:250,0
DA:256,0
LF:80
LH:0
BRDA:45,0,0,0
BRDA:49,1,0,0
BRDA:49,1,1,0
BRDA:54,2,0,0
BRDA:54,2,1,0
BRDA:54,3,0,0
BRDA:54,3,1,0
BRDA:59,4,0,0
BRDA:59,4,1,0
BRDA:59,5,0,0
BRDA:59,5,1,0
BRDA:75,6,0,0
BRDA:75,6,1,0
BRDA:79,7,0,0
BRDA:79,7,1,0
BRDA:79,8,0,0
BRDA:79,8,1,0
BRDA:99,9,0,0
BRDA:99,9,1,0
BRDA:147,10,0,0
BRDA:147,10,1,0
BRDA:196,11,0,0
BRDA:196,11,1,0
BRDA:197,12,0,0
BRDA:197,12,1,0
BRDA:202,13,0,0
BRDA:202,13,1,0
BRDA:215,14,0,0
BRDA:215,14,1,0
BRDA:240,15,0,0
BRDA:240,15,1,0
BRDA:249,16,0,0
BRDA:249,16,1,0
BRF:33
BRH:0
end_of_record
TN:
SF:src/lib/db.ts
FN:57,(anonymous_4)
FNF:1
FNH:1
FNDA:1,(anonymous_4)
DA:1,1
DA:50,0
DA:58,1
DA:60,1
DA:67,1
DA:75,1
DA:86,1
LF:7
LH:6
BRF:0
BRH:0
end_of_record
TN:
SF:src/lib/offline.ts
FN:4,saveMessageOffline
FN:9,getUnsyncedMessages
FN:14,getOfflineMessages
FN:29,markMessageSynced
FN:34,syncOfflineMessages
FN:63,isOnline
FN:68,cleanupOldMessages
FN:73,(anonymous_15)
FNF:8
FNH:0
FNDA:0,saveMessageOffline
FNDA:0,getUnsyncedMessages
FNDA:0,getOfflineMessages
FNDA:0,markMessageSynced
FNDA:0,syncOfflineMessages
FNDA:0,isOnline
FNDA:0,cleanupOldMessages
FNDA:0,(anonymous_15)
DA:1,0
DA:4,0
DA:5,0
DA:9,0
DA:10,0
DA:14,0
DA:15,0
DA:16,0
DA:17,0
DA:18,0
DA:25,0
DA:29,0
DA:30,0
DA:34,0
DA:35,0
DA:37,0
DA:38,0
DA:40,0
DA:53,0
DA:54,0
DA:57,0
DA:63,0
DA:64,0
DA:68,0
DA:69,0
DA:70,0
DA:72,0
DA:73,0
LF:28
LH:0
BRDA:15,0,0,0
BRDA:15,0,1,0
BRDA:17,1,0,0
BRDA:17,1,1,0
BRDA:53,2,0,0
BRDA:53,2,1,0
BRDA:73,3,0,0
BRDA:73,3,1,0
BRF:8
BRH:0
end_of_record
TN:
SF:src/lib/profileImageService.ts
FN:11,saveProfileImageLocally
FN:34,removeProfileImageLocally
FN:42,getProfileImageLocally
FN:51,getProfileImageURL
FN:77,uploadProfileImageToServer
FN:126,deleteProfileImage
FN:152,validateProfileImage
FN:180,getUnsyncedProfileImages
FN:187,syncProfileImages
FN:206,createThumbnail
FN:211,(anonymous_20)
FN:216,(anonymous_21)
FN:239,(anonymous_22)
FN:251,(anonymous_23)
FNF:14
FNH:0
FNDA:0,saveProfileImageLocally
FNDA:0,removeProfileImageLocally
FNDA:0,getProfileImageLocally
FNDA:0,getProfileImageURL
FNDA:0,uploadProfileImageToServer
FNDA:0,deleteProfileImage
FNDA:0,validateProfileImage
FNDA:0,getUnsyncedProfileImages
FNDA:0,syncProfileImages
FNDA:0,createThumbnail
FNDA:0,(anonymous_20)
FNDA:0,(anonymous_21)
FNDA:0,(anonymous_22)
FNDA:0,(anonymous_23)
DA:1,1
DA:11,0
DA:16,0
DA:18,0
DA:27,0
DA:28,0
DA:34,0
DA:35,0
DA:36,0
DA:42,0
DA:45,0
DA:51,0
DA:55,0
DA:57,0
DA:58,0
DA:62,0
DA:63,0
DA:67,0
DA:71,0
DA:77,0
DA:81,0
DA:83,0
DA:84,0
DA:87,0
DA:88,0
DA:92,0
DA:93,0
DA:96,0
DA:107,0
DA:108,0
DA:111,0
DA:112,0
DA:115,0
DA:120,0
DA:126,0
DA:131,0
DA:134,0
DA:144,0
DA:145,0
DA:152,0
DA:157,0
DA:158,0
DA:159,0
DA:166,0
DA:167,0
DA:168,0
DA:174,0
DA:180,0
DA:181,0
DA:187,0
DA:188,0
DA:190,0
DA:192,0
DA:193,0
DA:194,0
DA:196,0
DA:200,0
DA:211,0
DA:212,0
DA:213,0
DA:214,0
DA:216,0
DA:218,0
DA:219,0
DA:221,0
DA:222,0
DA:223,0
DA:224,0
DA:227,0
DA:228,0
DA:229,0
DA:233,0
DA:234,0
DA:236,0
DA:240,0
DA:241,0
DA:243,0
DA:251,0
DA:252,0
LF:79
LH:1
BRDA:53,0,0,0
BRDA:57,1,0,0
BRDA:57,1,1,0
BRDA:62,2,0,0
BRDA:62,2,1,0
BRDA:62,3,0,0
BRDA:62,3,1,0
BRDA:67,4,0,0
BRDA:67,4,1,0
BRDA:67,5,0,0
BRDA:67,5,1,0
BRDA:83,6,0,0
BRDA:83,6,1,0
BRDA:87,7,0,0
BRDA:87,7,1,0
BRDA:87,8,0,0
BRDA:87,8,1,0
BRDA:107,9,0,0
BRDA:107,9,1,0
BRDA:144,10,0,0
BRDA:144,10,1,0
BRDA:158,11,0,0
BRDA:158,11,1,0
BRDA:167,12,0,0
BRDA:167,12,1,0
BRDA:221,13,0,0
BRDA:221,13,1,0
BRDA:222,14,0,0
BRDA:222,14,1,0
BRDA:227,15,0,0
BRDA:227,15,1,0
BRDA:240,16,0,0
BRDA:240,16,1,0
BRF:33
BRH:0
end_of_record
