TN:
SF:src/version.ts
FNF:0
FNH:0
DA:1,12
LF:1
LH:1
BRF:0
BRH:0
end_of_record
TN:
SF:src/app/layout.tsx
FN:33,RootLayout
FNF:1
FNH:0
FNDA:0,RootLayout
DA:2,0
DA:3,0
DA:4,0
DA:5,0
DA:7,0
DA:9,0
DA:11,0
DA:24,0
DA:33,0
LF:9
LH:0
BRDA:9,0,0,0
BRDA:9,0,1,0
BRF:2
BRH:0
end_of_record
TN:
SF:src/app/page.tsx
FN:15,HomePage
FN:20,(anonymous_3)
FN:43,(anonymous_4)
FN:48,(anonymous_5)
FN:173,(anonymous_6)
FNF:5
FNH:0
FNDA:0,HomePage
FNDA:0,(anonymous_3)
FNDA:0,(anonymous_4)
FNDA:0,(anonymous_5)
FNDA:0,(anonymous_6)
DA:3,0
DA:4,0
DA:5,0
DA:6,0
DA:7,0
DA:8,0
DA:9,0
DA:10,0
DA:11,0
DA:13,0
DA:15,0
DA:16,0
DA:17,0
DA:18,0
DA:20,0
DA:21,0
DA:22,0
DA:25,0
DA:26,0
DA:28,0
DA:29,0
DA:30,0
DA:33,0
DA:34,0
DA:35,0
DA:36,0
DA:39,0
DA:43,0
DA:44,0
DA:45,0
DA:48,0
DA:49,0
DA:50,0
DA:173,0
LF:34
LH:0
BRDA:13,0,0,0
BRDA:13,0,1,0
BRDA:25,1,0,0
BRDA:25,1,1,0
BRDA:25,2,0,0
BRDA:25,2,1,0
BRDA:25,2,2,0
BRDA:25,2,3,0
BRDA:160,3,0,0
BRF:9
BRH:0
end_of_record
TN:
SF:src/app/api/docs/route.ts
FN:8,readDirStructure
FN:15,(anonymous_3)
FN:33,(anonymous_4)
FN:34,(anonymous_5)
FN:40,GET
FNF:5
FNH:0
FNDA:0,readDirStructure
FNDA:0,(anonymous_3)
FNDA:0,(anonymous_4)
FNDA:0,(anonymous_5)
FNDA:0,GET
DA:1,0
DA:2,0
DA:3,0
DA:5,0
DA:9,0
DA:10,0
DA:15,0
DA:16,0
DA:18,0
DA:19,0
DA:24,0
DA:25,0
DA:33,0
DA:34,0
DA:36,0
DA:40,0
DA:41,0
DA:42,0
DA:43,0
DA:46,0
DA:49,0
DA:50,0
DA:53,0
DA:54,0
DA:57,0
DA:58,0
DA:61,0
DA:65,0
DA:66,0
DA:68,0
DA:72,0
DA:73,0
DA:75,0
DA:76,0
LF:34
LH:0
BRDA:8,0,0,0
BRDA:18,1,0,0
BRDA:18,1,1,0
BRDA:24,2,0,0
BRDA:24,2,1,0
BRDA:46,3,0,0
BRDA:46,3,1,0
BRDA:49,4,0,0
BRDA:49,4,1,0
BRDA:53,5,0,0
BRDA:53,5,1,0
BRDA:57,6,0,0
BRDA:57,6,1,0
BRF:13
BRH:0
end_of_record
TN:
SF:src/app/app/layout.tsx
FN:6,AppLayout
FN:26,(anonymous_3)
FN:42,(anonymous_4)
FN:47,(anonymous_5)
FNF:4
FNH:0
FNDA:0,AppLayout
FNDA:0,(anonymous_3)
FNDA:0,(anonymous_4)
FNDA:0,(anonymous_5)
DA:3,0
DA:4,0
DA:6,0
DA:11,0
DA:14,0
DA:17,0
DA:18,0
DA:19,0
DA:20,0
DA:21,0
DA:26,0
DA:28,0
DA:29,0
DA:30,0
DA:31,0
DA:32,0
DA:33,0
DA:36,0
DA:42,0
DA:47,0
LF:20
LH:0
BRDA:17,0,0,0
BRDA:17,0,1,0
BRDA:19,1,0,0
BRDA:19,1,1,0
BRDA:28,2,0,0
BRDA:28,2,1,0
BRDA:30,3,0,0
BRDA:30,3,1,0
BRDA:32,4,0,0
BRDA:32,4,1,0
BRF:10
BRH:0
end_of_record
TN:
SF:src/app/app/page.tsx
FN:26,AppPage
FN:51,(anonymous_3)
FN:55,(anonymous_4)
FN:66,(anonymous_5)
FN:70,(anonymous_6)
FN:72,(anonymous_7)
FN:80,(anonymous_8)
FN:88,(anonymous_9)
FN:94,(anonymous_10)
FN:99,(anonymous_11)
FN:127,(anonymous_12)
FN:156,(anonymous_13)
FN:158,(anonymous_14)
FN:187,(anonymous_15)
FN:214,(anonymous_16)
FN:231,(anonymous_17)
FN:245,(anonymous_18)
FN:256,(anonymous_19)
FN:260,(anonymous_20)
FN:273,(anonymous_21)
FN:274,(anonymous_22)
FN:326,(anonymous_23)
FN:330,(anonymous_24)
FN:336,(anonymous_25)
FN:345,(anonymous_26)
FN:356,(anonymous_27)
FN:362,(anonymous_28)
FN:370,(anonymous_29)
FN:375,(anonymous_30)
FN:379,(anonymous_31)
FN:393,(anonymous_32)
FN:405,(anonymous_33)
FN:406,(anonymous_34)
FN:412,(anonymous_35)
FN:427,(anonymous_36)
FN:428,(anonymous_37)
FN:430,(anonymous_38)
FN:434,(anonymous_39)
FN:435,(anonymous_40)
FN:437,(anonymous_41)
FN:441,(anonymous_42)
FN:442,(anonymous_43)
FN:447,(anonymous_44)
FN:452,(anonymous_45)
FN:453,(anonymous_46)
FN:458,(anonymous_47)
FNF:46
FNH:0
FNDA:0,AppPage
FNDA:0,(anonymous_3)
FNDA:0,(anonymous_4)
FNDA:0,(anonymous_5)
FNDA:0,(anonymous_6)
FNDA:0,(anonymous_7)
FNDA:0,(anonymous_8)
FNDA:0,(anonymous_9)
FNDA:0,(anonymous_10)
FNDA:0,(anonymous_11)
FNDA:0,(anonymous_12)
FNDA:0,(anonymous_13)
FNDA:0,(anonymous_14)
FNDA:0,(anonymous_15)
FNDA:0,(anonymous_16)
FNDA:0,(anonymous_17)
FNDA:0,(anonymous_18)
FNDA:0,(anonymous_19)
FNDA:0,(anonymous_20)
FNDA:0,(anonymous_21)
FNDA:0,(anonymous_22)
FNDA:0,(anonymous_23)
FNDA:0,(anonymous_24)
FNDA:0,(anonymous_25)
FNDA:0,(anonymous_26)
FNDA:0,(anonymous_27)
FNDA:0,(anonymous_28)
FNDA:0,(anonymous_29)
FNDA:0,(anonymous_30)
FNDA:0,(anonymous_31)
FNDA:0,(anonymous_32)
FNDA:0,(anonymous_33)
FNDA:0,(anonymous_34)
FNDA:0,(anonymous_35)
FNDA:0,(anonymous_36)
FNDA:0,(anonymous_37)
FNDA:0,(anonymous_38)
FNDA:0,(anonymous_39)
FNDA:0,(anonymous_40)
FNDA:0,(anonymous_41)
FNDA:0,(anonymous_42)
FNDA:0,(anonymous_43)
FNDA:0,(anonymous_44)
FNDA:0,(anonymous_45)
FNDA:0,(anonymous_46)
FNDA:0,(anonymous_47)
DA:3,0
DA:4,0
DA:5,0
DA:6,0
DA:7,0
DA:8,0
DA:10,0
DA:11,0
DA:12,0
DA:13,0
DA:14,0
DA:15,0
DA:16,0
DA:17,0
DA:18,0
DA:19,0
DA:20,0
DA:21,0
DA:23,0
DA:26,0
DA:27,0
DA:28,0
DA:37,0
DA:38,0
DA:39,0
DA:40,0
DA:41,0
DA:42,0
DA:43,0
DA:44,0
DA:45,0
DA:46,0
DA:48,0
DA:50,0
DA:51,0
DA:55,0
DA:56,0
DA:57,0
DA:58,0
DA:59,0
DA:60,0
DA:61,0
DA:63,0
DA:66,0
DA:67,0
DA:70,0
DA:71,0
DA:72,0
DA:79,0
DA:80,0
DA:88,0
DA:90,0
DA:91,0
DA:100,0
DA:101,0
DA:102,0
DA:104,0
DA:111,0
DA:112,0
DA:113,0
DA:114,0
DA:115,0
DA:117,0
DA:118,0
DA:120,0
DA:123,0
DA:124,0
DA:128,0
DA:129,0
DA:130,0
DA:135,0
DA:136,0
DA:137,0
DA:138,0
DA:139,0
DA:141,0
DA:142,0
DA:145,0
DA:152,0
DA:153,0
DA:158,0
DA:159,0
DA:160,0
DA:161,0
DA:170,0
DA:171,0
DA:172,0
DA:173,0
DA:175,0
DA:182,0
DA:183,0
DA:188,0
DA:197,0
DA:198,0
DA:199,0
DA:200,0
DA:201,0
DA:203,0
DA:210,0
DA:211,0
DA:215,0
DA:216,0
DA:217,0
DA:218,0
DA:220,0
DA:227,0
DA:232,0
DA:233,0
DA:234,0
DA:236,0
DA:242,0
DA:254,0
DA:256,0
DA:257,0
DA:258,0
DA:259,0
DA:260,0
DA:261,0
DA:263,0
DA:264,0
DA:265,0
DA:267,0
DA:273,0
DA:274,0
DA:275,0
DA:276,0
DA:278,0
DA:280,0
DA:281,0
DA:282,0
DA:283,0
DA:284,0
DA:285,0
DA:286,0
DA:289,0
DA:290,0
DA:292,0
DA:295,0
DA:296,0
DA:299,0
DA:326,0
DA:327,0
DA:331,0
DA:336,0
DA:337,0
DA:338,0
DA:339,0
DA:345,0
DA:356,0
DA:357,0
DA:358,0
DA:359,0
DA:362,0
DA:363,0
DA:364,0
DA:365,0
DA:366,0
DA:370,0
DA:371,0
DA:372,0
DA:375,0
DA:376,0
DA:380,0
DA:381,0
DA:382,0
DA:393,0
DA:394,0
DA:405,0
DA:406,0
DA:407,0
DA:413,0
DA:414,0
DA:415,0
DA:427,0
DA:428,0
DA:429,0
DA:430,0
DA:434,0
DA:435,0
DA:436,0
DA:437,0
DA:441,0
DA:442,0
DA:443,0
DA:444,0
DA:446,0
DA:447,0
DA:451,0
DA:452,0
DA:453,0
DA:454,0
DA:455,0
DA:457,0
DA:458,0
DA:461,0
DA:463,0
LF:196
LH:0
BRDA:23,0,0,0
BRDA:23,0,1,0
BRDA:50,1,0,0
BRDA:50,1,1,0
BRDA:51,2,0,0
BRDA:51,2,1,0
BRDA:51,3,0,0
BRDA:51,3,1,0
BRDA:58,4,0,0
BRDA:58,4,1,0
BRDA:59,5,0,0
BRDA:59,5,1,0
BRDA:60,6,0,0
BRDA:60,6,1,0
BRDA:61,7,0,0
BRDA:61,7,1,0
BRDA:61,8,0,0
BRDA:61,8,1,0
BRDA:71,9,0,0
BRDA:71,9,1,0
BRDA:90,10,0,0
BRDA:90,10,1,0
BRDA:101,11,0,0
BRDA:101,11,1,0
BRDA:111,12,0,0
BRDA:111,12,1,0
BRDA:111,12,2,0
BRDA:112,13,0,0
BRDA:112,13,1,0
BRDA:113,14,0,0
BRDA:113,14,1,0
BRDA:114,15,0,0
BRDA:114,15,1,0
BRDA:115,16,0,0
BRDA:115,16,1,0
BRDA:117,17,0,0
BRDA:117,17,1,0
BRDA:118,18,0,0
BRDA:118,18,1,0
BRDA:123,19,0,0
BRDA:123,19,1,0
BRDA:123,20,0,0
BRDA:123,20,1,0
BRDA:123,20,2,0
BRDA:135,21,0,0
BRDA:135,21,1,0
BRDA:142,22,0,0
BRDA:142,22,1,0
BRDA:152,23,0,0
BRDA:152,23,1,0
BRDA:152,24,0,0
BRDA:152,24,1,0
BRDA:159,25,0,0
BRDA:159,25,1,0
BRDA:160,26,0,0
BRDA:160,26,1,0
BRDA:170,27,0,0
BRDA:170,27,1,0
BRDA:182,28,0,0
BRDA:182,28,1,0
BRDA:182,29,0,0
BRDA:182,29,1,0
BRDA:197,30,0,0
BRDA:197,30,1,0
BRDA:210,31,0,0
BRDA:210,31,1,0
BRDA:233,32,0,0
BRDA:233,32,1,0
BRDA:258,33,0,0
BRDA:258,33,1,0
BRDA:258,34,0,0
BRDA:258,34,1,0
BRDA:261,35,0,0
BRDA:261,35,1,0
BRDA:263,36,0,0
BRDA:263,36,1,0
BRDA:263,37,0,0
BRDA:263,37,1,0
BRDA:263,38,0,0
BRDA:263,38,1,0
BRDA:263,39,0,0
BRDA:263,39,1,0
BRDA:263,40,0,0
BRDA:263,40,1,0
BRDA:264,41,0,0
BRDA:264,41,1,0
BRDA:278,42,0,0
BRDA:278,42,1,0
BRDA:278,42,2,0
BRDA:278,42,3,0
BRDA:278,42,4,0
BRDA:282,43,0,0
BRDA:282,43,1,0
BRDA:283,44,0,0
BRDA:283,44,1,0
BRDA:283,44,2,0
BRDA:284,45,0,0
BRDA:284,45,1,0
BRDA:285,46,0,0
BRDA:285,46,1,0
BRDA:286,47,0,0
BRDA:286,47,1,0
BRDA:289,48,0,0
BRDA:289,48,1,0
BRDA:295,49,0,0
BRDA:295,49,1,0
BRDA:304,50,0,0
BRDA:304,50,1,0
BRDA:305,51,0,0
BRDA:305,51,1,0
BRDA:310,52,0,0
BRDA:310,52,1,0
BRDA:317,53,0,0
BRDA:317,53,1,0
BRDA:349,54,0,0
BRDA:349,54,1,0
BRDA:350,55,0,0
BRDA:350,55,1,0
BRDA:364,56,0,0
BRDA:364,56,1,0
BRDA:418,57,0,0
BRDA:418,57,1,0
BRDA:421,58,0,0
BRDA:421,58,1,0
BRDA:444,59,0,0
BRDA:444,59,1,0
BRDA:455,60,0,0
BRDA:455,60,1,0
BRDA:463,61,0,0
BRDA:463,61,1,0
BRDA:477,62,0,0
BRDA:477,62,1,0
BRF:132
BRH:0
end_of_record
TN:
SF:src/app/app/template.tsx
FN:5,Template
FNF:1
FNH:0
FNDA:0,Template
DA:3,0
DA:5,0
LF:2
LH:0
BRF:0
BRH:0
end_of_record
TN:
SF:src/app/app/friends/page.tsx
FN:14,FriendsPage
FN:23,(anonymous_3)
FN:30,(anonymous_4)
FN:60,(anonymous_5)
FN:85,(anonymous_6)
FN:109,(anonymous_7)
FNF:6
FNH:0
FNDA:0,FriendsPage
FNDA:0,(anonymous_3)
FNDA:0,(anonymous_4)
FNDA:0,(anonymous_5)
FNDA:0,(anonymous_6)
FNDA:0,(anonymous_7)
DA:3,0
DA:4,0
DA:5,0
DA:6,0
DA:7,0
DA:8,0
DA:9,0
DA:10,0
DA:12,0
DA:14,0
DA:15,0
DA:16,0
DA:17,0
DA:18,0
DA:19,0
DA:20,0
DA:21,0
DA:23,0
DA:24,0
DA:26,0
DA:27,0
DA:31,0
DA:32,0
DA:33,0
DA:38,0
DA:39,0
DA:40,0
DA:45,0
DA:47,0
DA:48,0
DA:51,0
DA:56,0
DA:57,0
DA:61,0
DA:70,0
DA:71,0
DA:72,0
DA:73,0
DA:75,0
DA:76,0
DA:81,0
DA:86,0
DA:95,0
DA:96,0
DA:97,0
DA:98,0
DA:100,0
DA:101,0
DA:106,0
DA:113,0
LF:50
LH:0
BRDA:12,0,0,0
BRDA:12,0,1,0
BRDA:26,1,0,0
BRDA:26,1,1,0
BRDA:38,2,0,0
BRDA:38,2,1,0
BRDA:48,3,0,0
BRDA:48,3,1,0
BRDA:56,4,0,0
BRDA:56,4,1,0
BRDA:56,5,0,0
BRDA:56,5,1,0
BRDA:70,6,0,0
BRDA:70,6,1,0
BRDA:95,7,0,0
BRDA:95,7,1,0
BRDA:119,8,0,0
BRDA:119,8,1,0
BRF:18
BRH:0
end_of_record
TN:
SF:src/app/app/groups/page.tsx
FN:17,formatTime
FN:29,previewContent
FN:35,GroupsPage
FN:61,(anonymous_5)
FN:68,(anonymous_6)
FN:73,(anonymous_7)
FN:76,(anonymous_8)
FN:77,(anonymous_9)
FN:78,(anonymous_10)
FN:81,(anonymous_11)
FN:85,(anonymous_12)
FN:91,(anonymous_13)
FN:95,(anonymous_14)
FN:98,(anonymous_15)
FN:102,(anonymous_16)
FN:108,(anonymous_17)
FN:117,(anonymous_18)
FN:128,(anonymous_19)
FN:134,(anonymous_20)
FN:142,(anonymous_21)
FN:147,(anonymous_22)
FN:151,(anonymous_23)
FN:165,(anonymous_24)
FN:166,(anonymous_25)
FN:172,(anonymous_26)
FN:186,(anonymous_27)
FN:187,(anonymous_28)
FN:189,(anonymous_29)
FN:192,(anonymous_30)
FN:193,(anonymous_31)
FN:198,(anonymous_32)
FN:201,(anonymous_33)
FN:202,(anonymous_34)
FN:207,(anonymous_35)
FN:212,(anonymous_36)
FN:240,(anonymous_37)
FN:269,(anonymous_38)
FN:277,(anonymous_39)
FN:312,(anonymous_40)
FN:318,(anonymous_41)
FN:335,(anonymous_42)
FN:356,(anonymous_43)
FN:365,(anonymous_44)
FN:366,(anonymous_45)
FNF:44
FNH:0
FNDA:0,formatTime
FNDA:0,previewContent
FNDA:0,GroupsPage
FNDA:0,(anonymous_5)
FNDA:0,(anonymous_6)
FNDA:0,(anonymous_7)
FNDA:0,(anonymous_8)
FNDA:0,(anonymous_9)
FNDA:0,(anonymous_10)
FNDA:0,(anonymous_11)
FNDA:0,(anonymous_12)
FNDA:0,(anonymous_13)
FNDA:0,(anonymous_14)
FNDA:0,(anonymous_15)
FNDA:0,(anonymous_16)
FNDA:0,(anonymous_17)
FNDA:0,(anonymous_18)
FNDA:0,(anonymous_19)
FNDA:0,(anonymous_20)
FNDA:0,(anonymous_21)
FNDA:0,(anonymous_22)
FNDA:0,(anonymous_23)
FNDA:0,(anonymous_24)
FNDA:0,(anonymous_25)
FNDA:0,(anonymous_26)
FNDA:0,(anonymous_27)
FNDA:0,(anonymous_28)
FNDA:0,(anonymous_29)
FNDA:0,(anonymous_30)
FNDA:0,(anonymous_31)
FNDA:0,(anonymous_32)
FNDA:0,(anonymous_33)
FNDA:0,(anonymous_34)
FNDA:0,(anonymous_35)
FNDA:0,(anonymous_36)
FNDA:0,(anonymous_37)
FNDA:0,(anonymous_38)
FNDA:0,(anonymous_39)
FNDA:0,(anonymous_40)
FNDA:0,(anonymous_41)
FNDA:0,(anonymous_42)
FNDA:0,(anonymous_43)
FNDA:0,(anonymous_44)
FNDA:0,(anonymous_45)
DA:3,0
DA:4,0
DA:5,0
DA:6,0
DA:7,0
DA:8,0
DA:9,0
DA:11,0
DA:12,0
DA:13,0
DA:14,0
DA:15,0
DA:18,0
DA:19,0
DA:20,0
DA:21,0
DA:22,0
DA:23,0
DA:24,0
DA:25,0
DA:26,0
DA:30,0
DA:31,0
DA:35,0
DA:36,0
DA:37,0
DA:38,0
DA:39,0
DA:40,0
DA:50,0
DA:51,0
DA:52,0
DA:53,0
DA:54,0
DA:57,0
DA:58,0
DA:59,0
DA:61,0
DA:62,0
DA:63,0
DA:64,0
DA:65,0
DA:66,0
DA:67,0
DA:68,0
DA:69,0
DA:70,0
DA:73,0
DA:76,0
DA:77,0
DA:78,0
DA:81,0
DA:82,0
DA:83,0
DA:85,0
DA:86,0
DA:87,0
DA:88,0
DA:90,0
DA:91,0
DA:94,0
DA:95,0
DA:98,0
DA:99,0
DA:103,0
DA:108,0
DA:109,0
DA:110,0
DA:111,0
DA:117,0
DA:128,0
DA:129,0
DA:130,0
DA:131,0
DA:134,0
DA:135,0
DA:136,0
DA:137,0
DA:138,0
DA:142,0
DA:143,0
DA:144,0
DA:147,0
DA:148,0
DA:152,0
DA:153,0
DA:154,0
DA:165,0
DA:166,0
DA:167,0
DA:173,0
DA:174,0
DA:175,0
DA:186,0
DA:187,0
DA:188,0
DA:189,0
DA:192,0
DA:193,0
DA:194,0
DA:195,0
DA:197,0
DA:198,0
DA:201,0
DA:202,0
DA:203,0
DA:204,0
DA:206,0
DA:207,0
DA:210,0
DA:211,0
DA:212,0
DA:215,0
DA:241,0
DA:269,0
DA:277,0
DA:313,0
DA:314,0
DA:315,0
DA:316,0
DA:317,0
DA:318,0
DA:336,0
DA:337,0
DA:357,0
DA:358,0
DA:359,0
DA:360,0
DA:361,0
DA:362,0
DA:365,0
DA:366,0
LF:132
LH:0
BRDA:20,0,0,0
BRDA:20,0,1,0
BRDA:23,1,0,0
BRDA:23,1,1,0
BRDA:25,2,0,0
BRDA:25,2,1,0
BRDA:31,3,0,0
BRDA:31,3,1,0
BRDA:62,4,0,0
BRDA:62,4,1,0
BRDA:66,5,0,0
BRDA:66,5,1,0
BRDA:94,6,0,0
BRDA:94,6,1,0
BRDA:95,7,0,0
BRDA:95,7,1,0
BRDA:95,8,0,0
BRDA:95,8,1,0
BRDA:121,9,0,0
BRDA:121,9,1,0
BRDA:122,10,0,0
BRDA:122,10,1,0
BRDA:136,11,0,0
BRDA:136,11,1,0
BRDA:178,12,0,0
BRDA:178,12,1,0
BRDA:181,13,0,0
BRDA:181,13,1,0
BRDA:195,14,0,0
BRDA:195,14,1,0
BRDA:204,15,0,0
BRDA:204,15,1,0
BRDA:211,16,0,0
BRDA:211,16,1,0
BRDA:215,17,0,0
BRDA:215,17,1,0
BRDA:221,18,0,0
BRDA:222,19,0,0
BRDA:222,19,1,0
BRDA:230,20,0,0
BRDA:230,20,1,0
BRDA:242,21,0,0
BRDA:242,21,1,0
BRDA:243,22,0,0
BRDA:243,22,1,0
BRDA:258,23,0,0
BRDA:258,23,1,0
BRDA:263,24,0,0
BRDA:263,24,1,0
BRDA:264,25,0,0
BRDA:264,25,1,0
BRDA:280,26,0,0
BRDA:280,26,1,0
BRDA:282,27,0,0
BRDA:282,27,1,0
BRDA:295,28,0,0
BRDA:295,28,1,0
BRDA:299,29,0,0
BRDA:299,29,1,0
BRDA:299,30,0,0
BRDA:299,30,1,0
BRDA:303,31,0,0
BRDA:303,31,1,0
BRDA:305,32,0,0
BRDA:313,33,0,0
BRDA:313,33,1,0
BRDA:315,34,0,0
BRDA:315,34,1,0
BRDA:321,35,0,0
BRDA:321,35,1,0
BRDA:322,36,0,0
BRDA:322,36,1,0
BRDA:324,37,0,0
BRDA:324,37,1,0
BRDA:330,38,0,0
BRDA:330,38,1,0
BRDA:343,39,0,0
BRDA:343,39,1,0
BRDA:344,40,0,0
BRDA:344,40,1,0
BRDA:349,41,0,0
BRDA:350,42,0,0
BRDA:350,42,1,0
BRDA:358,43,0,0
BRDA:358,43,1,0
BRDA:359,44,0,0
BRDA:359,44,1,0
BRDA:362,45,0,0
BRDA:362,45,1,0
BRDA:363,46,0,0
BRDA:363,46,1,0
BRDA:364,47,0,0
BRDA:364,47,1,0
BRDA:365,48,0,0
BRDA:365,48,1,0
BRDA:365,49,0,0
BRDA:365,49,1,0
BRDA:365,50,0,0
BRDA:365,50,1,0
BRDA:365,51,0,0
BRDA:365,51,1,0
BRDA:366,52,0,0
BRDA:366,52,1,0
BRDA:366,53,0,0
BRDA:366,53,1,0
BRDA:370,54,0,0
BRDA:370,54,1,0
BRDA:370,55,0,0
BRDA:370,55,1,0
BRDA:373,56,0,0
BRDA:374,57,0,0
BRDA:374,57,1,0
BRDA:383,58,0,0
BRDA:383,58,1,0
BRDA:383,59,0,0
BRDA:383,59,1,0
BRDA:384,60,0,0
BRDA:384,60,1,0
BRDA:386,61,0,0
BRDA:392,62,0,0
BRDA:392,62,1,0
BRF:121
BRH:0
end_of_record
TN:
SF:src/app/app/settings/page.tsx
FN:5,SettingsPage
FNF:1
FNH:1
FNDA:2,SettingsPage
DA:3,1
DA:5,2
DA:6,2
LF:3
LH:3
BRF:0
BRH:0
end_of_record
TN:
SF:src/app/app/test/page.tsx
FN:6,TestPage
FN:9,(anonymous_2)
FNF:2
FNH:0
FNDA:0,TestPage
FNDA:0,(anonymous_2)
DA:3,0
DA:4,0
DA:6,0
DA:7,0
DA:9,0
DA:10,0
LF:6
LH:0
BRF:0
BRH:0
end_of_record
TN:
SF:src/app/app/updates/page.tsx
FN:6,UpdatesPage
FN:9,(anonymous_2)
FNF:2
FNH:0
FNDA:0,UpdatesPage
FNDA:0,(anonymous_2)
DA:3,0
DA:4,0
DA:6,0
DA:7,0
DA:9,0
DA:10,0
LF:6
LH:0
BRF:0
BRH:0
end_of_record
TN:
SF:src/app/dashboard/page.tsx
FN:13,fmtDate
FN:31,Ico
FN:39,EmptyState
FN:48,StatCard
FN:49,(anonymous_6)
FN:57,(anonymous_7)
FN:58,(anonymous_8)
FN:73,BarChart
FN:75,(anonymous_10)
FN:78,(anonymous_11)
FN:81,(anonymous_12)
FN:82,(anonymous_13)
FN:88,LangBar
FN:96,(anonymous_15)
FN:100,(anonymous_16)
FN:103,(anonymous_17)
FN:114,MiniBar
FN:122,Badge
FN:126,Pill
FN:130,MethodBadge
FN:136,Heatmap
FN:141,(anonymous_23)
FN:164,(anonymous_24)
FN:173,(anonymous_25)
FN:177,(anonymous_26)
FN:180,(anonymous_27)
FN:182,(anonymous_28)
FN:183,(anonymous_29)
FN:189,(anonymous_30)
FN:196,Donut
FN:197,(anonymous_32)
FN:205,(anonymous_33)
FN:219,(anonymous_34)
FN:232,HealthGauge
FN:249,SuiteRow
FN:251,(anonymous_37)
FN:254,(anonymous_38)
FN:254,(anonymous_39)
FN:260,(anonymous_40)
FN:269,(anonymous_41)
FN:286,Section
FN:290,(anonymous_43)
FN:290,(anonymous_44)
FN:303,DashboardPage
FN:312,(anonymous_46)
FN:314,(anonymous_47)
FN:315,(anonymous_48)
FN:316,(anonymous_49)
FN:319,(anonymous_50)
FN:325,(anonymous_51)
FN:326,(anonymous_52)
FN:327,(anonymous_53)
FN:330,(anonymous_54)
FN:331,(anonymous_55)
FN:334,(anonymous_56)
FN:369,(anonymous_57)
FN:369,(anonymous_58)
FN:440,(anonymous_59)
FN:459,(anonymous_60)
FN:467,(anonymous_61)
FN:489,(anonymous_62)
FN:492,(anonymous_63)
FN:519,(anonymous_64)
FN:534,(anonymous_65)
FN:563,(anonymous_66)
FN:588,(anonymous_67)
FN:610,(anonymous_68)
FN:617,(anonymous_69)
FN:628,(anonymous_70)
FN:634,(anonymous_71)
FN:642,(anonymous_72)
FN:691,(anonymous_73)
FN:709,(anonymous_74)
FN:727,(anonymous_75)
FN:738,(anonymous_76)
FN:754,(anonymous_77)
FN:765,(anonymous_78)
FN:779,(anonymous_79)
FN:790,(anonymous_80)
FN:806,(anonymous_81)
FN:825,(anonymous_82)
FN:825,(anonymous_83)
FN:837,(anonymous_84)
FN:865,(anonymous_85)
FN:881,(anonymous_86)
FN:885,(anonymous_87)
FN:904,(anonymous_88)
FN:926,(anonymous_89)
FN:943,(anonymous_90)
FN:958,(anonymous_91)
FN:974,(anonymous_92)
FN:992,(anonymous_93)
FN:994,(anonymous_94)
FN:1024,(anonymous_95)
FN:1025,(anonymous_96)
FN:1027,(anonymous_97)
FN:1037,(anonymous_98)
FN:1066,(anonymous_99)
FN:1067,(anonymous_100)
FN:1069,(anonymous_101)
FN:1079,(anonymous_102)
FN:1107,(anonymous_103)
FN:1107,(anonymous_104)
FN:1112,(anonymous_105)
FN:1136,(anonymous_106)
FN:1137,(anonymous_107)
FN:1149,(anonymous_108)
FN:1226,(anonymous_109)
FN:1242,(anonymous_110)
FN:1257,(anonymous_111)
FN:1259,(anonymous_112)
FN:1263,(anonymous_113)
FN:1267,(anonymous_114)
FN:1268,(anonymous_115)
FN:1282,(anonymous_116)
FN:1290,(anonymous_117)
FN:1313,(anonymous_118)
FNF:117
FNH:8
FNDA:0,fmtDate
FNDA:2,Ico
FNDA:0,EmptyState
FNDA:0,StatCard
FNDA:0,(anonymous_6)
FNDA:0,(anonymous_7)
FNDA:0,(anonymous_8)
FNDA:0,BarChart
FNDA:0,(anonymous_10)
FNDA:0,(anonymous_11)
FNDA:0,(anonymous_12)
FNDA:0,(anonymous_13)
FNDA:0,LangBar
FNDA:0,(anonymous_15)
FNDA:0,(anonymous_16)
FNDA:0,(anonymous_17)
FNDA:0,MiniBar
FNDA:0,Badge
FNDA:0,Pill
FNDA:0,MethodBadge
FNDA:0,Heatmap
FNDA:0,(anonymous_23)
FNDA:0,(anonymous_24)
FNDA:0,(anonymous_25)
FNDA:0,(anonymous_26)
FNDA:0,(anonymous_27)
FNDA:0,(anonymous_28)
FNDA:0,(anonymous_29)
FNDA:0,(anonymous_30)
FNDA:0,Donut
FNDA:0,(anonymous_32)
FNDA:0,(anonymous_33)
FNDA:0,(anonymous_34)
FNDA:0,HealthGauge
FNDA:0,SuiteRow
FNDA:0,(anonymous_37)
FNDA:0,(anonymous_38)
FNDA:0,(anonymous_39)
FNDA:0,(anonymous_40)
FNDA:0,(anonymous_41)
FNDA:0,Section
FNDA:0,(anonymous_43)
FNDA:0,(anonymous_44)
FNDA:2,DashboardPage
FNDA:2,(anonymous_46)
FNDA:1,(anonymous_47)
FNDA:1,(anonymous_48)
FNDA:0,(anonymous_49)
FNDA:0,(anonymous_50)
FNDA:0,(anonymous_51)
FNDA:0,(anonymous_52)
FNDA:0,(anonymous_53)
FNDA:2,(anonymous_54)
FNDA:2,(anonymous_55)
FNDA:2,(anonymous_56)
FNDA:0,(anonymous_57)
FNDA:0,(anonymous_58)
FNDA:0,(anonymous_59)
FNDA:0,(anonymous_60)
FNDA:0,(anonymous_61)
FNDA:0,(anonymous_62)
FNDA:0,(anonymous_63)
FNDA:0,(anonymous_64)
FNDA:0,(anonymous_65)
FNDA:0,(anonymous_66)
FNDA:0,(anonymous_67)
FNDA:0,(anonymous_68)
FNDA:0,(anonymous_69)
FNDA:0,(anonymous_70)
FNDA:0,(anonymous_71)
FNDA:0,(anonymous_72)
FNDA:0,(anonymous_73)
FNDA:0,(anonymous_74)
FNDA:0,(anonymous_75)
FNDA:0,(anonymous_76)
FNDA:0,(anonymous_77)
FNDA:0,(anonymous_78)
FNDA:0,(anonymous_79)
FNDA:0,(anonymous_80)
FNDA:0,(anonymous_81)
FNDA:0,(anonymous_82)
FNDA:0,(anonymous_83)
FNDA:0,(anonymous_84)
FNDA:0,(anonymous_85)
FNDA:0,(anonymous_86)
FNDA:0,(anonymous_87)
FNDA:0,(anonymous_88)
FNDA:0,(anonymous_89)
FNDA:0,(anonymous_90)
FNDA:0,(anonymous_91)
FNDA:0,(anonymous_92)
FNDA:0,(anonymous_93)
FNDA:0,(anonymous_94)
FNDA:0,(anonymous_95)
FNDA:0,(anonymous_96)
FNDA:0,(anonymous_97)
FNDA:0,(anonymous_98)
FNDA:0,(anonymous_99)
FNDA:0,(anonymous_100)
FNDA:0,(anonymous_101)
FNDA:0,(anonymous_102)
FNDA:0,(anonymous_103)
FNDA:0,(anonymous_104)
FNDA:0,(anonymous_105)
FNDA:0,(anonymous_106)
FNDA:0,(anonymous_107)
FNDA:0,(anonymous_108)
FNDA:0,(anonymous_109)
FNDA:0,(anonymous_110)
FNDA:0,(anonymous_111)
FNDA:0,(anonymous_112)
FNDA:0,(anonymous_113)
FNDA:0,(anonymous_114)
FNDA:0,(anonymous_115)
FNDA:0,(anonymous_116)
FNDA:0,(anonymous_117)
FNDA:0,(anonymous_118)
DA:3,1
DA:4,1
DA:5,1
DA:7,1
DA:8,1
DA:14,0
DA:15,0
DA:21,1
DA:22,1
DA:23,1
DA:24,1
DA:25,1
DA:26,1
DA:49,0
DA:50,0
DA:51,0
DA:52,0
DA:57,0
DA:58,0
DA:74,0
DA:75,0
DA:79,0
DA:81,0
DA:82,0
DA:89,0
DA:90,0
DA:91,0
DA:96,0
DA:100,0
DA:104,0
DA:131,0
DA:137,0
DA:138,0
DA:139,0
DA:141,0
DA:142,0
DA:143,0
DA:144,0
DA:146,0
DA:147,0
DA:148,0
DA:150,0
DA:151,0
DA:152,0
DA:153,0
DA:154,0
DA:155,0
DA:156,0
DA:157,0
DA:159,0
DA:162,0
DA:163,0
DA:164,0
DA:165,0
DA:166,0
DA:167,0
DA:173,0
DA:177,0
DA:181,0
DA:182,0
DA:183,0
DA:189,0
DA:197,0
DA:198,0
DA:199,0
DA:200,0
DA:201,0
DA:206,0
DA:207,0
DA:208,0
DA:209,0
DA:210,0
DA:211,0
DA:220,0
DA:233,0
DA:250,0
DA:251,0
DA:254,0
DA:260,0
DA:270,0
DA:283,1
DA:284,1
DA:287,0
DA:290,0
DA:303,2
DA:304,2
DA:305,2
DA:306,2
DA:307,2
DA:308,2
DA:309,2
DA:310,2
DA:312,2
DA:313,2
DA:314,1
DA:315,1
DA:316,0
DA:319,2
DA:320,0
DA:321,0
DA:322,0
DA:323,0
DA:324,0
DA:325,0
DA:326,0
DA:327,0
DA:330,2
DA:331,2
DA:332,2
DA:333,2
DA:334,2
DA:369,0
DA:441,0
DA:442,0
DA:443,0
DA:444,0
DA:445,0
DA:446,0
DA:447,0
DA:460,0
DA:468,0
DA:469,0
DA:470,0
DA:489,0
DA:493,0
DA:494,0
DA:495,0
DA:519,0
DA:535,0
DA:564,0
DA:589,0
DA:610,0
DA:617,0
DA:628,0
DA:635,0
DA:636,0
DA:642,0
DA:692,0
DA:710,0
DA:728,0
DA:739,0
DA:755,0
DA:766,0
DA:780,0
DA:791,0
DA:806,0
DA:825,0
DA:826,0
DA:838,0
DA:839,0
DA:866,0
DA:882,0
DA:886,0
DA:905,0
DA:927,0
DA:944,0
DA:959,0
DA:975,0
DA:993,0
DA:994,0
DA:995,0
DA:1025,0
DA:1026,0
DA:1027,0
DA:1028,0
DA:1029,0
DA:1038,0
DA:1067,0
DA:1068,0
DA:1069,0
DA:1070,0
DA:1071,0
DA:1080,0
DA:1107,0
DA:1108,0
DA:1113,0
DA:1137,0
DA:1149,0
DA:1227,0
DA:1243,0
DA:1258,0
DA:1259,0
DA:1260,0
DA:1261,0
DA:1262,0
DA:1263,0
DA:1264,0
DA:1265,0
DA:1267,0
DA:1268,0
DA:1269,0
DA:1270,0
DA:1271,0
DA:1272,0
DA:1273,0
DA:1274,0
DA:1276,0
DA:1283,0
DA:1291,0
DA:1314,0
LF:200
LH:31
BRDA:7,0,0,1
BRDA:7,0,1,1
BRDA:31,1,0,0
BRDA:50,2,0,0
BRDA:50,2,1,0
BRDA:52,3,0,0
BRDA:52,3,1,0
BRDA:55,4,0,0
BRDA:55,4,1,0
BRDA:64,5,0,0
BRDA:64,5,1,0
BRDA:67,6,0,0
BRDA:73,7,0,0
BRDA:73,8,0,0
BRDA:80,9,0,0
BRDA:80,9,1,0
BRDA:89,10,0,0
BRDA:89,10,1,0
BRDA:89,11,0,0
BRDA:89,11,1,0
BRDA:89,12,0,0
BRDA:89,12,1,0
BRDA:89,13,0,0
BRDA:89,13,1,0
BRDA:90,14,0,0
BRDA:90,14,1,0
BRDA:92,15,0,0
BRDA:92,15,1,0
BRDA:93,16,0,0
BRDA:93,16,1,0
BRDA:94,17,0,0
BRDA:94,17,1,0
BRDA:95,18,0,0
BRDA:95,18,1,0
BRDA:114,19,0,0
BRDA:132,20,0,0
BRDA:132,20,1,0
BRDA:155,21,0,0
BRDA:155,21,1,0
BRDA:156,22,0,0
BRDA:156,22,1,0
BRDA:156,23,0,0
BRDA:156,23,1,0
BRDA:159,24,0,0
BRDA:159,24,1,0
BRDA:167,25,0,0
BRDA:167,25,1,0
BRDA:182,26,0,0
BRDA:182,26,1,0
BRDA:182,26,2,0
BRDA:182,26,3,0
BRDA:196,27,0,0
BRDA:198,28,0,0
BRDA:198,28,1,0
BRDA:215,29,0,0
BRDA:215,29,1,0
BRDA:216,30,0,0
BRDA:255,31,0,0
BRDA:255,31,1,0
BRDA:255,32,0,0
BRDA:255,32,1,0
BRDA:265,33,0,0
BRDA:265,33,1,0
BRDA:267,34,0,0
BRDA:271,35,0,0
BRDA:271,35,1,0
BRDA:272,36,0,0
BRDA:272,36,1,0
BRDA:273,37,0,0
BRDA:273,37,1,0
BRDA:286,38,0,0
BRDA:292,39,0,0
BRDA:292,39,1,0
BRDA:294,40,0,0
BRDA:294,40,1,0
BRDA:314,41,0,1
BRDA:314,41,1,0
BRDA:319,42,0,0
BRDA:322,43,0,0
BRDA:322,43,1,0
BRDA:323,44,0,0
BRDA:323,44,1,0
BRDA:325,45,0,0
BRDA:325,45,1,0
BRDA:332,46,0,0
BRDA:332,46,1,2
BRDA:368,47,0,2
BRDA:369,48,0,2
BRDA:369,48,1,0
BRDA:369,49,0,2
BRDA:369,49,1,0
BRDA:370,50,0,2
BRDA:370,50,1,0
BRDA:373,51,0,2
BRDA:378,52,0,2
BRDA:379,53,0,2
BRDA:379,53,1,2
BRDA:381,54,0,2
BRDA:389,55,0,0
BRDA:389,55,1,0
BRDA:397,56,0,0
BRDA:397,56,1,0
BRDA:398,57,0,0
BRDA:398,57,1,0
BRDA:400,58,0,0
BRDA:401,59,0,0
BRDA:409,60,0,0
BRDA:409,60,1,0
BRDA:410,61,0,0
BRDA:410,61,1,0
BRDA:410,62,0,0
BRDA:410,62,1,0
BRDA:412,63,0,0
BRDA:412,63,1,0
BRDA:414,64,0,0
BRDA:425,65,0,0
BRDA:425,65,1,0
BRDA:425,66,0,0
BRDA:425,66,1,0
BRDA:437,67,0,0
BRDA:437,67,1,0
BRDA:442,68,0,0
BRDA:442,68,1,0
BRDA:444,69,0,0
BRDA:444,69,1,0
BRDA:445,70,0,0
BRDA:445,70,1,0
BRDA:445,71,0,0
BRDA:445,71,1,0
BRDA:445,72,0,0
BRDA:445,72,1,0
BRDA:446,73,0,0
BRDA:446,73,1,0
BRDA:446,74,0,0
BRDA:446,74,1,0
BRDA:446,75,0,0
BRDA:446,75,1,0
BRDA:460,76,0,0
BRDA:460,76,1,0
BRDA:460,77,0,0
BRDA:460,77,1,0
BRDA:465,78,0,0
BRDA:469,79,0,0
BRDA:469,79,1,0
BRDA:471,80,0,0
BRDA:471,80,1,0
BRDA:474,81,0,0
BRDA:474,81,1,0
BRDA:474,82,0,0
BRDA:474,82,1,0
BRDA:475,83,0,0
BRDA:489,84,0,0
BRDA:489,85,0,0
BRDA:489,85,1,0
BRDA:492,86,0,0
BRDA:492,86,1,0
BRDA:493,87,0,0
BRDA:493,87,1,0
BRDA:494,88,0,0
BRDA:494,88,1,0
BRDA:499,89,0,0
BRDA:499,89,1,0
BRDA:503,90,0,0
BRDA:503,90,1,0
BRDA:503,91,0,0
BRDA:503,91,1,0
BRDA:510,92,0,0
BRDA:510,92,1,0
BRDA:510,93,0,0
BRDA:510,93,1,0
BRDA:511,94,0,0
BRDA:511,94,1,0
BRDA:511,95,0,0
BRDA:511,95,1,0
BRDA:517,96,0,0
BRDA:517,96,1,0
BRDA:531,97,0,0
BRDA:531,97,1,0
BRDA:532,98,0,0
BRDA:536,99,0,0
BRDA:537,100,0,0
BRDA:537,100,1,0
BRDA:541,101,0,0
BRDA:541,101,1,0
BRDA:541,102,0,0
BRDA:541,102,1,0
BRDA:542,103,0,0
BRDA:542,103,1,0
BRDA:542,104,0,0
BRDA:542,104,1,0
BRDA:544,105,0,0
BRDA:544,105,1,0
BRDA:553,106,0,0
BRDA:553,106,1,0
BRDA:554,107,0,0
BRDA:556,108,0,0
BRDA:557,109,0,0
BRDA:557,109,1,0
BRDA:565,110,0,0
BRDA:565,110,1,0
BRDA:565,111,0,0
BRDA:565,111,1,0
BRDA:566,112,0,0
BRDA:566,112,1,0
BRDA:575,113,0,0
BRDA:575,113,1,0
BRDA:575,114,0,0
BRDA:575,114,1,0
BRDA:576,115,0,0
BRDA:576,116,0,0
BRDA:576,116,1,0
BRDA:579,117,0,0
BRDA:579,117,1,0
BRDA:581,118,0,0
BRDA:581,118,1,0
BRDA:586,119,0,0
BRDA:612,120,0,0
BRDA:612,120,1,0
BRDA:612,121,0,0
BRDA:612,121,1,0
BRDA:637,122,0,0
BRDA:637,122,1,0
BRDA:660,123,0,0
BRDA:660,123,1,0
BRDA:671,124,0,0
BRDA:671,124,1,0
BRDA:712,125,0,0
BRDA:712,125,1,0
BRDA:715,126,0,0
BRDA:716,127,0,0
BRDA:717,128,0,0
BRDA:730,129,0,0
BRDA:730,129,1,0
BRDA:741,130,0,0
BRDA:741,130,1,0
BRDA:767,131,0,0
BRDA:767,131,1,0
BRDA:768,132,0,0
BRDA:768,132,1,0
BRDA:782,133,0,0
BRDA:782,133,1,0
BRDA:793,134,0,0
BRDA:793,134,1,0
BRDA:846,135,0,0
BRDA:846,135,1,0
BRDA:846,136,0,0
BRDA:846,136,1,0
BRDA:848,137,0,0
BRDA:848,137,1,0
BRDA:870,138,0,0
BRDA:870,138,1,0
BRDA:871,139,0,0
BRDA:871,139,1,0
BRDA:911,140,0,0
BRDA:911,140,1,0
BRDA:924,141,0,0
BRDA:932,142,0,0
BRDA:932,142,1,0
BRDA:941,143,0,0
BRDA:956,144,0,0
BRDA:964,145,0,0
BRDA:964,145,1,0
BRDA:972,146,0,0
BRDA:990,147,0,0
BRDA:994,148,0,0
BRDA:994,148,1,0
BRDA:1013,149,0,0
BRDA:1013,149,1,0
BRDA:1014,150,0,0
BRDA:1014,151,0,0
BRDA:1014,151,1,0
BRDA:1017,152,0,0
BRDA:1017,152,1,0
BRDA:1026,153,0,0
BRDA:1026,153,1,0
BRDA:1028,154,0,0
BRDA:1028,154,1,0
BRDA:1028,155,0,0
BRDA:1028,155,1,0
BRDA:1039,156,0,0
BRDA:1039,156,1,0
BRDA:1040,157,0,0
BRDA:1040,157,1,0
BRDA:1041,158,0,0
BRDA:1041,158,1,0
BRDA:1043,159,0,0
BRDA:1043,159,1,0
BRDA:1044,160,0,0
BRDA:1044,160,1,0
BRDA:1045,161,0,0
BRDA:1045,161,1,0
BRDA:1046,162,0,0
BRDA:1046,162,1,0
BRDA:1055,163,0,0
BRDA:1055,163,1,0
BRDA:1055,164,0,0
BRDA:1055,164,1,0
BRDA:1056,165,0,0
BRDA:1056,166,0,0
BRDA:1056,166,1,0
BRDA:1059,167,0,0
BRDA:1059,167,1,0
BRDA:1059,168,0,0
BRDA:1059,168,1,0
BRDA:1068,169,0,0
BRDA:1068,169,1,0
BRDA:1070,170,0,0
BRDA:1070,170,1,0
BRDA:1070,171,0,0
BRDA:1070,171,1,0
BRDA:1081,172,0,0
BRDA:1081,172,1,0
BRDA:1082,173,0,0
BRDA:1082,173,1,0
BRDA:1083,174,0,0
BRDA:1083,174,1,0
BRDA:1085,175,0,0
BRDA:1085,175,1,0
BRDA:1086,176,0,0
BRDA:1086,176,1,0
BRDA:1087,177,0,0
BRDA:1087,177,1,0
BRDA:1088,178,0,0
BRDA:1088,178,1,0
BRDA:1089,179,0,0
BRDA:1089,179,1,0
BRDA:1104,180,0,0
BRDA:1107,181,0,0
BRDA:1107,181,1,0
BRDA:1108,182,0,0
BRDA:1108,182,1,0
BRDA:1114,183,0,0
BRDA:1114,183,1,0
BRDA:1140,184,0,0
BRDA:1140,184,1,0
BRDA:1140,185,0,0
BRDA:1140,185,1,0
BRDA:1141,186,0,0
BRDA:1141,186,1,0
BRDA:1141,187,0,0
BRDA:1141,187,1,0
BRDA:1143,188,0,0
BRDA:1143,188,1,0
BRDA:1143,189,0,0
BRDA:1143,189,1,0
BRDA:1145,190,0,0
BRDA:1145,190,1,0
BRDA:1146,191,0,0
BRDA:1146,191,1,0
BRDA:1154,192,0,0
BRDA:1154,192,1,0
BRDA:1155,193,0,0
BRDA:1155,193,1,0
BRDA:1157,194,0,0
BRDA:1162,195,0,0
BRDA:1162,195,1,0
BRDA:1169,196,0,0
BRDA:1169,196,1,0
BRDA:1176,197,0,0
BRDA:1181,198,0,0
BRDA:1181,198,1,0
BRDA:1194,199,0,0
BRDA:1203,200,0,0
BRDA:1203,200,1,0
BRDA:1204,201,0,0
BRDA:1204,201,1,0
BRDA:1206,202,0,0
BRDA:1206,202,1,0
BRDA:1207,203,0,0
BRDA:1207,203,1,0
BRDA:1215,204,0,0
BRDA:1215,204,1,0
BRDA:1217,205,0,0
BRDA:1217,205,1,0
BRDA:1224,206,0,0
BRDA:1230,207,0,0
BRDA:1230,207,1,0
BRDA:1230,208,0,0
BRDA:1230,208,1,0
BRDA:1247,209,0,0
BRDA:1257,210,0,0
BRDA:1257,210,1,0
BRDA:1259,211,0,0
BRDA:1259,211,1,0
BRDA:1259,212,0,0
BRDA:1259,212,1,0
BRDA:1261,213,0,0
BRDA:1261,213,1,0
BRDA:1264,214,0,0
BRDA:1264,214,1,0
BRDA:1267,215,0,0
BRDA:1267,215,1,0
BRDA:1268,216,0,0
BRDA:1268,216,1,0
BRDA:1274,217,0,0
BRDA:1274,217,1,0
BRDA:1276,218,0,0
BRDA:1276,218,1,0
BRDA:1285,219,0,0
BRDA:1285,219,1,0
BRDA:1285,220,0,0
BRDA:1285,220,1,0
BRDA:1292,221,0,0
BRDA:1292,221,1,0
BRDA:1293,222,0,0
BRDA:1293,222,1,0
BRDA:1294,223,0,0
BRDA:1294,223,1,0
BRDA:1294,224,0,0
BRDA:1294,224,1,0
BRDA:1311,225,0,0
BRDA:1314,226,0,0
BRDA:1314,226,1,0
BRDA:1317,227,0,0
BRDA:1317,227,1,0
BRDA:1318,228,0,0
BRDA:1318,228,1,0
BRF:417
BRH:13
end_of_record
TN:
SF:src/app/demo/page.tsx
FN:22,DemoPage
FN:32,(anonymous_3)
FN:36,(anonymous_4)
FN:41,(anonymous_5)
FN:45,(anonymous_6)
FN:49,(anonymous_7)
FN:53,(anonymous_8)
FN:57,(anonymous_9)
FN:59,(anonymous_10)
FN:60,(anonymous_11)
FN:64,(anonymous_12)
FN:82,(anonymous_13)
FN:98,(anonymous_14)
FN:114,(anonymous_15)
FN:125,(anonymous_16)
FN:139,(anonymous_17)
FN:186,(anonymous_18)
FN:397,(anonymous_19)
FN:408,(anonymous_20)
FN:418,(anonymous_21)
FN:514,(anonymous_22)
FN:527,(anonymous_23)
FN:576,(anonymous_24)
FN:579,(anonymous_25)
FN:594,(anonymous_26)
FN:597,(anonymous_27)
FNF:26
FNH:4
FNDA:1,DemoPage
FNDA:0,(anonymous_3)
FNDA:0,(anonymous_4)
FNDA:0,(anonymous_5)
FNDA:0,(anonymous_6)
FNDA:0,(anonymous_7)
FNDA:0,(anonymous_8)
FNDA:0,(anonymous_9)
FNDA:0,(anonymous_10)
FNDA:0,(anonymous_11)
FNDA:0,(anonymous_12)
FNDA:0,(anonymous_13)
FNDA:0,(anonymous_14)
FNDA:0,(anonymous_15)
FNDA:0,(anonymous_16)
FNDA:0,(anonymous_17)
FNDA:5,(anonymous_18)
FNDA:0,(anonymous_19)
FNDA:0,(anonymous_20)
FNDA:0,(anonymous_21)
FNDA:5,(anonymous_22)
FNDA:29,(anonymous_23)
FNDA:0,(anonymous_24)
FNDA:0,(anonymous_25)
FNDA:0,(anonymous_26)
FNDA:0,(anonymous_27)
DA:3,1
DA:4,1
DA:5,1
DA:6,1
DA:7,1
DA:8,1
DA:9,1
DA:10,1
DA:11,1
DA:12,1
DA:13,1
DA:14,1
DA:16,1
DA:17,1
DA:19,1
DA:20,1
DA:22,1
DA:23,1
DA:24,1
DA:25,1
DA:28,1
DA:29,1
DA:30,1
DA:32,1
DA:33,0
DA:36,1
DA:37,0
DA:41,1
DA:42,0
DA:45,1
DA:46,0
DA:49,1
DA:50,0
DA:53,1
DA:54,0
DA:57,1
DA:58,0
DA:59,0
DA:60,0
DA:64,1
DA:65,0
DA:75,0
DA:76,0
DA:78,0
DA:82,1
DA:83,0
DA:93,0
DA:94,0
DA:98,1
DA:99,0
DA:109,0
DA:110,0
DA:114,1
DA:115,0
DA:125,1
DA:126,0
DA:136,0
DA:139,1
DA:140,0
DA:151,0
DA:152,0
DA:187,5
DA:398,0
DA:399,0
DA:409,0
DA:410,0
DA:419,0
DA:420,0
DA:515,5
DA:528,29
DA:531,29
DA:577,0
DA:580,0
DA:595,0
DA:598,0
LF:75
LH:40
BRDA:19,0,0,1
BRDA:19,0,1,1
BRDA:20,1,0,1
BRDA:20,1,1,1
BRDA:75,2,0,0
BRDA:75,2,1,0
BRDA:93,3,0,0
BRDA:93,3,1,0
BRDA:109,4,0,0
BRDA:109,4,1,0
BRDA:136,5,0,0
BRDA:136,5,1,0
BRDA:151,6,0,0
BRDA:151,6,1,0
BRDA:181,7,0,1
BRDA:181,7,1,1
BRDA:182,8,0,1
BRDA:182,8,1,1
BRDA:183,9,0,1
BRDA:183,9,1,1
BRDA:185,10,0,1
BRDA:185,10,1,0
BRDA:544,11,0,29
BRDA:544,11,1,0
BRDA:545,12,0,29
BRDA:545,12,1,0
BRDA:553,13,0,29
BRF:27
BRH:14
end_of_record
TN:
SF:src/app/docs/page.tsx
FN:17,(anonymous_5)
FN:17,(anonymous_6)
FN:31,(anonymous_9)
FN:48,(anonymous_10)
FN:53,(anonymous_11)
FN:69,(anonymous_12)
FN:69,(anonymous_13)
FN:70,(anonymous_14)
FN:82,(anonymous_15)
FN:117,DocsPage
FN:125,(anonymous_17)
FN:149,(anonymous_18)
FN:152,(anonymous_19)
FN:153,(anonymous_20)
FN:155,(anonymous_21)
FN:225,(anonymous_22)
FN:227,(anonymous_23)
FN:228,(anonymous_24)
FN:233,(anonymous_25)
FN:234,(anonymous_26)
FN:258,(anonymous_27)
FN:260,(anonymous_28)
FN:268,(anonymous_29)
FN:274,(anonymous_30)
FN:286,(anonymous_31)
FN:290,(anonymous_32)
FN:296,(anonymous_33)
FN:302,(anonymous_34)
FN:320,(anonymous_35)
FN:333,(anonymous_36)
FN:353,(anonymous_37)
FN:363,(anonymous_38)
FN:364,(anonymous_39)
FN:377,(anonymous_40)
FN:388,(anonymous_41)
FN:389,(anonymous_42)
FN:394,(anonymous_43)
FN:398,(anonymous_44)
FN:400,(anonymous_45)
FN:407,(anonymous_46)
FN:419,(anonymous_47)
FN:429,(anonymous_48)
FN:444,(anonymous_49)
FN:454,(anonymous_50)
FN:457,(anonymous_51)
FN:461,(anonymous_52)
FN:468,(anonymous_53)
FN:469,(anonymous_54)
FN:479,(anonymous_55)
FN:494,(anonymous_56)
FN:501,(anonymous_57)
FN:505,(anonymous_58)
FN:508,(anonymous_59)
FN:521,(anonymous_60)
FN:544,(anonymous_61)
FN:547,(anonymous_62)
FN:564,(anonymous_63)
FN:565,(anonymous_64)
FN:573,(anonymous_65)
FN:576,(anonymous_66)
FN:597,(anonymous_67)
FN:600,(anonymous_68)
FN:703,(anonymous_69)
FN:715,(anonymous_70)
FN:718,(anonymous_71)
FN:746,(anonymous_72)
FN:749,(anonymous_73)
FN:766,(anonymous_74)
FN:771,(anonymous_75)
FN:811,(anonymous_76)
FN:812,(anonymous_77)
FN:813,(anonymous_78)
FN:828,(anonymous_79)
FN:829,(anonymous_80)
FN:839,(anonymous_81)
FN:854,(anonymous_82)
FN:859,(anonymous_83)
FN:878,(anonymous_84)
FN:901,(anonymous_85)
FN:904,(anonymous_86)
FN:954,(anonymous_93)
FN:960,(anonymous_94)
FN:979,(anonymous_95)
FN:994,(anonymous_96)
FN:1000,(anonymous_97)
FN:1015,(anonymous_98)
FNF:86
FNH:0
FNDA:0,(anonymous_5)
FNDA:0,(anonymous_6)
FNDA:0,(anonymous_9)
FNDA:0,(anonymous_10)
FNDA:0,(anonymous_11)
FNDA:0,(anonymous_12)
FNDA:0,(anonymous_13)
FNDA:0,(anonymous_14)
FNDA:0,(anonymous_15)
FNDA:0,DocsPage
FNDA:0,(anonymous_17)
FNDA:0,(anonymous_18)
FNDA:0,(anonymous_19)
FNDA:0,(anonymous_20)
FNDA:0,(anonymous_21)
FNDA:0,(anonymous_22)
FNDA:0,(anonymous_23)
FNDA:0,(anonymous_24)
FNDA:0,(anonymous_25)
FNDA:0,(anonymous_26)
FNDA:0,(anonymous_27)
FNDA:0,(anonymous_28)
FNDA:0,(anonymous_29)
FNDA:0,(anonymous_30)
FNDA:0,(anonymous_31)
FNDA:0,(anonymous_32)
FNDA:0,(anonymous_33)
FNDA:0,(anonymous_34)
FNDA:0,(anonymous_35)
FNDA:0,(anonymous_36)
FNDA:0,(anonymous_37)
FNDA:0,(anonymous_38)
FNDA:0,(anonymous_39)
FNDA:0,(anonymous_40)
FNDA:0,(anonymous_41)
FNDA:0,(anonymous_42)
FNDA:0,(anonymous_43)
FNDA:0,(anonymous_44)
FNDA:0,(anonymous_45)
FNDA:0,(anonymous_46)
FNDA:0,(anonymous_47)
FNDA:0,(anonymous_48)
FNDA:0,(anonymous_49)
FNDA:0,(anonymous_50)
FNDA:0,(anonymous_51)
FNDA:0,(anonymous_52)
FNDA:0,(anonymous_53)
FNDA:0,(anonymous_54)
FNDA:0,(anonymous_55)
FNDA:0,(anonymous_56)
FNDA:0,(anonymous_57)
FNDA:0,(anonymous_58)
FNDA:0,(anonymous_59)
FNDA:0,(anonymous_60)
FNDA:0,(anonymous_61)
FNDA:0,(anonymous_62)
FNDA:0,(anonymous_63)
FNDA:0,(anonymous_64)
FNDA:0,(anonymous_65)
FNDA:0,(anonymous_66)
FNDA:0,(anonymous_67)
FNDA:0,(anonymous_68)
FNDA:0,(anonymous_69)
FNDA:0,(anonymous_70)
FNDA:0,(anonymous_71)
FNDA:0,(anonymous_72)
FNDA:0,(anonymous_73)
FNDA:0,(anonymous_74)
FNDA:0,(anonymous_75)
FNDA:0,(anonymous_76)
FNDA:0,(anonymous_77)
FNDA:0,(anonymous_78)
FNDA:0,(anonymous_79)
FNDA:0,(anonymous_80)
FNDA:0,(anonymous_81)
FNDA:0,(anonymous_82)
FNDA:0,(anonymous_83)
FNDA:0,(anonymous_84)
FNDA:0,(anonymous_85)
FNDA:0,(anonymous_86)
FNDA:0,(anonymous_93)
FNDA:0,(anonymous_94)
FNDA:0,(anonymous_95)
FNDA:0,(anonymous_96)
FNDA:0,(anonymous_97)
FNDA:0,(anonymous_98)
DA:3,1
DA:4,1
DA:5,1
DA:6,1
DA:7,1
DA:8,1
DA:9,1
DA:10,1
DA:11,1
DA:12,1
DA:13,1
DA:17,0
DA:28,1
DA:31,1
DA:33,0
DA:48,1
DA:49,0
DA:50,0
DA:52,0
DA:53,0
DA:55,0
DA:57,0
DA:65,0
DA:69,1
DA:70,0
DA:71,0
DA:82,0
DA:83,0
DA:85,0
DA:86,0
DA:88,0
DA:89,0
DA:90,0
DA:91,0
DA:94,0
DA:98,0
DA:117,0
DA:118,0
DA:119,0
DA:120,0
DA:121,0
DA:122,0
DA:123,0
DA:124,0
DA:125,0
DA:127,0
DA:128,0
DA:129,0
DA:130,0
DA:132,0
DA:133,0
DA:137,0
DA:139,0
DA:140,0
DA:141,0
DA:142,0
DA:143,0
DA:144,0
DA:145,0
DA:149,0
DA:150,0
DA:152,0
DA:153,0
DA:154,0
DA:155,0
DA:160,0
DA:168,0
DA:225,0
DA:226,0
DA:227,0
DA:229,0
DA:232,0
DA:233,0
DA:234,0
DA:235,0
DA:236,0
DA:237,0
DA:241,0
DA:242,0
DA:244,0
DA:246,0
DA:249,0
DA:250,0
DA:251,0
DA:253,0
DA:256,0
DA:257,0
DA:258,0
DA:259,0
DA:260,0
DA:261,0
DA:262,0
DA:263,0
DA:269,0
DA:270,0
DA:274,0
DA:275,0
DA:276,0
DA:277,0
DA:278,0
DA:280,0
DA:281,0
DA:285,0
DA:286,0
DA:290,0
DA:291,0
DA:292,0
DA:296,0
DA:297,0
DA:298,0
DA:302,0
DA:303,0
DA:305,0
DA:306,0
DA:307,0
DA:308,0
DA:311,0
DA:313,0
DA:314,0
DA:316,0
DA:317,0
DA:318,0
DA:320,0
DA:321,0
DA:322,0
DA:323,0
DA:324,0
DA:326,0
DA:329,0
DA:333,0
DA:334,0
DA:335,0
DA:336,0
DA:337,0
DA:339,0
DA:340,0
DA:341,0
DA:342,0
DA:345,0
DA:346,0
DA:347,0
DA:349,0
DA:350,0
DA:352,0
DA:353,0
DA:354,0
DA:355,0
DA:356,0
DA:363,0
DA:364,0
DA:365,0
DA:366,0
DA:367,0
DA:369,0
DA:371,0
DA:377,0
DA:378,0
DA:381,0
DA:382,0
DA:386,0
DA:388,0
DA:389,0
DA:394,0
DA:395,0
DA:396,0
DA:398,0
DA:400,0
DA:401,0
DA:402,0
DA:407,0
DA:408,0
DA:409,0
DA:414,0
DA:415,0
DA:419,0
DA:420,0
DA:421,0
DA:422,0
DA:423,0
DA:425,0
DA:429,0
DA:430,0
DA:431,0
DA:432,0
DA:433,0
DA:435,0
DA:436,0
DA:437,0
DA:438,0
DA:441,0
DA:444,0
DA:445,0
DA:446,0
DA:447,0
DA:448,0
DA:449,0
DA:454,0
DA:455,0
DA:457,0
DA:461,0
DA:462,0
DA:463,0
DA:468,0
DA:469,0
DA:470,0
DA:471,0
DA:473,0
DA:474,0
DA:479,0
DA:480,0
DA:481,0
DA:482,0
DA:483,0
DA:487,0
DA:488,0
DA:489,0
DA:490,0
DA:491,0
DA:494,0
DA:495,0
DA:496,0
DA:501,0
DA:502,0
DA:505,0
DA:506,0
DA:508,0
DA:509,0
DA:513,0
DA:516,0
DA:518,0
DA:522,0
DA:523,0
DA:524,0
DA:525,0
DA:545,0
DA:548,0
DA:564,0
DA:565,0
DA:573,0
DA:574,0
DA:577,0
DA:578,0
DA:579,0
DA:598,0
DA:601,0
DA:703,0
DA:716,0
DA:719,0
DA:747,0
DA:750,0
DA:751,0
DA:752,0
DA:753,0
DA:754,0
DA:767,0
DA:768,0
DA:772,0
DA:773,0
DA:811,0
DA:812,0
DA:813,0
DA:828,0
DA:829,0
DA:840,0
DA:841,0
DA:855,0
DA:856,0
DA:860,0
DA:861,0
DA:878,0
DA:902,0
DA:905,0
DA:955,0
DA:961,0
DA:962,0
DA:963,0
DA:971,0
DA:972,0
DA:973,0
DA:974,0
DA:980,0
DA:981,0
DA:995,0
DA:1001,0
DA:1002,0
DA:1003,0
DA:1004,0
DA:1005,0
DA:1009,0
DA:1016,0
LF:290
LH:15
BRDA:28,0,0,1
BRDA:28,0,1,1
BRDA:49,1,0,0
BRDA:49,1,1,0
BRDA:52,2,0,0
BRDA:52,2,1,0
BRDA:55,3,0,0
BRDA:55,3,1,0
BRDA:55,4,0,0
BRDA:55,4,1,0
BRDA:55,4,2,0
BRDA:55,4,3,0
BRDA:83,5,0,0
BRDA:83,5,1,0
BRDA:88,6,0,0
BRDA:88,6,1,0
BRDA:88,7,0,0
BRDA:88,7,1,0
BRDA:127,8,0,0
BRDA:127,8,1,0
BRDA:129,9,0,0
BRDA:129,9,1,0
BRDA:132,10,0,0
BRDA:132,10,1,0
BRDA:132,11,0,0
BRDA:132,11,1,0
BRDA:168,12,0,0
BRDA:168,12,1,0
BRDA:168,13,0,0
BRDA:168,13,1,0
BRDA:189,14,0,0
BRDA:189,14,1,0
BRDA:190,15,0,0
BRDA:190,15,1,0
BRDA:192,16,0,0
BRDA:192,16,1,0
BRDA:197,17,0,0
BRDA:197,17,1,0
BRDA:198,18,0,0
BRDA:198,18,1,0
BRDA:203,19,0,0
BRDA:203,19,1,0
BRDA:236,20,0,0
BRDA:236,20,1,0
BRDA:236,21,0,0
BRDA:236,21,1,0
BRDA:241,22,0,0
BRDA:241,22,1,0
BRDA:251,23,0,0
BRDA:251,23,1,0
BRDA:259,24,0,0
BRDA:259,24,1,0
BRDA:277,25,0,0
BRDA:277,25,1,0
BRDA:291,26,0,0
BRDA:291,26,1,0
BRDA:297,27,0,0
BRDA:297,27,1,0
BRDA:303,28,0,0
BRDA:303,28,1,0
BRDA:305,29,0,0
BRDA:305,29,1,0
BRDA:308,30,0,0
BRDA:308,30,1,0
BRDA:311,31,0,0
BRDA:311,31,1,0
BRDA:314,32,0,0
BRDA:314,32,1,0
BRDA:316,33,0,0
BRDA:316,33,1,0
BRDA:321,34,0,0
BRDA:321,34,1,0
BRDA:321,35,0,0
BRDA:321,35,1,0
BRDA:322,36,0,0
BRDA:322,36,1,0
BRDA:329,37,0,0
BRDA:329,37,1,0
BRDA:335,38,0,0
BRDA:335,38,1,0
BRDA:342,39,0,0
BRDA:342,39,1,0
BRDA:345,40,0,0
BRDA:345,40,1,0
BRDA:355,41,0,0
BRDA:355,41,1,0
BRDA:366,42,0,0
BRDA:366,42,1,0
BRDA:381,43,0,0
BRDA:381,43,1,0
BRDA:401,44,0,0
BRDA:401,44,1,0
BRDA:408,45,0,0
BRDA:408,45,1,0
BRDA:421,46,0,0
BRDA:421,46,1,0
BRDA:421,47,0,0
BRDA:421,47,1,0
BRDA:430,48,0,0
BRDA:430,48,1,0
BRDA:431,49,0,0
BRDA:431,49,1,0
BRDA:432,50,0,0
BRDA:432,50,1,0
BRDA:432,51,0,0
BRDA:432,51,1,0
BRDA:433,52,0,0
BRDA:433,52,1,0
BRDA:436,53,0,0
BRDA:436,53,1,0
BRDA:437,54,0,0
BRDA:437,54,1,0
BRDA:437,55,0,0
BRDA:437,55,1,0
BRDA:445,56,0,0
BRDA:445,56,1,0
BRDA:448,57,0,0
BRDA:448,57,1,0
BRDA:462,58,0,0
BRDA:462,58,1,0
BRDA:462,59,0,0
BRDA:462,59,1,0
BRDA:470,60,0,0
BRDA:470,60,1,0
BRDA:473,61,0,0
BRDA:473,61,1,0
BRDA:473,62,0,0
BRDA:473,62,1,0
BRDA:480,63,0,0
BRDA:480,63,1,0
BRDA:487,64,0,0
BRDA:487,64,1,0
BRDA:501,65,0,0
BRDA:506,66,0,0
BRDA:506,66,1,0
BRDA:509,67,0,0
BRDA:509,67,1,0
BRDA:513,68,0,0
BRDA:513,68,1,0
BRDA:516,69,0,0
BRDA:516,69,1,0
BRDA:524,70,0,0
BRDA:524,70,1,0
BRDA:525,71,0,0
BRDA:525,71,1,0
BRDA:532,72,0,0
BRDA:532,72,1,0
BRDA:537,73,0,0
BRDA:537,73,1,0
BRDA:545,74,0,0
BRDA:545,74,1,0
BRDA:548,75,0,0
BRDA:548,75,1,0
BRDA:553,76,0,0
BRDA:553,76,1,0
BRDA:553,77,0,0
BRDA:553,77,1,0
BRDA:562,78,0,0
BRDA:562,78,1,0
BRDA:573,79,0,0
BRDA:586,80,0,0
BRDA:586,80,1,0
BRDA:590,81,0,0
BRDA:590,81,1,0
BRDA:598,82,0,0
BRDA:598,82,1,0
BRDA:601,83,0,0
BRDA:601,83,1,0
BRDA:621,84,0,0
BRDA:649,85,0,0
BRDA:649,85,1,0
BRDA:654,86,0,0
BRDA:654,86,1,0
BRDA:654,87,0,0
BRDA:654,87,1,0
BRDA:664,88,0,0
BRDA:664,88,1,0
BRDA:665,89,0,0
BRDA:665,89,1,0
BRDA:666,90,0,0
BRDA:666,90,1,0
BRDA:667,91,0,0
BRDA:667,91,1,0
BRDA:722,92,0,0
BRDA:728,93,0,0
BRDA:728,93,1,0
BRDA:735,94,0,0
BRDA:737,95,0,0
BRDA:758,96,0,0
BRDA:758,96,1,0
BRDA:762,97,0,0
BRDA:762,97,1,0
BRDA:767,98,0,0
BRDA:767,98,1,0
BRDA:772,99,0,0
BRDA:772,99,1,0
BRDA:808,100,0,0
BRDA:811,101,0,0
BRDA:811,101,1,0
BRDA:837,102,0,0
BRDA:850,103,0,0
BRDA:850,103,1,0
BRDA:855,104,0,0
BRDA:855,104,1,0
BRDA:860,105,0,0
BRDA:860,105,1,0
BRDA:872,106,0,0
BRDA:872,106,1,0
BRDA:873,107,0,0
BRDA:873,107,1,0
BRDA:873,108,0,0
BRDA:873,108,1,0
BRDA:882,109,0,0
BRDA:882,109,1,0
BRDA:892,110,0,0
BRDA:892,110,1,0
BRDA:907,111,0,0
BRDA:907,111,1,0
BRDA:909,112,0,0
BRDA:909,112,1,0
BRDA:920,113,0,0
BRDA:928,114,0,0
BRDA:955,115,0,0
BRDA:955,115,1,0
BRDA:972,116,0,0
BRDA:972,116,1,0
BRDA:973,117,0,0
BRDA:973,117,1,0
BRDA:981,118,0,0
BRDA:981,118,1,0
BRDA:995,119,0,0
BRDA:995,119,1,0
BRDA:1001,120,0,0
BRDA:1001,120,1,0
BRDA:1002,121,0,0
BRDA:1002,121,1,0
BRDA:1004,122,0,0
BRDA:1004,122,1,0
BRDA:1005,123,0,0
BRDA:1005,123,1,0
BRDA:1009,124,0,0
BRDA:1009,124,1,0
BRDA:1016,125,0,0
BRDA:1016,125,1,0
BRF:244
BRH:2
end_of_record
TN:
SF:src/app/email-preview/page.tsx
FN:13,EmailPreviewPage
FN:22,(anonymous_3)
FN:35,(anonymous_4)
FN:36,(anonymous_5)
FN:39,(anonymous_6)
FN:69,(anonymous_7)
FN:80,(anonymous_8)
FN:88,(anonymous_9)
FN:96,(anonymous_10)
FN:104,(anonymous_11)
FN:114,(anonymous_12)
FN:116,(anonymous_13)
FNF:12
FNH:5
FNDA:2,EmailPreviewPage
FNDA:2,(anonymous_3)
FNDA:1,(anonymous_4)
FNDA:1,(anonymous_5)
FNDA:1,(anonymous_6)
FNDA:0,(anonymous_7)
FNDA:0,(anonymous_8)
FNDA:0,(anonymous_9)
FNDA:0,(anonymous_10)
FNDA:0,(anonymous_11)
FNDA:0,(anonymous_12)
FNDA:0,(anonymous_13)
DA:3,1
DA:4,1
DA:5,1
DA:6,1
DA:7,1
DA:8,1
DA:9,1
DA:11,1
DA:13,1
DA:14,2
DA:15,2
DA:16,2
DA:17,2
DA:18,2
DA:19,2
DA:20,2
DA:22,2
DA:23,2
DA:32,2
DA:35,2
DA:36,1
DA:39,2
DA:40,1
DA:69,0
DA:80,0
DA:88,0
DA:96,0
DA:104,0
DA:114,0
DA:117,0
DA:118,0
LF:31
LH:23
BRDA:11,0,0,1
BRDA:11,0,1,1
BRF:2
BRH:2
end_of_record
TN:
SF:src/app/login/page.tsx
FN:10,LoginPage
FN:19,(anonymous_3)
FN:82,(anonymous_4)
FN:94,(anonymous_5)
FN:108,(anonymous_6)
FN:128,(anonymous_7)
FNF:6
FNH:1
FNDA:1,LoginPage
FNDA:0,(anonymous_3)
FNDA:0,(anonymous_4)
FNDA:0,(anonymous_5)
FNDA:0,(anonymous_6)
FNDA:0,(anonymous_7)
DA:3,1
DA:4,1
DA:5,1
DA:6,1
DA:8,1
DA:10,1
DA:11,1
DA:12,1
DA:13,1
DA:14,1
DA:15,1
DA:16,1
DA:17,1
DA:19,1
DA:20,0
DA:21,0
DA:22,0
DA:24,0
DA:25,0
DA:28,0
DA:29,0
DA:30,0
DA:31,0
DA:34,0
DA:35,0
DA:37,0
DA:39,0
DA:41,0
DA:82,0
DA:94,0
DA:108,0
DA:129,0
DA:130,0
DA:131,0
LF:34
LH:14
BRDA:8,0,0,1
BRDA:8,0,1,1
BRDA:25,1,0,0
BRDA:25,1,1,0
BRDA:28,2,0,0
BRDA:28,2,1,0
BRDA:39,3,0,0
BRDA:39,3,1,0
BRDA:63,4,0,0
BRDA:63,4,1,1
BRDA:67,5,0,1
BRDA:74,6,0,1
BRDA:121,7,0,0
BRDA:121,7,1,1
BRDA:121,8,0,0
BRDA:121,8,1,1
BRDA:125,9,0,1
BRF:17
BRH:8
end_of_record
TN:
SF:src/app/register/page.tsx
FN:3,RegisterPage
FNF:1
FNH:0
FNDA:0,RegisterPage
DA:1,1
DA:3,0
DA:4,0
LF:3
LH:1
BRF:0
BRH:0
end_of_record
TN:
SF:src/app/setup-2fa/page.tsx
FN:12,Setup2FAContent
FN:24,(anonymous_3)
FN:30,(anonymous_4)
FN:45,(anonymous_5)
FN:149,(anonymous_6)
FN:177,Setup2FAPage
FNF:6
FNH:0
FNDA:0,Setup2FAContent
FNDA:0,(anonymous_3)
FNDA:0,(anonymous_4)
FNDA:0,(anonymous_5)
FNDA:0,(anonymous_6)
FNDA:0,Setup2FAPage
DA:3,1
DA:4,1
DA:5,1
DA:6,1
DA:7,1
DA:8,1
DA:10,1
DA:13,0
DA:14,0
DA:15,0
DA:17,0
DA:18,0
DA:19,0
DA:20,0
DA:21,0
DA:22,0
DA:24,0
DA:25,0
DA:26,0
DA:27,0
DA:30,0
DA:31,0
DA:32,0
DA:33,0
DA:34,0
DA:36,0
DA:38,0
DA:42,0
DA:45,0
DA:46,0
DA:47,0
DA:49,0
DA:50,0
DA:51,0
DA:54,0
DA:55,0
DA:56,0
DA:59,0
DA:61,0
DA:62,0
DA:64,0
DA:66,0
DA:68,0
DA:70,0
DA:74,0
DA:149,0
DA:177,0
LF:47
LH:7
BRDA:10,0,0,1
BRDA:10,0,1,1
BRDA:25,1,0,0
BRDA:25,1,1,0
BRDA:36,2,0,0
BRDA:36,2,1,0
BRDA:49,3,0,0
BRDA:49,3,1,0
BRDA:49,4,0,0
BRDA:49,4,1,0
BRDA:54,5,0,0
BRDA:54,5,1,0
BRDA:68,6,0,0
BRDA:68,6,1,0
BRDA:74,7,0,0
BRDA:74,7,1,0
BRDA:111,8,0,0
BRDA:116,9,0,0
BRDA:161,10,0,0
BRDA:161,10,1,0
BRF:20
BRH:2
end_of_record
TN:
SF:src/app/widget-demo/page.tsx
FN:29,isValidHex
FN:33,WidgetDemoPage
FN:48,(anonymous_4)
FN:52,(anonymous_5)
FN:57,(anonymous_6)
FN:83,(anonymous_7)
FN:85,(anonymous_8)
FN:89,(anonymous_9)
FN:105,(anonymous_10)
FN:109,(anonymous_11)
FN:117,applyColours
FN:124,handlePick1
FN:130,handleHex1
FN:136,handlePick2
FN:142,handleHex2
FN:148,handleWidgetTheme
FN:157,handleCopy
FN:160,(anonymous_19)
FN:162,(anonymous_20)
FN:212,(anonymous_21)
FN:220,(anonymous_22)
FN:237,(anonymous_23)
FN:245,(anonymous_24)
FN:258,(anonymous_25)
FN:262,(anonymous_26)
FN:276,(anonymous_27)
FN:284,(anonymous_28)
FN:300,(anonymous_29)
FNF:28
FNH:5
FNDA:0,isValidHex
FNDA:1,WidgetDemoPage
FNDA:0,(anonymous_4)
FNDA:0,(anonymous_5)
FNDA:0,(anonymous_6)
FNDA:0,(anonymous_7)
FNDA:0,(anonymous_8)
FNDA:1,(anonymous_9)
FNDA:1,(anonymous_10)
FNDA:0,(anonymous_11)
FNDA:0,applyColours
FNDA:0,handlePick1
FNDA:0,handleHex1
FNDA:0,handlePick2
FNDA:0,handleHex2
FNDA:0,handleWidgetTheme
FNDA:0,handleCopy
FNDA:0,(anonymous_19)
FNDA:0,(anonymous_20)
FNDA:0,(anonymous_21)
FNDA:0,(anonymous_22)
FNDA:0,(anonymous_23)
FNDA:0,(anonymous_24)
FNDA:3,(anonymous_25)
FNDA:0,(anonymous_26)
FNDA:8,(anonymous_27)
FNDA:0,(anonymous_28)
FNDA:0,(anonymous_29)
DA:3,1
DA:4,1
DA:5,1
DA:6,1
DA:8,1
DA:18,1
DA:30,0
DA:33,1
DA:34,1
DA:35,1
DA:36,1
DA:37,1
DA:38,1
DA:39,1
DA:40,1
DA:41,1
DA:42,1
DA:43,1
DA:48,1
DA:49,0
DA:52,0
DA:53,0
DA:57,0
DA:58,0
DA:62,0
DA:63,0
DA:73,0
DA:74,0
DA:75,0
DA:76,0
DA:77,0
DA:78,0
DA:79,0
DA:80,0
DA:83,1
DA:84,0
DA:85,0
DA:89,1
DA:90,1
DA:97,1
DA:98,1
DA:99,1
DA:100,1
DA:101,1
DA:102,1
DA:103,1
DA:105,1
DA:106,1
DA:107,1
DA:108,1
DA:109,1
DA:110,0
DA:118,0
DA:119,0
DA:120,0
DA:121,0
DA:125,0
DA:126,0
DA:127,0
DA:131,0
DA:132,0
DA:133,0
DA:137,0
DA:138,0
DA:139,0
DA:143,0
DA:144,0
DA:145,0
DA:149,0
DA:150,0
DA:154,1
DA:155,1
DA:158,0
DA:159,0
DA:160,0
DA:161,0
DA:162,0
DA:166,1
DA:212,0
DA:220,0
DA:237,0
DA:245,0
DA:259,3
DA:262,0
DA:277,8
DA:284,0
DA:300,0
LF:87
LH:38
BRDA:8,0,0,1
BRDA:8,0,1,1
BRDA:43,1,0,1
BRDA:43,1,1,0
BRDA:44,2,0,1
BRDA:44,2,1,0
BRDA:49,3,0,0
BRDA:49,3,1,0
BRDA:58,4,0,0
BRDA:58,4,1,0
BRDA:84,5,0,0
BRDA:84,5,1,0
BRDA:110,6,0,0
BRDA:110,6,1,0
BRDA:120,7,0,0
BRDA:120,7,1,0
BRDA:132,8,0,0
BRDA:132,8,1,0
BRDA:133,9,0,0
BRDA:133,9,1,0
BRDA:144,10,0,0
BRDA:144,10,1,0
BRDA:145,11,0,0
BRDA:145,11,1,0
BRDA:154,12,0,0
BRDA:154,12,1,1
BRDA:158,13,0,0
BRDA:158,13,1,0
BRDA:174,14,0,1
BRDA:174,14,1,0
BRDA:175,15,0,1
BRDA:175,15,1,0
BRDA:261,16,0,1
BRDA:261,16,1,2
BRDA:264,17,0,1
BRDA:264,17,1,2
BRDA:266,18,0,1
BRDA:266,18,1,2
BRDA:266,19,0,1
BRDA:266,19,1,1
BRDA:279,20,0,1
BRDA:279,20,1,7
BRDA:294,21,0,0
BRDA:294,21,1,1
BRDA:300,22,0,0
BRDA:300,22,1,0
BRDA:304,23,0,0
BRDA:304,23,1,1
BRF:48
BRH:19
end_of_record
TN:
SF:src/components/ClientProviders.tsx
FN:18,ClientProviders
FNF:1
FNH:0
FNDA:0,ClientProviders
DA:4,0
DA:5,0
DA:6,0
DA:7,0
DA:8,0
DA:9,0
DA:10,0
DA:11,0
DA:12,0
DA:13,0
DA:14,0
DA:15,0
DA:16,0
DA:18,0
LF:14
LH:0
BRF:0
BRH:0
end_of_record
TN:
SF:src/components/RoutePreloader.tsx
FN:10,RoutePreloader
FN:13,(anonymous_2)
FN:23,(anonymous_3)
FNF:3
FNH:3
FNDA:6,RoutePreloader
FNDA:5,(anonymous_2)
FNDA:20,(anonymous_3)
DA:3,1
DA:4,1
DA:10,6
DA:11,6
DA:13,6
DA:15,5
DA:23,5
DA:24,20
DA:27,5
DA:30,6
LF:10
LH:10
BRF:0
BRH:0
end_of_record
TN:
SF:src/components/AppLayout/AppLayout.tsx
FN:13,AppLayout
FN:21,(anonymous_3)
FN:22,(anonymous_4)
FN:53,(anonymous_5)
FN:57,(anonymous_6)
FN:58,(anonymous_7)
FN:79,(anonymous_8)
FN:86,(anonymous_9)
FN:111,(anonymous_10)
FN:136,(anonymous_11)
FN:157,(anonymous_12)
FNF:11
FNH:9
FNDA:22,AppLayout
FNDA:10,(anonymous_3)
FNDA:9,(anonymous_4)
FNDA:10,(anonymous_5)
FNDA:17,(anonymous_6)
FNDA:17,(anonymous_7)
FNDA:0,(anonymous_8)
FNDA:17,(anonymous_9)
FNDA:12,(anonymous_10)
FNDA:0,(anonymous_11)
FNDA:60,(anonymous_12)
DA:3,1
DA:4,1
DA:5,1
DA:6,1
DA:13,10
DA:14,22
DA:15,22
DA:16,22
DA:17,22
DA:18,22
DA:21,22
DA:22,10
DA:23,9
DA:24,9
DA:26,9
DA:32,9
DA:33,2
DA:34,2
DA:35,2
DA:38,7
DA:39,7
DA:40,7
DA:41,7
DA:43,0
DA:44,0
DA:45,0
DA:46,0
DA:48,7
DA:52,10
DA:53,10
DA:57,22
DA:58,17
DA:59,17
DA:60,7
DA:61,7
DA:62,7
DA:63,7
DA:65,7
DA:66,7
DA:67,7
DA:70,0
DA:76,17
DA:79,17
DA:80,0
DA:81,0
DA:84,17
DA:86,17
DA:87,17
DA:92,22
DA:103,12
DA:111,12
DA:112,12
DA:113,2
DA:114,0
DA:115,0
DA:116,0
DA:117,0
DA:120,12
DA:136,0
DA:158,60
DA:159,60
LF:61
LH:49
BRDA:32,0,0,2
BRDA:32,0,1,7
BRDA:32,1,0,9
BRDA:32,1,1,8
BRDA:32,1,2,8
BRDA:32,1,3,7
BRDA:59,2,0,7
BRDA:59,2,1,10
BRDA:63,3,0,7
BRDA:63,3,1,0
BRDA:66,4,0,0
BRDA:66,4,1,7
BRDA:92,5,0,10
BRDA:92,5,1,12
BRDA:92,6,0,22
BRDA:92,6,1,12
BRDA:112,7,0,10
BRDA:112,7,1,2
BRDA:113,8,0,2
BRDA:113,8,1,0
BRDA:114,9,0,0
BRDA:114,9,1,0
BRDA:115,10,0,0
BRDA:115,10,1,0
BRDA:116,11,0,0
BRDA:116,11,1,0
BRDA:120,12,0,0
BRDA:120,12,1,12
BRDA:134,13,0,12
BRDA:164,14,0,12
BRDA:164,14,1,48
BRDA:170,15,0,12
BRDA:176,16,0,0
BRDA:176,16,1,12
BRDA:177,17,0,0
BRDA:177,17,1,12
BRF:36
BRH:24
end_of_record
TN:
SF:src/components/BackgroundBlobs/BackgroundBlobs.tsx
FN:5,BackgroundBlobs
FNF:1
FNH:1
FNDA:9,BackgroundBlobs
DA:3,1
DA:5,9
LF:2
LH:2
BRF:0
BRH:0
end_of_record
TN:
SF:src/components/BottomNav/BottomNav.tsx
FN:14,BottomNav
FN:37,(anonymous_3)
FN:38,(anonymous_4)
FN:53,(anonymous_5)
FN:55,(anonymous_6)
FN:59,(anonymous_7)
FN:60,(anonymous_8)
FN:70,(anonymous_9)
FN:79,(anonymous_10)
FN:87,(anonymous_11)
FN:96,(anonymous_12)
FN:104,(anonymous_13)
FN:105,(anonymous_14)
FN:123,(anonymous_15)
FN:126,(anonymous_16)
FN:133,(anonymous_17)
FN:135,(anonymous_18)
FN:149,(anonymous_19)
FN:164,(anonymous_20)
FNF:19
FNH:13
FNDA:23,BottomNav
FNDA:20,(anonymous_3)
FNDA:21,(anonymous_4)
FNDA:1,(anonymous_5)
FNDA:20,(anonymous_6)
FNDA:20,(anonymous_7)
FNDA:20,(anonymous_8)
FNDA:0,(anonymous_9)
FNDA:0,(anonymous_10)
FNDA:0,(anonymous_11)
FNDA:20,(anonymous_12)
FNDA:20,(anonymous_13)
FNDA:20,(anonymous_14)
FNDA:0,(anonymous_15)
FNDA:20,(anonymous_16)
FNDA:20,(anonymous_17)
FNDA:0,(anonymous_18)
FNDA:0,(anonymous_19)
FNDA:92,(anonymous_20)
DA:3,2
DA:4,2
DA:5,2
DA:6,2
DA:7,2
DA:8,2
DA:9,2
DA:10,2
DA:12,2
DA:14,20
DA:15,23
DA:16,23
DA:17,23
DA:18,23
DA:19,23
DA:20,23
DA:21,23
DA:22,23
DA:25,23
DA:28,23
DA:30,23
DA:37,23
DA:38,20
DA:39,21
DA:40,21
DA:41,21
DA:42,20
DA:43,20
DA:44,20
DA:45,20
DA:46,20
DA:51,20
DA:53,20
DA:54,20
DA:55,20
DA:59,23
DA:60,20
DA:61,20
DA:62,20
DA:63,20
DA:64,10
DA:67,0
DA:68,0
DA:69,0
DA:70,0
DA:72,0
DA:76,20
DA:77,20
DA:79,20
DA:80,0
DA:81,0
DA:82,0
DA:84,0
DA:87,20
DA:88,0
DA:89,0
DA:90,0
DA:93,20
DA:94,20
DA:96,20
DA:97,20
DA:98,20
DA:99,20
DA:104,23
DA:105,20
DA:106,20
DA:107,20
DA:108,20
DA:109,10
DA:112,0
DA:113,0
DA:114,0
DA:119,20
DA:120,20
DA:123,20
DA:124,20
DA:126,20
DA:127,20
DA:128,20
DA:133,23
DA:134,20
DA:135,0
DA:136,0
DA:137,0
DA:138,0
DA:139,0
DA:142,0
DA:143,0
DA:144,0
DA:148,0
DA:149,0
DA:152,23
DA:165,92
DA:166,92
LF:94
LH:69
BRDA:12,0,0,2
BRDA:12,0,1,2
BRDA:31,1,0,23
BRDA:31,1,1,0
BRDA:32,2,0,23
BRDA:32,2,1,0
BRDA:33,3,0,23
BRDA:33,3,1,0
BRDA:41,4,0,20
BRDA:41,4,1,1
BRDA:44,5,0,11
BRDA:44,5,1,9
BRDA:45,6,0,20
BRDA:45,6,1,20
BRDA:45,6,2,11
BRDA:45,6,3,0
BRDA:63,7,0,10
BRDA:63,7,1,10
BRDA:67,8,0,0
BRDA:67,8,1,0
BRDA:69,9,0,0
BRDA:69,9,1,0
BRDA:70,10,0,0
BRDA:70,10,1,0
BRDA:81,11,0,0
BRDA:81,11,1,0
BRDA:81,12,0,0
BRDA:81,12,1,0
BRDA:89,13,0,0
BRDA:89,13,1,0
BRDA:89,14,0,0
BRDA:89,14,1,0
BRDA:108,15,0,10
BRDA:108,15,1,10
BRDA:112,16,0,0
BRDA:112,16,1,0
BRDA:114,17,0,0
BRDA:114,17,1,0
BRDA:134,18,0,20
BRDA:134,18,1,0
BRDA:138,19,0,0
BRDA:138,19,1,0
BRDA:142,20,0,0
BRDA:142,20,1,0
BRDA:144,21,0,0
BRDA:144,21,1,0
BRDA:165,22,0,92
BRDA:165,22,1,69
BRDA:165,22,2,69
BRDA:169,23,0,23
BRDA:173,24,0,0
BRDA:173,24,1,23
BRDA:173,25,0,0
BRDA:173,25,1,23
BRDA:177,26,0,0
BRDA:177,26,1,23
BRDA:184,27,0,23
BRDA:184,27,1,46
BRDA:184,28,0,23
BRDA:184,28,1,46
BRDA:187,29,0,69
BRDA:196,30,0,0
BRDA:196,30,1,0
BRDA:202,31,0,23
BRDA:202,31,1,69
BRF:65
BRH:31
end_of_record
TN:
SF:src/components/BottomSheetDemo/BottomSheetDemo.tsx
FN:17,BottomSheetDemo
FN:42,(anonymous_3)
FN:53,(anonymous_4)
FN:64,(anonymous_5)
FN:75,(anonymous_6)
FN:84,(anonymous_7)
FN:150,(anonymous_8)
FN:273,(anonymous_9)
FN:315,(anonymous_10)
FN:345,(anonymous_11)
FN:352,(anonymous_12)
FNF:11
FNH:5
FNDA:39,BottomSheetDemo
FNDA:4,(anonymous_3)
FNDA:5,(anonymous_4)
FNDA:3,(anonymous_5)
FNDA:4,(anonymous_6)
FNDA:0,(anonymous_7)
FNDA:0,(anonymous_8)
FNDA:0,(anonymous_9)
FNDA:0,(anonymous_10)
FNDA:0,(anonymous_11)
FNDA:0,(anonymous_12)
DA:3,1
DA:4,1
DA:5,1
DA:6,1
DA:7,1
DA:8,1
DA:9,1
DA:10,1
DA:11,1
DA:12,1
DA:13,1
DA:14,1
DA:15,1
DA:17,23
DA:18,39
DA:19,39
DA:20,39
DA:21,39
DA:22,39
DA:42,4
DA:53,5
DA:64,3
DA:75,4
DA:84,0
DA:150,0
DA:273,0
DA:315,0
DA:345,0
DA:354,0
DA:356,0
LF:30
LH:23
BRF:0
BRH:0
end_of_record
TN:
SF:src/components/BurgerMenu/BurgerMenu.tsx
FN:13,BurgerMenu
FN:18,(anonymous_3)
FN:25,(anonymous_4)
FN:39,(anonymous_5)
FN:48,(anonymous_6)
FN:65,(anonymous_7)
FN:66,(anonymous_8)
FN:73,(anonymous_9)
FN:76,(anonymous_10)
FN:77,(anonymous_11)
FNF:10
FNH:3
FNDA:22,BurgerMenu
FNDA:0,(anonymous_3)
FNDA:1,(anonymous_4)
FNDA:3,(anonymous_5)
FNDA:0,(anonymous_6)
FNDA:0,(anonymous_7)
FNDA:0,(anonymous_8)
FNDA:0,(anonymous_9)
FNDA:0,(anonymous_10)
FNDA:0,(anonymous_11)
DA:3,2
DA:4,2
DA:5,2
DA:6,2
DA:7,2
DA:13,19
DA:14,22
DA:15,22
DA:16,22
DA:18,22
DA:19,0
DA:20,0
DA:21,0
DA:22,0
DA:25,22
DA:26,1
DA:27,1
DA:30,22
DA:31,22
DA:32,22
DA:33,22
DA:34,22
DA:39,3
DA:48,0
DA:65,0
DA:66,0
DA:73,0
DA:76,0
DA:77,0
LF:29
LH:19
BRDA:30,0,0,21
BRDA:30,0,1,1
BRDA:31,1,0,21
BRDA:31,1,1,1
BRDA:32,2,0,21
BRDA:32,2,1,1
BRDA:33,3,0,21
BRDA:33,3,1,1
BRDA:34,4,0,2
BRDA:34,4,1,20
BRDA:34,5,0,19
BRDA:34,5,1,1
BRDA:41,6,0,2
BRDA:41,6,1,20
BRDA:42,7,0,2
BRDA:42,7,1,20
BRDA:43,8,0,2
BRDA:43,8,1,20
BRDA:48,9,0,22
BRDA:53,10,0,2
BRDA:53,10,1,20
BRDA:54,11,0,2
BRDA:54,11,1,20
BRF:23
BRH:23
end_of_record
TN:
SF:src/components/Demo2FA/Demo2FA.tsx
FN:8,Demo2FAContent
FN:13,(anonymous_3)
FN:25,(anonymous_4)
FN:37,(anonymous_5)
FN:70,(anonymous_6)
FN:89,(anonymous_7)
FN:92,(anonymous_8)
FN:99,(anonymous_9)
FN:100,(anonymous_10)
FN:121,(anonymous_11)
FN:125,(anonymous_12)
FN:148,(anonymous_13)
FN:173,(anonymous_14)
FNF:13
FNH:10
FNDA:19,Demo2FAContent
FNDA:10,(anonymous_3)
FNDA:10,(anonymous_4)
FNDA:0,(anonymous_5)
FNDA:0,(anonymous_6)
FNDA:114,(anonymous_7)
FNDA:228,(anonymous_8)
FNDA:10,(anonymous_9)
FNDA:10,(anonymous_10)
FNDA:18,(anonymous_11)
FNDA:6,(anonymous_12)
FNDA:40,(anonymous_13)
FNDA:0,(anonymous_14)
DA:3,2
DA:4,2
DA:6,2
DA:8,12
DA:9,19
DA:10,19
DA:11,19
DA:13,19
DA:14,10
DA:16,7
DA:17,7
DA:18,7
DA:20,7
DA:21,6
DA:25,19
DA:26,10
DA:27,0
DA:29,10
DA:30,0
DA:32,10
DA:33,0
DA:37,19
DA:38,0
DA:39,0
DA:40,0
DA:41,0
DA:43,0
DA:44,0
DA:71,0
DA:72,0
DA:73,0
DA:74,0
DA:75,0
DA:76,0
DA:78,0
DA:90,114
DA:93,228
DA:99,10
DA:100,10
DA:122,18
DA:123,18
DA:126,6
DA:127,6
DA:128,6
DA:148,40
DA:174,0
LF:46
LH:29
BRDA:6,0,0,2
BRDA:6,0,1,2
BRDA:14,1,0,3
BRDA:14,1,1,7
BRDA:14,2,0,10
BRDA:14,2,1,10
BRDA:20,3,0,6
BRDA:20,3,1,1
BRDA:20,4,0,7
BRDA:20,4,1,7
BRDA:26,5,0,0
BRDA:26,5,1,10
BRDA:26,6,0,10
BRDA:26,6,1,0
BRDA:26,6,2,0
BRDA:29,7,0,0
BRDA:29,7,1,10
BRDA:29,8,0,10
BRDA:29,8,1,0
BRDA:32,9,0,0
BRDA:32,9,1,10
BRDA:32,10,0,10
BRDA:32,10,1,0
BRDA:73,11,0,0
BRDA:73,11,1,0
BRDA:101,12,0,19
BRDA:101,12,1,95
BRDA:116,13,0,114
BRDA:116,13,1,22
BRDA:126,14,0,6
BRDA:126,14,1,0
BRF:31
BRH:21
end_of_record
TN:
SF:src/components/EmojiPicker/EmojiPicker.tsx
FN:14,getRecent
FN:21,saveRecent
FN:23,(anonymous_4)
FN:28,EmojiPicker
FN:49,(anonymous_6)
FN:52,(anonymous_7)
FN:56,(anonymous_8)
FN:63,(anonymous_9)
FN:63,(anonymous_10)
FN:66,(anonymous_11)
FN:67,(anonymous_12)
FN:71,(anonymous_13)
FN:75,(anonymous_14)
FN:76,(anonymous_15)
FN:78,(anonymous_16)
FN:82,(anonymous_17)
FN:88,(anonymous_18)
FN:92,(anonymous_19)
FN:93,(anonymous_20)
FN:103,(anonymous_21)
FN:104,(anonymous_22)
FN:108,(anonymous_23)
FN:114,(anonymous_24)
FN:120,(anonymous_25)
FN:129,(anonymous_26)
FN:135,(anonymous_27)
FN:137,(anonymous_28)
FN:139,(anonymous_29)
FN:142,(anonymous_30)
FN:145,(anonymous_31)
FN:157,(anonymous_33)
FN:162,(anonymous_34)
FN:192,(anonymous_35)
FN:203,(anonymous_36)
FN:226,(anonymous_37)
FN:233,(anonymous_38)
FN:254,(anonymous_39)
FN:268,(anonymous_40)
FN:274,(anonymous_41)
FN:279,(anonymous_42)
FNF:40
FNH:36
FNDA:28,getRecent
FNDA:2,saveRecent
FNDA:0,(anonymous_4)
FNDA:62,EmojiPicker
FNDA:2,(anonymous_6)
FNDA:2,(anonymous_7)
FNDA:24,(anonymous_8)
FNDA:24,(anonymous_9)
FNDA:19,(anonymous_10)
FNDA:26,(anonymous_11)
FNDA:1,(anonymous_12)
FNDA:26,(anonymous_13)
FNDA:26,(anonymous_14)
FNDA:1,(anonymous_15)
FNDA:26,(anonymous_16)
FNDA:32,(anonymous_17)
FNDA:0,(anonymous_18)
FNDA:0,(anonymous_19)
FNDA:0,(anonymous_20)
FNDA:234,(anonymous_21)
FNDA:26,(anonymous_22)
FNDA:48,(anonymous_23)
FNDA:2,(anonymous_24)
FNDA:3,(anonymous_25)
FNDA:1,(anonymous_26)
FNDA:54,(anonymous_27)
FNDA:2172,(anonymous_28)
FNDA:6331,(anonymous_29)
FNDA:54,(anonymous_30)
FNDA:8,(anonymous_31)
FNDA:20308,(anonymous_33)
FNDA:2,(anonymous_34)
FNDA:620,(anonymous_35)
FNDA:3,(anonymous_36)
FNDA:6,(anonymous_37)
FNDA:1,(anonymous_38)
FNDA:8,(anonymous_39)
FNDA:560,(anonymous_40)
FNDA:996,(anonymous_41)
FNDA:996,(anonymous_42)
DA:3,1
DA:4,1
DA:5,1
DA:6,1
DA:15,28
DA:16,28
DA:17,28
DA:18,0
DA:22,2
DA:23,2
DA:24,2
DA:28,24
DA:29,62
DA:30,62
DA:32,62
DA:33,62
DA:34,62
DA:35,62
DA:37,62
DA:38,62
DA:39,62
DA:40,62
DA:42,62
DA:43,62
DA:45,62
DA:47,62
DA:49,62
DA:50,2
DA:51,2
DA:52,2
DA:56,62
DA:57,24
DA:58,24
DA:59,24
DA:63,62
DA:66,62
DA:67,26
DA:68,1
DA:70,26
DA:71,26
DA:75,62
DA:76,26
DA:77,26
DA:78,26
DA:82,62
DA:83,32
DA:84,26
DA:85,26
DA:87,26
DA:89,0
DA:91,0
DA:92,0
DA:93,0
DA:94,0
DA:95,0
DA:96,0
DA:103,234
DA:104,26
DA:108,62
DA:109,48
DA:110,48
DA:111,48
DA:114,62
DA:115,2
DA:116,2
DA:117,2
DA:120,62
DA:121,3
DA:122,3
DA:123,3
DA:124,3
DA:125,3
DA:126,2
DA:128,2
DA:129,2
DA:133,62
DA:135,54
DA:138,2172
DA:139,6331
DA:142,54
DA:145,62
DA:148,62
DA:149,62
DA:150,62
DA:151,62
DA:152,62
DA:153,62
DA:158,20308
DA:162,2
DA:193,620
DA:194,620
DA:195,620
DA:203,3
DA:226,6
DA:233,1
DA:255,8
DA:269,560
DA:270,560
DA:271,507
DA:274,996
DA:279,996
LF:101
LH:93
BRDA:17,0,0,3
BRDA:17,0,1,25
BRDA:28,1,0,62
BRDA:50,2,0,0
BRDA:50,2,1,2
BRDA:59,3,0,23
BRDA:59,3,1,1
BRDA:68,4,0,1
BRDA:68,4,1,0
BRDA:68,5,0,1
BRDA:68,5,1,1
BRDA:76,6,0,1
BRDA:76,6,1,0
BRDA:83,7,0,6
BRDA:83,7,1,26
BRDA:85,8,0,0
BRDA:85,8,1,26
BRDA:89,9,0,0
BRDA:89,9,1,0
BRDA:94,10,0,0
BRDA:94,10,1,0
BRDA:96,11,0,0
BRDA:96,11,1,0
BRDA:103,12,0,234
BRDA:103,12,1,0
BRDA:109,13,0,0
BRDA:109,13,1,48
BRDA:125,14,0,1
BRDA:125,14,1,2
BRDA:125,15,0,3
BRDA:125,15,1,3
BRDA:133,16,0,6
BRDA:133,16,1,56
BRDA:139,17,0,2172
BRDA:139,17,1,2154
BRDA:148,18,0,62
BRDA:148,18,1,0
BRDA:149,19,0,62
BRDA:149,19,1,0
BRDA:150,20,0,62
BRDA:150,20,1,0
BRDA:151,21,0,62
BRDA:151,21,1,0
BRDA:152,22,0,62
BRDA:152,22,1,0
BRDA:153,23,0,62
BRDA:153,23,1,0
BRDA:175,24,0,2
BRDA:175,24,1,60
BRDA:179,25,0,62
BRDA:179,25,1,0
BRDA:180,26,0,62
BRDA:180,26,1,0
BRDA:181,27,0,62
BRDA:181,27,1,0
BRDA:194,28,0,620
BRDA:194,28,1,62
BRDA:206,29,0,56
BRDA:206,29,1,564
BRDA:206,30,0,564
BRDA:206,30,1,0
BRDA:207,31,0,56
BRDA:207,31,1,564
BRDA:208,32,0,56
BRDA:208,32,1,564
BRDA:231,33,0,62
BRDA:247,34,0,62
BRDA:247,34,1,6
BRDA:248,35,0,1
BRDA:248,35,1,5
BRDA:268,36,0,62
BRDA:268,36,1,56
BRDA:269,37,0,56
BRDA:269,37,1,504
BRDA:269,38,0,504
BRDA:269,38,1,0
BRDA:270,39,0,53
BRDA:270,39,1,507
BRDA:270,40,0,560
BRDA:270,40,1,56
BRF:80
BRH:57
end_of_record
TN:
SF:src/components/EmojiPicker/emojiData.ts
FNF:0
FNH:0
DA:11,572
DA:394,1650
DA:407,30
DA:408,2
LF:4
LH:4
BRF:0
BRH:0
end_of_record
TN:
SF:src/components/FlipText/FlipText.tsx
FN:14,FlipText
FN:26,(anonymous_2)
FN:33,(anonymous_3)
FN:38,(anonymous_4)
FN:44,(anonymous_5)
FN:57,(anonymous_6)
FN:58,(anonymous_7)
FN:63,(anonymous_8)
FN:74,(anonymous_9)
FN:79,(anonymous_10)
FN:88,(anonymous_11)
FNF:11
FNH:6
FNDA:11,FlipText
FNDA:1,(anonymous_2)
FNDA:19,(anonymous_3)
FNDA:9,(anonymous_4)
FNDA:10,(anonymous_5)
FNDA:0,(anonymous_6)
FNDA:0,(anonymous_7)
FNDA:0,(anonymous_8)
FNDA:0,(anonymous_9)
FNDA:0,(anonymous_10)
FNDA:1,(anonymous_11)
DA:3,1
DA:12,1
DA:14,10
DA:15,11
DA:16,11
DA:17,11
DA:18,11
DA:19,11
DA:20,11
DA:23,11
DA:24,11
DA:26,11
DA:27,1
DA:28,1
DA:29,1
DA:30,1
DA:33,11
DA:34,19
DA:38,11
DA:39,9
DA:40,9
DA:44,11
DA:45,10
DA:46,1
DA:48,1
DA:49,1
DA:52,1
DA:53,1
DA:54,1
DA:57,1
DA:58,0
DA:61,0
DA:63,0
DA:66,0
DA:69,0
DA:70,0
DA:74,0
DA:75,0
DA:76,0
DA:79,0
DA:80,0
DA:81,0
DA:88,1
DA:89,1
DA:90,1
DA:94,11
LF:46
LH:34
BRDA:28,0,0,0
BRDA:28,0,1,1
BRDA:29,1,0,0
BRDA:29,1,1,1
BRDA:34,2,0,15
BRDA:34,2,1,4
BRDA:34,3,0,19
BRDA:34,3,1,19
BRDA:45,4,0,9
BRDA:45,4,1,1
BRDA:48,5,0,0
BRDA:48,5,1,1
BRDA:49,6,0,0
BRDA:49,6,1,1
BRDA:66,7,0,0
BRDA:66,7,1,0
BRDA:76,8,0,0
BRDA:76,8,1,0
BRDA:89,9,0,1
BRDA:89,9,1,0
BRDA:90,10,0,0
BRDA:90,10,1,1
BRDA:114,11,0,2
BRDA:114,11,1,9
BRDA:117,12,0,2
BRDA:117,12,1,9
BRF:26
BRH:16
end_of_record
TN:
SF:src/components/GroupProfilePanel/GroupProfilePanel.tsx
FN:40,GroupProfilePanel
FN:56,(anonymous_3)
FN:58,(anonymous_4)
FN:58,(anonymous_5)
FN:62,(anonymous_6)
FN:64,(anonymous_7)
FN:89,(anonymous_8)
FN:100,(anonymous_9)
FN:109,(anonymous_10)
FN:111,(anonymous_11)
FN:115,(anonymous_12)
FN:116,(anonymous_13)
FN:126,(anonymous_14)
FN:130,(anonymous_15)
FN:131,(anonymous_16)
FN:134,(anonymous_17)
FN:138,(anonymous_18)
FN:162,(anonymous_19)
FN:166,(anonymous_20)
FN:167,(anonymous_21)
FN:172,(anonymous_22)
FN:175,(anonymous_23)
FN:194,(anonymous_24)
FN:208,(anonymous_25)
FN:212,(anonymous_26)
FN:221,(anonymous_27)
FN:230,(anonymous_28)
FN:240,(anonymous_29)
FN:259,(anonymous_30)
FN:273,(anonymous_31)
FN:277,(anonymous_32)
FN:288,(anonymous_33)
FN:297,(anonymous_34)
FN:309,(anonymous_35)
FN:318,(anonymous_36)
FN:320,(anonymous_37)
FN:334,(anonymous_38)
FN:343,(anonymous_39)
FN:345,(anonymous_40)
FN:359,(anonymous_41)
FN:363,(anonymous_42)
FN:366,(anonymous_43)
FN:384,(anonymous_44)
FN:389,(anonymous_45)
FN:400,(anonymous_46)
FN:439,(anonymous_47)
FN:449,(anonymous_48)
FN:478,(anonymous_49)
FN:478,(anonymous_50)
FN:501,(anonymous_51)
FN:501,(anonymous_52)
FN:532,(anonymous_53)
FN:572,(anonymous_54)
FN:573,(anonymous_55)
FN:582,(anonymous_56)
FN:582,(anonymous_57)
FN:590,(anonymous_58)
FN:591,(anonymous_59)
FN:612,(anonymous_60)
FN:613,(anonymous_61)
FN:623,(anonymous_62)
FN:634,(anonymous_63)
FN:634,(anonymous_64)
FN:635,(anonymous_65)
FN:636,(anonymous_66)
FN:645,(anonymous_67)
FN:651,(anonymous_68)
FN:695,(anonymous_69)
FN:700,(anonymous_70)
FNF:69
FNH:17
FNDA:15,GroupProfilePanel
FNDA:8,(anonymous_3)
FNDA:0,(anonymous_4)
FNDA:0,(anonymous_5)
FNDA:0,(anonymous_6)
FNDA:0,(anonymous_7)
FNDA:8,(anonymous_8)
FNDA:0,(anonymous_9)
FNDA:8,(anonymous_10)
FNDA:8,(anonymous_11)
FNDA:8,(anonymous_12)
FNDA:0,(anonymous_13)
FNDA:8,(anonymous_14)
FNDA:8,(anonymous_15)
FNDA:0,(anonymous_16)
FNDA:0,(anonymous_17)
FNDA:8,(anonymous_18)
FNDA:7,(anonymous_19)
FNDA:6,(anonymous_20)
FNDA:12,(anonymous_21)
FNDA:6,(anonymous_22)
FNDA:0,(anonymous_23)
FNDA:0,(anonymous_24)
FNDA:0,(anonymous_25)
FNDA:0,(anonymous_26)
FNDA:0,(anonymous_27)
FNDA:0,(anonymous_28)
FNDA:0,(anonymous_29)
FNDA:0,(anonymous_30)
FNDA:0,(anonymous_31)
FNDA:0,(anonymous_32)
FNDA:0,(anonymous_33)
FNDA:0,(anonymous_34)
FNDA:0,(anonymous_35)
FNDA:0,(anonymous_36)
FNDA:0,(anonymous_37)
FNDA:0,(anonymous_38)
FNDA:0,(anonymous_39)
FNDA:0,(anonymous_40)
FNDA:0,(anonymous_41)
FNDA:0,(anonymous_42)
FNDA:0,(anonymous_43)
FNDA:0,(anonymous_44)
FNDA:0,(anonymous_45)
FNDA:0,(anonymous_46)
FNDA:0,(anonymous_47)
FNDA:0,(anonymous_48)
FNDA:0,(anonymous_49)
FNDA:0,(anonymous_50)
FNDA:0,(anonymous_51)
FNDA:0,(anonymous_52)
FNDA:0,(anonymous_53)
FNDA:0,(anonymous_54)
FNDA:0,(anonymous_55)
FNDA:0,(anonymous_56)
FNDA:0,(anonymous_57)
FNDA:0,(anonymous_58)
FNDA:0,(anonymous_59)
FNDA:0,(anonymous_60)
FNDA:0,(anonymous_61)
FNDA:0,(anonymous_62)
FNDA:12,(anonymous_63)
FNDA:12,(anonymous_64)
FNDA:12,(anonymous_65)
FNDA:0,(anonymous_66)
FNDA:12,(anonymous_67)
FNDA:0,(anonymous_68)
FNDA:0,(anonymous_69)
FNDA:0,(anonymous_70)
DA:3,1
DA:4,1
DA:5,1
DA:6,1
DA:7,1
DA:8,1
DA:9,1
DA:10,1
DA:11,1
DA:12,1
DA:14,1
DA:40,8
DA:41,15
DA:42,15
DA:43,15
DA:45,15
DA:46,15
DA:47,15
DA:48,15
DA:49,15
DA:50,15
DA:52,15
DA:53,15
DA:54,15
DA:56,15
DA:57,8
DA:58,0
DA:62,15
DA:63,0
DA:64,0
DA:67,15
DA:68,15
DA:69,15
DA:70,15
DA:72,15
DA:73,15
DA:74,15
DA:75,15
DA:76,15
DA:78,15
DA:79,15
DA:80,15
DA:81,15
DA:83,15
DA:87,15
DA:89,15
DA:90,8
DA:91,8
DA:92,8
DA:95,7
DA:96,6
DA:97,6
DA:99,1
DA:100,1
DA:101,1
DA:103,0
DA:105,7
DA:109,15
DA:110,8
DA:111,8
DA:115,15
DA:116,8
DA:117,0
DA:118,0
DA:120,0
DA:122,0
DA:125,8
DA:126,8
DA:130,15
DA:131,8
DA:132,0
DA:133,0
DA:134,0
DA:137,8
DA:138,8
DA:141,15
DA:151,7
DA:162,7
DA:163,6
DA:164,6
DA:166,6
DA:167,6
DA:168,12
DA:169,6
DA:172,6
DA:175,6
DA:176,0
DA:177,0
DA:178,0
DA:179,0
DA:180,0
DA:181,0
DA:182,0
DA:184,0
DA:185,0
DA:186,0
DA:187,0
DA:189,0
DA:190,0
DA:191,0
DA:194,6
DA:195,0
DA:196,0
DA:197,0
DA:198,0
DA:199,0
DA:200,0
DA:201,0
DA:202,0
DA:207,0
DA:208,0
DA:209,0
DA:211,0
DA:212,0
DA:213,0
DA:215,0
DA:217,0
DA:221,6
DA:222,0
DA:223,0
DA:224,0
DA:225,0
DA:226,0
DA:230,0
DA:231,0
DA:233,0
DA:235,0
DA:240,6
DA:241,0
DA:242,0
DA:243,0
DA:244,0
DA:245,0
DA:246,0
DA:247,0
DA:249,0
DA:250,0
DA:251,0
DA:252,0
DA:254,0
DA:255,0
DA:256,0
DA:259,6
DA:260,0
DA:261,0
DA:262,0
DA:263,0
DA:264,0
DA:265,0
DA:266,0
DA:267,0
DA:272,0
DA:273,0
DA:274,0
DA:276,0
DA:277,0
DA:278,0
DA:279,0
DA:280,0
DA:282,0
DA:284,0
DA:288,6
DA:289,0
DA:290,0
DA:291,0
DA:292,0
DA:293,0
DA:297,0
DA:298,0
DA:299,0
DA:300,0
DA:302,0
DA:304,0
DA:309,6
DA:310,0
DA:311,0
DA:312,0
DA:313,0
DA:317,0
DA:318,0
DA:321,0
DA:324,0
DA:326,0
DA:327,0
DA:330,0
DA:334,6
DA:335,0
DA:336,0
DA:337,0
DA:338,0
DA:342,0
DA:343,0
DA:346,0
DA:349,0
DA:351,0
DA:352,0
DA:355,0
DA:359,6
DA:360,0
DA:361,0
DA:362,0
DA:363,0
DA:366,6
DA:367,0
DA:368,0
DA:369,0
DA:370,0
DA:371,0
DA:373,0
DA:374,0
DA:375,0
DA:376,0
DA:381,0
DA:382,0
DA:383,0
DA:384,0
DA:385,0
DA:386,0
DA:387,0
DA:389,0
DA:390,0
DA:393,0
DA:395,0
DA:396,0
DA:400,6
DA:401,0
DA:412,0
DA:413,0
DA:414,0
DA:415,0
DA:419,0
DA:420,0
DA:421,0
DA:422,0
DA:424,0
DA:425,0
DA:428,0
DA:439,0
DA:449,0
DA:478,0
DA:501,0
DA:532,0
DA:572,0
DA:573,0
DA:582,0
DA:590,0
DA:591,0
DA:612,0
DA:614,0
DA:615,0
DA:623,0
DA:634,12
DA:635,12
DA:636,0
DA:646,12
DA:647,12
DA:648,12
DA:649,12
DA:651,12
DA:652,0
DA:653,0
DA:655,0
DA:659,12
DA:661,12
DA:695,0
DA:700,0
LF:266
LH:94
BRDA:14,0,0,1
BRDA:14,0,1,1
BRDA:57,1,0,0
BRDA:57,1,1,8
BRDA:83,2,0,15
BRDA:83,2,1,0
BRDA:89,3,0,8
BRDA:91,4,0,8
BRDA:91,4,1,8
BRDA:95,5,0,1
BRDA:95,5,1,6
BRDA:99,6,0,1
BRDA:99,6,1,0
BRDA:117,7,0,0
BRDA:117,7,1,0
BRDA:117,8,0,0
BRDA:117,8,1,0
BRDA:120,9,0,0
BRDA:120,9,1,0
BRDA:120,10,0,0
BRDA:120,10,1,0
BRDA:120,10,2,0
BRDA:120,10,3,0
BRDA:133,11,0,0
BRDA:133,11,1,0
BRDA:134,12,0,0
BRDA:134,12,1,0
BRDA:141,13,0,8
BRDA:141,13,1,7
BRDA:151,14,0,1
BRDA:151,14,1,6
BRDA:151,15,0,7
BRDA:151,15,1,7
BRDA:164,16,0,6
BRDA:164,16,1,1
BRDA:168,17,0,0
BRDA:168,17,1,12
BRDA:168,18,0,6
BRDA:168,18,1,6
BRDA:168,19,0,0
BRDA:168,19,1,6
BRDA:177,20,0,0
BRDA:177,20,1,0
BRDA:179,21,0,0
BRDA:179,21,1,0
BRDA:184,22,0,0
BRDA:184,22,1,0
BRDA:199,23,0,0
BRDA:199,23,1,0
BRDA:207,24,0,0
BRDA:207,24,1,0
BRDA:209,25,0,0
BRDA:209,25,1,0
BRDA:212,26,0,0
BRDA:212,26,1,0
BRDA:215,27,0,0
BRDA:215,27,1,0
BRDA:225,28,0,0
BRDA:225,28,1,0
BRDA:230,29,0,0
BRDA:230,29,1,0
BRDA:242,30,0,0
BRDA:242,30,1,0
BRDA:244,31,0,0
BRDA:244,31,1,0
BRDA:249,32,0,0
BRDA:249,32,1,0
BRDA:264,33,0,0
BRDA:264,33,1,0
BRDA:272,34,0,0
BRDA:272,34,1,0
BRDA:274,35,0,0
BRDA:274,35,1,0
BRDA:277,36,0,0
BRDA:277,36,1,0
BRDA:282,37,0,0
BRDA:282,37,1,0
BRDA:292,38,0,0
BRDA:292,38,1,0
BRDA:297,39,0,0
BRDA:297,39,1,0
BRDA:310,40,0,0
BRDA:310,40,1,0
BRDA:312,41,0,0
BRDA:312,41,1,0
BRDA:317,42,0,0
BRDA:317,42,1,0
BRDA:318,43,0,0
BRDA:318,43,1,0
BRDA:321,44,0,0
BRDA:321,44,1,0
BRDA:327,45,0,0
BRDA:327,45,1,0
BRDA:335,46,0,0
BRDA:335,46,1,0
BRDA:337,47,0,0
BRDA:337,47,1,0
BRDA:342,48,0,0
BRDA:342,48,1,0
BRDA:343,49,0,0
BRDA:343,49,1,0
BRDA:346,50,0,0
BRDA:346,50,1,0
BRDA:352,51,0,0
BRDA:352,51,1,0
BRDA:360,52,0,0
BRDA:360,52,1,0
BRDA:360,53,0,0
BRDA:360,53,1,0
BRDA:367,54,0,0
BRDA:367,54,1,0
BRDA:369,55,0,0
BRDA:369,55,1,0
BRDA:369,56,0,0
BRDA:369,56,1,0
BRDA:375,57,0,0
BRDA:375,57,1,0
BRDA:381,58,0,0
BRDA:381,58,1,0
BRDA:384,59,0,0
BRDA:384,59,1,0
BRDA:390,60,0,0
BRDA:390,60,1,0
BRDA:403,61,0,0
BRDA:403,61,1,0
BRDA:412,62,0,0
BRDA:412,62,1,0
BRDA:414,63,0,0
BRDA:414,63,1,0
BRDA:419,64,0,0
BRDA:419,64,1,0
BRDA:425,65,0,0
BRDA:425,65,1,0
BRDA:435,66,0,6
BRDA:435,66,1,0
BRDA:445,67,0,6
BRDA:445,67,1,0
BRDA:462,68,0,6
BRDA:462,68,1,6
BRDA:465,69,0,0
BRDA:465,69,1,6
BRDA:468,70,0,6
BRDA:474,71,0,6
BRDA:474,71,1,5
BRDA:483,72,0,5
BRDA:489,73,0,0
BRDA:489,73,1,0
BRDA:490,74,0,0
BRDA:490,74,1,0
BRDA:493,75,0,0
BRDA:500,76,0,0
BRDA:500,76,1,0
BRDA:514,77,0,0
BRDA:514,78,0,0
BRDA:514,78,1,0
BRDA:516,79,0,0
BRDA:516,79,1,6
BRDA:521,80,0,6
BRDA:528,81,0,6
BRDA:528,81,1,5
BRDA:532,82,0,0
BRDA:532,82,1,0
BRDA:539,83,0,6
BRDA:546,84,0,0
BRDA:546,84,1,0
BRDA:547,85,0,0
BRDA:547,85,1,0
BRDA:550,86,0,0
BRDA:550,86,1,0
BRDA:553,87,0,0
BRDA:553,87,1,0
BRDA:562,88,0,0
BRDA:572,89,0,0
BRDA:572,89,1,0
BRDA:586,90,0,0
BRDA:586,90,1,0
BRDA:590,91,0,0
BRDA:590,91,1,0
BRDA:607,92,0,0
BRDA:614,93,0,0
BRDA:614,93,1,0
BRDA:615,94,0,0
BRDA:615,94,1,0
BRDA:621,95,0,0
BRDA:628,96,0,5
BRDA:628,96,1,1
BRDA:628,97,0,5
BRDA:628,97,1,1
BRDA:630,98,0,6
BRDA:634,99,0,6
BRDA:634,99,1,0
BRDA:635,100,0,6
BRDA:646,101,0,12
BRDA:646,101,1,0
BRDA:652,102,0,0
BRDA:652,102,1,0
BRDA:662,103,0,0
BRDA:662,103,1,12
BRDA:676,104,0,6
BRDA:676,104,1,6
BRDA:680,105,0,0
BRDA:685,106,0,12
BRDA:686,107,0,12
BRDA:686,107,1,6
BRDA:687,108,0,12
BRDA:692,109,0,12
BRDA:692,109,1,10
BRDA:692,109,2,5
BRDA:692,109,3,5
BRDA:694,110,0,5
BRDA:699,111,0,5
BRDA:699,111,1,5
BRF:212
BRH:58
end_of_record
TN:
SF:src/components/Lightbox/Lightbox.tsx
FN:13,Lightbox
FN:16,(anonymous_3)
FN:19,(anonymous_4)
FN:29,(anonymous_5)
FN:53,(anonymous_6)
FNF:5
FNH:4
FNDA:11,Lightbox
FNDA:11,(anonymous_3)
FNDA:2,(anonymous_4)
FNDA:10,(anonymous_5)
FNDA:0,(anonymous_6)
DA:3,1
DA:4,1
DA:13,11
DA:16,11
DA:17,11
DA:19,10
DA:20,2
DA:21,1
DA:25,10
DA:27,10
DA:29,10
DA:30,10
DA:31,10
DA:35,11
DA:53,0
LF:15
LH:14
BRDA:17,0,0,1
BRDA:17,0,1,10
BRDA:20,1,0,1
BRDA:20,1,1,1
BRDA:35,2,0,1
BRDA:35,2,1,10
BRDA:45,3,0,10
BRDA:52,4,0,10
BRDA:52,4,1,1
BRF:9
BRH:9
end_of_record
TN:
SF:src/components/LogViewerPanel/LogViewerPanel.tsx
FN:26,LogViewerPanel
FN:33,(anonymous_3)
FN:37,(anonymous_4)
FN:38,(anonymous_5)
FN:39,(anonymous_6)
FN:40,(anonymous_7)
FN:64,(anonymous_8)
FN:68,(anonymous_9)
FN:87,(anonymous_10)
FNF:9
FNH:9
FNDA:8,LogViewerPanel
FNDA:2,(anonymous_3)
FNDA:16,(anonymous_4)
FNDA:16,(anonymous_5)
FNDA:16,(anonymous_6)
FNDA:16,(anonymous_7)
FNDA:40,(anonymous_8)
FNDA:1,(anonymous_9)
FNDA:15,(anonymous_10)
DA:3,1
DA:4,1
DA:5,1
DA:7,1
DA:9,1
DA:18,1
DA:26,7
DA:27,8
DA:28,8
DA:29,8
DA:30,8
DA:31,8
DA:33,8
DA:35,8
DA:37,16
DA:38,16
DA:39,16
DA:40,16
DA:65,40
DA:68,1
DA:88,15
DA:89,15
LF:22
LH:22
BRDA:33,0,0,7
BRDA:33,0,1,1
BRDA:44,1,0,8
BRDA:44,1,1,0
BRDA:67,2,0,8
BRDA:67,2,1,32
BRDA:67,3,0,32
BRDA:67,3,1,8
BRDA:67,4,0,1
BRDA:67,4,1,39
BRDA:67,5,0,40
BRDA:67,5,1,8
BRDA:72,6,0,40
BRDA:81,7,0,0
BRDA:81,7,1,8
BRDA:84,8,0,0
BRDA:84,8,1,0
BRDA:88,9,0,15
BRDA:88,9,1,0
BRDA:99,10,0,15
BRDA:99,10,1,15
BRF:21
BRH:16
end_of_record
TN:
SF:src/components/Logo/Logo.tsx
FN:13,Logo
FN:42,(anonymous_2)
FNF:2
FNH:1
FNDA:11,Logo
FNDA:0,(anonymous_2)
DA:1,1
DA:2,1
DA:10,1
DA:13,11
DA:14,11
DA:20,11
DA:21,11
DA:22,11
DA:24,11
DA:42,0
LF:10
LH:9
BRDA:10,0,0,1
BRDA:10,0,1,1
BRDA:10,0,2,1
BRDA:13,1,0,7
BRDA:13,2,0,8
BRDA:22,3,0,2
BRDA:22,3,1,9
BRDA:24,4,0,0
BRDA:24,4,1,11
BRF:9
BRH:8
end_of_record
TN:
SF:src/components/MermaidDiagram/MermaidDiagram.tsx
FN:14,loadMermaid
FN:16,(anonymous_6)
FN:16,(anonymous_7)
FN:46,MermaidDiagram
FN:50,(anonymous_9)
FN:56,(anonymous_10)
FN:62,(anonymous_11)
FN:68,(anonymous_12)
FNF:8
FNH:7
FNDA:6,loadMermaid
FNDA:1,(anonymous_6)
FNDA:1,(anonymous_7)
FNDA:12,MermaidDiagram
FNDA:9,(anonymous_9)
FNDA:6,(anonymous_10)
FNDA:0,(anonymous_11)
FNDA:6,(anonymous_12)
DA:3,1
DA:4,1
DA:6,1
DA:12,1
DA:15,6
DA:16,1
DA:17,1
DA:18,1
DA:40,1
DA:43,6
DA:46,9
DA:47,12
DA:48,12
DA:50,12
DA:51,9
DA:53,6
DA:55,6
DA:57,6
DA:58,6
DA:59,6
DA:60,6
DA:63,0
DA:64,0
DA:65,0
DA:68,6
LF:25
LH:22
BRDA:15,0,0,1
BRDA:15,0,1,5
BRDA:51,1,0,3
BRDA:51,1,1,6
BRDA:57,2,0,0
BRDA:57,2,1,6
BRDA:60,3,0,6
BRDA:60,3,1,0
BRDA:64,4,0,0
BRDA:64,4,1,0
BRF:10
BRH:6
end_of_record
TN:
SF:src/components/MessageAudioPlayer/MessageAudioPlayer.tsx
FN:20,MessageAudioPlayer
FN:46,(anonymous_3)
FN:48,(anonymous_4)
FN:50,(anonymous_5)
FN:52,(anonymous_6)
FN:56,(anonymous_7)
FN:58,(anonymous_8)
FN:64,(anonymous_9)
FN:106,(anonymous_10)
FN:109,(anonymous_11)
FN:112,(anonymous_12)
FN:114,(anonymous_13)
FN:117,(anonymous_14)
FN:122,(anonymous_15)
FN:127,(anonymous_16)
FN:138,(anonymous_17)
FN:139,(anonymous_18)
FN:140,(anonymous_19)
FN:145,(anonymous_20)
FN:149,(anonymous_21)
FN:158,(anonymous_22)
FN:173,(anonymous_23)
FN:185,(anonymous_24)
FN:188,(anonymous_25)
FN:195,(anonymous_26)
FN:201,(anonymous_27)
FN:206,(anonymous_28)
FN:223,(anonymous_29)
FN:228,(anonymous_30)
FN:234,(anonymous_31)
FN:242,(anonymous_32)
FN:248,(anonymous_33)
FN:260,(anonymous_34)
FNF:33
FNH:16
FNDA:7,MessageAudioPlayer
FNDA:7,(anonymous_3)
FNDA:7,(anonymous_4)
FNDA:7,(anonymous_5)
FNDA:7,(anonymous_6)
FNDA:7,(anonymous_7)
FNDA:0,(anonymous_8)
FNDA:7,(anonymous_9)
FNDA:7,(anonymous_10)
FNDA:7,(anonymous_11)
FNDA:0,(anonymous_12)
FNDA:7,(anonymous_13)
FNDA:7,(anonymous_14)
FNDA:0,(anonymous_15)
FNDA:0,(anonymous_16)
FNDA:0,(anonymous_17)
FNDA:0,(anonymous_18)
FNDA:0,(anonymous_19)
FNDA:0,(anonymous_20)
FNDA:0,(anonymous_21)
FNDA:0,(anonymous_22)
FNDA:7,(anonymous_23)
FNDA:7,(anonymous_24)
FNDA:0,(anonymous_25)
FNDA:0,(anonymous_26)
FNDA:7,(anonymous_27)
FNDA:0,(anonymous_28)
FNDA:7,(anonymous_29)
FNDA:0,(anonymous_30)
FNDA:0,(anonymous_31)
FNDA:0,(anonymous_32)
FNDA:0,(anonymous_33)
FNDA:14,(anonymous_34)
DA:3,1
DA:4,1
DA:20,7
DA:34,7
DA:35,7
DA:36,7
DA:37,7
DA:41,7
DA:42,7
DA:44,7
DA:45,7
DA:46,7
DA:47,7
DA:48,7
DA:49,7
DA:50,7
DA:52,7
DA:53,7
DA:56,7
DA:57,7
DA:58,0
DA:62,7
DA:64,7
DA:65,7
DA:66,7
DA:67,7
DA:68,7
DA:69,7
DA:70,7
DA:71,0
DA:72,0
DA:73,0
DA:74,0
DA:75,0
DA:76,0
DA:77,0
DA:79,0
DA:80,0
DA:81,0
DA:82,0
DA:83,0
DA:84,0
DA:85,0
DA:86,0
DA:87,0
DA:88,0
DA:89,0
DA:90,0
DA:91,0
DA:92,0
DA:93,0
DA:94,0
DA:95,0
DA:98,0
DA:99,0
DA:100,0
DA:101,0
DA:106,7
DA:109,7
DA:110,7
DA:111,7
DA:112,7
DA:113,7
DA:114,7
DA:117,7
DA:118,7
DA:119,7
DA:122,7
DA:123,0
DA:127,7
DA:128,0
DA:129,0
DA:130,0
DA:131,0
DA:133,0
DA:134,0
DA:138,7
DA:139,7
DA:140,7
DA:141,0
DA:142,0
DA:143,0
DA:145,7
DA:146,0
DA:147,0
DA:149,7
DA:150,0
DA:151,0
DA:152,0
DA:153,0
DA:154,0
DA:155,0
DA:158,7
DA:159,0
DA:160,0
DA:161,0
DA:164,7
DA:165,7
DA:166,7
DA:167,7
DA:168,7
DA:169,7
DA:171,7
DA:173,7
DA:174,7
DA:175,7
DA:176,7
DA:177,7
DA:178,7
DA:179,7
DA:180,7
DA:185,7
DA:186,7
DA:188,0
DA:189,0
DA:190,0
DA:191,0
DA:194,0
DA:195,0
DA:199,7
DA:201,7
DA:202,7
DA:203,0
DA:204,0
DA:205,0
DA:206,0
DA:207,0
DA:208,0
DA:209,0
DA:210,0
DA:213,0
DA:214,0
DA:215,0
DA:216,0
DA:217,0
DA:223,7
DA:224,7
DA:225,0
DA:226,0
DA:227,0
DA:228,0
DA:229,0
DA:230,0
DA:234,7
DA:235,0
DA:236,0
DA:237,0
DA:238,0
DA:239,0
DA:240,0
DA:242,0
DA:243,0
DA:244,0
DA:248,7
DA:249,0
DA:250,0
DA:251,0
DA:252,0
DA:253,0
DA:254,0
DA:255,0
DA:256,0
DA:257,0
DA:260,7
DA:261,14
DA:262,7
DA:263,7
DA:264,7
DA:268,7
LF:169
LH:76
BRDA:30,0,0,7
BRDA:38,1,0,7
BRDA:38,1,1,0
BRDA:38,2,0,7
BRDA:38,2,1,7
BRDA:38,2,2,7
BRDA:38,2,3,7
BRDA:44,3,0,7
BRDA:44,3,1,7
BRDA:44,3,2,7
BRDA:44,3,3,7
BRDA:53,4,0,7
BRDA:53,4,1,0
BRDA:57,5,0,7
BRDA:57,5,1,0
BRDA:57,6,0,7
BRDA:57,6,1,7
BRDA:66,7,0,0
BRDA:66,7,1,7
BRDA:69,8,0,7
BRDA:69,8,1,7
BRDA:70,9,0,7
BRDA:70,9,1,0
BRDA:72,10,0,0
BRDA:72,10,1,0
BRDA:75,11,0,0
BRDA:75,11,1,0
BRDA:75,12,0,0
BRDA:75,12,1,0
BRDA:80,13,0,0
BRDA:80,13,1,0
BRDA:85,14,0,0
BRDA:85,14,1,0
BRDA:89,15,0,0
BRDA:89,15,1,0
BRDA:94,16,0,0
BRDA:94,16,1,0
BRDA:95,17,0,0
BRDA:95,17,1,0
BRDA:96,18,0,0
BRDA:96,18,1,0
BRDA:99,19,0,0
BRDA:99,19,1,0
BRDA:111,20,0,0
BRDA:111,20,1,7
BRDA:119,21,0,0
BRDA:119,21,1,7
BRDA:123,22,0,0
BRDA:123,22,1,0
BRDA:129,23,0,0
BRDA:129,23,1,0
BRDA:129,24,0,0
BRDA:129,24,1,0
BRDA:129,24,2,0
BRDA:129,24,3,0
BRDA:133,25,0,0
BRDA:133,25,1,0
BRDA:146,26,0,0
BRDA:146,26,1,0
BRDA:153,27,0,0
BRDA:153,27,1,0
BRDA:153,28,0,0
BRDA:153,28,1,0
BRDA:153,28,2,0
BRDA:154,29,0,0
BRDA:154,29,1,0
BRDA:186,30,0,7
BRDA:186,30,1,0
BRDA:186,31,0,7
BRDA:186,31,1,0
BRDA:189,32,0,0
BRDA:189,32,1,0
BRDA:189,33,0,0
BRDA:189,33,1,0
BRDA:202,34,0,7
BRDA:202,34,1,0
BRDA:204,35,0,0
BRDA:204,35,1,0
BRDA:205,36,0,0
BRDA:205,36,1,0
BRDA:205,37,0,0
BRDA:205,37,1,0
BRDA:205,37,2,0
BRDA:208,38,0,0
BRDA:208,38,1,0
BRDA:208,39,0,0
BRDA:208,39,1,0
BRDA:208,39,2,0
BRDA:209,40,0,0
BRDA:209,40,1,0
BRDA:214,41,0,0
BRDA:214,41,1,0
BRDA:214,42,0,0
BRDA:214,42,1,0
BRDA:217,43,0,0
BRDA:217,43,1,0
BRDA:217,44,0,0
BRDA:217,44,1,0
BRDA:217,44,2,0
BRDA:224,45,0,7
BRDA:224,45,1,0
BRDA:224,46,0,7
BRDA:224,46,1,0
BRDA:227,47,0,0
BRDA:227,47,1,0
BRDA:227,48,0,0
BRDA:227,48,1,0
BRDA:230,49,0,0
BRDA:230,49,1,0
BRDA:230,50,0,0
BRDA:230,50,1,0
BRDA:230,50,2,0
BRDA:236,51,0,0
BRDA:236,51,1,0
BRDA:236,52,0,0
BRDA:236,52,1,0
BRDA:237,53,0,0
BRDA:237,53,1,0
BRDA:240,54,0,0
BRDA:240,54,1,0
BRDA:240,55,0,0
BRDA:240,55,1,0
BRDA:240,55,2,0
BRDA:244,56,0,0
BRDA:244,56,1,0
BRDA:244,57,0,0
BRDA:244,57,1,0
BRDA:244,57,2,0
BRDA:249,58,0,0
BRDA:249,58,1,0
BRDA:249,59,0,0
BRDA:249,59,1,0
BRDA:249,59,2,0
BRDA:251,60,0,0
BRDA:251,60,1,0
BRDA:253,61,0,0
BRDA:253,61,1,0
BRDA:261,62,0,7
BRDA:261,62,1,7
BRDA:261,63,0,14
BRDA:261,63,1,7
BRDA:261,63,2,7
BRDA:268,64,0,7
BRDA:268,64,1,7
BRDA:268,64,2,7
BRDA:279,65,0,7
BRDA:279,65,1,0
BRDA:287,66,0,0
BRDA:287,66,1,7
BRDA:290,67,0,7
BRDA:292,68,0,0
BRDA:300,69,0,0
BRDA:300,69,1,7
BRDA:306,70,0,7
BRDA:306,70,1,0
BRF:155
BRH:38
end_of_record
TN:
SF:src/components/MessageAudioPlayer/index.ts
FNF:0
FNH:0
DA:1,0
LF:1
LH:0
BRF:0
BRH:0
end_of_record
TN:
SF:src/components/MessageBubble/CodeBlock.tsx
FN:30,tokenise
FN:124,parseCodeBlocks
FN:133,(anonymous_6)
FN:141,(anonymous_7)
FN:199,CodeBlock
FN:202,(anonymous_9)
FN:203,(anonymous_10)
FN:205,(anonymous_11)
FN:218,(anonymous_12)
FN:230,(anonymous_13)
FNF:10
FNH:2
FNDA:0,tokenise
FNDA:35,parseCodeBlocks
FNDA:35,(anonymous_6)
FNDA:0,(anonymous_7)
FNDA:0,CodeBlock
FNDA:0,(anonymous_9)
FNDA:0,(anonymous_10)
FNDA:0,(anonymous_11)
FNDA:0,(anonymous_12)
FNDA:0,(anonymous_13)
DA:3,1
DA:4,1
DA:9,1
DA:31,0
DA:32,0
DA:34,0
DA:36,0
DA:37,0
DA:38,0
DA:39,0
DA:40,0
DA:41,0
DA:44,0
DA:45,0
DA:46,0
DA:47,0
DA:48,0
DA:49,0
DA:52,0
DA:53,0
DA:54,0
DA:55,0
DA:56,0
DA:57,0
DA:60,0
DA:61,0
DA:62,0
DA:63,0
DA:64,0
DA:66,0
DA:67,0
DA:68,0
DA:71,0
DA:72,0
DA:73,0
DA:74,0
DA:75,0
DA:76,0
DA:78,0
DA:79,0
DA:80,0
DA:83,0
DA:84,0
DA:85,0
DA:86,0
DA:87,0
DA:88,0
DA:91,0
DA:92,0
DA:93,0
DA:94,0
DA:95,0
DA:96,0
DA:97,0
DA:100,0
DA:101,0
DA:102,0
DA:103,0
DA:106,0
DA:107,0
DA:108,0
DA:109,0
DA:112,0
DA:113,0
DA:115,0
DA:124,35
DA:125,35
DA:126,35
DA:128,35
DA:129,35
DA:130,35
DA:131,35
DA:133,35
DA:134,35
DA:135,35
DA:137,35
DA:138,35
DA:141,35
DA:142,0
DA:143,0
DA:144,0
DA:147,35
DA:148,35
DA:150,35
DA:152,35
DA:153,35
DA:154,0
DA:155,0
DA:156,0
DA:159,35
DA:160,0
DA:161,0
DA:162,0
DA:163,0
DA:165,35
DA:168,0
DA:169,0
DA:170,0
DA:171,0
DA:173,0
DA:178,35
DA:179,0
DA:180,0
DA:181,0
DA:183,0
DA:184,0
DA:187,35
DA:189,35
DA:199,0
DA:200,0
DA:202,0
DA:203,0
DA:204,0
DA:205,0
DA:209,0
DA:218,0
DA:231,0
LF:117
LH:26
BRDA:36,0,0,0
BRDA:36,0,1,0
BRDA:36,1,0,0
BRDA:36,1,1,0
BRDA:38,2,0,0
BRDA:38,2,1,0
BRDA:44,3,0,0
BRDA:44,3,1,0
BRDA:46,4,0,0
BRDA:46,4,1,0
BRDA:52,5,0,0
BRDA:52,5,1,0
BRDA:52,6,0,0
BRDA:52,6,1,0
BRDA:54,7,0,0
BRDA:54,7,1,0
BRDA:60,8,0,0
BRDA:60,8,1,0
BRDA:62,9,0,0
BRDA:62,9,1,0
BRDA:63,10,0,0
BRDA:63,10,1,0
BRDA:71,11,0,0
BRDA:71,11,1,0
BRDA:71,12,0,0
BRDA:71,12,1,0
BRDA:74,13,0,0
BRDA:74,13,1,0
BRDA:75,14,0,0
BRDA:75,14,1,0
BRDA:83,15,0,0
BRDA:83,15,1,0
BRDA:83,16,0,0
BRDA:83,16,1,0
BRDA:83,16,2,0
BRDA:83,17,0,0
BRDA:83,17,1,0
BRDA:84,18,0,0
BRDA:84,18,1,0
BRDA:85,19,0,0
BRDA:85,19,1,0
BRDA:91,20,0,0
BRDA:91,20,1,0
BRDA:93,21,0,0
BRDA:93,21,1,0
[...]
BRDA:206,28,0,0
BRDA:206,28,1,0
BRDA:206,29,0,0
BRDA:206,29,1,0
BRDA:217,30,0,0
BRDA:217,30,1,0
BRDA:217,31,0,0
BRDA:217,31,1,0
BRDA:228,32,0,0
BRDA:228,32,1,0
BRDA:244,33,0,0
BRDA:244,33,1,0
BRDA:274,34,0,0
BRDA:274,34,1,0
BRDA:304,35,0,0
BRDA:304,35,1,0
BRDA:310,36,0,0
BRDA:310,36,1,0
BRF:72
BRH:17
end_of_record
TN:
SF:src/hooks/useMessageInput.ts
FN:26,useMessageInput
FN:54,(anonymous_2)
FN:66,(anonymous_3)
FN:74,(anonymous_4)
FN:86,(anonymous_5)
FN:107,(anonymous_6)
FN:110,(anonymous_7)
FN:111,(anonymous_8)
FN:131,(anonymous_9)
FN:200,(anonymous_10)
FN:201,(anonymous_11)
FN:206,(anonymous_12)
FN:211,(anonymous_13)
FN:213,(anonymous_14)
FN:217,(anonymous_15)
FN:219,(anonymous_16)
FN:222,(anonymous_17)
FN:223,(anonymous_18)
FN:231,(anonymous_19)
FN:237,(anonymous_20)
FN:250,(anonymous_21)
FN:252,(anonymous_22)
FN:253,(anonymous_23)
FN:258,(anonymous_24)
FN:260,(anonymous_25)
FN:262,(anonymous_26)
FN:262,(anonymous_27)
FN:266,(anonymous_28)
FN:363,(anonymous_29)
FN:423,(anonymous_30)
FN:429,(anonymous_31)
FNF:31
FNH:4
FNDA:3,useMessageInput
FNDA:3,(anonymous_2)
FNDA:0,(anonymous_3)
FNDA:0,(anonymous_4)
FNDA:0,(anonymous_5)
FNDA:3,(anonymous_6)
FNDA:3,(anonymous_7)
FNDA:0,(anonymous_8)
FNDA:0,(anonymous_9)
FNDA:0,(anonymous_10)
FNDA:0,(anonymous_11)
FNDA:0,(anonymous_12)
FNDA:0,(anonymous_13)
FNDA:0,(anonymous_14)
FNDA:0,(anonymous_15)
FNDA:0,(anonymous_16)
FNDA:0,(anonymous_17)
FNDA:0,(anonymous_18)
FNDA:0,(anonymous_19)
FNDA:0,(anonymous_20)
FNDA:0,(anonymous_21)
FNDA:0,(anonymous_22)
FNDA:0,(anonymous_23)
FNDA:0,(anonymous_24)
FNDA:0,(anonymous_25)
FNDA:0,(anonymous_26)
FNDA:0,(anonymous_27)
FNDA:0,(anonymous_28)
FNDA:0,(anonymous_29)
FNDA:0,(anonymous_30)
FNDA:0,(anonymous_31)
DA:3,1
DA:4,1
DA:5,1
DA:6,1
DA:7,1
DA:8,1
DA:11,1
DA:26,3
DA:38,3
DA:39,3
DA:41,3
DA:42,3
DA:43,3
DA:44,3
DA:46,3
DA:47,3
DA:48,3
DA:50,3
DA:53,3
DA:54,3
DA:55,3
DA:56,0
DA:57,0
DA:58,3
DA:59,0
DA:60,0
DA:66,3
DA:67,0
DA:68,0
DA:69,0
DA:70,0
DA:71,0
DA:74,3
DA:75,0
DA:76,0
DA:78,0
DA:80,0
DA:81,0
DA:82,0
DA:83,0
DA:85,0
DA:86,0
DA:87,0
DA:88,0
DA:93,0
DA:94,0
DA:98,0
DA:99,0
DA:100,0
DA:107,3
DA:108,3
DA:110,3
DA:111,3
DA:112,3
DA:113,0
DA:114,0
DA:131,3
DA:132,0
DA:134,0
DA:135,0
DA:137,0
DA:138,0
DA:141,0
DA:142,0
DA:143,0
DA:144,0
DA:145,0
DA:146,0
DA:147,0
DA:150,0
DA:151,0
DA:152,0
DA:172,0
DA:174,0
DA:175,0
DA:176,0
DA:178,0
DA:179,0
DA:194,0
DA:200,3
DA:201,0
DA:206,3
DA:207,0
DA:208,0
DA:210,0
DA:211,0
DA:212,0
DA:213,0
DA:214,0
DA:217,0
DA:218,0
DA:219,0
DA:220,0
DA:221,0
DA:222,0
DA:223,0
DA:224,0
DA:225,0
DA:226,0
DA:229,0
DA:230,0
DA:231,0
DA:232,0
DA:233,0
DA:234,0
DA:237,0
DA:238,0
DA:239,0
DA:240,0
DA:244,0
DA:247,0
DA:250,3
DA:251,0
DA:252,0
DA:253,0
DA:254,0
DA:256,0
DA:258,0
DA:259,0
DA:260,0
DA:262,0
DA:266,3
DA:267,0
DA:268,0
DA:269,0
DA:270,0
DA:271,0
DA:272,0
DA:273,0
DA:274,0
DA:275,0
DA:276,0
DA:277,0
DA:281,0
DA:282,0
DA:283,0
DA:284,0
DA:285,0
DA:291,0
DA:292,0
DA:293,0
DA:294,0
DA:295,0
DA:296,0
DA:297,0
DA:299,0
DA:300,0
DA:302,0
DA:307,0
DA:308,0
DA:310,0
DA:311,0
DA:312,0
DA:314,0
DA:330,0
DA:331,0
DA:341,0
DA:342,0
DA:343,0
DA:350,0
DA:351,0
DA:352,0
DA:354,0
DA:355,0
DA:357,0
DA:363,3
DA:364,0
DA:365,0
DA:366,0
DA:368,0
DA:369,0
DA:370,0
DA:371,0
DA:372,0
DA:373,0
DA:374,0
DA:375,0
DA:376,0
DA:379,0
DA:382,0
DA:383,0
DA:388,0
DA:389,0
DA:390,0
DA:391,0
DA:407,0
DA:408,0
DA:414,0
DA:416,0
DA:417,0
DA:419,0
DA:423,3
DA:424,0
DA:425,0
DA:429,3
DA:430,0
DA:431,0
DA:435,3
LF:198
LH:38
BRDA:11,0,0,1
BRDA:11,0,1,1
BRDA:55,1,0,0
BRDA:55,1,1,3
BRDA:56,2,0,0
BRDA:56,2,1,0
BRDA:58,3,0,0
BRDA:58,3,1,3
BRDA:67,4,0,0
BRDA:67,4,1,0
BRDA:67,5,0,0
BRDA:67,5,1,0
BRDA:67,5,2,0
BRDA:70,6,0,0
BRDA:70,6,1,0
BRDA:78,7,0,0
BRDA:78,7,1,0
BRDA:78,8,0,0
BRDA:78,8,1,0
BRDA:78,8,2,0
BRDA:80,9,0,0
BRDA:80,9,1,0
BRDA:80,10,0,0
BRDA:80,10,1,0
BRDA:85,11,0,0
BRDA:85,11,1,0
BRDA:87,12,0,0
BRDA:87,12,1,0
BRDA:87,13,0,0
BRDA:87,13,1,0
BRDA:87,13,2,0
BRDA:93,14,0,0
BRDA:93,14,1,0
BRDA:93,15,0,0
BRDA:93,15,1,0
BRDA:98,16,0,0
BRDA:98,16,1,0
BRDA:99,17,0,0
BRDA:99,17,1,0
BRDA:108,18,0,0
BRDA:108,18,1,3
BRDA:108,19,0,3
BRDA:108,19,1,3
BRDA:108,19,2,3
BRDA:112,20,0,3
BRDA:112,20,1,0
BRDA:118,21,0,0
BRDA:118,21,1,0
BRDA:119,22,0,0
BRDA:119,22,1,0
BRDA:120,23,0,0
BRDA:120,23,1,0
BRDA:121,24,0,0
BRDA:121,24,1,0
BRDA:122,25,0,0
BRDA:122,25,1,0
BRDA:123,26,0,0
BRDA:123,26,1,0
BRDA:124,27,0,0
BRDA:124,27,1,0
BRDA:132,28,0,0
BRDA:132,28,1,0
BRDA:135,29,0,0
BRDA:135,29,1,0
BRDA:137,30,0,0
BRDA:137,30,1,0
BRDA:141,31,0,0
BRDA:141,31,1,0
BRDA:142,32,0,0
BRDA:142,32,1,0
BRDA:142,33,0,0
BRDA:142,33,1,0
BRDA:150,34,0,0
BRDA:150,34,1,0
BRDA:158,35,0,0
BRDA:158,35,1,0
BRDA:161,36,0,0
BRDA:161,36,1,0
BRDA:164,37,0,0
BRDA:164,37,1,0
BRDA:178,38,0,0
BRDA:178,38,1,0
BRDA:183,39,0,0
BRDA:183,39,1,0
BRDA:207,40,0,0
BRDA:207,40,1,0
BRDA:208,41,0,0
BRDA:208,41,1,0
BRDA:212,42,0,0
BRDA:212,42,1,0
BRDA:220,43,0,0
BRDA:220,43,1,0
BRDA:230,44,0,0
BRDA:230,44,1,0
BRDA:251,45,0,0
BRDA:251,45,1,0
BRDA:253,46,0,0
BRDA:253,46,1,0
BRDA:259,47,0,0
BRDA:259,47,1,0
BRDA:267,48,0,0
BRDA:267,48,1,0
BRDA:267,49,0,0
BRDA:267,49,1,0
BRDA:267,49,2,0
BRDA:267,49,3,0
BRDA:276,50,0,0
BRDA:276,50,1,0
BRDA:276,51,0,0
BRDA:276,51,1,0
BRDA:276,52,0,0
BRDA:276,52,1,0
BRDA:277,53,0,0
BRDA:277,53,1,0
BRDA:277,54,0,0
BRDA:277,54,1,0
BRDA:281,55,0,0
BRDA:281,55,1,0
BRDA:295,56,0,0
BRDA:295,56,1,0
BRDA:296,57,0,0
BRDA:296,57,1,0
BRDA:299,58,0,0
BRDA:299,58,1,0
BRDA:307,59,0,0
BRDA:307,59,1,0
BRDA:310,60,0,0
BRDA:310,60,1,0
BRDA:311,61,0,0
BRDA:311,61,1,0
BRDA:312,62,0,0
BRDA:312,62,1,0
BRDA:312,63,0,0
BRDA:312,63,1,0
BRDA:315,64,0,0
BRDA:315,64,1,0
BRDA:341,65,0,0
BRDA:341,65,1,0
BRDA:341,66,0,0
BRDA:341,66,1,0
BRDA:341,66,2,0
BRDA:341,66,3,0
BRDA:350,67,0,0
BRDA:350,67,1,0
BRDA:352,68,0,0
BRDA:352,68,1,0
BRDA:364,69,0,0
BRDA:364,69,1,0
BRDA:364,70,0,0
BRDA:364,70,1,0
BRDA:364,70,2,0
BRDA:379,71,0,0
BRDA:379,71,1,0
BRDA:388,72,0,0
BRDA:388,72,1,0
BRDA:390,73,0,0
BRDA:390,73,1,0
BRDA:392,74,0,0
BRDA:392,74,1,0
BRDA:424,75,0,0
BRDA:424,75,1,0
BRDA:424,76,0,0
BRDA:424,76,1,0
BRDA:424,76,2,0
BRDA:430,77,0,0
BRDA:430,77,1,0
BRDA:430,78,0,0
BRDA:430,78,1,0
BRF:168
BRH:9
end_of_record
TN:
SF:src/hooks/useMessageToast.ts
FN:15,useMessageToast
FN:29,(anonymous_2)
FN:30,(anonymous_3)
FN:31,(anonymous_4)
FN:33,(anonymous_5)
FN:36,(anonymous_6)
FN:44,(anonymous_7)
FN:66,(anonymous_8)
FN:73,(anonymous_9)
FNF:9
FNH:7
FNDA:5,useMessageToast
FNDA:5,(anonymous_2)
FNDA:5,(anonymous_3)
FNDA:5,(anonymous_4)
FNDA:5,(anonymous_5)
FNDA:3,(anonymous_6)
FNDA:0,(anonymous_7)
FNDA:0,(anonymous_8)
FNDA:5,(anonymous_9)
DA:3,1
DA:4,1
DA:5,1
DA:6,1
DA:15,5
DA:19,5
DA:20,5
DA:21,5
DA:25,5
DA:26,5
DA:27,5
DA:29,5
DA:30,5
DA:31,5
DA:33,5
DA:34,5
DA:36,5
DA:37,3
DA:40,3
DA:43,2
DA:44,2
DA:45,2
DA:47,2
DA:51,2
DA:52,1
DA:53,0
DA:54,0
DA:55,0
DA:56,1
DA:59,2
DA:61,2
DA:62,2
DA:66,0
DA:72,5
DA:73,5
LF:35
LH:31
BRDA:34,0,0,0
BRDA:34,0,1,5
BRDA:40,1,0,1
BRDA:40,1,1,2
BRDA:44,2,0,0
BRDA:44,2,1,0
BRDA:45,3,0,0
BRDA:45,3,1,2
BRDA:47,4,0,2
BRDA:47,4,1,0
BRDA:47,4,2,0
BRDA:51,5,0,1
BRDA:51,5,1,0
BRDA:51,5,2,0
BRDA:51,5,3,0
BRDA:51,5,4,1
BRDA:55,6,0,0
BRDA:55,6,1,0
BRDA:56,7,0,1
BRDA:56,7,1,0
BRDA:59,8,0,0
BRDA:59,8,1,2
BRDA:68,9,0,0
BRDA:68,9,1,2
BRF:24
BRH:10
end_of_record
TN:
SF:src/hooks/useOfflineSync.ts
FN:6,useOfflineSync
FN:10,(anonymous_2)
FN:15,(anonymous_3)
FN:32,(anonymous_4)
FN:39,(anonymous_5)
FNF:5
FNH:5
FNDA:8,useOfflineSync
FNDA:5,(anonymous_2)
FNDA:1,(anonymous_3)
FNDA:1,(anonymous_4)
FNDA:5,(anonymous_5)
DA:3,1
DA:4,1
DA:6,8
DA:7,8
DA:8,8
DA:10,8
DA:12,5
DA:15,5
DA:16,1
DA:19,1
DA:20,1
DA:21,1
DA:22,1
DA:23,1
DA:25,0
DA:27,1
DA:32,5
DA:33,1
DA:36,5
DA:37,5
DA:39,5
DA:40,5
DA:41,5
DA:45,8
LF:24
LH:23
BRDA:20,0,0,1
BRDA:20,0,1,0
BRF:2
BRH:1
end_of_record
TN:
SF:src/hooks/useOpenUserProfile.ts
FN:12,useOpenUserProfile
FN:15,(anonymous_6)
FNF:2
FNH:2
FNDA:4,useOpenUserProfile
FNDA:3,(anonymous_6)
DA:3,1
DA:5,1
DA:6,1
DA:12,4
DA:13,4
DA:15,4
DA:16,3
DA:17,3
LF:8
LH:8
BRDA:16,0,0,3
BRDA:16,0,1,2
BRDA:20,1,0,3
BRDA:20,1,1,1
BRF:4
BRH:4
end_of_record
TN:
SF:src/hooks/useTTS.ts
FN:5,useTTS
FN:10,(anonymous_2)
FN:12,(anonymous_3)
FN:20,(anonymous_4)
FN:38,(anonymous_5)
FN:39,(anonymous_6)
FN:40,(anonymous_7)
FN:47,(anonymous_8)
FNF:8
FNH:5
FNDA:19,useTTS
FNDA:6,(anonymous_2)
FNDA:6,(anonymous_3)
FNDA:6,(anonymous_4)
FNDA:0,(anonymous_5)
FNDA:0,(anonymous_6)
FNDA:0,(anonymous_7)
FNDA:1,(anonymous_8)
DA:3,1
DA:5,19
DA:6,19
DA:7,19
DA:8,19
DA:10,19
DA:11,6
DA:12,6
DA:14,6
DA:15,6
DA:20,19
DA:21,6
DA:24,6
DA:25,1
DA:26,1
DA:27,1
DA:31,5
DA:33,5
DA:34,5
DA:35,5
DA:36,5
DA:38,5
DA:39,5
DA:40,5
DA:42,5
DA:43,5
DA:44,5
DA:47,19
DA:48,1
DA:49,1
DA:50,1
DA:53,19
LF:32
LH:32
BRDA:11,0,0,6
BRDA:11,0,1,6
BRDA:14,1,0,6
BRDA:14,1,1,0
BRDA:14,2,0,6
BRDA:14,2,1,6
BRDA:21,3,0,0
BRDA:21,3,1,6
BRDA:24,4,0,1
BRDA:24,4,1,5
BRDA:48,5,0,0
BRDA:48,5,1,1
BRF:12
BRH:9
end_of_record
TN:
SF:src/lib/aiBot.ts
FN:9,isAIBot
FNF:1
FNH:1
FNDA:6,isAIBot
DA:6,0
DA:7,2
DA:9,6
DA:10,6
LF:4
LH:3
BRDA:7,0,0,2
BRDA:7,0,1,2
BRF:2
BRH:2
end_of_record
TN:
SF:src/lib/api.ts
FN:5,(anonymous_3)
FN:20,(anonymous_4)
FN:35,(anonymous_5)
FN:50,(anonymous_6)
FN:67,(anonymous_7)
FNF:5
FNH:0
FNDA:0,(anonymous_3)
FNDA:0,(anonymous_4)
FNDA:0,(anonymous_5)
FNDA:0,(anonymous_6)
FNDA:0,(anonymous_7)
DA:1,1
DA:3,1
DA:6,0
DA:12,0
DA:13,0
DA:14,0
DA:17,0
DA:21,0
DA:27,0
DA:28,0
DA:29,0
DA:32,0
DA:36,0
DA:42,0
DA:43,0
DA:44,0
DA:47,0
DA:51,0
DA:57,0
DA:58,0
DA:59,0
DA:62,0
DA:68,0
DA:72,0
DA:73,0
DA:78,1
LF:26
LH:3
BRDA:1,0,0,1
BRDA:1,0,1,1
BRDA:12,1,0,0
BRDA:12,1,1,0
BRDA:14,2,0,0
BRDA:14,2,1,0
BRDA:27,3,0,0
BRDA:27,3,1,0
BRDA:29,4,0,0
BRDA:29,4,1,0
BRDA:42,5,0,0
BRDA:42,5,1,0
BRDA:44,6,0,0
BRDA:44,6,1,0
BRDA:57,7,0,0
BRDA:57,7,1,0
BRDA:59,8,0,0
BRDA:59,8,1,0
BRDA:72,9,0,0
BRDA:72,9,1,0
BRF:20
BRH:2
end_of_record
TN:
SF:src/lib/auth.ts
FN:16,(anonymous_7)
FN:33,(anonymous_8)
FN:55,(anonymous_9)
FN:64,(anonymous_10)
FN:78,(anonymous_11)
FN:92,(anonymous_12)
FNF:6
FNH:0
FNDA:0,(anonymous_7)
FNDA:0,(anonymous_8)
FNDA:0,(anonymous_9)
FNDA:0,(anonymous_10)
FNDA:0,(anonymous_11)
FNDA:0,(anonymous_12)
DA:16,0
DA:17,0
DA:18,0
DA:19,0
DA:20,0
DA:22,0
DA:24,0
DA:25,0
DA:33,0
DA:34,0
DA:35,0
DA:36,0
DA:37,0
DA:39,0
DA:41,0
DA:42,0
DA:43,0
DA:45,0
DA:47,0
DA:48,0
DA:55,0
DA:56,0
DA:57,0
DA:58,0
DA:64,0
DA:65,0
DA:66,0
DA:67,0
DA:68,0
DA:70,0
DA:71,0
DA:78,0
DA:79,0
DA:80,0
DA:81,0
DA:82,0
DA:84,0
DA:92,0
DA:93,0
DA:94,0
DA:96,0
DA:99,0
DA:100,0
DA:104,0
DA:105,0
DA:109,0
DA:110,0
DA:111,0
DA:112,0
DA:113,0
DA:116,0
DA:120,0
DA:121,0
DA:122,0
LF:54
LH:0
BRDA:19,0,0,0
BRDA:19,0,1,0
BRDA:19,1,0,0
BRDA:19,1,1,0
BRDA:19,1,2,0
BRDA:36,2,0,0
BRDA:36,2,1,0
BRDA:36,3,0,0
BRDA:36,3,1,0
BRDA:36,3,2,0
BRDA:41,4,0,0
BRDA:41,4,1,0
BRDA:41,5,0,0
BRDA:41,5,1,0
BRDA:58,6,0,0
BRDA:58,6,1,0
BRDA:99,7,0,0
BRDA:99,7,1,0
BRDA:99,8,0,0
BRDA:99,8,1,0
BRDA:99,8,2,0
BRDA:104,9,0,0
BRDA:104,9,1,0
BRDA:104,10,0,0
BRDA:104,10,1,0
BRDA:104,10,2,0
BRDA:109,11,0,0
BRDA:109,11,1,0
BRDA:109,12,0,0
BRDA:109,12,1,0
BRDA:109,12,2,0
BRDA:112,13,0,0
BRDA:112,13,1,0
BRDA:112,14,0,0
BRDA:112,14,1,0
BRDA:120,15,0,0
BRDA:120,15,1,0
BRF:37
BRH:0
end_of_record
TN:
SF:src/lib/authUtils.ts
FN:4,saveAuthToken
FN:17,clearAuthToken
FNF:2
FNH:1
FNDA:4,saveAuthToken
FNDA:0,clearAuthToken
DA:4,4
DA:5,4
DA:6,4
DA:9,4
DA:11,4
DA:17,0
DA:18,0
DA:19,0
DA:22,0
DA:24,0
LF:10
LH:5
BRF:0
BRH:0
end_of_record
TN:
SF:src/lib/coverImageService.ts
FN:11,saveCoverImageLocally
FN:34,getCoverImageLocally
FN:43,getCoverImageURL
FN:69,uploadCoverImageToServer
FN:119,deleteCoverImageLocally
FN:129,deleteCoverImage
FN:155,getUnsyncedCoverImages
FN:162,syncCoverImages
FN:181,createThumbnail
FN:186,(anonymous_19)
FN:191,(anonymous_20)
FN:214,(anonymous_21)
FN:226,(anonymous_22)
FN:234,validateCoverImage
FNF:14
FNH:0
FNDA:0,saveCoverImageLocally
FNDA:0,getCoverImageLocally
FNDA:0,getCoverImageURL
FNDA:0,uploadCoverImageToServer
FNDA:0,deleteCoverImageLocally
FNDA:0,deleteCoverImage
FNDA:0,getUnsyncedCoverImages
FNDA:0,syncCoverImages
FNDA:0,createThumbnail
FNDA:0,(anonymous_19)
FNDA:0,(anonymous_20)
FNDA:0,(anonymous_21)
FNDA:0,(anonymous_22)
FNDA:0,validateCoverImage
DA:1,0
DA:11,0
DA:16,0
DA:18,0
DA:27,0
DA:28,0
DA:34,0
DA:37,0
DA:43,0
DA:47,0
DA:49,0
DA:50,0
DA:54,0
DA:55,0
DA:59,0
DA:63,0
DA:69,0
DA:73,0
DA:75,0
DA:76,0
DA:79,0
DA:80,0
DA:84,0
DA:85,0
DA:88,0
DA:99,0
DA:100,0
DA:103,0
DA:104,0
DA:107,0
DA:112,0
DA:113,0
DA:119,0
DA:122,0
DA:123,0
DA:129,0
DA:134,0
DA:137,0
DA:147,0
DA:148,0
DA:155,0
DA:156,0
DA:162,0
DA:163,0
DA:165,0
DA:167,0
DA:168,0
DA:169,0
DA:171,0
DA:175,0
DA:186,0
DA:187,0
DA:188,0
DA:189,0
DA:191,0
DA:193,0
DA:194,0
DA:196,0
DA:197,0
DA:198,0
DA:199,0
DA:202,0
DA:203,0
DA:204,0
DA:208,0
DA:209,0
DA:211,0
DA:215,0
DA:216,0
DA:218,0
DA:226,0
DA:227,0
DA:234,0
DA:239,0
DA:240,0
DA:241,0
DA:248,0
DA:249,0
DA:250,0
DA:256,0
LF:80
LH:0
BRDA:45,0,0,0
BRDA:49,1,0,0
BRDA:49,1,1,0
BRDA:54,2,0,0
BRDA:54,2,1,0
BRDA:54,3,0,0
BRDA:54,3,1,0
BRDA:59,4,0,0
BRDA:59,4,1,0
BRDA:59,5,0,0
BRDA:59,5,1,0
BRDA:75,6,0,0
BRDA:75,6,1,0
BRDA:79,7,0,0
BRDA:79,7,1,0
BRDA:79,8,0,0
BRDA:79,8,1,0
BRDA:99,9,0,0
BRDA:99,9,1,0
BRDA:147,10,0,0
BRDA:147,10,1,0
BRDA:196,11,0,0
BRDA:196,11,1,0
BRDA:197,12,0,0
BRDA:197,12,1,0
BRDA:202,13,0,0
BRDA:202,13,1,0
BRDA:215,14,0,0
BRDA:215,14,1,0
BRDA:240,15,0,0
BRDA:240,15,1,0
BRDA:249,16,0,0
BRDA:249,16,1,0
BRF:33
BRH:0
end_of_record
TN:
SF:src/lib/db.ts
FN:105,(anonymous_4)
FNF:1
FNH:1
FNDA:4,(anonymous_4)
DA:1,4
DA:96,0
DA:106,4
DA:108,4
DA:115,4
DA:123,4
DA:132,4
DA:142,4
DA:152,4
DA:165,4
LF:10
LH:9
BRF:0
BRH:0
end_of_record
TN:
SF:src/lib/messageCache.ts
FN:14,conversationKey
FN:19,toCached
FN:47,fromCached
FN:74,loadCachedMessages
FN:82,(anonymous_15)
FN:86,cacheMessages
FN:91,(anonymous_17)
FN:96,cacheMessage
FN:104,updateCachedMessage
FN:112,deleteCachedMessage
FN:117,clearCachedConversation
FN:126,replaceCachedMessageId
FNF:12
FNH:0
FNDA:0,conversationKey
FNDA:0,toCached
FNDA:0,fromCached
FNDA:0,loadCachedMessages
FNDA:0,(anonymous_15)
FNDA:0,cacheMessages
FNDA:0,(anonymous_17)
FNDA:0,cacheMessage
FNDA:0,updateCachedMessage
FNDA:0,deleteCachedMessage
FNDA:0,clearCachedConversation
FNDA:0,replaceCachedMessageId
DA:10,1
DA:14,0
DA:15,0
DA:19,0
DA:20,0
DA:21,0
DA:47,0
DA:48,0
DA:74,0
DA:78,0
DA:79,0
DA:82,0
DA:86,0
DA:90,0
DA:91,0
DA:92,0
DA:96,0
DA:100,0
DA:104,0
DA:108,0
DA:112,0
DA:113,0
DA:117,0
DA:121,0
DA:122,0
DA:126,0
DA:131,0
DA:132,0
DA:133,0
DA:134,0
LF:30
LH:1
BRDA:20,0,0,0
BRDA:20,0,1,0
BRDA:25,1,0,0
BRDA:25,1,1,0
BRDA:26,2,0,0
BRDA:26,2,1,0
BRDA:27,3,0,0
BRDA:27,3,1,0
BRDA:30,4,0,0
BRDA:30,4,1,0
BRDA:32,5,0,0
BRDA:32,5,1,0
BRDA:33,6,0,0
BRDA:33,6,1,0
BRDA:34,7,0,0
BRDA:34,7,1,0
BRDA:35,8,0,0
BRDA:35,8,1,0
BRDA:36,9,0,0
BRDA:36,9,1,0
BRDA:37,10,0,0
BRDA:37,10,1,0
BRDA:38,11,0,0
BRDA:38,11,1,0
BRDA:39,12,0,0
BRDA:39,12,1,0
BRDA:40,13,0,0
BRDA:40,13,1,0
BRDA:41,14,0,0
BRDA:41,14,1,0
BRDA:42,15,0,0
BRDA:42,15,1,0
BRDA:56,16,0,0
BRDA:56,16,1,0
BRDA:60,17,0,0
BRDA:60,17,1,0
BRDA:61,18,0,0
BRDA:61,18,1,0
BRDA:62,19,0,0
BRDA:62,19,1,0
BRDA:63,20,0,0
BRDA:63,20,1,0
BRDA:64,21,0,0
BRDA:64,21,1,0
BRDA:65,22,0,0
BRDA:65,22,1,0
BRDA:66,23,0,0
BRDA:66,23,1,0
BRDA:67,24,0,0
BRDA:67,24,1,0
BRDA:69,25,0,0
BRDA:69,25,1,0
BRDA:90,26,0,0
BRDA:90,26,1,0
BRDA:129,27,0,0
BRDA:132,28,0,0
BRDA:132,28,1,0
BRF:57
BRH:0
end_of_record
TN:
SF:src/lib/offline.ts
FN:4,saveMessageOffline
FN:9,getUnsyncedMessages
FN:14,getOfflineMessages
FN:29,markMessageSynced
FN:34,syncOfflineMessages
FN:63,isOnline
FN:68,cleanupOldMessages
FN:73,(anonymous_15)
FNF:8
FNH:0
FNDA:0,saveMessageOffline
FNDA:0,getUnsyncedMessages
FNDA:0,getOfflineMessages
FNDA:0,markMessageSynced
FNDA:0,syncOfflineMessages
FNDA:0,isOnline
FNDA:0,cleanupOldMessages
FNDA:0,(anonymous_15)
DA:1,0
DA:4,0
DA:5,0
DA:9,0
DA:10,0
DA:14,0
DA:15,0
DA:16,0
DA:17,0
DA:18,0
DA:25,0
DA:29,0
DA:30,0
DA:34,0
DA:35,0
DA:37,0
DA:38,0
DA:40,0
DA:53,0
DA:54,0
DA:57,0
DA:63,0
DA:64,0
DA:68,0
DA:69,0
DA:70,0
DA:72,0
DA:73,0
LF:28
LH:0
BRDA:15,0,0,0
BRDA:15,0,1,0
BRDA:17,1,0,0
BRDA:17,1,1,0
BRDA:53,2,0,0
BRDA:53,2,1,0
BRDA:73,3,0,0
BRDA:73,3,1,0
BRF:8
BRH:0
end_of_record
TN:
SF:src/lib/outboundQueue.ts
FN:19,enqueue
FN:43,dequeue
FN:48,loadQueueForRecipient
FN:54,(anonymous_11)
FN:57,(anonymous_12)
FN:61,loadAllQueued
FN:68,loadQueueForGroup
FN:74,(anonymous_15)
FN:77,(anonymous_16)
FN:81,markFailed
FN:88,queuedToMessage
FNF:11
FNH:1
FNDA:0,enqueue
FNDA:0,dequeue
FNDA:0,loadQueueForRecipient
FNDA:0,(anonymous_11)
FNDA:0,(anonymous_12)
FNDA:3,loadAllQueued
FNDA:0,loadQueueForGroup
FNDA:0,(anonymous_15)
FNDA:0,(anonymous_16)
FNDA:0,markFailed
FNDA:0,queuedToMessage
DA:15,2
DA:19,0
DA:20,0
DA:39,0
DA:43,0
DA:44,0
DA:48,0
DA:52,0
DA:54,0
DA:57,0
DA:61,3
DA:62,3
DA:68,0
DA:72,0
DA:74,0
DA:77,0
DA:81,0
DA:82,0
DA:83,0
DA:84,0
DA:88,0
DA:89,0
LF:22
LH:3
BRDA:25,0,0,0
BRDA:25,0,1,0
BRDA:26,1,0,0
BRDA:26,1,1,0
BRDA:27,2,0,0
BRDA:27,2,1,0
BRDA:28,3,0,0
BRDA:28,3,1,0
BRDA:29,4,0,0
BRDA:29,4,1,0
BRDA:30,5,0,0
BRDA:30,5,1,0
BRDA:31,6,0,0
BRDA:31,6,1,0
BRDA:32,7,0,0
BRDA:32,7,1,0
BRDA:33,8,0,0
BRDA:33,8,1,0
BRDA:37,9,0,0
BRDA:37,9,1,0
BRDA:74,10,0,0
BRDA:74,10,1,0
BRDA:83,11,0,0
BRDA:83,11,1,0
BRDA:95,12,0,0
BRDA:95,12,1,0
BRDA:98,13,0,0
BRDA:98,13,1,0
BRDA:99,14,0,0
BRDA:99,14,1,0
BRDA:100,15,0,0
BRDA:100,15,1,0
BRDA:101,16,0,0
BRDA:101,16,1,0
BRDA:102,17,0,0
BRDA:102,17,1,0
BRDA:103,18,0,0
BRDA:103,18,1,0
BRDA:104,19,0,0
BRDA:104,19,1,0
BRF:40
BRH:0
end_of_record
TN:
SF:src/lib/profileImageService.ts
FN:11,saveProfileImageLocally
FN:34,removeProfileImageLocally
FN:42,getProfileImageLocally
FN:51,getProfileImageURL
FN:77,uploadProfileImageToServer
FN:126,deleteProfileImage
FN:152,validateProfileImage
FN:180,getUnsyncedProfileImages
FN:187,syncProfileImages
FN:206,createThumbnail
FN:211,(anonymous_20)
FN:216,(anonymous_21)
FN:239,(anonymous_22)
FN:251,(anonymous_23)
FNF:14
FNH:0
FNDA:0,saveProfileImageLocally
FNDA:0,removeProfileImageLocally
FNDA:0,getProfileImageLocally
FNDA:0,getProfileImageURL
FNDA:0,uploadProfileImageToServer
FNDA:0,deleteProfileImage
FNDA:0,validateProfileImage
FNDA:0,getUnsyncedProfileImages
FNDA:0,syncProfileImages
FNDA:0,createThumbnail
FNDA:0,(anonymous_20)
FNDA:0,(anonymous_21)
FNDA:0,(anonymous_22)
FNDA:0,(anonymous_23)
DA:1,1
DA:11,0
DA:16,0
DA:18,0
DA:27,0
DA:28,0
DA:34,0
DA:35,0
DA:36,0
DA:42,0
DA:45,0
DA:51,0
DA:55,0
DA:57,0
DA:58,0
DA:62,0
DA:63,0
DA:67,0
DA:71,0
DA:77,0
DA:81,0
DA:83,0
DA:84,0
DA:87,0
DA:88,0
DA:92,0
DA:93,0
DA:96,0
DA:107,0
DA:108,0
DA:111,0
DA:112,0
DA:115,0
DA:120,0
DA:126,0
DA:131,0
DA:134,0
DA:144,0
DA:145,0
DA:152,0
DA:157,0
DA:158,0
DA:159,0
DA:166,0
DA:167,0
DA:168,0
DA:174,0
DA:180,0
DA:181,0
DA:187,0
DA:188,0
DA:190,0
DA:192,0
DA:193,0
DA:194,0
DA:196,0
DA:200,0
DA:211,0
DA:212,0
DA:213,0
DA:214,0
DA:216,0
DA:218,0
DA:219,0
DA:221,0
DA:222,0
DA:223,0
DA:224,0
DA:227,0
DA:228,0
DA:229,0
DA:233,0
DA:234,0
DA:236,0
DA:240,0
DA:241,0
DA:243,0
DA:251,0
DA:252,0
LF:79
LH:1
BRDA:53,0,0,0
BRDA:57,1,0,0
BRDA:57,1,1,0
BRDA:62,2,0,0
BRDA:62,2,1,0
BRDA:62,3,0,0
BRDA:62,3,1,0
BRDA:67,4,0,0
BRDA:67,4,1,0
BRDA:67,5,0,0
BRDA:67,5,1,0
BRDA:83,6,0,0
BRDA:83,6,1,0
BRDA:87,7,0,0
BRDA:87,7,1,0
BRDA:87,8,0,0
BRDA:87,8,1,0
BRDA:107,9,0,0
BRDA:107,9,1,0
BRDA:144,10,0,0
BRDA:144,10,1,0
BRDA:158,11,0,0
BRDA:158,11,1,0
BRDA:167,12,0,0
BRDA:167,12,1,0
BRDA:221,13,0,0
BRDA:221,13,1,0
BRDA:222,14,0,0
BRDA:222,14,1,0
BRDA:227,15,0,0
BRDA:227,15,1,0
BRDA:240,16,0,0
BRDA:240,16,1,0
BRF:33
BRH:0
end_of_record
TN:
SF:src/utils/audio.ts
FN:5,getAudioDurationFromBlob
FNF:1
FNH:1
FNDA:2,getAudioDurationFromBlob
DA:5,2
DA:6,2
DA:7,2
DA:8,2
DA:9,2
DA:10,2
DA:11,1
DA:13,2
DA:16,1
LF:9
LH:9
BRDA:8,0,0,2
BRDA:8,0,1,0
BRF:2
BRH:1
end_of_record
TN:
SF:src/utils/extractWaveform.ts
FN:7,extractWaveformFromFile
FN:38,(anonymous_2)
FNF:2
FNH:2
FNDA:3,extractWaveformFromFile
FNDA:200,(anonymous_2)
DA:1,1
DA:7,3
DA:8,3
DA:9,3
DA:11,3
DA:12,3
DA:13,3
DA:14,3
DA:15,3
DA:17,3
DA:19,3
DA:20,300
DA:21,300
DA:24,300
DA:25,300
DA:26,300
DA:27,3000
DA:29,300
DA:30,300
DA:34,3
DA:35,3
DA:38,200
DA:40,2
DA:42,3
LF:24
LH:24
BRDA:9,0,0,3
BRDA:9,0,1,0
BRDA:29,1,0,300
BRDA:29,1,1,0
BRDA:35,2,0,1
BRDA:35,2,1,2
BRF:6
BRH:4
end_of_record
