TN:
SF:src/routes/auth.ts
FN:61,(anonymous_1)
FN:259,(anonymous_2)
FN:477,(anonymous_3)
FN:562,(anonymous_4)
FN:624,(anonymous_5)
FN:657,(anonymous_6)
FN:792,(anonymous_7)
FN:887,(anonymous_8)
FNF:8
FNH:2
FNDA:12,(anonymous_1)
FNDA:8,(anonymous_2)
FNDA:0,(anonymous_3)
FNDA:0,(anonymous_4)
FNDA:0,(anonymous_5)
FNDA:0,(anonymous_6)
FNDA:0,(anonymous_7)
FNDA:0,(anonymous_8)
DA:1,1
DA:2,1
DA:3,1
DA:4,1
DA:5,1
DA:6,1
DA:7,1
DA:8,1
DA:10,1
DA:11,1
DA:61,1
DA:62,12
DA:63,12
DA:66,12
DA:67,3
DA:73,9
DA:74,9
DA:75,9
DA:76,1
DA:81,8
DA:82,8
DA:83,0
DA:84,0
DA:86,0
DA:90,8
DA:91,8
DA:92,8
DA:93,1
DA:99,7
DA:100,1
DA:105,6
DA:106,1
DA:111,5
DA:112,1
DA:118,4
DA:123,4
DA:124,1
DA:128,3
DA:131,3
DA:132,0
DA:136,3
DA:139,3
DA:142,3
DA:147,3
DA:148,0
DA:165,0
DA:168,3
DA:190,3
DA:191,3
DA:192,3
DA:195,2
DA:198,2
DA:204,1
DA:205,1
DA:259,1
DA:260,8
DA:261,8
DA:264,8
DA:265,2
DA:274,6
DA:276,6
DA:281,0
DA:282,0
DA:287,6
DA:288,1
DA:292,5
DA:293,5
DA:294,1
DA:298,4
DA:300,0
DA:301,0
DA:303,0
DA:311,0
DA:313,0
DA:321,4
DA:323,0
DA:324,0
DA:326,0
DA:334,0
DA:335,0
DA:338,0
DA:346,4
DA:348,3
DA:349,0
DA:352,3
DA:353,1
DA:356,2
DA:357,1
DA:361,1
DA:370,1
DA:376,1
DA:391,1
DA:394,1
DA:397,1
DA:400,1
DA:409,1
DA:412,1
DA:414,1
DA:415,1
DA:416,1
DA:423,0
DA:427,0
DA:428,0
DA:436,0
DA:437,0
DA:477,1
DA:478,0
DA:479,0
DA:481,0
DA:482,0
DA:486,0
DA:490,0
DA:491,0
DA:495,0
DA:501,0
DA:510,0
DA:512,0
DA:518,0
DA:519,0
DA:562,1
DA:563,0
DA:564,0
DA:566,0
DA:567,0
DA:571,0
DA:575,0
DA:576,0
DA:580,0
DA:587,0
DA:588,0
DA:592,0
DA:600,0
DA:606,0
DA:618,0
DA:619,0
DA:624,1
DA:626,0
DA:657,1
DA:658,0
DA:659,0
DA:661,0
DA:662,0
DA:666,0
DA:670,0
DA:671,0
DA:675,0
DA:676,0
DA:680,0
DA:681,0
DA:685,0
DA:686,0
DA:690,0
DA:700,0
DA:701,0
DA:704,0
DA:712,0
DA:715,0
DA:716,0
DA:717,0
DA:718,0
DA:719,0
DA:721,0
DA:725,0
DA:728,0
DA:734,0
DA:735,0
DA:792,1
DA:793,0
DA:794,0
DA:796,0
DA:797,0
DA:801,0
DA:805,0
DA:806,0
DA:810,0
DA:811,0
DA:815,0
DA:816,0
DA:820,0
DA:821,0
DA:825,0
DA:826,0
DA:830,0
DA:840,0
DA:846,0
DA:859,0
DA:860,0
DA:887,1
DA:888,0
DA:889,0
DA:891,0
DA:892,0
DA:896,0
DA:902,0
DA:903,0
DA:909,0
DA:912,0
DA:915,0
DA:925,0
DA:928,0
DA:930,0
DA:936,0
DA:937,0
DA:942,1
LF:204
LH:87
BRDA:66,0,0,3
BRDA:66,0,1,9
BRDA:66,1,0,12
BRDA:66,1,1,1
BRDA:66,1,2,11
BRDA:66,1,3,10
BRDA:73,2,0,9
BRDA:73,2,1,0
BRDA:75,3,0,1
BRDA:75,3,1,8
BRDA:82,4,0,0
BRDA:82,4,1,8
BRDA:83,5,0,0
BRDA:83,5,1,0
BRDA:90,6,0,1
BRDA:90,6,1,7
BRDA:92,7,0,1
BRDA:92,7,1,7
BRDA:99,8,0,1
BRDA:99,8,1,6
BRDA:105,9,0,1
BRDA:105,9,1,5
BRDA:111,10,0,1
BRDA:111,10,1,4
BRDA:123,11,0,1
BRDA:123,11,1,3
BRDA:123,12,0,4
BRDA:123,12,1,1
BRDA:131,13,0,0
BRDA:131,13,1,3
BRDA:131,14,0,3
BRDA:131,14,1,0
BRDA:147,15,0,0
BRDA:147,15,1,3
BRDA:147,16,0,3
BRDA:147,16,1,0
BRDA:264,17,0,2
BRDA:264,17,1,6
BRDA:264,18,0,8
BRDA:264,18,1,7
BRDA:274,19,0,6
BRDA:274,19,1,0
BRDA:274,20,0,6
BRDA:274,20,1,6
BRDA:281,21,0,0
BRDA:281,21,1,0
BRDA:287,22,0,1
BRDA:287,22,1,5
BRDA:293,23,0,1
BRDA:293,23,1,4
BRDA:298,24,0,0
BRDA:298,24,1,4
BRDA:321,25,0,0
BRDA:321,25,1,4
BRDA:334,26,0,0
BRDA:334,26,1,0
BRDA:346,27,0,3
BRDA:346,27,1,1
BRDA:348,28,0,0
BRDA:348,28,1,3
BRDA:348,29,0,3
BRDA:348,29,1,3
BRDA:352,30,0,1
BRDA:352,30,1,2
BRDA:356,31,0,1
BRDA:356,31,1,1
BRDA:372,32,0,1
BRDA:372,32,1,0
BRDA:391,33,0,1
BRDA:391,33,1,1
BRDA:412,34,0,1
BRDA:412,34,1,0
BRDA:414,35,0,1
BRDA:414,35,1,0
BRDA:481,36,0,0
BRDA:481,36,1,0
BRDA:490,37,0,0
BRDA:490,37,1,0
BRDA:510,38,0,0
BRDA:510,38,1,0
BRDA:566,39,0,0
BRDA:566,39,1,0
BRDA:566,40,0,0
BRDA:566,40,1,0
BRDA:575,41,0,0
BRDA:575,41,1,0
BRDA:575,42,0,0
BRDA:575,42,1,0
BRDA:587,43,0,0
BRDA:587,43,1,0
BRDA:602,44,0,0
BRDA:602,44,1,0
BRDA:661,45,0,0
BRDA:661,45,1,0
BRDA:661,46,0,0
BRDA:661,46,1,0
BRDA:670,47,0,0
BRDA:670,47,1,0
BRDA:675,48,0,0
BRDA:675,48,1,0
BRDA:680,49,0,0
BRDA:680,49,1,0
BRDA:685,50,0,0
BRDA:685,50,1,0
BRDA:685,51,0,0
BRDA:685,51,1,0
BRDA:715,52,0,0
BRDA:715,52,1,0
BRDA:796,53,0,0
BRDA:796,53,1,0
BRDA:796,54,0,0
BRDA:796,54,1,0
BRDA:805,55,0,0
BRDA:805,55,1,0
BRDA:810,56,0,0
BRDA:810,56,1,0
BRDA:815,57,0,0
BRDA:815,57,1,0
BRDA:820,58,0,0
BRDA:820,58,1,0
BRDA:825,59,0,0
BRDA:825,59,1,0
BRDA:825,60,0,0
BRDA:825,60,1,0
BRDA:842,61,0,0
BRDA:842,61,1,0
BRDA:891,62,0,0
BRDA:891,62,1,0
BRDA:902,63,0,0
BRDA:902,63,1,0
BRF:130
BRH:55
end_of_record
TN:
SF:src/routes/email-templates.ts
FN:13,(anonymous_0)
FNF:1
FNH:0
FNDA:0,(anonymous_0)
DA:1,0
DA:2,0
DA:3,0
DA:5,0
DA:7,0
DA:8,0
DA:13,0
DA:14,0
DA:15,0
DA:17,0
DA:19,0
DA:21,0
DA:22,0
DA:24,0
DA:25,0
DA:27,0
DA:28,0
DA:30,0
DA:34,0
DA:36,0
DA:37,0
DA:38,0
DA:39,0
DA:40,0
DA:42,0
DA:45,0
DA:46,0
DA:49,0
LF:28
LH:0
BRDA:7,0,0,0
BRDA:7,0,1,0
BRDA:8,1,0,0
BRDA:8,1,1,0
BRDA:14,2,0,0
BRDA:14,3,0,0
BRDA:14,4,0,0
BRDA:14,5,0,0
BRDA:14,6,0,0
BRDA:14,7,0,0
BRDA:14,8,0,0
BRDA:15,9,0,0
BRDA:15,9,1,0
BRDA:19,10,0,0
BRDA:19,10,1,0
BRDA:19,10,2,0
BRDA:19,10,3,0
BRDA:36,11,0,0
BRDA:36,11,1,0
BRDA:39,12,0,0
BRDA:39,12,1,0
BRF:21
BRH:0
end_of_record
TN:
SF:src/routes/groups.ts
FN:6,(anonymous_0)
FN:15,(anonymous_1)
FN:23,(anonymous_2)
FN:31,(anonymous_3)
FN:38,(anonymous_4)
FNF:5
FNH:5
FNDA:6,(anonymous_0)
FNDA:5,(anonymous_1)
FNDA:5,(anonymous_2)
FNDA:4,(anonymous_3)
FNDA:4,(anonymous_4)
DA:1,1
DA:3,1
DA:6,1
DA:11,6
DA:15,1
DA:19,5
DA:23,1
DA:27,5
DA:31,1
DA:34,4
DA:38,1
DA:42,4
DA:45,1
LF:13
LH:13
BRF:0
BRH:0
end_of_record
TN:
SF:src/routes/messages.ts
FN:6,(anonymous_0)
FN:15,(anonymous_1)
FNF:2
FNH:2
FNDA:6,(anonymous_0)
FNDA:6,(anonymous_1)
DA:1,1
DA:3,1
DA:6,1
DA:11,6
DA:15,1
DA:20,6
DA:23,1
LF:7
LH:7
BRF:0
BRH:0
end_of_record
TN:
SF:src/routes/users.ts
FN:27,(anonymous_1)
FN:41,(anonymous_2)
FN:80,(anonymous_3)
FN:135,(anonymous_4)
FN:150,(anonymous_5)
FN:152,(anonymous_6)
FN:154,(anonymous_7)
FN:156,(anonymous_8)
FN:158,(anonymous_9)
FN:160,(anonymous_10)
FN:199,(anonymous_11)
FN:208,(anonymous_12)
FN:254,(anonymous_13)
FN:329,(anonymous_14)
FN:461,(anonymous_15)
FN:574,(anonymous_16)
FN:652,(anonymous_17)
FNF:17
FNH:8
FNDA:0,(anonymous_1)
FNDA:0,(anonymous_2)
FNDA:6,(anonymous_3)
FNDA:5,(anonymous_4)
FNDA:0,(anonymous_5)
FNDA:0,(anonymous_6)
FNDA:0,(anonymous_7)
FNDA:0,(anonymous_8)
FNDA:0,(anonymous_9)
FNDA:0,(anonymous_10)
FNDA:3,(anonymous_11)
FNDA:4,(anonymous_12)
FNDA:0,(anonymous_13)
FNDA:2,(anonymous_14)
FNDA:2,(anonymous_15)
FNDA:1,(anonymous_16)
FNDA:1,(anonymous_17)
DA:1,2
DA:2,2
DA:3,2
DA:4,2
DA:5,2
DA:6,2
DA:8,2
DA:9,2
DA:12,2
DA:13,2
DA:14,0
DA:18,2
DA:19,2
DA:20,0
DA:24,2
DA:28,0
DA:29,0
DA:30,0
DA:32,0
DA:38,2
DA:42,0
DA:43,0
DA:44,0
DA:46,0
DA:80,2
DA:81,6
DA:82,6
DA:84,6
DA:85,2
DA:89,4
DA:92,4
DA:96,3
DA:98,1
DA:99,1
DA:135,2
DA:136,5
DA:137,5
DA:139,5
DA:140,5
DA:144,0
DA:145,0
DA:148,0
DA:150,0
DA:152,0
DA:154,0
DA:156,0
DA:158,0
DA:160,0
DA:164,0
DA:165,0
DA:167,0
DA:169,0
DA:170,0
DA:171,0
DA:174,0
DA:175,0
DA:176,0
DA:180,0
DA:184,0
DA:185,0
DA:188,0
DA:191,0
DA:193,0
DA:194,0
DA:199,2
DA:204,3
DA:208,2
DA:213,4
DA:254,2
DA:255,0
DA:256,0
DA:258,0
DA:259,0
DA:262,0
DA:276,0
DA:277,0
DA:280,0
DA:282,0
DA:283,0
DA:329,2
DA:330,2
DA:332,2
DA:333,2
DA:335,2
DA:337,2
DA:338,2
DA:341,0
DA:342,0
DA:346,0
DA:347,0
DA:348,0
DA:351,0
DA:352,0
DA:355,0
DA:358,0
DA:360,0
DA:365,0
DA:368,0
DA:372,0
DA:375,0
DA:377,0
DA:380,0
DA:382,0
DA:383,0
DA:386,0
DA:387,0
DA:389,0
DA:390,0
DA:391,0
DA:392,0
DA:394,0
DA:398,0
DA:401,0
DA:404,0
DA:406,0
DA:407,0
DA:411,0
DA:415,0
DA:417,0
DA:418,0
DA:461,2
DA:462,2
DA:464,2
DA:465,2
DA:467,2
DA:469,2
DA:470,2
DA:473,0
DA:474,0
DA:478,0
DA:479,0
DA:480,0
DA:483,0
DA:484,0
DA:487,0
DA:490,0
DA:492,0
DA:497,0
DA:500,0
DA:504,0
DA:507,0
DA:509,0
DA:512,0
DA:514,0
DA:515,0
DA:518,0
DA:519,0
DA:521,0
DA:522,0
DA:523,0
DA:524,0
DA:526,0
DA:530,0
DA:533,0
DA:536,0
DA:538,0
DA:539,0
DA:543,0
DA:547,0
DA:549,0
DA:550,0
DA:574,2
DA:575,1
DA:576,1
DA:578,1
DA:579,0
DA:582,1
DA:585,1
DA:590,1
DA:591,1
DA:595,0
DA:596,0
DA:598,0
DA:599,0
DA:600,0
DA:601,0
DA:604,0
DA:606,0
DA:607,0
DA:608,0
DA:609,0
DA:611,0
DA:618,0
DA:623,0
DA:624,0
DA:627,0
DA:628,0
DA:652,2
DA:653,1
DA:654,1
DA:656,1
DA:657,0
DA:660,1
DA:663,1
DA:668,1
DA:669,1
DA:673,0
DA:674,0
DA:676,0
DA:677,0
DA:678,0
DA:679,0
DA:682,0
DA:684,0
DA:685,0
DA:686,0
DA:687,0
DA:689,0
DA:696,0
DA:701,0
DA:702,0
DA:705,0
DA:706,0
DA:713,2
LF:214
LH:65
BRDA:13,0,0,0
BRDA:13,0,1,2
BRDA:19,1,0,0
BRDA:19,1,1,2
BRDA:29,2,0,0
BRDA:29,2,1,0
BRDA:43,3,0,0
BRDA:43,3,1,0
BRDA:84,4,0,2
BRDA:84,4,1,4
BRDA:84,5,0,6
BRDA:84,5,1,4
BRDA:89,6,0,1
BRDA:89,6,1,3
BRDA:139,7,0,5
BRDA:139,7,1,0
BRDA:139,8,0,5
BRDA:139,8,1,0
BRDA:144,9,0,0
BRDA:144,9,1,0
BRDA:167,10,0,0
BRDA:167,10,1,0
BRDA:174,11,0,0
BRDA:174,11,1,0
BRDA:184,12,0,0
BRDA:184,12,1,0
BRDA:258,13,0,0
BRDA:258,13,1,0
BRDA:276,14,0,0
BRDA:276,14,1,0
BRDA:337,15,0,2
BRDA:337,15,1,0
BRDA:341,16,0,0
BRDA:341,16,1,0
BRDA:375,17,0,0
BRDA:375,17,1,0
BRDA:380,18,0,0
BRDA:380,18,1,0
BRDA:380,19,0,0
BRDA:380,19,1,0
BRDA:389,20,0,0
BRDA:389,20,1,0
BRDA:412,21,0,0
BRDA:412,21,1,0
BRDA:420,22,0,0
BRDA:420,22,1,0
BRDA:469,23,0,2
BRDA:469,23,1,0
BRDA:473,24,0,0
BRDA:473,24,1,0
BRDA:507,25,0,0
BRDA:507,25,1,0
BRDA:512,26,0,0
BRDA:512,26,1,0
BRDA:512,27,0,0
BRDA:512,27,1,0
BRDA:521,28,0,0
BRDA:521,28,1,0
BRDA:544,29,0,0
BRDA:544,29,1,0
BRDA:552,30,0,0
BRDA:552,30,1,0
BRDA:578,31,0,0
BRDA:578,31,1,1
BRDA:590,32,0,1
BRDA:590,32,1,0
BRDA:596,33,0,0
BRDA:596,33,1,0
BRDA:599,34,0,0
BRDA:599,34,1,0
BRDA:599,35,0,0
BRDA:599,35,1,0
BRDA:606,36,0,0
BRDA:606,36,1,0
BRDA:630,37,0,0
BRDA:630,37,1,0
BRDA:656,38,0,0
BRDA:656,38,1,1
BRDA:668,39,0,1
BRDA:668,39,1,0
BRDA:674,40,0,0
BRDA:674,40,1,0
BRDA:677,41,0,0
BRDA:677,41,1,0
BRDA:677,42,0,0
BRDA:677,42,1,0
BRDA:684,43,0,0
BRDA:684,43,1,0
BRDA:708,44,0,0
BRDA:708,44,1,0
BRF:90
BRH:16
end_of_record
