TN:
SF:src/index.ts
FN:42,(anonymous_1)
FN:64,(anonymous_2)
FN:74,(anonymous_3)
FN:84,(anonymous_4)
FN:104,(anonymous_5)
FN:112,(anonymous_6)
FN:132,(anonymous_7)
FN:146,start
FN:174,(anonymous_9)
FN:181,(anonymous_10)
FN:187,(anonymous_11)
FN:198,(anonymous_12)
FN:203,(anonymous_13)
FNF:13
FNH:0
FNDA:0,(anonymous_1)
FNDA:0,(anonymous_2)
FNDA:0,(anonymous_3)
FNDA:0,(anonymous_4)
FNDA:0,(anonymous_5)
FNDA:0,(anonymous_6)
FNDA:0,(anonymous_7)
FNDA:0,start
FNDA:0,(anonymous_9)
FNDA:0,(anonymous_10)
FNDA:0,(anonymous_11)
FNDA:0,(anonymous_12)
FNDA:0,(anonymous_13)
DA:1,0
DA:2,0
DA:3,0
DA:4,0
DA:5,0
DA:6,0
DA:7,0
DA:8,0
DA:9,0
DA:10,0
DA:13,0
DA:16,0
DA:17,0
DA:18,0
DA:19,0
DA:20,0
DA:21,0
DA:22,0
DA:23,0
DA:24,0
DA:25,0
DA:26,0
DA:29,0
DA:30,0
DA:31,0
DA:32,0
DA:33,0
DA:34,0
DA:36,0
DA:38,0
DA:39,0
DA:40,0
DA:42,0
DA:49,0
DA:54,0
DA:63,0
DA:65,0
DA:66,0
DA:67,0
DA:71,0
DA:74,0
DA:75,0
DA:83,0
DA:84,0
DA:85,0
DA:86,0
DA:87,0
DA:88,0
DA:89,0
DA:90,0
DA:91,0
DA:93,0
DA:94,0
DA:97,0
DA:98,0
DA:104,0
DA:105,0
DA:106,0
DA:107,0
DA:108,0
DA:112,0
DA:113,0
DA:114,0
DA:115,0
DA:116,0
DA:120,0
DA:121,0
DA:122,0
DA:123,0
DA:124,0
DA:125,0
DA:126,0
DA:127,0
DA:128,0
DA:129,0
DA:132,0
DA:133,0
DA:135,0
DA:136,0
DA:138,0
DA:139,0
DA:141,0
DA:144,0
DA:148,0
DA:149,0
DA:150,0
DA:152,0
DA:156,0
DA:157,0
DA:158,0
DA:162,0
DA:163,0
DA:164,0
DA:165,0
DA:166,0
DA:167,0
DA:168,0
DA:171,0
DA:172,0
DA:174,0
DA:175,0
DA:176,0
DA:177,0
DA:181,0
DA:182,0
DA:183,0
DA:187,0
DA:188,0
DA:191,0
DA:192,0
DA:193,0
DA:195,0
DA:198,0
DA:199,0
DA:200,0
DA:203,0
DA:204,0
DA:205,0
DA:209,0
DA:210,0
LF:120
LH:0
BRDA:55,0,0,0
BRDA:55,0,1,0
BRDA:58,1,0,0
BRDA:58,1,1,0
BRDA:65,2,0,0
BRDA:65,2,1,0
BRDA:66,3,0,0
BRDA:66,3,1,0
BRDA:78,4,0,0
BRDA:78,4,1,0
BRDA:83,5,0,0
BRDA:83,5,1,0
BRDA:86,6,0,0
BRDA:86,6,1,0
BRDA:86,7,0,0
BRDA:86,7,1,0
BRDA:89,8,0,0
BRDA:89,8,1,0
BRDA:90,9,0,0
BRDA:90,9,1,0
BRDA:90,9,2,0
BRDA:91,10,0,0
BRDA:91,10,1,0
BRDA:91,11,0,0
BRDA:91,11,1,0
BRDA:135,12,0,0
BRDA:135,12,1,0
BRDA:144,13,0,0
BRDA:144,13,1,0
BRDA:156,14,0,0
BRDA:156,14,1,0
BRF:31
BRH:0
end_of_record
TN:
SF:src/swagger.ts
FNF:0
FNH:0
DA:1,0
DA:3,0
DA:36,0
LF:3
LH:0
BRDA:13,0,0,0
BRDA:13,0,1,0
BRDA:14,1,0,0
BRDA:14,1,1,0
BRF:4
BRH:0
end_of_record
TN:
SF:src/lib/conversation.ts
FN:5,sortIds
FN:24,getOrCreateConversation
FN:64,findConversation
FN:79,acceptConversation
FN:107,declineConversation
FN:136,nukeConversation
FN:163,nukeByParticipants
FN:188,areFriends
FN:205,getBlockBetween
FN:233,getConnectedUserIds
FNF:10
FNH:10
FNDA:7,sortIds
FNDA:4,getOrCreateConversation
FNDA:2,findConversation
FNDA:5,acceptConversation
FNDA:4,declineConversation
FNDA:3,nukeConversation
FNDA:1,nukeByParticipants
FNDA:2,areFriends
FNDA:2,getBlockBetween
FNDA:2,getConnectedUserIds
DA:1,3
DA:3,3
DA:6,7
DA:24,3
DA:28,4
DA:31,4
DA:34,4
DA:37,3
DA:47,3
DA:49,3
DA:58,3
DA:64,3
DA:68,2
DA:69,2
DA:72,2
DA:79,3
DA:83,5
DA:86,5
DA:87,4
DA:90,3
DA:93,2
DA:95,1
DA:99,1
DA:107,3
DA:111,4
DA:114,4
DA:115,3
DA:116,2
DA:119,1
DA:128,1
DA:129,1
DA:136,3
DA:140,3
DA:143,3
DA:144,2
DA:146,1
DA:155,1
DA:156,1
DA:163,3
DA:167,1
DA:169,1
DA:178,1
DA:182,1
DA:188,3
DA:189,2
DA:198,2
DA:205,3
DA:209,2
DA:219,2
DA:220,1
DA:233,3
DA:237,2
DA:268,2
DA:269,2
DA:270,1
DA:273,2
DA:274,2
DA:276,2
DA:277,2
DA:278,2
DA:280,2
DA:281,1
DA:282,1
DA:284,2
DA:285,1
DA:286,1
DA:287,1
DA:288,1
DA:289,1
DA:294,2
LF:70
LH:70
BRDA:6,0,0,1
BRDA:6,0,1,6
BRDA:34,1,0,1
BRDA:34,1,1,3
BRDA:47,2,0,1
BRDA:47,2,1,2
BRDA:72,3,0,2
BRDA:72,3,1,1
BRDA:86,4,0,1
BRDA:86,4,1,4
BRDA:87,5,0,1
BRDA:87,5,1,3
BRDA:90,6,0,1
BRDA:90,6,1,2
BRDA:93,7,0,1
BRDA:93,7,1,1
BRDA:93,8,0,2
BRDA:93,8,1,1
BRDA:114,9,0,1
BRDA:114,9,1,3
BRDA:115,10,0,1
BRDA:115,10,1,2
BRDA:116,11,0,1
BRDA:116,11,1,1
BRDA:116,12,0,2
BRDA:116,12,1,1
BRDA:143,13,0,1
BRDA:143,13,1,2
BRDA:144,14,0,1
BRDA:144,14,1,1
BRDA:144,15,0,2
BRDA:144,15,1,1
BRDA:219,16,0,1
BRDA:219,16,1,1
BRDA:270,17,0,1
BRDA:270,17,1,0
BRDA:277,18,0,2
BRDA:277,18,1,0
BRDA:278,19,0,1
BRDA:278,19,1,1
BRDA:281,20,0,0
BRDA:281,20,1,1
BRDA:282,21,0,1
BRDA:282,21,1,0
BRDA:285,22,0,1
BRDA:285,22,1,0
BRDA:286,23,0,1
BRDA:286,23,1,0
BRDA:288,24,0,1
BRDA:288,24,1,0
BRF:50
BRH:43
end_of_record
TN:
SF:src/lib/redis.ts
FN:7,(anonymous_1)
FN:19,(anonymous_2)
FN:20,(anonymous_3)
FN:21,(anonymous_4)
FN:23,isRedisConnected
FN:27,connectRedis
FN:31,disconnectRedis
FN:33,(anonymous_8)
FN:34,(anonymous_9)
FN:35,(anonymous_10)
FN:44,(anonymous_11)
FN:45,(anonymous_12)
FN:46,(anonymous_13)
FN:47,(anonymous_14)
FN:48,(anonymous_15)
FN:49,(anonymous_16)
FN:50,(anonymous_17)
FN:51,(anonymous_18)
FN:52,(anonymous_19)
FN:53,(anonymous_20)
FN:66,setPresence
FN:78,getPresence
FN:90,removePresence
FN:95,getAllOnlineUserIds
FN:99,getMultiplePresences
FN:105,(anonymous_26)
FN:107,(anonymous_27)
FN:121,setSocketMapping
FN:125,getSocketId
FN:129,removeSocketMapping
FN:137,getCachedConversations
FN:141,setCachedConversations
FN:145,invalidateConversationCache
FN:151,checkRateLimit
FN:171,blacklistToken
FN:175,isTokenBlacklisted
FN:184,storeVerificationCode
FN:197,getVerificationCode
FN:207,deleteVerificationCode
FNF:39
FNH:27
FNDA:0,(anonymous_1)
FNDA:2,(anonymous_2)
FNDA:0,(anonymous_3)
FNDA:0,(anonymous_4)
FNDA:0,isRedisConnected
FNDA:0,connectRedis
FNDA:0,disconnectRedis
FNDA:0,(anonymous_8)
FNDA:0,(anonymous_9)
FNDA:0,(anonymous_10)
FNDA:5,(anonymous_11)
FNDA:4,(anonymous_12)
FNDA:4,(anonymous_13)
FNDA:4,(anonymous_14)
FNDA:3,(anonymous_15)
FNDA:11,(anonymous_16)
FNDA:4,(anonymous_17)
FNDA:2,(anonymous_18)
FNDA:2,(anonymous_19)
FNDA:2,(anonymous_20)
FNDA:1,setPresence
FNDA:2,getPresence
FNDA:1,removePresence
FNDA:1,getAllOnlineUserIds
FNDA:0,getMultiplePresences
FNDA:0,(anonymous_26)
FNDA:0,(anonymous_27)
FNDA:1,setSocketMapping
FNDA:1,getSocketId
FNDA:1,removeSocketMapping
FNDA:1,getCachedConversations
FNDA:1,setCachedConversations
FNDA:1,invalidateConversationCache
FNDA:2,checkRateLimit
FNDA:1,blacklistToken
FNDA:9,isTokenBlacklisted
FNDA:2,storeVerificationCode
FNDA:2,getVerificationCode
FNDA:2,deleteVerificationCode
DA:1,5
DA:3,5
DA:5,5
DA:8,0
DA:9,0
DA:14,5
DA:15,5
DA:17,5
DA:19,5
DA:20,5
DA:21,5
DA:23,5
DA:24,0
DA:27,5
DA:28,0
DA:31,5
DA:32,0
DA:41,5
DA:43,5
DA:44,5
DA:45,4
DA:46,4
DA:47,4
DA:48,3
DA:49,11
DA:50,4
DA:51,2
DA:52,2
DA:53,2
DA:66,5
DA:67,1
DA:68,1
DA:75,1
DA:78,5
DA:79,2
DA:80,2
DA:81,1
DA:90,5
DA:91,1
DA:92,1
DA:95,5
DA:96,1
DA:99,5
DA:100,0
DA:101,0
DA:102,0
DA:104,0
DA:105,0
DA:107,0
DA:108,0
DA:109,0
DA:121,5
DA:122,1
DA:125,5
DA:126,1
DA:129,5
DA:130,1
DA:135,5
DA:137,5
DA:138,1
DA:141,5
DA:142,1
DA:145,5
DA:146,1
DA:151,5
DA:156,2
DA:157,2
DA:158,2
DA:159,1
DA:161,2
DA:162,2
DA:171,5
DA:172,1
DA:175,5
DA:176,9
DA:177,9
DA:182,5
DA:184,5
DA:190,2
DA:191,2
DA:192,2
DA:193,2
DA:194,2
DA:197,5
DA:201,2
DA:202,2
DA:203,2
DA:204,1
DA:207,5
DA:211,2
DA:212,2
LF:91
LH:78
BRDA:3,0,0,5
BRDA:3,0,1,0
BRDA:8,1,0,0
BRDA:8,1,1,0
BRDA:24,2,0,0
BRDA:24,2,1,0
BRDA:73,3,0,0
BRDA:73,3,1,1
BRDA:80,4,0,1
BRDA:80,4,1,1
BRDA:80,5,0,2
BRDA:80,5,1,2
BRDA:105,6,0,0
BRDA:105,6,1,0
BRDA:108,7,0,0
BRDA:108,7,1,0
BRDA:108,8,0,0
BRDA:108,8,1,0
BRDA:108,8,2,0
BRDA:158,9,0,1
BRDA:158,9,1,1
BRDA:165,10,0,1
BRDA:165,10,1,1
BRDA:203,11,0,1
BRDA:203,11,1,1
BRDA:203,12,0,2
BRDA:203,12,1,2
BRF:27
BRH:14
end_of_record
TN:
SF:src/middleware/auth.ts
FN:18,(anonymous_1)
FN:29,(anonymous_2)
FNF:2
FNH:1
FNDA:126,(anonymous_1)
FNDA:0,(anonymous_2)
DA:2,8
DA:3,8
DA:4,8
DA:18,8
DA:19,126
DA:20,126
DA:22,126
DA:23,71
DA:26,55
DA:28,55
DA:29,55
DA:30,55
DA:31,0
DA:34,55
DA:39,54
DA:40,54
DA:42,1
LF:17
LH:16
BRDA:20,0,0,126
BRDA:20,0,1,55
BRDA:22,1,0,71
BRDA:22,1,1,55
BRDA:30,2,0,0
BRDA:30,2,1,55
BRDA:36,3,0,55
BRDA:36,3,1,0
BRF:8
BRH:6
end_of_record
TN:
SF:src/routes/auth.ts
FN:24,rateLimit
FN:25,(anonymous_2)
FN:90,(anonymous_3)
FN:306,(anonymous_4)
FN:392,(anonymous_5)
FN:482,(anonymous_6)
FN:500,(anonymous_7)
FN:543,(anonymous_8)
FN:586,(anonymous_9)
FN:610,(anonymous_10)
FN:621,(anonymous_11)
FN:675,(anonymous_12)
FN:759,(anonymous_13)
FN:825,(anonymous_14)
FN:877,(anonymous_15)
FN:901,(anonymous_16)
FN:927,(anonymous_17)
FN:962,(anonymous_18)
FN:1045,(anonymous_19)
FN:1074,(anonymous_20)
FN:1097,(anonymous_21)
FN:1148,(anonymous_22)
FN:1176,(anonymous_23)
FNF:23
FNH:4
FNDA:4,rateLimit
FNDA:20,(anonymous_2)
FNDA:12,(anonymous_3)
FNDA:0,(anonymous_4)
FNDA:8,(anonymous_5)
FNDA:0,(anonymous_6)
FNDA:0,(anonymous_7)
FNDA:0,(anonymous_8)
FNDA:0,(anonymous_9)
FNDA:0,(anonymous_10)
FNDA:0,(anonymous_11)
FNDA:0,(anonymous_12)
FNDA:0,(anonymous_13)
FNDA:0,(anonymous_14)
FNDA:0,(anonymous_15)
FNDA:0,(anonymous_16)
FNDA:0,(anonymous_17)
FNDA:0,(anonymous_18)
FNDA:0,(anonymous_19)
FNDA:0,(anonymous_20)
FNDA:0,(anonymous_21)
FNDA:0,(anonymous_22)
FNDA:0,(anonymous_23)
DA:1,1
DA:2,1
DA:3,1
DA:4,1
DA:5,1
DA:6,1
DA:7,1
DA:8,1
DA:9,1
DA:10,1
DA:18,1
DA:20,1
DA:21,1
DA:25,4
DA:26,20
DA:27,20
DA:28,20
DA:29,20
DA:30,20
DA:31,20
DA:32,0
DA:38,20
DA:90,1
DA:91,12
DA:92,12
DA:93,12
DA:95,12
DA:97,12
DA:100,12
DA:101,3
DA:102,3
DA:107,9
DA:108,0
DA:110,9
DA:111,0
DA:115,9
DA:116,9
DA:117,0
DA:120,9
DA:123,9
DA:124,9
DA:125,9
DA:126,1
DA:131,8
DA:132,8
DA:133,0
DA:134,0
DA:135,0
DA:136,0
DA:138,0
DA:139,0
DA:143,8
DA:144,8
DA:145,8
DA:146,1
DA:152,7
DA:153,1
DA:158,6
DA:159,1
DA:164,5
DA:165,1
DA:171,4
DA:172,4
DA:173,4
DA:178,3
DA:179,1
DA:184,2
DA:189,2
DA:190,2
DA:191,2
DA:194,2
DA:195,2
DA:197,2
DA:199,2
DA:201,0
DA:202,0
DA:205,0
DA:208,0
DA:209,0
DA:210,0
DA:212,2
DA:214,0
DA:215,0
DA:218,0
DA:219,0
DA:224,2
DA:227,2
DA:229,0
DA:231,0
DA:232,0
DA:237,2
DA:240,2
DA:243,2
DA:248,2
DA:249,0
DA:264,0
DA:265,2
DA:266,0
DA:281,0
DA:283,2
DA:284,2
DA:286,2
DA:306,2
DA:308,2
DA:311,2
DA:312,2
DA:313,2
DA:314,2
DA:315,2
DA:319,2
DA:320,0
DA:321,0
DA:325,2
DA:326,2
DA:328,2
DA:334,1
DA:335,1
DA:336,1
DA:337,1
DA:338,1
DA:392,1
DA:393,8
DA:394,8
DA:397,8
DA:398,2
DA:407,6
DA:409,6
DA:414,0
DA:415,0
DA:420,6
DA:421,1
DA:425,5
DA:426,5
DA:427,1
DA:431,4
DA:433,0
DA:434,0
DA:436,0
DA:444,0
DA:446,0
DA:454,4
DA:456,0
DA:457,0
DA:459,0
DA:467,0
DA:468,0
DA:471,0
DA:479,4
DA:481,3
DA:482,3
DA:483,3
DA:484,0
DA:486,3
DA:487,0
DA:489,3
DA:490,1
DA:492,2
DA:495,2
DA:496,1
DA:500,1
DA:501,1
DA:510,1
DA:516,1
DA:534,1
DA:537,1
DA:540,1
DA:543,1
DA:544,1
DA:553,1
DA:556,1
DA:558,1
DA:559,1
DA:560,1
DA:567,0
DA:571,0
DA:572,0
DA:580,0
DA:581,0
DA:586,1
DA:587,0
DA:588,0
DA:590,0
DA:591,0
DA:594,0
DA:595,0
DA:596,0
DA:599,0
DA:600,0
DA:602,0
DA:603,0
DA:604,0
DA:606,0
DA:610,0
DA:611,0
DA:612,0
DA:614,0
DA:615,0
DA:616,0
DA:617,0
DA:621,0
DA:622,0
DA:623,0
DA:624,0
DA:625,0
DA:627,0
DA:629,0
DA:632,0
DA:634,0
DA:635,0
DA:675,1
DA:676,0
DA:677,0
DA:679,0
DA:680,0
DA:683,0
DA:687,0
DA:688,0
DA:692,0
DA:698,0
DA:707,0
DA:709,0
DA:715,0
DA:716,0
DA:759,1
DA:760,0
DA:761,0
DA:762,0
DA:764,0
DA:765,0
DA:768,0
DA:769,0
DA:772,0
DA:776,0
DA:777,0
DA:781,0
DA:788,0
DA:789,0
DA:793,0
DA:801,0
DA:807,0
DA:819,0
DA:820,0
DA:825,1
DA:826,0
DA:827,0
DA:828,0
DA:829,0
DA:832,0
DA:835,0
DA:836,0
DA:838,0
DA:839,0
DA:842,0
DA:844,0
DA:845,0
DA:877,1
DA:878,0
DA:879,0
DA:881,0
DA:882,0
DA:886,0
DA:890,0
DA:891,0
DA:895,0
DA:896,0
DA:900,0
DA:901,0
DA:902,0
DA:903,0
DA:906,0
DA:907,0
DA:908,0
DA:912,0
DA:913,0
DA:917,0
DA:927,0
DA:930,0
DA:931,0
DA:937,0
DA:943,0
DA:958,0
DA:959,0
DA:962,0
DA:963,0
DA:971,0
DA:973,0
DA:974,0
DA:975,0
DA:977,0
DA:980,0
DA:987,0
DA:988,0
DA:1045,1
DA:1046,0
DA:1047,0
DA:1049,0
DA:1050,0
DA:1054,0
DA:1058,0
DA:1059,0
DA:1063,0
DA:1064,0
DA:1068,0
DA:1069,0
DA:1073,0
DA:1074,0
DA:1075,0
DA:1076,0
DA:1078,0
DA:1079,0
DA:1080,0
DA:1084,0
DA:1085,0
DA:1089,0
DA:1097,0
DA:1101,0
DA:1107,0
DA:1120,0
DA:1121,0
DA:1148,1
DA:1149,0
DA:1150,0
DA:1152,0
DA:1153,0
DA:1157,0
DA:1163,0
DA:1164,0
DA:1170,0
DA:1173,0
DA:1176,0
DA:1177,0
DA:1185,0
DA:1187,0
DA:1191,0
DA:1192,0
DA:1197,1
LF:336
LH:137
BRDA:26,0,0,20
BRDA:26,0,1,0
BRDA:26,0,2,0
BRDA:31,1,0,0
BRDA:31,1,1,20
BRDA:100,2,0,3
BRDA:100,2,1,9
BRDA:100,3,0,12
BRDA:100,3,1,1
BRDA:100,3,2,11
BRDA:100,3,3,10
BRDA:107,4,0,0
BRDA:107,4,1,9
BRDA:107,5,0,9
BRDA:107,5,1,9
BRDA:110,6,0,0
BRDA:110,6,1,9
BRDA:110,7,0,9
BRDA:110,7,1,9
BRDA:116,8,0,0
BRDA:116,8,1,9
BRDA:116,9,0,9
BRDA:116,9,1,0
BRDA:123,10,0,9
BRDA:123,10,1,0
BRDA:125,11,0,1
BRDA:125,11,1,8
BRDA:132,12,0,0
BRDA:132,12,1,8
BRDA:134,13,0,0
BRDA:134,13,1,0
BRDA:143,14,0,1
BRDA:143,14,1,7
BRDA:145,15,0,1
BRDA:145,15,1,7
BRDA:152,16,0,1
BRDA:152,16,1,6
BRDA:158,17,0,1
BRDA:158,17,1,5
BRDA:164,18,0,1
BRDA:164,18,1,4
BRDA:172,19,0,4
BRDA:172,19,1,0
BRDA:178,20,0,1
BRDA:178,20,1,2
BRDA:178,21,0,3
BRDA:178,21,1,1
BRDA:195,22,0,2
BRDA:195,22,1,0
BRDA:199,23,0,0
BRDA:199,23,1,2
BRDA:199,24,0,2
BRDA:199,24,1,0
BRDA:208,25,0,0
BRDA:208,25,1,0
BRDA:208,26,0,0
BRDA:208,26,1,0
BRDA:212,27,0,0
BRDA:212,27,1,2
BRDA:218,28,0,0
BRDA:218,28,1,0
BRDA:227,29,0,0
BRDA:227,29,1,2
BRDA:229,30,0,0
BRDA:229,30,1,0
BRDA:229,30,2,0
BRDA:229,30,3,0
BRDA:231,31,0,0
BRDA:231,31,1,0
BRDA:248,32,0,0
BRDA:248,32,1,2
BRDA:248,33,0,2
BRDA:248,33,1,0
BRDA:258,34,0,0
BRDA:258,34,1,0
BRDA:265,35,0,0
BRDA:265,35,1,2
BRDA:265,36,0,2
BRDA:265,36,1,0
BRDA:265,36,2,0
BRDA:265,36,3,0
BRDA:275,37,0,0
BRDA:275,37,1,0
BRDA:284,38,0,0
BRDA:284,38,1,2
BRDA:295,39,0,2
BRDA:295,39,1,2
BRDA:311,40,0,2
BRDA:311,40,1,0
BRDA:319,41,0,0
BRDA:319,41,1,2
BRDA:336,42,0,1
BRDA:336,42,1,0
BRDA:397,43,0,2
BRDA:397,43,1,6
BRDA:397,44,0,8
BRDA:397,44,1,7
BRDA:407,45,0,6
BRDA:407,45,1,0
BRDA:407,46,0,6
BRDA:407,46,1,6
BRDA:414,47,0,0
BRDA:414,47,1,0
BRDA:420,48,0,1
BRDA:420,48,1,5
BRDA:426,49,0,1
BRDA:426,49,1,4
BRDA:431,50,0,0
BRDA:431,50,1,4
BRDA:454,51,0,0
BRDA:454,51,1,4
BRDA:467,52,0,0
BRDA:467,52,1,0
BRDA:479,53,0,3
BRDA:479,53,1,1
BRDA:483,54,0,0
BRDA:483,54,1,3
BRDA:486,55,0,0
BRDA:486,55,1,3
BRDA:486,56,0,3
BRDA:486,56,1,3
BRDA:489,57,0,1
BRDA:489,57,1,2
BRDA:495,58,0,1
BRDA:495,58,1,1
BRDA:512,59,0,1
BRDA:512,59,1,0
BRDA:534,60,0,1
BRDA:534,60,1,1
BRDA:556,61,0,1
BRDA:556,61,1,0
BRDA:558,62,0,1
BRDA:558,62,1,0
BRDA:590,63,0,0
BRDA:590,63,1,0
BRDA:590,64,0,0
BRDA:590,64,1,0
BRDA:595,65,0,0
BRDA:595,65,1,0
BRDA:602,66,0,0
BRDA:602,66,1,0
BRDA:603,67,0,0
BRDA:603,67,1,0
BRDA:611,68,0,0
BRDA:611,68,1,0
BRDA:615,69,0,0
BRDA:615,69,1,0
BRDA:616,70,0,0
BRDA:616,70,1,0
BRDA:622,71,0,0
BRDA:622,71,1,0
BRDA:622,72,0,0
BRDA:622,72,1,0
BRDA:624,73,0,0
BRDA:624,73,1,0
BRDA:679,74,0,0
BRDA:679,74,1,0
BRDA:687,75,0,0
BRDA:687,75,1,0
BRDA:707,76,0,0
BRDA:707,76,1,0
BRDA:764,77,0,0
BRDA:764,77,1,0
BRDA:768,78,0,0
BRDA:768,78,1,0
BRDA:776,79,0,0
BRDA:776,79,1,0
BRDA:776,80,0,0
BRDA:776,80,1,0
BRDA:788,81,0,0
BRDA:788,81,1,0
BRDA:803,82,0,0
BRDA:803,82,1,0
BRDA:828,83,0,0
BRDA:828,83,1,0
BRDA:829,84,0,0
BRDA:829,84,1,0
BRDA:836,85,0,0
BRDA:836,85,1,0
BRDA:838,86,0,0
BRDA:838,86,1,0
BRDA:881,87,0,0
BRDA:881,87,1,0
BRDA:881,88,0,0
BRDA:881,88,1,0
BRDA:890,89,0,0
BRDA:890,89,1,0
BRDA:895,90,0,0
BRDA:895,90,1,0
BRDA:902,91,0,0
BRDA:902,91,1,0
BRDA:907,92,0,0
BRDA:907,92,1,0
BRDA:907,93,0,0
BRDA:907,93,1,0
BRDA:907,93,2,0
BRDA:912,94,0,0
BRDA:912,94,1,0
BRDA:930,95,0,0
BRDA:930,95,1,0
BRDA:939,96,0,0
BRDA:939,96,1,0
BRDA:1049,97,0,0
BRDA:1049,97,1,0
BRDA:1049,98,0,0
BRDA:1049,98,1,0
BRDA:1058,99,0,0
BRDA:1058,99,1,0
BRDA:1063,100,0,0
BRDA:1063,100,1,0
BRDA:1068,101,0,0
BRDA:1068,101,1,0
BRDA:1075,102,0,0
BRDA:1075,102,1,0
BRDA:1079,103,0,0
BRDA:1079,103,1,0
BRDA:1079,104,0,0
BRDA:1079,104,1,0
BRDA:1079,104,2,0
BRDA:1084,105,0,0
BRDA:1084,105,1,0
BRDA:1103,106,0,0
BRDA:1103,106,1,0
BRDA:1152,107,0,0
BRDA:1152,107,1,0
BRDA:1163,108,0,0
BRDA:1163,108,1,0
BRF:227
BRH:78
end_of_record
TN:
SF:src/routes/conversations.ts
FN:13,setConversationsSocketIO
FN:43,(anonymous_1)
FN:102,(anonymous_2)
FN:159,(anonymous_3)
FN:223,(anonymous_4)
FNF:5
FNH:4
FNDA:0,setConversationsSocketIO
FNDA:3,(anonymous_1)
FNDA:3,(anonymous_2)
FNDA:3,(anonymous_3)
FNDA:2,(anonymous_4)
DA:1,1
DA:2,1
DA:3,1
DA:4,1
DA:5,1
DA:7,1
DA:9,1
DA:10,1
DA:12,1
DA:13,1
DA:43,1
DA:44,3
DA:45,3
DA:46,3
DA:48,3
DA:49,3
DA:51,2
DA:52,1
DA:56,1
DA:62,1
DA:63,0
DA:64,0
DA:65,0
DA:72,1
DA:74,1
DA:75,1
DA:102,1
DA:103,3
DA:104,3
DA:105,3
DA:107,3
DA:109,3
DA:110,2
DA:111,1
DA:115,1
DA:121,1
DA:122,0
DA:129,1
DA:131,1
DA:132,1
DA:159,1
DA:160,3
DA:161,3
DA:162,3
DA:164,3
DA:165,3
DA:166,3
DA:167,1
DA:170,2
DA:176,2
DA:177,0
DA:182,0
DA:190,2
DA:191,2
DA:195,2
DA:197,2
DA:199,0
DA:200,0
DA:223,1
DA:224,2
DA:225,2
DA:226,2
DA:228,2
DA:229,2
DA:230,2
DA:231,1
DA:234,1
DA:239,1
DA:240,0
DA:245,0
DA:253,1
DA:257,1
DA:259,1
DA:261,0
DA:262,0
DA:266,1
LF:76
LH:64
BRDA:46,0,0,0
BRDA:46,0,1,3
BRDA:51,1,0,1
BRDA:51,1,1,1
BRDA:62,2,0,0
BRDA:62,2,1,1
BRDA:64,3,0,0
BRDA:64,3,1,0
BRDA:105,4,0,0
BRDA:105,4,1,3
BRDA:110,5,0,1
BRDA:110,5,1,1
BRDA:121,6,0,0
BRDA:121,6,1,1
BRDA:162,7,0,0
BRDA:162,7,1,3
BRDA:166,8,0,1
BRDA:166,8,1,2
BRDA:176,9,0,0
BRDA:176,9,1,2
BRDA:226,10,0,0
BRDA:226,10,1,2
BRDA:230,11,0,1
BRDA:230,11,1,1
BRDA:239,12,0,0
BRDA:239,12,1,1
BRF:26
BRH:16
end_of_record
TN:
SF:src/routes/dashboard.ts
FN:17,git
FN:22,run
FN:27,walk
FN:34,(anonymous_4)
FN:44,collectFiles
FN:46,(anonymous_6)
FN:50,countLines
FN:51,(anonymous_8)
FN:54,countFiles
FN:55,(anonymous_10)
FN:58,listDirNames
FN:61,(anonymous_12)
FN:62,(anonymous_13)
FN:66,parsePrismaModels
FN:75,(anonymous_15)
FN:76,(anonymous_16)
FN:83,readPkgDeps
FN:92,readPkgScripts
FN:95,(anonymous_19)
FN:99,scanTodos
FN:101,(anonymous_21)
FN:113,scanEndpoints
FN:116,(anonymous_23)
FN:129,scanSocketEvents
FN:133,(anonymous_25)
FN:148,(anonymous_26)
FN:155,buildDashboard
FN:200,(anonymous_28)
FN:200,(anonymous_29)
FN:201,(anonymous_30)
FN:201,(anonymous_31)
FN:215,(anonymous_32)
FN:216,(anonymous_33)
FN:218,(anonymous_34)
FN:224,(anonymous_35)
FN:224,(anonymous_36)
FN:294,(anonymous_37)
FN:296,(anonymous_38)
FN:311,(anonymous_39)
FN:314,(anonymous_40)
FN:318,(anonymous_41)
FN:318,(anonymous_42)
FN:318,(anonymous_43)
FN:320,(anonymous_44)
FN:320,(anonymous_45)
FN:320,(anonymous_46)
FN:322,(anonymous_47)
FN:322,(anonymous_48)
FN:324,(anonymous_49)
FN:327,(anonymous_50)
FN:328,(anonymous_51)
FN:328,(anonymous_52)
FN:329,(anonymous_53)
FN:329,(anonymous_54)
FN:333,(anonymous_55)
FN:337,(anonymous_56)
FN:351,(anonymous_57)
FN:352,(anonymous_58)
FN:353,(anonymous_59)
FN:354,(anonymous_60)
FN:395,(anonymous_61)
FN:414,(anonymous_62)
FN:416,(anonymous_63)
FN:477,(anonymous_64)
FN:478,(anonymous_65)
FN:482,(anonymous_66)
FN:484,(anonymous_67)
FN:499,npmAudit
FN:501,parse
FN:506,(anonymous_70)
FN:509,(anonymous_71)
FN:529,tscCheck
FN:535,(anonymous_73)
FN:550,(anonymous_74)
FN:566,(anonymous_75)
FN:567,(anonymous_76)
FN:572,(anonymous_77)
FN:579,(anonymous_78)
FN:583,(anonymous_79)
FN:587,(anonymous_80)
FN:589,(anonymous_81)
FN:595,(anonymous_82)
FN:678,(anonymous_83)
FN:684,(anonymous_84)
FN:685,(anonymous_85)
FN:699,(anonymous_86)
FN:712,(anonymous_87)
FN:713,(anonymous_88)
FN:717,(anonymous_89)
FN:718,(anonymous_90)
FN:723,(anonymous_91)
FN:724,(anonymous_92)
FN:725,(anonymous_93)
FN:747,(anonymous_94)
FN:749,(anonymous_95)
FN:751,(anonymous_96)
FN:846,runTests
FN:877,(anonymous_98)
FN:881,(anonymous_99)
FN:923,(anonymous_100)
FN:935,(anonymous_101)
FN:948,(anonymous_102)
FN:954,(anonymous_103)
FN:976,(anonymous_104)
FNF:104
FNH:85
FNDA:28,git
FNDA:8,run
FNDA:2670,walk
FNDA:14234,(anonymous_4)
FNDA:18,collectFiles
FNDA:138,(anonymous_6)
FNDA:148,countLines
FNDA:1884,(anonymous_8)
FNDA:494,countFiles
FNDA:2560,(anonymous_10)
FNDA:68,listDirNames
FNDA:370,(anonymous_12)
FNDA:150,(anonymous_13)
FNDA:2,parsePrismaModels
FNDA:412,(anonymous_15)
FNDA:282,(anonymous_16)
FNDA:6,readPkgDeps
FNDA:6,readPkgScripts
FNDA:76,(anonymous_19)
FNDA:6,scanTodos
FNDA:616,(anonymous_21)
FNDA:2,scanEndpoints
FNDA:20,(anonymous_23)
FNDA:2,scanSocketEvents
FNDA:2,(anonymous_25)
FNDA:398,(anonymous_26)
FNDA:2,buildDashboard
FNDA:26,(anonymous_28)
FNDA:24,(anonymous_29)
FNDA:6,(anonymous_30)
FNDA:4,(anonymous_31)
FNDA:2,(anonymous_32)
FNDA:0,(anonymous_33)
FNDA:424,(anonymous_34)
FNDA:5762,(anonymous_35)
FNDA:40,(anonymous_36)
FNDA:424,(anonymous_37)
FNDA:100,(anonymous_38)
FNDA:114,(anonymous_39)
FNDA:524,(anonymous_40)
FNDA:48,(anonymous_41)
FNDA:24,(anonymous_42)
FNDA:58,(anonymous_43)
FNDA:36,(anonymous_44)
FNDA:18,(anonymous_45)
FNDA:38,(anonymous_46)
FNDA:20,(anonymous_47)
FNDA:46,(anonymous_48)
FNDA:2,(anonymous_49)
FNDA:2,(anonymous_50)
FNDA:8,(anonymous_51)
FNDA:4,(anonymous_52)
FNDA:4,(anonymous_53)
FNDA:4,(anonymous_54)
FNDA:20,(anonymous_55)
FNDA:68,(anonymous_56)
FNDA:642,(anonymous_57)
FNDA:80,(anonymous_58)
FNDA:8,(anonymous_59)
FNDA:5204,(anonymous_60)
FNDA:114,(anonymous_61)
FNDA:8938,(anonymous_62)
FNDA:40,(anonymous_63)
FNDA:2,(anonymous_64)
FNDA:0,(anonymous_65)
FNDA:6,(anonymous_66)
FNDA:0,(anonymous_67)
FNDA:0,npmAudit
FNDA:0,parse
FNDA:0,(anonymous_70)
FNDA:0,(anonymous_71)
FNDA:0,tscCheck
FNDA:0,(anonymous_73)
FNDA:2,(anonymous_74)
FNDA:68,(anonymous_75)
FNDA:66,(anonymous_76)
FNDA:66,(anonymous_77)
FNDA:0,(anonymous_78)
FNDA:0,(anonymous_79)
FNDA:0,(anonymous_80)
FNDA:0,(anonymous_81)
FNDA:66,(anonymous_82)
FNDA:6,(anonymous_83)
FNDA:180,(anonymous_84)
FNDA:180,(anonymous_85)
FNDA:10,(anonymous_86)
FNDA:12,(anonymous_87)
FNDA:10,(anonymous_88)
FNDA:38,(anonymous_89)
FNDA:38,(anonymous_90)
FNDA:18,(anonymous_91)
FNDA:18,(anonymous_92)
FNDA:18,(anonymous_93)
FNDA:1982,(anonymous_94)
FNDA:2250,(anonymous_95)
FNDA:30,(anonymous_96)
FNDA:0,runTests
FNDA:0,(anonymous_98)
FNDA:0,(anonymous_99)
FNDA:0,(anonymous_100)
FNDA:16,(anonymous_101)
FNDA:2,(anonymous_102)
FNDA:0,(anonymous_103)
FNDA:0,(anonymous_104)
DA:1,1
DA:2,1
DA:3,1
DA:4,1
DA:6,1
DA:7,1
DA:8,1
DA:10,1
DA:11,1
DA:18,28
DA:19,0
DA:23,8
DA:24,0
DA:28,2670
DA:29,2670
DA:30,11856
DA:31,11856
DA:32,11842
DA:33,11842
DA:34,14234
DA:35,5950
DA:42,1
DA:45,18
DA:46,138
DA:47,18
DA:51,1884
DA:55,2560
DA:59,68
DA:60,68
DA:61,370
DA:62,150
DA:63,0
DA:67,2
DA:68,2
DA:69,2
DA:70,2
DA:71,2
DA:72,18
DA:73,18
DA:74,18
DA:75,412
DA:76,282
DA:77,18
DA:79,2
DA:80,0
DA:84,6
DA:85,6
DA:86,6
DA:87,6
DA:88,6
DA:89,0
DA:93,6
DA:94,6
DA:95,76
DA:96,0
DA:100,6
DA:101,6
DA:102,616
DA:103,616
DA:104,616
DA:105,116768
DA:106,116768
DA:110,6
DA:114,2
DA:115,2
DA:116,2
DA:117,20
DA:118,20
DA:120,20
DA:121,150
DA:123,20
DA:126,2
DA:130,2
DA:131,2
DA:132,2
DA:133,2
DA:134,2
DA:135,2
DA:137,116
DA:138,2
DA:139,46
DA:140,2
DA:143,2
DA:144,2
DA:145,162
DA:146,162
DA:148,398
DA:156,2
DA:157,2
DA:158,2
DA:159,2
DA:160,2
DA:161,2
DA:162,2
DA:163,2
DA:164,2
DA:166,2
DA:167,2
DA:168,424
DA:169,424
DA:170,424
DA:171,424
DA:172,424
DA:173,424
DA:174,424
DA:175,424
DA:176,424
DA:178,424
DA:179,424
DA:180,424
DA:181,424
DA:182,424
DA:183,424
DA:184,424
DA:186,424
DA:187,424
DA:188,424
DA:189,424
DA:190,424
DA:191,424
DA:193,424
DA:194,424
DA:195,3024
DA:200,26
DA:201,6
DA:204,2
DA:205,2
DA:206,2
DA:207,730
DA:208,730
DA:209,730
DA:210,730
DA:214,2
DA:215,2
DA:216,0
DA:217,2
DA:218,424
DA:219,2
DA:220,2
DA:224,5762
DA:225,2
DA:228,2
DA:229,2
DA:230,2
DA:233,2
DA:234,2
DA:235,2
DA:236,2
DA:237,2
DA:238,2
DA:239,2
DA:240,48
DA:241,8
DA:242,8
DA:246,2
DA:247,2
DA:248,2
DA:251,2
DA:252,2
DA:253,2
DA:254,2
DA:255,2
DA:256,2
DA:257,2
DA:260,2
DA:261,2
DA:262,2
DA:263,2
DA:266,2
DA:267,2
DA:268,2
DA:269,2
DA:270,2
DA:271,2
DA:273,2
DA:274,2
DA:275,2
DA:276,2
DA:277,2
DA:278,2
DA:279,480
DA:280,160
DA:281,160
DA:282,160
DA:283,160
DA:284,42
DA:286,320
DA:287,160
DA:288,160
DA:289,160
DA:293,2
DA:294,424
DA:296,100
DA:303,2
DA:304,2
DA:305,2
DA:306,2
DA:307,64
DA:308,66
DA:309,48
DA:311,2
DA:312,114
DA:313,114
DA:314,524
DA:317,2
DA:318,58
DA:319,2
DA:320,38
DA:321,2
DA:322,46
DA:323,2
DA:324,2
DA:325,2
DA:326,2
DA:327,2
DA:328,8
DA:329,4
DA:332,2
DA:333,20
DA:334,2
DA:335,2
DA:336,2
DA:337,68
DA:340,2
DA:341,2
DA:342,2
DA:343,2
DA:350,2
DA:351,642
DA:352,80
DA:353,8
DA:354,5204
DA:357,2
DA:360,2
DA:361,2
DA:362,2
DA:363,2
DA:364,2
DA:365,42
DA:366,42
DA:371,2
DA:374,2
DA:377,2
DA:386,2
DA:387,2
DA:388,2
DA:391,2
DA:392,2
DA:393,2
DA:394,2
DA:395,114
DA:396,2
DA:397,2
DA:398,2
DA:403,2
DA:404,2
DA:405,2
DA:406,2
DA:407,4020
DA:408,4020
DA:409,3794
DA:413,2
DA:414,8938
DA:416,40
DA:419,2
DA:420,2
DA:421,2
DA:422,2
DA:424,2
DA:425,2
DA:426,24
DA:427,24
DA:428,24
DA:429,2
DA:431,2
DA:434,2
DA:435,2
DA:436,2
DA:437,2
DA:438,16
DA:439,16
DA:444,2
DA:445,2
DA:446,2
DA:447,2
DA:448,2
DA:449,424
DA:450,424
DA:451,424
DA:452,424
DA:457,2
DA:458,2
DA:459,2
DA:460,2
DA:461,2
DA:462,4868
DA:463,424
DA:464,424
DA:466,4444
DA:467,4444
DA:468,4020
DA:469,4020
DA:470,4020
DA:471,4020
DA:476,2
DA:477,2
DA:478,0
DA:481,2
DA:482,6
DA:483,2
DA:484,2
DA:487,2
DA:488,2
DA:489,2
DA:490,2
DA:491,2
DA:492,2
DA:500,0
DA:502,0
DA:503,0
DA:504,0
DA:505,0
DA:506,0
DA:507,0
DA:509,0
DA:510,0
DA:511,0
DA:513,0
DA:515,0
DA:516,0
DA:517,0
DA:519,0
DA:522,2
DA:523,2
DA:524,2
DA:525,2
DA:530,0
DA:531,0
DA:532,0
DA:534,0
DA:535,0
DA:536,0
DA:539,2
DA:545,2
DA:546,2
DA:547,2
DA:548,2
DA:549,2
DA:550,2
DA:551,2
DA:552,2
DA:553,2
DA:554,2
DA:561,2
DA:562,2
DA:563,2
DA:564,2
DA:565,2
DA:566,68
DA:567,66
DA:570,2
DA:571,2
DA:572,66
DA:574,0
DA:575,0
DA:578,0
DA:579,0
DA:580,0
DA:581,0
DA:582,0
DA:583,0
DA:584,0
DA:587,0
DA:589,0
DA:592,2
DA:595,66
DA:602,2
DA:604,2
DA:605,2
DA:606,2
DA:607,2
DA:608,20
DA:609,20
DA:610,20
DA:612,20
DA:613,150
DA:614,150
DA:615,150
DA:616,150
DA:617,642
DA:618,642
DA:619,150
DA:620,0
DA:622,150
DA:623,0
DA:626,20
DA:633,2
DA:636,2
DA:637,114
DA:641,2
DA:642,24
DA:643,24
DA:644,24
DA:648,2
DA:649,18
DA:650,18
DA:654,2
DA:655,2
DA:656,4
DA:657,4
DA:661,2
DA:662,18
DA:663,18
DA:664,18
DA:665,18
DA:669,2
DA:670,2
DA:671,2
DA:672,2
DA:673,2
DA:676,2
DA:677,2
DA:678,6
DA:679,2
DA:680,2
DA:681,2
DA:684,180
DA:685,180
DA:688,2
DA:689,2
DA:690,2
DA:691,2
DA:692,36
DA:697,2
DA:699,2
DA:700,10
DA:701,38
DA:705,2
DA:706,2
DA:707,2
DA:709,2
DA:710,2
DA:711,2
DA:712,12
DA:713,10
DA:714,2
DA:715,2
DA:717,38
DA:718,38
DA:721,2
DA:723,18
DA:724,18
DA:725,18
DA:729,2
DA:730,2
DA:731,2
DA:732,2
DA:733,2
DA:734,2
DA:735,4868
DA:736,424
DA:738,4444
DA:739,4444
DA:740,1982
DA:746,2
DA:747,1982
DA:749,2250
DA:751,30
DA:753,2
DA:843,1
DA:844,1
DA:847,0
DA:852,0
DA:853,0
DA:861,0
DA:865,0
DA:866,0
DA:867,0
DA:869,0
DA:877,0
DA:881,0
DA:888,0
DA:889,0
DA:890,0
DA:892,0
DA:893,0
DA:894,0
DA:895,0
DA:896,0
DA:897,0
DA:898,0
DA:899,0
DA:900,0
DA:901,0
DA:902,0
DA:903,0
DA:904,0
DA:905,0
DA:906,0
DA:908,0
DA:916,0
DA:923,0
DA:935,1
DA:936,16
DA:937,16
DA:938,2
DA:939,2
DA:940,2
DA:942,0
DA:943,0
DA:948,1
DA:949,2
DA:950,2
DA:954,1
DA:955,0
DA:956,0
DA:957,0
DA:960,0
DA:961,0
DA:962,0
DA:963,0
DA:964,0
DA:966,0
DA:967,0
DA:968,0
DA:970,0
DA:971,0
DA:976,1
DA:977,0
DA:978,0
DA:979,0
DA:982,0
DA:983,0
DA:984,0
DA:985,0
DA:986,0
DA:987,0
DA:989,0
DA:990,0
DA:994,1
LF:540
LH:441
BRDA:30,0,0,0
BRDA:30,0,1,11856
BRDA:31,1,0,14
BRDA:31,1,1,11842
BRDA:31,2,0,11856
BRDA:31,2,1,8964
BRDA:33,3,0,1994
BRDA:33,3,1,9848
BRDA:34,4,0,5950
BRDA:34,4,1,3898
BRDA:34,5,0,9848
BRDA:34,5,1,5960
BRDA:34,5,2,5950
BRDA:44,6,0,18
BRDA:46,7,0,18
BRDA:46,7,1,0
BRDA:50,8,0,148
BRDA:51,9,0,148
BRDA:51,9,1,0
BRDA:54,10,0,470
BRDA:55,11,0,470
BRDA:55,11,1,24
BRDA:61,12,0,370
BRDA:61,12,1,150
BRDA:61,12,2,150
BRDA:73,13,0,0
BRDA:73,13,1,18
BRDA:75,14,0,412
BRDA:75,14,1,340
BRDA:75,14,2,326
BRDA:86,15,0,6
BRDA:86,15,1,0
BRDA:87,16,0,6
BRDA:87,16,1,0
BRDA:95,17,0,6
BRDA:95,17,1,0
BRDA:106,18,0,0
BRDA:106,18,1,116768
BRDA:146,19,0,92
BRDA:146,19,1,70
BRDA:166,20,0,2
BRDA:166,20,1,0
BRDA:168,21,0,0
BRDA:168,21,1,424
BRDA:171,22,0,0
BRDA:171,22,1,424
BRDA:175,23,0,424
BRDA:175,23,1,0
BRDA:176,24,0,424
BRDA:176,24,1,0
BRDA:187,25,0,424
BRDA:187,25,1,26
BRDA:188,26,0,424
BRDA:188,26,1,6
BRDA:189,27,0,424
BRDA:189,27,1,2
BRDA:195,28,0,2808
BRDA:195,28,1,216
BRDA:195,29,0,2808
BRDA:195,29,1,1130
BRDA:209,30,0,730
BRDA:209,30,1,704
BRDA:210,31,0,704
BRDA:210,31,1,26
BRDA:210,32,0,2
BRDA:210,32,1,24
BRDA:210,33,0,0
BRDA:210,33,1,24
BRDA:210,34,0,8
BRDA:210,34,1,16
BRDA:219,35,0,2
BRDA:219,35,1,0
BRDA:220,36,0,2
BRDA:220,36,1,0
BRDA:225,37,0,2
BRDA:225,37,1,0
BRDA:240,38,0,8
BRDA:240,38,1,40
BRDA:267,39,0,2
BRDA:267,39,1,0
BRDA:268,40,0,2
BRDA:268,40,1,0
BRDA:276,41,0,2
BRDA:276,41,1,0
BRDA:279,42,0,160
BRDA:279,42,1,320
BRDA:283,43,0,42
BRDA:283,43,1,118
BRDA:283,44,0,160
BRDA:283,44,1,44
BRDA:283,44,2,42
BRDA:286,45,0,160
BRDA:286,45,1,160
BRDA:286,46,0,320
BRDA:286,46,1,320
BRDA:289,47,0,158
BRDA:289,47,1,2
BRDA:289,48,0,158
BRDA:289,48,1,2
BRDA:298,49,0,100
BRDA:298,49,1,0
BRDA:299,50,0,100
BRDA:299,50,1,0
BRDA:308,51,0,16
BRDA:308,51,1,48
BRDA:363,52,0,2
BRDA:363,52,1,0
BRDA:366,53,0,30
BRDA:366,53,1,12
BRDA:366,54,0,42
BRDA:366,54,1,42
BRDA:366,54,2,30
BRDA:366,55,0,2
BRDA:366,55,1,28
BRDA:393,56,0,2
BRDA:393,56,1,0
BRDA:394,57,0,2
BRDA:394,57,1,0
BRDA:396,58,0,2
BRDA:396,58,1,0
BRDA:397,59,0,2
BRDA:397,59,1,0
BRDA:405,60,0,2
BRDA:405,60,1,0
BRDA:408,61,0,3794
BRDA:408,61,1,226
BRDA:408,62,0,4020
BRDA:408,62,1,4020
BRDA:408,62,2,4020
BRDA:408,62,3,4018
BRDA:409,63,0,3794
BRDA:409,63,1,1980
BRDA:422,64,0,2
BRDA:422,64,1,0
BRDA:428,65,0,22
BRDA:428,65,1,2
BRDA:436,66,0,0
BRDA:436,66,1,2
BRDA:447,67,0,2
BRDA:447,67,1,0
BRDA:451,68,0,422
BRDA:451,68,1,2
BRDA:452,69,0,402
BRDA:452,69,1,22
BRDA:460,70,0,2
BRDA:460,70,1,0
BRDA:462,71,0,424
BRDA:462,71,1,4444
BRDA:464,72,0,2
BRDA:464,72,1,422
BRDA:467,73,0,4020
BRDA:467,73,1,424
BRDA:467,74,0,4444
BRDA:467,74,1,4020
BRDA:470,75,0,3918
BRDA:470,75,1,102
BRDA:471,76,0,3918
BRDA:471,76,1,102
BRDA:482,77,0,2
BRDA:482,77,1,0
BRDA:484,78,0,0
BRDA:484,78,1,2
BRDA:490,79,0,2
BRDA:490,79,1,0
BRDA:492,80,0,2
BRDA:492,80,1,0
BRDA:502,81,0,0
BRDA:502,81,1,0
BRDA:504,82,0,0
BRDA:504,82,1,0
BRDA:506,83,0,0
BRDA:506,83,1,0
BRDA:506,84,0,0
BRDA:506,84,1,0
BRDA:506,85,0,0
BRDA:506,85,1,0
BRDA:506,85,2,0
BRDA:507,86,0,0
BRDA:507,86,1,0
BRDA:511,87,0,0
BRDA:511,87,1,0
BRDA:511,88,0,0
BRDA:511,88,1,0
BRDA:513,89,0,0
BRDA:513,89,1,0
BRDA:513,90,0,0
BRDA:513,90,1,0
BRDA:513,91,0,0
BRDA:513,91,1,0
BRDA:513,92,0,0
BRDA:513,92,1,0
BRDA:513,93,0,0
BRDA:513,93,1,0
BRDA:513,94,0,0
BRDA:513,94,1,0
BRDA:519,95,0,0
BRDA:519,95,1,0
BRDA:524,96,0,2
BRDA:524,96,1,0
BRDA:525,97,0,2
BRDA:525,97,1,0
BRDA:534,98,0,0
BRDA:534,98,1,0
BRDA:534,98,2,0
BRDA:539,99,0,2
BRDA:539,99,1,0
BRDA:549,100,0,2
BRDA:549,100,1,0
BRDA:564,101,0,2
BRDA:564,101,1,0
BRDA:566,102,0,68
BRDA:566,102,1,66
BRDA:571,103,0,2
BRDA:571,103,1,0
BRDA:578,104,0,0
BRDA:578,104,1,0
BRDA:578,105,0,0
BRDA:578,105,1,0
BRDA:580,106,0,0
BRDA:580,106,1,0
BRDA:582,107,0,0
BRDA:582,107,1,0
BRDA:584,108,0,0
BRDA:584,108,1,0
BRDA:608,109,0,0
BRDA:608,109,1,20
BRDA:618,110,0,492
BRDA:618,110,1,150
BRDA:618,111,0,642
BRDA:618,111,1,640
BRDA:618,111,2,150
BRDA:619,112,0,150
BRDA:619,112,1,0
BRDA:619,113,0,150
BRDA:619,113,1,104
BRDA:622,114,0,150
BRDA:622,114,1,0
BRDA:649,115,0,18
BRDA:649,115,1,0
BRDA:656,116,0,4
BRDA:656,116,1,0
BRDA:673,117,0,2
BRDA:673,117,1,0
BRDA:678,118,0,6
BRDA:678,118,1,6
BRDA:681,119,0,2
BRDA:681,119,1,2
BRDA:692,120,0,34
BRDA:692,120,1,2
BRDA:712,121,0,12
BRDA:712,121,1,12
BRDA:725,122,0,2
BRDA:725,122,1,0
BRDA:730,123,0,2
BRDA:730,123,1,0
BRDA:733,124,0,2
BRDA:733,124,1,0
BRDA:735,125,0,424
BRDA:735,125,1,4444
BRDA:739,126,0,1982
BRDA:739,126,1,2462
BRDA:739,127,0,4444
BRDA:739,127,1,4020
BRDA:739,127,2,4020
BRDA:739,127,3,4018
BRDA:747,128,0,1982
BRDA:747,128,1,1258
BRDA:747,128,2,1164
BRDA:747,128,3,826
BRDA:747,128,4,644
BRDA:747,128,5,160
BRDA:747,128,6,32
BRDA:758,129,0,2
BRDA:758,129,1,0
BRDA:758,130,0,2
BRDA:758,130,1,2
BRDA:771,131,0,2
BRDA:771,131,1,0
BRDA:847,132,0,0
BRDA:847,132,1,0
BRDA:861,133,0,0
BRDA:861,133,1,0
BRDA:867,134,0,0
BRDA:867,134,1,0
BRDA:877,135,0,0
BRDA:877,135,1,0
BRDA:878,136,0,0
BRDA:878,136,1,0
BRDA:879,137,0,0
BRDA:879,137,1,0
BRDA:881,138,0,0
BRDA:881,138,1,0
BRDA:882,139,0,0
BRDA:882,139,1,0
BRDA:883,140,0,0
BRDA:883,140,1,0
BRDA:884,141,0,0
BRDA:884,141,1,0
BRDA:888,142,0,0
BRDA:888,142,1,0
BRDA:889,143,0,0
BRDA:889,143,1,0
BRDA:890,144,0,0
BRDA:890,144,1,0
BRDA:893,145,0,0
BRDA:893,145,1,0
BRDA:899,146,0,0
BRDA:899,146,1,0
BRDA:900,147,0,0
BRDA:900,147,1,0
BRDA:901,148,0,0
BRDA:901,148,1,0
BRDA:902,149,0,0
BRDA:902,149,1,0
BRDA:903,150,0,0
BRDA:903,150,1,0
BRDA:904,151,0,0
BRDA:904,151,1,0
BRDA:905,152,0,0
BRDA:905,152,1,0
BRDA:906,153,0,0
BRDA:906,153,1,0
BRDA:909,154,0,0
BRDA:909,154,1,0
BRDA:910,155,0,0
BRDA:910,155,1,0
BRDA:911,156,0,0
BRDA:911,156,1,0
BRDA:912,157,0,0
BRDA:912,157,1,0
BRDA:923,158,0,0
BRDA:923,158,1,0
BRDA:937,159,0,14
BRDA:937,159,1,2
BRDA:937,160,0,16
BRDA:937,160,1,14
BRDA:956,161,0,0
BRDA:956,161,1,0
BRDA:956,162,0,0
BRDA:956,162,1,0
BRDA:963,163,0,0
BRDA:963,163,1,0
BRDA:963,164,0,0
BRDA:963,164,1,0
BRDA:978,165,0,0
BRDA:978,165,1,0
BRDA:978,166,0,0
BRDA:978,166,1,0
BRF:348
BRH:185
end_of_record
TN:
SF:src/routes/email-templates.ts
FN:13,(anonymous_0)
FNF:1
FNH:1
FNDA:9,(anonymous_0)
DA:1,1
DA:2,1
DA:3,1
DA:5,1
DA:7,1
DA:8,1
DA:13,1
DA:14,9
DA:15,9
DA:17,9
DA:19,9
DA:21,6
DA:22,6
DA:24,1
DA:25,1
DA:27,1
DA:28,1
DA:30,1
DA:34,8
DA:36,8
DA:37,1
DA:38,1
DA:39,7
DA:40,1
DA:42,6
DA:45,8
DA:46,8
DA:49,1
LF:28
LH:28
BRDA:7,0,0,1
BRDA:7,0,1,0
BRDA:8,1,0,1
BRDA:8,1,1,0
BRDA:14,2,0,5
BRDA:14,3,0,6
BRDA:14,4,0,8
BRDA:14,5,0,7
BRDA:14,6,0,8
BRDA:14,7,0,7
BRDA:14,8,0,8
BRDA:15,9,0,9
BRDA:15,9,1,8
BRDA:19,10,0,6
BRDA:19,10,1,1
BRDA:19,10,2,1
BRDA:19,10,3,1
BRDA:36,11,0,1
BRDA:36,11,1,7
BRDA:39,12,0,1
BRDA:39,12,1,6
BRF:21
BRH:19
end_of_record
TN:
SF:src/routes/file-upload.ts
FN:28,uploadToS3
FN:46,deleteFromS3
FN:56,setSocketIO
FN:84,(anonymous_4)
FN:88,(anonymous_5)
FN:101,(anonymous_6)
FN:193,(anonymous_7)
FN:301,(anonymous_8)
FN:348,(anonymous_9)
FNF:9
FNH:0
FNDA:0,uploadToS3
FNDA:0,deleteFromS3
FNDA:0,setSocketIO
FNDA:0,(anonymous_4)
FNDA:0,(anonymous_5)
FNDA:0,(anonymous_6)
FNDA:0,(anonymous_7)
FNDA:0,(anonymous_8)
FNDA:0,(anonymous_9)
DA:1,0
DA:2,0
DA:3,0
DA:4,0
DA:5,0
DA:7,0
DA:8,0
DA:9,0
DA:13,0
DA:14,0
DA:15,0
DA:17,0
DA:33,0
DA:34,0
DA:40,0
DA:46,0
DA:47,0
DA:48,0
DA:51,0
DA:52,0
DA:55,0
DA:56,0
DA:57,0
DA:71,0
DA:72,0
DA:74,0
DA:75,0
DA:76,0
DA:81,0
DA:85,0
DA:86,0
DA:89,0
DA:90,0
DA:91,0
DA:92,0
DA:96,0
DA:103,0
DA:128,0
DA:129,0
DA:131,0
DA:190,0
DA:194,0
DA:195,0
DA:196,0
DA:199,0
DA:201,0
DA:202,0
DA:203,0
DA:206,0
DA:207,0
DA:208,0
DA:209,0
DA:212,0
DA:213,0
DA:214,0
DA:215,0
DA:216,0
DA:217,0
DA:220,0
DA:222,0
DA:224,0
DA:225,0
DA:226,0
DA:227,0
DA:230,0
DA:231,0
DA:232,0
DA:242,0
DA:243,0
DA:244,0
DA:247,0
DA:248,0
DA:249,0
DA:251,0
DA:256,0
DA:257,0
DA:258,0
DA:261,0
DA:262,0
DA:264,0
DA:280,0
DA:283,0
DA:296,0
DA:297,0
DA:298,0
DA:299,0
DA:301,0
DA:302,0
DA:303,0
DA:304,0
DA:307,0
DA:316,0
DA:323,0
DA:329,0
DA:331,0
DA:337,0
DA:338,0
DA:339,0
DA:341,0
DA:348,0
DA:349,0
DA:350,0
DA:351,0
DA:352,0
DA:355,0
DA:360,0
DA:361,0
DA:364,0
DA:365,0
DA:368,0
DA:369,0
DA:370,0
DA:371,0
DA:373,0
DA:377,0
DA:378,0
DA:380,0
DA:381,0
DA:383,0
DA:384,0
DA:387,0
DA:391,0
DA:392,0
DA:394,0
DA:395,0
DA:398,0
DA:401,0
DA:402,0
DA:406,0
LF:129
LH:0
BRDA:14,0,0,0
BRDA:14,0,1,0
BRDA:15,1,0,0
BRDA:15,1,1,0
BRDA:17,2,0,0
BRDA:17,2,1,0
BRDA:20,3,0,0
BRDA:20,3,1,0
BRDA:21,4,0,0
BRDA:21,4,1,0
BRDA:33,5,0,0
BRDA:33,5,1,0
BRDA:47,6,0,0
BRDA:47,6,1,0
BRDA:74,7,0,0
BRDA:74,7,1,0
BRDA:75,8,0,0
BRDA:75,8,1,0
BRDA:76,9,0,0
BRDA:76,9,1,0
BRDA:81,10,0,0
BRDA:81,10,1,0
BRDA:86,11,0,0
BRDA:86,11,1,0
BRDA:128,12,0,0
BRDA:128,12,1,0
BRDA:195,13,0,0
BRDA:195,13,1,0
BRDA:201,14,0,0
BRDA:201,14,1,0
BRDA:202,15,0,0
BRDA:202,15,1,0
BRDA:202,16,0,0
BRDA:202,16,1,0
BRDA:207,17,0,0
BRDA:207,17,1,0
BRDA:208,18,0,0
BRDA:208,18,1,0
BRDA:208,19,0,0
BRDA:208,19,1,0
BRDA:213,20,0,0
BRDA:213,20,1,0
BRDA:222,21,0,0
BRDA:222,21,1,0
BRDA:230,22,0,0
BRDA:230,22,1,0
BRDA:242,23,0,0
BRDA:242,23,1,0
BRDA:244,24,0,0
BRDA:244,24,1,0
BRDA:244,25,0,0
BRDA:244,25,1,0
BRDA:247,26,0,0
BRDA:247,26,1,0
BRDA:256,27,0,0
BRDA:256,27,1,0
BRDA:256,27,2,0
BRDA:257,28,0,0
BRDA:257,28,1,0
BRDA:262,29,0,0
BRDA:262,29,1,0
BRDA:262,30,0,0
BRDA:262,30,1,0
BRDA:262,31,0,0
BRDA:262,31,1,0
BRDA:268,32,0,0
BRDA:268,32,1,0
BRDA:268,33,0,0
BRDA:268,33,1,0
BRDA:296,34,0,0
BRDA:296,34,1,0
BRDA:296,35,0,0
BRDA:296,35,1,0
BRDA:296,35,2,0
BRDA:311,36,0,0
BRDA:311,36,1,0
BRDA:338,37,0,0
BRDA:338,37,1,0
BRDA:338,38,0,0
BRDA:338,38,1,0
BRDA:338,38,2,0
BRDA:338,38,3,0
BRDA:351,39,0,0
BRDA:351,39,1,0
BRDA:360,40,0,0
BRDA:360,40,1,0
BRDA:364,41,0,0
BRDA:364,41,1,0
BRDA:364,42,0,0
BRDA:364,42,1,0
BRDA:368,43,0,0
BRDA:368,43,1,0
BRDA:371,44,0,0
BRDA:371,44,1,0
BRDA:373,45,0,0
BRDA:373,45,1,0
BRDA:383,46,0,0
BRDA:383,46,1,0
BRDA:394,47,0,0
BRDA:394,47,1,0
BRF:100
BRH:0
end_of_record
TN:
SF:src/routes/friends.ts
FN:34,(anonymous_0)
FN:49,(anonymous_1)
FN:71,(anonymous_2)
FN:79,(anonymous_3)
FN:95,(anonymous_4)
FN:103,(anonymous_5)
FN:126,(anonymous_6)
FN:154,(anonymous_7)
FN:155,(anonymous_8)
FN:160,(anonymous_9)
FN:165,(anonymous_10)
FN:186,(anonymous_11)
FN:242,(anonymous_12)
FN:273,(anonymous_13)
FN:301,(anonymous_14)
FN:329,(anonymous_15)
FN:356,(anonymous_16)
FN:374,(anonymous_17)
FN:387,(anonymous_18)
FN:405,(anonymous_19)
FN:413,(anonymous_20)
FN:429,(anonymous_21)
FNF:22
FNH:20
FNDA:2,(anonymous_0)
FNDA:1,(anonymous_1)
FNDA:1,(anonymous_2)
FNDA:1,(anonymous_3)
FNDA:1,(anonymous_4)
FNDA:1,(anonymous_5)
FNDA:2,(anonymous_6)
FNDA:1,(anonymous_7)
FNDA:1,(anonymous_8)
FNDA:1,(anonymous_9)
FNDA:1,(anonymous_10)
FNDA:7,(anonymous_11)
FNDA:4,(anonymous_12)
FNDA:4,(anonymous_13)
FNDA:3,(anonymous_14)
FNDA:2,(anonymous_15)
FNDA:0,(anonymous_16)
FNDA:1,(anonymous_17)
FNDA:0,(anonymous_18)
FNDA:1,(anonymous_19)
FNDA:1,(anonymous_20)
FNDA:3,(anonymous_21)
DA:1,1
DA:2,1
DA:3,1
DA:4,1
DA:6,1
DA:7,1
DA:10,1
DA:34,1
DA:35,2
DA:36,2
DA:37,2
DA:49,2
DA:55,2
DA:57,0
DA:58,0
DA:71,1
DA:72,1
DA:73,1
DA:74,1
DA:79,1
DA:81,0
DA:82,0
DA:95,1
DA:96,1
DA:97,1
DA:98,1
DA:103,1
DA:105,0
DA:106,0
DA:126,1
DA:127,2
DA:128,2
DA:129,2
DA:130,2
DA:132,1
DA:151,1
DA:154,1
DA:155,1
DA:160,1
DA:161,1
DA:162,1
DA:165,1
DA:170,1
DA:172,0
DA:173,0
DA:186,1
DA:187,7
DA:188,7
DA:189,7
DA:191,7
DA:192,6
DA:195,5
DA:204,5
DA:205,4
DA:206,3
DA:207,2
DA:209,2
DA:210,1
DA:215,1
DA:217,1
DA:221,1
DA:226,1
DA:228,0
DA:229,0
DA:242,1
DA:243,4
DA:244,4
DA:245,4
DA:247,4
DA:248,4
DA:249,3
DA:250,2
DA:252,1
DA:257,1
DA:259,0
DA:260,0
DA:273,1
DA:274,4
DA:275,4
DA:276,4
DA:278,4
DA:279,4
DA:280,3
DA:281,1
DA:284,2
DA:285,2
DA:287,0
DA:288,0
DA:301,1
DA:302,3
DA:303,3
DA:304,3
DA:306,3
DA:307,3
DA:308,2
DA:309,1
DA:312,1
DA:313,1
DA:315,0
DA:316,0
DA:329,1
DA:330,2
DA:331,2
DA:332,2
DA:334,2
DA:337,1
DA:347,1
DA:353,1
DA:358,1
DA:360,0
DA:361,0
DA:374,1
DA:375,1
DA:376,1
DA:377,1
DA:379,1
DA:384,1
DA:389,1
DA:391,0
DA:392,0
DA:405,1
DA:406,1
DA:407,1
DA:408,1
DA:413,1
DA:415,0
DA:416,0
DA:429,1
DA:430,3
DA:431,3
DA:432,3
DA:434,3
DA:445,3
DA:446,2
DA:451,0
DA:452,0
DA:456,1
LF:137
LH:113
BRDA:52,0,0,1
BRDA:52,0,1,0
BRDA:129,1,0,2
BRDA:129,1,1,0
BRDA:130,2,0,1
BRDA:130,2,1,1
BRDA:161,3,0,1
BRDA:161,3,1,0
BRDA:167,4,0,1
BRDA:167,4,1,0
BRDA:191,5,0,1
BRDA:191,5,1,6
BRDA:192,6,0,1
BRDA:192,6,1,5
BRDA:204,7,0,4
BRDA:204,7,1,1
BRDA:205,8,0,1
BRDA:205,8,1,3
BRDA:206,9,0,1
BRDA:206,9,1,2
BRDA:207,10,0,2
BRDA:207,10,1,0
BRDA:209,11,0,1
BRDA:209,11,1,1
BRDA:248,12,0,1
BRDA:248,12,1,3
BRDA:249,13,0,1
BRDA:249,13,1,2
BRDA:250,14,0,1
BRDA:250,14,1,1
BRDA:279,15,0,1
BRDA:279,15,1,3
BRDA:280,16,0,1
BRDA:280,16,1,2
BRDA:280,17,0,3
BRDA:280,17,1,2
BRDA:307,18,0,1
BRDA:307,18,1,2
BRDA:308,19,0,1
BRDA:308,19,1,1
BRDA:308,20,0,2
BRDA:308,20,1,1
BRDA:334,21,0,1
BRDA:334,21,1,1
BRDA:445,22,0,1
BRDA:445,22,1,2
BRF:46
BRH:41
end_of_record
TN:
SF:src/routes/groups.ts
FN:28,uploadToS3
FN:34,deleteFromS3
FN:53,(anonymous_3)
FN:54,(anonymous_4)
FN:63,(anonymous_5)
FN:83,(anonymous_6)
FN:89,isGroupAdmin
FN:97,deleteLocalFile
FN:102,setGroupsSocketIO
FN:106,(anonymous_10)
FN:121,(anonymous_11)
FN:121,(anonymous_12)
FN:131,(anonymous_13)
FN:133,(anonymous_14)
FN:139,(anonymous_15)
FN:158,(anonymous_16)
FN:176,(anonymous_17)
FN:178,(anonymous_18)
FN:194,(anonymous_19)
FN:211,(anonymous_20)
FN:218,(anonymous_21)
FN:220,(anonymous_22)
FN:240,(anonymous_23)
FN:271,(anonymous_24)
FN:301,(anonymous_25)
FN:330,(anonymous_26)
FN:358,(anonymous_27)
FN:385,(anonymous_28)
FN:432,sendSystemMessage
FN:452,(anonymous_30)
FN:465,(anonymous_31)
FN:489,(anonymous_32)
FN:520,promoteNextOwner
FN:536,(anonymous_34)
FN:584,(anonymous_35)
FN:626,(anonymous_36)
FN:638,(anonymous_37)
FN:641,(anonymous_38)
FN:682,(anonymous_39)
FN:721,(anonymous_40)
FN:761,(anonymous_41)
FN:863,(anonymous_42)
FN:887,(anonymous_43)
FN:938,(anonymous_44)
FN:989,(anonymous_45)
FN:1026,(anonymous_46)
FN:1063,(anonymous_47)
FNF:47
FNH:0
FNDA:0,uploadToS3
FNDA:0,deleteFromS3
FNDA:0,(anonymous_3)
FNDA:0,(anonymous_4)
FNDA:0,(anonymous_5)
FNDA:0,(anonymous_6)
FNDA:0,isGroupAdmin
FNDA:0,deleteLocalFile
FNDA:0,setGroupsSocketIO
FNDA:0,(anonymous_10)
FNDA:0,(anonymous_11)
FNDA:0,(anonymous_12)
FNDA:0,(anonymous_13)
FNDA:0,(anonymous_14)
FNDA:0,(anonymous_15)
FNDA:0,(anonymous_16)
FNDA:0,(anonymous_17)
FNDA:0,(anonymous_18)
FNDA:0,(anonymous_19)
FNDA:0,(anonymous_20)
FNDA:0,(anonymous_21)
FNDA:0,(anonymous_22)
FNDA:0,(anonymous_23)
FNDA:0,(anonymous_24)
FNDA:0,(anonymous_25)
FNDA:0,(anonymous_26)
FNDA:0,(anonymous_27)
FNDA:0,(anonymous_28)
FNDA:0,sendSystemMessage
FNDA:0,(anonymous_30)
FNDA:0,(anonymous_31)
FNDA:0,(anonymous_32)
FNDA:0,promoteNextOwner
FNDA:0,(anonymous_34)
FNDA:0,(anonymous_35)
FNDA:0,(anonymous_36)
FNDA:0,(anonymous_37)
FNDA:0,(anonymous_38)
FNDA:0,(anonymous_39)
FNDA:0,(anonymous_40)
FNDA:0,(anonymous_41)
FNDA:0,(anonymous_42)
FNDA:0,(anonymous_43)
FNDA:0,(anonymous_44)
FNDA:0,(anonymous_45)
FNDA:0,(anonymous_46)
FNDA:0,(anonymous_47)
DA:1,1
DA:2,1
DA:3,1
DA:4,1
DA:5,1
DA:6,1
DA:8,1
DA:9,1
DA:10,1
DA:12,1
DA:13,1
DA:16,1
DA:17,1
DA:18,1
DA:20,1
DA:29,0
DA:30,0
DA:31,0
DA:35,0
DA:36,0
DA:39,1
DA:40,1
DA:41,1
DA:42,1
DA:43,1
DA:44,1
DA:45,1
DA:46,1
DA:47,1
DA:50,1
DA:53,0
DA:55,0
DA:56,0
DA:60,1
DA:64,0
DA:76,0
DA:80,1
DA:84,0
DA:85,0
DA:90,0
DA:91,0
DA:92,0
DA:93,0
DA:94,0
DA:98,0
DA:101,1
DA:102,1
DA:106,1
DA:107,0
DA:108,0
DA:109,0
DA:110,0
DA:111,0
DA:113,0
DA:121,0
DA:131,0
DA:132,0
DA:133,0
DA:134,0
DA:137,0
DA:138,0
DA:139,0
DA:140,0
DA:141,0
DA:150,0
DA:152,0
DA:153,0
DA:158,1
DA:159,0
DA:160,0
DA:161,0
DA:163,0
DA:176,0
DA:178,0
DA:179,0
DA:186,0
DA:188,0
DA:189,0
DA:194,1
DA:195,0
DA:196,0
DA:197,0
DA:199,0
DA:211,0
DA:212,0
DA:218,0
DA:220,0
DA:221,0
DA:222,0
DA:232,0
DA:234,0
DA:235,0
DA:240,1
DA:241,0
DA:242,0
DA:243,0
DA:244,0
DA:246,0
DA:249,0
DA:250,0
DA:252,0
DA:258,0
DA:267,0
DA:269,0
DA:271,0
DA:272,0
DA:276,0
DA:278,0
DA:279,0
DA:280,0
DA:283,0
DA:284,0
DA:289,0
DA:290,0
DA:291,0
DA:293,0
DA:295,0
DA:296,0
DA:301,1
DA:302,0
DA:303,0
DA:304,0
DA:305,0
DA:307,0
DA:310,0
DA:311,0
DA:313,0
DA:315,0
DA:316,0
DA:317,0
DA:322,0
DA:324,0
DA:325,0
DA:330,1
DA:331,0
DA:332,0
DA:333,0
DA:334,0
DA:336,0
DA:337,0
DA:339,0
DA:348,0
DA:350,0
DA:352,0
DA:353,0
DA:358,1
DA:359,0
DA:360,0
DA:361,0
DA:362,0
DA:363,0
DA:364,0
DA:366,0
DA:367,0
DA:368,0
DA:370,0
DA:377,0
DA:379,0
DA:380,0
DA:385,1
DA:386,0
DA:387,0
DA:388,0
DA:389,0
DA:390,0
DA:392,0
DA:393,0
DA:396,0
DA:399,0
DA:400,0
DA:402,0
DA:404,0
DA:412,0
DA:413,0
DA:414,0
DA:415,0
DA:423,0
DA:425,0
DA:426,0
DA:427,0
DA:433,0
DA:434,0
DA:437,0
DA:438,0
DA:439,0
DA:440,0
DA:447,0
DA:452,1
DA:453,0
DA:454,0
DA:455,0
DA:456,0
DA:458,0
DA:459,0
DA:461,0
DA:462,0
DA:465,0
DA:466,0
DA:468,0
DA:470,0
DA:471,0
DA:472,0
DA:473,0
DA:474,0
DA:479,0
DA:481,0
DA:483,0
DA:484,0
DA:489,1
DA:490,0
DA:491,0
DA:492,0
DA:493,0
DA:494,0
DA:496,0
DA:497,0
DA:500,0
DA:506,0
DA:507,0
DA:508,0
DA:512,0
DA:514,0
DA:515,0
DA:522,0
DA:526,0
DA:528,0
DA:532,0
DA:536,1
DA:537,0
DA:538,0
DA:539,0
DA:540,0
DA:542,0
DA:543,0
DA:544,0
DA:547,0
DA:548,0
DA:549,0
DA:554,0
DA:558,0
DA:559,0
DA:560,0
DA:561,0
DA:562,0
DA:563,0
DA:564,0
DA:566,0
DA:567,0
DA:568,0
DA:571,0
DA:575,0
DA:576,0
DA:578,0
DA:579,0
DA:584,1
DA:585,0
DA:586,0
DA:587,0
DA:588,0
DA:590,0
DA:591,0
DA:593,0
DA:599,0
DA:600,0
DA:604,0
DA:607,0
DA:610,0
DA:611,0
DA:612,0
DA:616,0
DA:618,0
DA:619,0
DA:626,1
DA:627,0
DA:628,0
DA:629,0
DA:630,0
DA:632,0
DA:636,0
DA:638,0
DA:639,0
DA:641,0
DA:643,0
DA:645,0
DA:646,0
DA:647,0
DA:650,0
DA:652,0
DA:653,0
DA:654,0
DA:655,0
DA:661,0
DA:663,0
DA:664,0
DA:665,0
DA:666,0
DA:667,0
DA:672,0
DA:674,0
DA:676,0
DA:677,0
DA:682,1
DA:683,0
DA:684,0
DA:685,0
DA:686,0
DA:689,0
DA:692,0
DA:693,0
DA:696,0
DA:699,0
DA:701,0
DA:706,0
DA:707,0
DA:708,0
DA:709,0
DA:713,0
DA:715,0
DA:716,0
DA:721,1
DA:722,0
DA:723,0
DA:724,0
DA:725,0
DA:727,0
DA:728,0
DA:731,0
DA:732,0
DA:735,0
DA:736,0
DA:739,0
DA:742,0
DA:744,0
DA:746,0
DA:747,0
DA:748,0
DA:749,0
DA:753,0
DA:755,0
DA:756,0
DA:761,1
DA:762,0
DA:763,0
DA:764,0
DA:765,0
DA:767,0
DA:768,0
DA:771,0
DA:772,0
DA:773,0
DA:774,0
DA:776,0
DA:777,0
DA:778,0
DA:781,0
DA:782,0
DA:783,0
DA:784,0
DA:787,0
DA:789,0
DA:790,0
DA:791,0
DA:793,0
DA:794,0
DA:795,0
DA:802,0
DA:803,0
DA:804,0
DA:807,0
DA:808,0
DA:809,0
DA:813,0
DA:814,0
DA:815,0
DA:818,0
DA:819,0
DA:821,0
DA:838,0
DA:839,0
DA:840,0
DA:841,0
DA:842,0
DA:846,0
DA:859,0
DA:860,0
DA:861,0
DA:862,0
DA:863,0
DA:864,0
DA:865,0
DA:866,0
DA:870,0
DA:871,0
DA:872,0
DA:875,0
DA:880,0
DA:881,0
DA:882,0
DA:887,1
DA:888,0
DA:889,0
DA:890,0
DA:891,0
DA:892,0
DA:894,0
DA:895,0
DA:898,0
DA:899,0
DA:902,0
DA:903,0
DA:904,0
DA:906,0
DA:907,0
DA:908,0
DA:911,0
DA:912,0
DA:914,0
DA:915,0
DA:916,0
DA:918,0
DA:919,0
DA:923,0
DA:924,0
DA:925,0
DA:926,0
DA:930,0
DA:932,0
DA:933,0
DA:938,1
DA:939,0
DA:940,0
DA:941,0
DA:942,0
DA:943,0
DA:945,0
DA:946,0
DA:949,0
DA:950,0
DA:953,0
DA:954,0
DA:955,0
DA:957,0
DA:958,0
DA:959,0
DA:962,0
DA:963,0
DA:965,0
DA:966,0
DA:967,0
DA:969,0
DA:970,0
DA:974,0
DA:975,0
DA:976,0
DA:977,0
DA:981,0
DA:983,0
DA:984,0
DA:989,1
DA:990,0
DA:991,0
DA:992,0
DA:993,0
DA:995,0
DA:996,0
DA:999,0
DA:1000,0
DA:1002,0
DA:1004,0
DA:1005,0
DA:1007,0
DA:1008,0
DA:1011,0
DA:1012,0
DA:1013,0
DA:1014,0
DA:1018,0
DA:1020,0
DA:1021,0
DA:1026,1
DA:1027,0
DA:1028,0
DA:1029,0
DA:1030,0
DA:1032,0
DA:1033,0
DA:1036,0
DA:1037,0
DA:1039,0
DA:1041,0
DA:1042,0
DA:1044,0
DA:1045,0
DA:1048,0
DA:1049,0
DA:1050,0
DA:1051,0
DA:1055,0
DA:1057,0
DA:1058,0
DA:1063,1
DA:1064,0
DA:1065,0
DA:1066,0
DA:1067,0
DA:1068,0
DA:1070,0
DA:1071,0
DA:1073,0
DA:1078,0
DA:1079,0
DA:1080,0
DA:1081,0
DA:1084,0
DA:1086,0
DA:1087,0
DA:1091,1
LF:517
LH:51
BRDA:17,0,0,1
BRDA:17,0,1,1
BRDA:18,1,0,1
BRDA:18,1,1,1
BRDA:20,2,0,0
BRDA:20,2,1,1
BRDA:23,3,0,0
BRDA:23,3,1,0
BRDA:24,4,0,0
BRDA:24,4,1,0
BRDA:29,5,0,0
BRDA:29,5,1,0
BRDA:35,6,0,0
BRDA:35,6,1,0
BRDA:43,7,0,1
BRDA:43,7,1,0
BRDA:44,8,0,0
BRDA:44,8,1,1
BRDA:45,9,0,0
BRDA:45,9,1,1
BRDA:46,10,0,0
BRDA:46,10,1,1
BRDA:47,11,0,0
BRDA:47,11,1,1
BRDA:50,12,0,0
BRDA:50,12,1,1
BRDA:53,13,0,0
BRDA:53,13,1,0
BRDA:91,14,0,0
BRDA:91,14,1,0
BRDA:92,15,0,0
BRDA:92,15,1,0
BRDA:98,16,0,0
BRDA:98,16,1,0
BRDA:109,17,0,0
BRDA:109,17,1,0
BRDA:110,18,0,0
BRDA:111,19,0,0
BRDA:111,19,1,0
BRDA:116,20,0,0
BRDA:116,20,1,0
BRDA:132,21,0,0
BRDA:132,21,1,0
BRDA:132,21,2,0
BRDA:137,22,0,0
BRDA:137,22,1,0
BRDA:161,23,0,0
BRDA:161,23,1,0
BRDA:181,24,0,0
BRDA:181,24,1,0
BRDA:182,25,0,0
BRDA:182,25,1,0
BRDA:197,26,0,0
BRDA:197,26,1,0
BRDA:212,27,0,0
BRDA:212,27,1,0
BRDA:221,28,0,0
BRDA:221,28,1,0
BRDA:227,29,0,0
BRDA:227,29,1,0
BRDA:227,29,2,0
BRDA:243,30,0,0
BRDA:243,30,1,0
BRDA:249,31,0,0
BRDA:249,31,1,0
BRDA:250,32,0,0
BRDA:250,32,1,0
BRDA:267,33,0,0
BRDA:267,33,1,0
BRDA:269,34,0,0
BRDA:269,34,1,0
BRDA:272,35,0,0
BRDA:272,35,1,0
BRDA:279,36,0,0
BRDA:279,36,1,0
BRDA:283,37,0,0
BRDA:283,37,1,0
BRDA:290,38,0,0
BRDA:290,38,1,0
BRDA:290,38,2,0
BRDA:304,39,0,0
BRDA:304,39,1,0
BRDA:310,40,0,0
BRDA:310,40,1,0
BRDA:311,41,0,0
BRDA:311,41,1,0
BRDA:315,42,0,0
BRDA:315,42,1,0
BRDA:315,43,0,0
BRDA:315,43,1,0
BRDA:333,44,0,0
BRDA:333,44,1,0
BRDA:337,45,0,0
BRDA:337,45,1,0
BRDA:348,46,0,0
BRDA:348,46,1,0
BRDA:361,47,0,0
BRDA:361,47,1,0
BRDA:363,48,0,0
BRDA:363,48,1,0
BRDA:367,49,0,0
BRDA:367,49,1,0
BRDA:368,50,0,0
BRDA:368,50,1,0
BRDA:371,51,0,0
BRDA:371,51,1,0
BRDA:388,52,0,0
BRDA:388,52,1,0
BRDA:393,53,0,0
BRDA:393,53,1,0
BRDA:399,54,0,0
BRDA:399,54,1,0
BRDA:400,55,0,0
BRDA:400,55,1,0
BRDA:412,56,0,0
BRDA:412,56,1,0
BRDA:414,57,0,0
BRDA:414,57,1,0
BRDA:414,57,2,0
BRDA:425,58,0,0
BRDA:425,58,1,0
BRDA:437,59,0,0
BRDA:437,59,1,0
BRDA:455,60,0,0
BRDA:455,60,1,0
BRDA:459,61,0,0
BRDA:459,61,1,0
BRDA:462,62,0,0
BRDA:462,62,1,0
BRDA:462,63,0,0
BRDA:462,63,1,0
BRDA:466,64,0,0
BRDA:466,64,1,0
BRDA:466,64,2,0
BRDA:470,65,0,0
BRDA:470,65,1,0
BRDA:479,66,0,0
BRDA:479,66,1,0
BRDA:492,67,0,0
BRDA:492,67,1,0
BRDA:496,68,0,0
BRDA:496,68,1,0
BRDA:502,69,0,0
BRDA:502,69,1,0
BRDA:502,70,0,0
BRDA:502,70,1,0
BRDA:502,71,0,0
BRDA:502,71,1,0
BRDA:506,72,0,0
BRDA:506,72,1,0
BRDA:526,73,0,0
BRDA:526,73,1,0
BRDA:539,74,0,0
BRDA:539,74,1,0
BRDA:543,75,0,0
BRDA:543,75,1,0
BRDA:544,76,0,0
BRDA:544,76,1,0
BRDA:547,77,0,0
BRDA:547,77,1,0
BRDA:559,78,0,0
BRDA:559,78,1,0
BRDA:561,79,0,0
BRDA:561,79,1,0
BRDA:568,80,0,0
BRDA:568,80,1,0
BRDA:587,81,0,0
BRDA:587,81,1,0
BRDA:591,82,0,0
BRDA:591,82,1,0
BRDA:599,83,0,0
BRDA:599,83,1,0
BRDA:607,84,0,0
BRDA:607,84,1,0
BRDA:607,85,0,0
BRDA:607,85,1,0
BRDA:629,86,0,0
BRDA:629,86,1,0
BRDA:636,87,0,0
BRDA:636,87,1,0
BRDA:639,88,0,0
BRDA:639,88,1,0
BRDA:639,88,2,0
BRDA:643,89,0,0
BRDA:643,89,1,0
BRDA:645,90,0,0
BRDA:645,90,1,0
BRDA:650,91,0,0
BRDA:650,91,1,0
BRDA:653,92,0,0
BRDA:653,92,1,0
BRDA:653,93,0,0
BRDA:653,93,1,0
BRDA:663,94,0,0
BRDA:663,94,1,0
BRDA:685,95,0,0
BRDA:685,95,1,0
BRDA:692,96,0,0
BRDA:692,96,1,0
BRDA:692,97,0,0
BRDA:692,97,1,0
BRDA:699,98,0,0
BRDA:699,98,1,0
BRDA:706,99,0,0
BRDA:706,99,1,0
BRDA:724,100,0,0
BRDA:724,100,1,0
BRDA:728,101,0,0
BRDA:728,101,1,0
BRDA:731,102,0,0
BRDA:731,102,1,0
BRDA:735,103,0,0
BRDA:735,103,1,0
BRDA:742,104,0,0
BRDA:742,104,1,0
BRDA:746,105,0,0
BRDA:746,105,1,0
BRDA:764,106,0,0
BRDA:764,106,1,0
BRDA:765,107,0,0
BRDA:765,107,1,0
BRDA:772,108,0,0
BRDA:772,108,1,0
BRDA:773,109,0,0
BRDA:773,109,1,0
BRDA:773,110,0,0
BRDA:773,110,1,0
BRDA:776,111,0,0
BRDA:776,111,1,0
BRDA:777,112,0,0
BRDA:777,112,1,0
BRDA:777,113,0,0
BRDA:777,113,1,0
BRDA:782,114,0,0
BRDA:782,114,1,0
BRDA:789,115,0,0
BRDA:789,115,1,0
BRDA:794,116,0,0
BRDA:794,116,1,0
BRDA:802,117,0,0
BRDA:802,117,1,0
BRDA:804,118,0,0
BRDA:804,118,1,0
BRDA:804,119,0,0
BRDA:804,119,1,0
BRDA:807,120,0,0
BRDA:807,120,1,0
BRDA:813,121,0,0
BRDA:813,121,1,0
BRDA:813,121,2,0
BRDA:814,122,0,0
BRDA:814,122,1,0
BRDA:819,123,0,0
BRDA:819,123,1,0
BRDA:819,124,0,0
BRDA:819,124,1,0
BRDA:819,125,0,0
BRDA:819,125,1,0
BRDA:825,126,0,0
BRDA:825,126,1,0
BRDA:825,127,0,0
BRDA:825,127,1,0
BRDA:838,128,0,0
BRDA:838,128,1,0
BRDA:859,129,0,0
BRDA:859,129,1,0
BRDA:859,130,0,0
BRDA:859,130,1,0
BRDA:859,130,2,0
BRDA:868,131,0,0
BRDA:868,131,1,0
BRDA:881,132,0,0
BRDA:881,132,1,0
BRDA:881,133,0,0
BRDA:881,133,1,0
BRDA:881,133,2,0
BRDA:881,133,3,0
BRDA:890,134,0,0
BRDA:890,134,1,0
BRDA:892,135,0,0
BRDA:892,135,1,0
BRDA:894,136,0,0
BRDA:894,136,1,0
BRDA:902,137,0,0
BRDA:902,137,1,0
BRDA:908,138,0,0
BRDA:908,138,1,0
BRDA:914,139,0,0
BRDA:914,139,1,0
BRDA:915,140,0,0
BRDA:915,140,1,0
BRDA:923,141,0,0
BRDA:923,141,1,0
BRDA:941,142,0,0
BRDA:941,142,1,0
BRDA:943,143,0,0
BRDA:943,143,1,0
BRDA:945,144,0,0
BRDA:945,144,1,0
BRDA:953,145,0,0
BRDA:953,145,1,0
BRDA:959,146,0,0
BRDA:959,146,1,0
BRDA:965,147,0,0
BRDA:965,147,1,0
BRDA:966,148,0,0
BRDA:966,148,1,0
BRDA:974,149,0,0
BRDA:974,149,1,0
BRDA:992,150,0,0
BRDA:992,150,1,0
BRDA:995,151,0,0
BRDA:995,151,1,0
BRDA:1000,152,0,0
BRDA:1000,152,1,0
BRDA:1004,153,0,0
BRDA:1004,153,1,0
BRDA:1011,154,0,0
BRDA:1011,154,1,0
BRDA:1029,155,0,0
BRDA:1029,155,1,0
BRDA:1032,156,0,0
BRDA:1032,156,1,0
BRDA:1037,157,0,0
BRDA:1037,157,1,0
BRDA:1041,158,0,0
BRDA:1041,158,1,0
BRDA:1048,159,0,0
BRDA:1048,159,1,0
BRDA:1066,160,0,0
BRDA:1066,160,1,0
BRDA:1071,161,0,0
BRDA:1071,161,1,0
BRDA:1078,162,0,0
BRDA:1078,162,1,0
BRF:335
BRH:11
end_of_record
TN:
SF:src/routes/messages.ts
FN:11,setMessagesSocketIO
FN:155,(anonymous_1)
FN:213,(anonymous_2)
FN:214,(anonymous_3)
FN:224,(anonymous_4)
FN:249,(anonymous_5)
FN:327,(anonymous_6)
FN:351,(anonymous_7)
FN:417,(anonymous_8)
FNF:9
FNH:0
FNDA:0,setMessagesSocketIO
FNDA:0,(anonymous_1)
FNDA:0,(anonymous_2)
FNDA:0,(anonymous_3)
FNDA:0,(anonymous_4)
FNDA:0,(anonymous_5)
FNDA:0,(anonymous_6)
FNDA:0,(anonymous_7)
FNDA:0,(anonymous_8)
DA:1,1
DA:2,1
DA:3,1
DA:6,1
DA:7,1
DA:10,1
DA:11,1
DA:155,1
DA:156,0
DA:157,0
DA:158,0
DA:159,0
DA:161,0
DA:162,0
DA:165,0
DA:166,0
DA:169,0
DA:172,0
DA:180,0
DA:181,0
DA:186,0
DA:187,0
DA:192,0
DA:212,0
DA:213,0
DA:214,0
DA:216,0
DA:217,0
DA:224,0
DA:249,0
DA:261,0
DA:267,0
DA:268,0
DA:327,1
DA:328,0
DA:329,0
DA:330,0
DA:331,0
DA:334,0
DA:338,0
DA:339,0
DA:340,0
DA:343,0
DA:349,0
DA:351,0
DA:363,0
DA:364,0
DA:417,1
DA:418,0
DA:419,0
DA:420,0
DA:421,0
DA:423,0
DA:424,0
DA:426,0
DA:427,0
DA:428,0
DA:430,0
DA:439,0
DA:440,0
DA:441,0
DA:442,0
DA:445,0
DA:447,0
DA:448,0
DA:452,1
LF:66
LH:11
BRDA:159,0,0,0
BRDA:161,1,0,0
BRDA:161,1,1,0
BRDA:165,2,0,0
BRDA:165,2,1,0
BRDA:169,3,0,0
BRDA:169,3,1,0
BRDA:180,4,0,0
BRDA:180,4,1,0
BRDA:186,5,0,0
BRDA:186,5,1,0
BRDA:213,6,0,0
BRDA:213,6,1,0
BRDA:216,7,0,0
BRDA:216,7,1,0
BRDA:228,8,0,0
BRDA:228,8,1,0
BRDA:231,9,0,0
BRDA:231,9,1,0
BRDA:233,10,0,0
BRDA:233,10,1,0
BRDA:234,11,0,0
BRDA:234,11,1,0
BRDA:234,12,0,0
BRDA:234,12,1,0
BRDA:235,13,0,0
BRDA:235,13,1,0
BRDA:241,14,0,0
BRDA:241,14,1,0
BRDA:242,15,0,0
BRDA:242,15,1,0
BRDA:243,16,0,0
BRDA:243,16,1,0
BRDA:244,17,0,0
BRDA:244,17,1,0
BRDA:246,18,0,0
BRDA:246,18,1,0
BRDA:247,19,0,0
BRDA:247,19,1,0
BRDA:249,20,0,0
BRDA:249,20,1,0
BRDA:251,21,0,0
BRDA:251,21,1,0
BRDA:253,22,0,0
BRDA:253,22,1,0
BRDA:254,23,0,0
BRDA:254,23,1,0
BRDA:255,24,0,0
BRDA:255,24,1,0
BRDA:256,25,0,0
BRDA:256,25,1,0
BRDA:257,26,0,0
BRDA:257,26,1,0
BRDA:331,27,0,0
BRDA:331,27,1,0
BRDA:338,28,0,0
BRDA:338,28,1,0
BRDA:339,29,0,0
BRDA:339,29,1,0
BRDA:339,30,0,0
BRDA:339,30,1,0
BRDA:358,31,0,0
BRDA:358,31,1,0
BRDA:423,32,0,0
BRDA:423,32,1,0
BRDA:424,33,0,0
BRDA:424,33,1,0
BRDA:424,34,0,0
BRDA:424,34,1,0
BRDA:427,35,0,0
BRDA:427,35,1,0
BRDA:428,36,0,0
BRDA:428,36,1,0
BRDA:434,37,0,0
BRDA:434,37,1,0
BRDA:439,38,0,0
BRDA:439,38,1,0
BRF:77
BRH:0
end_of_record
TN:
SF:src/routes/users.ts
FN:18,setUsersSocketIO
FN:33,uploadImageToS3
FN:39,deleteImageFromS3
FN:51,deleteLocalFile
FN:92,(anonymous_5)
FN:123,(anonymous_6)
FN:161,(anonymous_7)
FN:162,(anonymous_8)
FN:167,(anonymous_9)
FN:172,(anonymous_10)
FN:179,(anonymous_11)
FN:194,(anonymous_12)
FN:215,(anonymous_13)
FN:219,(anonymous_14)
FN:300,(anonymous_15)
FN:305,(anonymous_16)
FN:321,(anonymous_17)
FN:322,(anonymous_18)
FN:324,(anonymous_19)
FN:331,(anonymous_20)
FN:374,(anonymous_21)
FN:404,(anonymous_22)
FN:405,(anonymous_23)
FN:412,(anonymous_24)
FN:437,(anonymous_25)
FN:451,(anonymous_26)
FN:490,(anonymous_27)
FN:545,(anonymous_28)
FN:560,(anonymous_29)
FN:562,(anonymous_30)
FN:564,(anonymous_31)
FN:566,(anonymous_32)
FN:568,(anonymous_33)
FN:570,(anonymous_34)
FN:609,(anonymous_35)
FN:648,(anonymous_36)
FN:710,(anonymous_37)
FN:749,(anonymous_38)
FN:778,(anonymous_39)
FN:847,(anonymous_40)
FN:913,(anonymous_41)
FN:977,(anonymous_42)
FN:1067,(anonymous_43)
FN:1131,(anonymous_44)
FNF:44
FNH:6
FNDA:0,setUsersSocketIO
FNDA:0,uploadImageToS3
FNDA:0,deleteImageFromS3
FNDA:0,deleteLocalFile
FNDA:0,(anonymous_5)
FNDA:0,(anonymous_6)
FNDA:0,(anonymous_7)
FNDA:0,(anonymous_8)
FNDA:0,(anonymous_9)
FNDA:0,(anonymous_10)
FNDA:0,(anonymous_11)
FNDA:0,(anonymous_12)
FNDA:0,(anonymous_13)
FNDA:0,(anonymous_14)
FNDA:0,(anonymous_15)
FNDA:0,(anonymous_16)
FNDA:0,(anonymous_17)
FNDA:0,(anonymous_18)
FNDA:0,(anonymous_19)
FNDA:0,(anonymous_20)
FNDA:0,(anonymous_21)
FNDA:0,(anonymous_22)
FNDA:0,(anonymous_23)
FNDA:0,(anonymous_24)
FNDA:0,(anonymous_25)
FNDA:0,(anonymous_26)
FNDA:6,(anonymous_27)
FNDA:5,(anonymous_28)
FNDA:0,(anonymous_29)
FNDA:0,(anonymous_30)
FNDA:0,(anonymous_31)
FNDA:0,(anonymous_32)
FNDA:0,(anonymous_33)
FNDA:0,(anonymous_34)
FNDA:0,(anonymous_35)
FNDA:0,(anonymous_36)
FNDA:0,(anonymous_37)
FNDA:0,(anonymous_38)
FNDA:0,(anonymous_39)
FNDA:2,(anonymous_40)
FNDA:0,(anonymous_41)
FNDA:2,(anonymous_42)
FNDA:1,(anonymous_43)
FNDA:1,(anonymous_44)
DA:1,2
DA:2,2
DA:3,2
DA:4,2
DA:5,2
DA:6,2
DA:7,2
DA:8,2
DA:9,2
DA:10,2
DA:13,2
DA:14,2
DA:15,2
DA:17,2
DA:18,2
DA:21,2
DA:22,2
DA:23,2
DA:25,2
DA:34,0
DA:35,0
DA:36,0
DA:40,0
DA:41,0
DA:43,0
DA:44,0
DA:45,0
DA:47,0
DA:52,0
DA:53,0
DA:55,0
DA:92,2
DA:93,0
DA:94,0
DA:114,0
DA:116,0
DA:117,0
DA:123,2
DA:124,0
DA:125,0
DA:126,0
DA:128,0
DA:130,0
DA:158,0
DA:161,0
DA:162,0
DA:167,0
DA:168,0
DA:169,0
DA:172,0
DA:179,0
DA:180,0
DA:181,0
DA:184,0
DA:186,0
DA:187,0
DA:194,2
DA:195,0
DA:196,0
DA:197,0
DA:200,0
DA:201,0
DA:202,0
DA:203,0
DA:208,0
DA:215,0
DA:217,0
DA:218,0
DA:219,0
DA:220,0
DA:224,0
DA:300,0
DA:301,0
DA:302,0
DA:305,0
DA:306,0
DA:308,0
DA:309,0
DA:310,0
DA:311,0
DA:314,0
DA:315,0
DA:316,0
DA:317,0
DA:318,0
DA:321,0
DA:322,0
DA:324,0
DA:325,0
DA:326,0
DA:327,0
DA:330,0
DA:331,0
DA:334,0
DA:359,0
DA:360,0
DA:361,0
DA:363,0
DA:367,0
DA:369,0
DA:374,0
DA:375,0
DA:376,0
DA:384,0
DA:385,0
DA:400,0
DA:404,0
DA:405,0
DA:409,0
DA:412,0
DA:414,0
DA:416,0
DA:417,0
DA:422,2
DA:423,2
DA:424,0
DA:428,2
DA:429,2
DA:430,0
DA:434,2
DA:438,0
DA:439,0
DA:440,0
DA:442,0
DA:448,2
DA:452,0
DA:453,0
DA:454,0
DA:456,0
DA:490,2
DA:491,6
DA:492,6
DA:494,6
DA:495,2
DA:499,4
DA:502,4
DA:506,3
DA:508,1
DA:509,1
DA:545,2
DA:546,5
DA:547,5
DA:549,5
DA:550,5
DA:554,0
DA:555,0
DA:558,0
DA:560,0
DA:562,0
DA:564,0
DA:566,0
DA:568,0
DA:570,0
DA:574,0
DA:575,0
DA:577,0
DA:579,0
DA:580,0
DA:581,0
DA:584,0
DA:585,0
DA:586,0
DA:590,0
DA:594,0
DA:595,0
DA:598,0
DA:601,0
DA:603,0
DA:604,0
DA:609,2
DA:610,0
DA:611,0
DA:612,0
DA:614,0
DA:624,0
DA:627,0
DA:630,0
DA:633,0
DA:634,0
DA:640,0
DA:642,0
DA:643,0
DA:648,2
DA:649,0
DA:650,0
DA:652,0
DA:653,0
DA:655,0
DA:664,0
DA:665,0
DA:667,0
DA:668,0
DA:710,2
DA:711,0
DA:712,0
DA:714,0
DA:715,0
DA:718,0
DA:737,0
DA:738,0
DA:741,0
DA:743,0
DA:744,0
DA:749,2
DA:750,0
DA:751,0
DA:752,0
DA:754,0
DA:756,0
DA:757,0
DA:758,0
DA:761,0
DA:770,0
DA:772,0
DA:773,0
DA:778,2
DA:779,0
DA:780,0
DA:781,0
DA:783,0
DA:785,0
DA:787,0
DA:788,0
DA:789,0
DA:793,0
DA:794,0
DA:797,0
DA:798,0
DA:800,0
DA:801,0
DA:847,2
DA:848,2
DA:850,2
DA:851,2
DA:853,2
DA:855,2
DA:856,2
DA:859,0
DA:860,0
DA:864,0
DA:865,0
DA:869,0
DA:870,0
DA:871,0
DA:872,0
DA:873,0
DA:875,0
DA:876,0
DA:877,0
DA:878,0
DA:882,0
DA:883,0
DA:888,0
DA:892,0
DA:895,0
DA:896,0
DA:897,0
DA:899,0
DA:900,0
DA:901,0
DA:905,0
DA:906,0
DA:910,0
DA:911,0
DA:913,0
DA:914,0
DA:915,0
DA:918,0
DA:919,0
DA:920,0
DA:927,0
DA:930,0
DA:931,0
DA:933,0
DA:934,0
DA:977,2
DA:978,2
DA:980,2
DA:981,2
DA:983,2
DA:985,2
DA:986,2
DA:989,0
DA:990,0
DA:994,0
DA:995,0
DA:999,0
DA:1000,0
DA:1001,0
DA:1002,0
DA:1003,0
DA:1005,0
DA:1006,0
DA:1007,0
DA:1008,0
DA:1012,0
DA:1013,0
DA:1018,0
DA:1022,0
DA:1025,0
DA:1026,0
DA:1027,0
DA:1029,0
DA:1030,0
DA:1031,0
DA:1035,0
DA:1036,0
DA:1039,0
DA:1040,0
DA:1042,0
DA:1043,0
DA:1067,2
DA:1068,1
DA:1069,1
DA:1071,1
DA:1072,0
DA:1075,1
DA:1078,1
DA:1083,1
DA:1084,1
DA:1088,0
DA:1089,0
DA:1091,0
DA:1092,0
DA:1093,0
DA:1097,0
DA:1102,0
DA:1103,0
DA:1106,0
DA:1107,0
DA:1131,2
DA:1132,1
DA:1133,1
DA:1135,1
DA:1136,0
DA:1139,1
DA:1142,1
DA:1147,1
DA:1148,1
DA:1152,0
DA:1153,0
DA:1155,0
DA:1156,0
DA:1157,0
DA:1161,0
DA:1166,0
DA:1167,0
DA:1170,0
DA:1171,0
DA:1178,2
LF:350
LH:79
BRDA:22,0,0,2
BRDA:22,0,1,2
BRDA:23,1,0,2
BRDA:23,1,1,2
BRDA:25,2,0,0
BRDA:25,2,1,2
BRDA:28,3,0,0
BRDA:28,3,1,0
BRDA:29,4,0,0
BRDA:29,4,1,0
BRDA:34,5,0,0
BRDA:34,5,1,0
BRDA:40,6,0,0
BRDA:40,6,1,0
BRDA:40,7,0,0
BRDA:40,7,1,0
BRDA:53,8,0,0
BRDA:53,8,1,0
BRDA:126,9,0,0
BRDA:126,9,1,0
BRDA:128,10,0,0
BRDA:128,10,1,0
BRDA:168,11,0,0
BRDA:168,11,1,0
BRDA:174,12,0,0
BRDA:174,12,1,0
BRDA:180,13,0,0
BRDA:180,13,1,0
BRDA:180,14,0,0
BRDA:180,14,1,0
BRDA:181,15,0,0
BRDA:181,15,1,0
BRDA:181,16,0,0
BRDA:181,16,1,0
BRDA:197,17,0,0
BRDA:197,17,1,0
BRDA:202,18,0,0
BRDA:202,18,1,0
BRDA:217,19,0,0
BRDA:217,19,1,0
BRDA:301,20,0,0
BRDA:301,20,1,0
BRDA:306,21,0,0
BRDA:306,21,1,0
BRDA:310,22,0,0
BRDA:310,22,1,0
BRDA:317,23,0,0
BRDA:317,23,1,0
BRDA:325,24,0,0
BRDA:325,24,1,0
BRDA:326,25,0,0
BRDA:326,25,1,0
BRDA:330,26,0,0
BRDA:330,26,1,0
BRDA:336,27,0,0
BRDA:336,27,1,0
BRDA:346,28,0,0
BRDA:346,28,1,0
BRDA:347,29,0,0
BRDA:347,29,1,0
BRDA:348,30,0,0
BRDA:348,30,1,0
BRDA:349,31,0,0
BRDA:349,31,1,0
BRDA:351,32,0,0
BRDA:351,32,1,0
BRDA:352,33,0,0
BRDA:352,33,1,0
BRDA:354,34,0,0
BRDA:354,34,1,0
BRDA:361,35,0,0
BRDA:361,35,1,0
BRDA:367,36,0,0
BRDA:367,36,1,0
BRDA:369,37,0,0
BRDA:369,37,1,0
BRDA:370,38,0,0
BRDA:370,38,1,0
BRDA:375,39,0,0
BRDA:375,39,1,0
BRDA:384,40,0,0
BRDA:384,40,1,0
BRDA:423,41,0,0
BRDA:423,41,1,2
BRDA:429,42,0,0
BRDA:429,42,1,2
BRDA:439,43,0,0
BRDA:439,43,1,0
BRDA:453,44,0,0
BRDA:453,44,1,0
BRDA:494,45,0,2
BRDA:494,45,1,4
BRDA:494,46,0,6
BRDA:494,46,1,4
BRDA:499,47,0,1
BRDA:499,47,1,3
BRDA:549,48,0,5
BRDA:549,48,1,0
BRDA:549,49,0,5
BRDA:549,49,1,0
BRDA:554,50,0,0
BRDA:554,50,1,0
BRDA:577,51,0,0
BRDA:577,51,1,0
BRDA:584,52,0,0
BRDA:584,52,1,0
BRDA:594,53,0,0
BRDA:594,53,1,0
BRDA:624,54,0,0
BRDA:624,54,1,0
BRDA:630,55,0,0
BRDA:630,55,1,0
BRDA:636,56,0,0
BRDA:636,56,1,0
BRDA:637,57,0,0
BRDA:637,57,1,0
BRDA:652,58,0,0
BRDA:652,58,1,0
BRDA:664,59,0,0
BRDA:664,59,1,0
BRDA:714,60,0,0
BRDA:714,60,1,0
BRDA:737,61,0,0
BRDA:737,61,1,0
BRDA:752,62,0,0
BRDA:752,62,1,0
BRDA:757,63,0,0
BRDA:757,63,1,0
BRDA:757,64,0,0
BRDA:757,64,1,0
BRDA:757,64,2,0
BRDA:757,64,3,0
BRDA:764,65,0,0
BRDA:764,65,1,0
BRDA:764,66,0,0
BRDA:764,66,1,0
BRDA:765,67,0,0
BRDA:765,67,1,0
BRDA:765,68,0,0
BRDA:765,68,1,0
BRDA:781,69,0,0
BRDA:781,69,1,0
BRDA:788,70,0,0
BRDA:788,70,1,0
BRDA:793,71,0,0
BRDA:793,71,1,0
BRDA:855,72,0,2
BRDA:855,72,1,0
BRDA:859,73,0,0
BRDA:859,73,1,0
BRDA:869,74,0,0
BRDA:869,74,1,0
BRDA:878,75,0,0
BRDA:878,75,1,0
BRDA:895,76,0,0
BRDA:895,76,1,0
BRDA:896,77,0,0
BRDA:896,77,1,0
BRDA:900,78,0,0
BRDA:900,78,1,0
BRDA:918,79,0,0
BRDA:918,79,1,0
BRDA:936,80,0,0
BRDA:936,80,1,0
BRDA:985,81,0,2
BRDA:985,81,1,0
BRDA:989,82,0,0
BRDA:989,82,1,0
BRDA:999,83,0,0
BRDA:999,83,1,0
BRDA:1008,84,0,0
BRDA:1008,84,1,0
BRDA:1025,85,0,0
BRDA:1025,85,1,0
BRDA:1026,86,0,0
BRDA:1026,86,1,0
BRDA:1030,87,0,0
BRDA:1030,87,1,0
BRDA:1045,88,0,0
BRDA:1045,88,1,0
BRDA:1071,89,0,0
BRDA:1071,89,1,1
BRDA:1083,90,0,1
BRDA:1083,90,1,0
BRDA:1088,91,0,0
BRDA:1088,91,1,0
BRDA:1092,92,0,0
BRDA:1092,92,1,0
BRDA:1109,93,0,0
BRDA:1109,93,1,0
BRDA:1135,94,0,0
BRDA:1135,94,1,1
BRDA:1147,95,0,1
BRDA:1147,95,1,0
BRDA:1152,96,0,0
BRDA:1152,96,1,0
BRDA:1156,97,0,0
BRDA:1156,97,1,0
BRDA:1173,98,0,0
BRDA:1173,98,1,0
BRF:200
BRH:21
end_of_record
TN:
SF:src/routes/widget.ts
FN:17,setWidgetSocketIO
FN:25,deleteGuestUser
FN:43,cleanupStaleGuests
FN:56,(anonymous_4)
FN:73,(anonymous_5)
FN:78,(anonymous_6)
FN:78,(anonymous_7)
FN:81,(anonymous_8)
FN:92,(anonymous_9)
FN:122,(anonymous_10)
FN:199,(anonymous_11)
FN:263,uploadToS3
FN:275,(anonymous_13)
FN:276,(anonymous_14)
FN:294,(anonymous_15)
FN:300,(anonymous_16)
FN:355,(anonymous_17)
FNF:17
FNH:4
FNDA:0,setWidgetSocketIO
FNDA:0,deleteGuestUser
FNDA:0,cleanupStaleGuests
FNDA:0,(anonymous_4)
FNDA:0,(anonymous_5)
FNDA:0,(anonymous_6)
FNDA:0,(anonymous_7)
FNDA:0,(anonymous_8)
FNDA:4,(anonymous_9)
FNDA:6,(anonymous_10)
FNDA:3,(anonymous_11)
FNDA:0,uploadToS3
FNDA:0,(anonymous_13)
FNDA:0,(anonymous_14)
FNDA:0,(anonymous_15)
FNDA:0,(anonymous_16)
FNDA:3,(anonymous_17)
DA:1,1
DA:2,1
DA:3,1
DA:4,1
DA:5,1
DA:6,1
DA:7,1
DA:8,1
DA:9,1
DA:10,1
DA:12,1
DA:13,1
DA:16,1
DA:17,1
DA:20,1
DA:21,1
DA:22,1
DA:25,1
DA:26,0
DA:28,0
DA:32,0
DA:36,0
DA:38,0
DA:43,1
DA:44,0
DA:45,0
DA:48,0
DA:53,0
DA:56,0
DA:57,0
DA:67,0
DA:68,0
DA:69,0
DA:70,0
DA:73,0
DA:74,0
DA:77,0
DA:78,0
DA:80,0
DA:81,0
DA:84,0
DA:86,0
DA:92,1
DA:93,4
DA:94,4
DA:104,3
DA:105,1
DA:108,2
DA:115,1
DA:116,1
DA:122,1
DA:123,6
DA:124,6
DA:126,6
DA:127,2
DA:130,4
DA:133,4
DA:138,3
DA:139,1
DA:145,2
DA:146,1
DA:153,2
DA:154,1
DA:155,1
DA:157,1
DA:171,1
DA:179,2
DA:185,2
DA:192,1
DA:193,1
DA:199,1
DA:200,3
DA:201,3
DA:202,3
DA:204,3
DA:208,3
DA:210,2
DA:214,2
DA:216,1
DA:242,1
DA:244,0
DA:245,0
DA:251,1
DA:252,1
DA:253,1
DA:255,1
DA:264,0
DA:265,0
DA:266,0
DA:269,1
DA:270,1
DA:272,1
DA:275,0
DA:277,0
DA:278,0
DA:282,1
DA:291,1
DA:295,0
DA:300,1
DA:301,0
DA:302,0
DA:303,0
DA:305,0
DA:306,0
DA:308,0
DA:310,0
DA:311,0
DA:314,0
DA:315,0
DA:316,0
DA:317,0
DA:319,0
DA:320,0
DA:323,0
DA:324,0
DA:325,0
DA:327,0
DA:341,0
DA:342,0
DA:345,0
DA:347,0
DA:348,0
DA:355,1
DA:356,3
DA:357,3
DA:358,3
DA:361,3
DA:365,3
DA:368,2
DA:373,2
DA:375,2
DA:377,1
DA:387,1
DA:388,0
DA:396,2
DA:398,0
DA:399,0
DA:403,1
LF:138
LH:80
BRDA:53,0,0,0
BRDA:53,0,1,0
BRDA:74,1,0,0
BRDA:74,1,1,0
BRDA:104,2,0,1
BRDA:104,2,1,2
BRDA:110,3,0,2
BRDA:110,3,1,1
BRDA:126,4,0,2
BRDA:126,4,1,4
BRDA:126,5,0,6
BRDA:126,5,1,5
BRDA:138,6,0,1
BRDA:138,6,1,2
BRDA:145,7,0,1
BRDA:145,7,1,1
BRDA:153,8,0,1
BRDA:153,8,1,1
BRDA:181,9,0,2
BRDA:181,9,1,0
BRDA:202,10,0,0
BRDA:202,10,1,3
BRDA:208,11,0,1
BRDA:208,11,1,2
BRDA:214,12,0,1
BRDA:214,12,1,1
BRDA:252,13,0,1
BRDA:252,13,1,1
BRDA:253,14,0,1
BRDA:253,14,1,1
BRDA:255,15,0,0
BRDA:255,15,1,1
BRDA:258,16,0,0
BRDA:258,16,1,0
BRDA:259,17,0,0
BRDA:259,17,1,0
BRDA:264,18,0,0
BRDA:264,18,1,0
BRDA:270,19,0,0
BRDA:270,19,1,1
BRDA:270,20,0,1
BRDA:270,20,1,1
BRDA:272,21,0,0
BRDA:272,21,1,1
BRDA:303,22,0,0
BRDA:303,22,1,0
BRDA:306,23,0,0
BRDA:306,23,1,0
BRDA:308,24,0,0
BRDA:308,24,1,0
BRDA:311,25,0,0
BRDA:311,25,1,0
BRDA:314,26,0,0
BRDA:314,26,1,0
BRDA:319,27,0,0
BRDA:319,27,1,0
BRDA:325,28,0,0
BRDA:325,28,1,0
BRDA:325,29,0,0
BRDA:325,29,1,0
BRDA:341,30,0,0
BRDA:341,30,1,0
BRDA:358,31,0,0
BRDA:358,31,1,3
BRDA:365,32,0,1
BRDA:365,32,1,2
BRDA:373,33,0,2
BRDA:373,33,1,0
BRDA:375,34,0,1
BRDA:375,34,1,1
BRDA:387,35,0,0
BRDA:387,35,1,1
BRF:72
BRH:36
end_of_record
TN:
SF:src/services/email.ts
FN:18,getVerificationEmailHtml
FN:106,getLoginVerificationEmailHtml
FN:192,getPasswordResetEmailHtml
FN:279,sendVerificationEmail
FN:347,sendLoginVerificationEmail
FN:414,sendPasswordResetEmail
FNF:6
FNH:6
FNDA:4,getVerificationEmailHtml
FNDA:3,getLoginVerificationEmailHtml
FNDA:3,getPasswordResetEmailHtml
FNDA:1,sendVerificationEmail
FNDA:1,sendLoginVerificationEmail
FNDA:1,sendPasswordResetEmail
DA:1,1
DA:2,1
DA:3,1
DA:4,1
DA:5,1
DA:6,1
DA:8,1
DA:11,1
DA:12,1
DA:13,1
DA:15,0
DA:18,1
DA:19,4
DA:21,4
DA:106,1
DA:107,3
DA:192,1
DA:193,3
DA:195,3
DA:279,1
DA:284,1
DA:286,1
DA:288,1
DA:303,1
DA:304,1
DA:306,1
DA:308,1
DA:328,1
DA:329,1
DA:331,0
DA:333,0
DA:334,0
DA:338,0
DA:339,0
DA:340,0
DA:347,1
DA:352,1
DA:354,1
DA:371,1
DA:372,1
DA:374,1
DA:376,1
DA:396,1
DA:397,1
DA:399,0
DA:401,0
DA:402,0
DA:406,0
DA:407,0
DA:414,1
DA:419,1
DA:421,1
DA:438,1
DA:439,1
DA:441,1
DA:443,1
DA:463,1
DA:464,1
DA:466,0
DA:467,0
DA:468,0
DA:472,0
DA:473,0
DA:477,1
LF:64
LH:47
BRDA:3,0,0,1
BRDA:3,0,1,0
BRDA:4,1,0,1
BRDA:4,1,1,0
BRDA:5,2,0,1
BRDA:5,2,1,0
BRDA:6,3,0,1
BRDA:6,3,1,0
BRDA:11,4,0,1
BRDA:11,4,1,0
BRDA:303,5,0,1
BRDA:303,5,1,0
BRDA:371,6,0,1
BRDA:371,6,1,0
BRDA:438,7,0,1
BRDA:438,7,1,0
BRF:16
BRH:8
end_of_record
TN:
SF:src/services/logo-base64-constant.ts
FNF:0
FNH:0
DA:1,0
LF:1
LH:0
BRF:0
BRH:0
end_of_record
TN:
SF:src/services/openai.ts
FN:5,getClient
FN:32,generateConversationSummary
FN:38,(anonymous_3)
FN:58,generateAIReply
FNF:4
FNH:2
FNDA:5,getClient
FNDA:0,generateConversationSummary
FNDA:0,(anonymous_3)
FNDA:5,generateAIReply
DA:1,9
DA:4,9
DA:6,5
DA:7,5
DA:8,1
DA:10,4
DA:12,4
DA:15,9
DA:16,9
DA:18,9
DA:30,9
DA:32,9
DA:35,0
DA:36,0
DA:37,0
DA:38,0
DA:41,0
DA:51,0
DA:53,0
DA:54,0
DA:58,9
DA:62,5
DA:63,5
DA:64,4
DA:70,4
DA:77,4
DA:79,1
DA:80,1
LF:28
LH:20
BRDA:6,0,0,5
BRDA:6,0,1,0
BRDA:7,1,0,1
BRDA:7,1,1,4
BRDA:51,2,0,0
BRDA:51,2,1,0
BRDA:77,3,0,4
BRDA:77,3,1,1
BRF:8
BRH:5
end_of_record
TN:
SF:src/services/sms.ts
FN:24,sendSMS
FN:91,sendPhoneVerificationSMS
FN:109,sendLoginVerificationSMS
FN:127,sendPasswordResetSMS
FN:146,validatePhoneNumber
FN:171,formatPhoneNumber
FNF:6
FNH:6
FNDA:7,sendSMS
FNDA:1,sendPhoneVerificationSMS
FNDA:1,sendLoginVerificationSMS
FNDA:1,sendPasswordResetSMS
FNDA:10,validatePhoneNumber
FNDA:5,formatPhoneNumber
DA:13,1
DA:14,1
DA:15,1
DA:16,1
DA:24,1
DA:25,7
DA:26,7
DA:27,7
DA:28,7
DA:30,7
DA:32,7
DA:34,7
DA:35,7
DA:36,7
DA:37,7
DA:38,7
DA:40,7
DA:46,7
DA:48,7
DA:57,6
DA:58,1
DA:59,1
DA:60,1
DA:61,1
DA:64,1
DA:65,1
DA:67,1
DA:70,1
DA:71,1
DA:74,5
DA:75,5
DA:76,5
DA:77,2
DA:81,2
DA:84,2
DA:91,1
DA:96,1
DA:98,1
DA:99,1
DA:100,1
DA:101,1
DA:103,1
DA:109,1
DA:114,1
DA:116,1
DA:117,1
DA:118,1
DA:119,1
DA:121,1
DA:127,1
DA:132,1
DA:134,1
DA:135,1
DA:136,1
DA:137,1
DA:139,1
DA:146,1
DA:148,10
DA:153,10
DA:155,4
DA:156,4
DA:157,6
DA:159,3
DA:163,3
DA:171,1
DA:173,5
DA:176,5
DA:178,4
DA:179,3
DA:181,4
DA:184,5
LF:71
LH:71
BRDA:13,0,0,1
BRDA:13,0,1,0
BRDA:15,1,0,1
BRDA:15,1,1,0
BRDA:16,2,0,1
BRDA:16,2,1,1
BRDA:32,3,0,7
BRDA:32,3,1,0
BRDA:57,4,0,1
BRDA:57,4,1,5
BRDA:76,5,0,2
BRDA:76,5,1,3
BRDA:76,6,0,5
BRDA:76,6,1,5
BRDA:76,6,2,5
BRDA:153,7,0,4
BRDA:153,7,1,6
BRDA:156,8,0,4
BRDA:156,8,1,3
BRDA:157,9,0,3
BRDA:157,9,1,3
BRDA:171,10,0,3
BRDA:176,11,0,4
BRDA:176,11,1,1
BRDA:178,12,0,3
BRDA:178,12,1,1
BRF:26
BRH:23
end_of_record
TN:
SF:src/services/summaryEngine.ts
FN:5,getPrisma
FN:10,setSummaryPrisma
FN:19,maybeRegenerateDMSummary
FN:61,(anonymous_3)
FN:84,maybeRegenerateGroupSummary
FN:111,(anonymous_5)
FN:134,shouldRegenerate
FNF:7
FNH:1
FNDA:0,getPrisma
FNDA:2,setSummaryPrisma
FNDA:0,maybeRegenerateDMSummary
FNDA:0,(anonymous_3)
FNDA:0,maybeRegenerateGroupSummary
FNDA:0,(anonymous_5)
FNDA:0,shouldRegenerate
DA:1,3
DA:2,3
DA:6,0
DA:7,0
DA:10,3
DA:12,3
DA:13,3
DA:14,3
DA:15,3
DA:19,3
DA:26,0
DA:27,0
DA:29,0
DA:31,0
DA:41,0
DA:43,0
DA:57,0
DA:59,0
DA:61,0
DA:66,0
DA:67,0
DA:69,0
DA:78,0
DA:84,3
DA:89,0
DA:90,0
DA:92,0
DA:94,0
DA:98,0
DA:100,0
DA:107,0
DA:109,0
DA:111,0
DA:116,0
DA:117,0
DA:119,0
DA:128,0
DA:138,0
DA:139,0
DA:140,0
LF:40
LH:9
BRDA:6,0,0,0
BRDA:6,0,1,0
BRDA:27,1,0,0
BRDA:27,1,1,0
BRDA:27,2,0,0
BRDA:27,2,1,0
BRDA:41,3,0,0
BRDA:41,3,1,0
BRDA:41,4,0,0
BRDA:41,4,1,0
BRDA:57,5,0,0
BRDA:57,5,1,0
BRDA:62,6,0,0
BRDA:62,6,1,0
BRDA:67,7,0,0
BRDA:67,7,1,0
BRDA:90,8,0,0
BRDA:90,8,1,0
BRDA:90,9,0,0
BRDA:90,9,1,0
BRDA:98,10,0,0
BRDA:98,10,1,0
BRDA:98,11,0,0
BRDA:98,11,1,0
BRDA:107,12,0,0
BRDA:107,12,1,0
BRDA:112,13,0,0
BRDA:112,13,1,0
BRDA:117,14,0,0
BRDA:117,14,1,0
BRDA:138,15,0,0
BRDA:138,15,1,0
BRDA:139,16,0,0
BRDA:139,16,1,0
BRF:34
BRH:0
end_of_record
TN:
SF:src/services/waveform.ts
FN:6,generatePlaceholderWaveform
FN:8,(anonymous_1)
FN:19,getAudioDuration
FN:34,generateWaveformFromFile
FNF:4
FNH:4
FNDA:9,generatePlaceholderWaveform
FNDA:900,(anonymous_1)
FNDA:5,getAudioDuration
FNDA:2,generateWaveformFromFile
DA:1,1
DA:6,1
DA:7,9
DA:8,9
DA:9,900
DA:10,900
DA:11,900
DA:19,1
DA:20,5
DA:22,5
DA:23,5
DA:24,3
DA:26,2
DA:27,2
DA:34,1
DA:35,2
DA:36,2
LF:17
LH:17
BRDA:6,0,0,1
BRDA:24,1,0,3
BRDA:24,1,1,1
BRF:3
BRH:3
end_of_record
TN:
SF:src/socket/handlers.ts
FN:34,setupSocketHandlers
FN:36,(anonymous_2)
FN:76,(anonymous_3)
FN:127,(anonymous_4)
FN:134,(anonymous_5)
FN:135,(anonymous_6)
FN:144,(anonymous_7)
FN:359,(anonymous_8)
FN:377,(anonymous_9)
FN:378,(anonymous_10)
FN:393,(anonymous_11)
FN:483,(anonymous_12)
FN:510,(anonymous_13)
FN:522,(anonymous_14)
FN:577,(anonymous_15)
FN:606,(anonymous_16)
FN:637,(anonymous_17)
FN:668,(anonymous_18)
FN:680,(anonymous_19)
FN:712,(anonymous_20)
FN:767,(anonymous_21)
FN:770,(anonymous_22)
FN:781,(anonymous_23)
FN:800,(anonymous_24)
FN:803,(anonymous_25)
FN:812,(anonymous_26)
FN:833,(anonymous_27)
FN:846,(anonymous_28)
FN:882,(anonymous_29)
FN:897,(anonymous_30)
FN:921,(anonymous_31)
FN:927,(anonymous_32)
FN:928,(anonymous_33)
FN:939,(anonymous_34)
FN:945,(anonymous_35)
FN:964,(anonymous_36)
FN:973,(anonymous_37)
FN:1015,(anonymous_38)
FN:1063,(anonymous_39)
FN:1106,(anonymous_40)
FN:1175,(anonymous_41)
FNF:41
FNH:3
FNDA:7,setupSocketHandlers
FNDA:5,(anonymous_2)
FNDA:1,(anonymous_3)
FNDA:0,(anonymous_4)
FNDA:0,(anonymous_5)
FNDA:0,(anonymous_6)
FNDA:0,(anonymous_7)
FNDA:0,(anonymous_8)
FNDA:0,(anonymous_9)
FNDA:0,(anonymous_10)
FNDA:0,(anonymous_11)
FNDA:0,(anonymous_12)
FNDA:0,(anonymous_13)
FNDA:0,(anonymous_14)
FNDA:0,(anonymous_15)
FNDA:0,(anonymous_16)
FNDA:0,(anonymous_17)
FNDA:0,(anonymous_18)
FNDA:0,(anonymous_19)
FNDA:0,(anonymous_20)
FNDA:0,(anonymous_21)
FNDA:0,(anonymous_22)
FNDA:0,(anonymous_23)
FNDA:0,(anonymous_24)
FNDA:0,(anonymous_25)
FNDA:0,(anonymous_26)
FNDA:0,(anonymous_27)
FNDA:0,(anonymous_28)
FNDA:0,(anonymous_29)
FNDA:0,(anonymous_30)
FNDA:0,(anonymous_31)
FNDA:0,(anonymous_32)
FNDA:0,(anonymous_33)
FNDA:0,(anonymous_34)
FNDA:0,(anonymous_35)
FNDA:0,(anonymous_36)
FNDA:0,(anonymous_37)
FNDA:0,(anonymous_38)
FNDA:0,(anonymous_39)
FNDA:0,(anonymous_40)
FNDA:0,(anonymous_41)
DA:2,1
DA:3,1
DA:4,1
DA:5,1
DA:17,1
DA:25,1
DA:34,1
DA:36,7
DA:37,5
DA:38,5
DA:40,5
DA:41,1
DA:42,1
DA:46,4
DA:47,4
DA:49,1
DA:50,1
DA:53,3
DA:58,3
DA:59,1
DA:60,1
DA:63,2
DA:64,2
DA:65,2
DA:66,2
DA:68,2
DA:69,2
DA:71,0
DA:72,0
DA:76,7
DA:77,1
DA:78,1
DA:79,1
DA:80,1
DA:82,1
DA:85,1
DA:86,1
DA:87,1
DA:91,1
DA:93,0
DA:97,1
DA:98,1
DA:107,1
DA:112,1
DA:113,1
DA:114,1
DA:116,0
DA:117,0
DA:127,1
DA:128,1
DA:131,1
DA:134,0
DA:135,0
DA:140,1
DA:144,1
DA:163,0
DA:164,0
DA:170,0
DA:171,0
DA:172,0
DA:174,0
DA:175,0
DA:176,0
DA:180,0
DA:181,0
DA:182,0
DA:183,0
DA:190,0
DA:194,0
DA:197,0
DA:198,0
DA:199,0
DA:200,0
DA:204,0
DA:205,0
DA:206,0
DA:207,0
DA:208,0
DA:209,0
DA:211,0
DA:215,0
DA:219,0
DA:223,0
DA:224,0
DA:228,0
DA:229,0
DA:230,0
DA:233,0
DA:234,0
DA:241,0
DA:244,0
DA:268,0
DA:276,0
DA:279,0
DA:280,0
DA:282,0
DA:283,0
DA:284,0
DA:285,0
DA:286,0
DA:287,0
DA:289,0
DA:299,0
DA:304,0
DA:328,0
DA:329,0
DA:336,0
DA:356,0
DA:357,0
DA:359,0
DA:360,0
DA:362,0
DA:376,0
DA:377,0
DA:378,0
DA:384,0
DA:390,0
DA:393,0
DA:396,0
DA:407,0
DA:413,0
DA:419,0
DA:424,0
DA:439,0
DA:441,0
DA:443,0
DA:448,0
DA:457,0
DA:476,0
DA:477,0
DA:483,1
DA:484,0
DA:485,0
DA:489,0
DA:490,0
DA:491,0
DA:494,0
DA:495,0
DA:497,0
DA:505,0
DA:506,0
DA:510,1
DA:511,0
DA:512,0
DA:514,0
DA:522,1
DA:523,0
DA:524,0
DA:526,0
DA:527,0
DA:528,0
DA:531,0
DA:535,0
DA:536,0
DA:537,0
DA:540,0
DA:541,0
DA:542,0
DA:545,0
DA:557,0
DA:567,0
DA:570,0
DA:571,0
DA:577,1
DA:578,0
DA:579,0
DA:583,0
DA:586,0
DA:587,0
DA:589,0
DA:594,0
DA:595,0
DA:602,0
DA:606,1
DA:607,0
DA:608,0
DA:612,0
DA:615,0
DA:616,0
DA:618,0
DA:623,0
DA:624,0
DA:631,0
DA:637,1
DA:638,0
DA:639,0
DA:643,0
DA:645,0
DA:649,0
DA:650,0
DA:654,0
DA:661,0
DA:666,0
DA:668,0
DA:671,0
DA:672,0
DA:674,0
DA:676,0
DA:680,1
DA:681,0
DA:682,0
DA:686,0
DA:687,0
DA:688,0
DA:690,0
DA:695,0
DA:696,0
DA:697,0
DA:700,0
DA:705,0
DA:707,0
DA:712,1
DA:713,0
DA:714,0
DA:715,0
DA:717,0
DA:722,0
DA:723,0
DA:724,0
DA:725,0
DA:727,0
DA:728,0
DA:730,0
DA:739,0
DA:744,0
DA:749,0
DA:750,0
DA:753,0
DA:758,0
DA:760,0
DA:761,0
DA:767,1
DA:768,0
DA:769,0
DA:773,0
DA:774,0
DA:782,0
DA:789,0
DA:790,0
DA:800,1
DA:801,0
DA:802,0
DA:804,0
DA:805,0
DA:813,0
DA:820,0
DA:821,0
DA:833,1
DA:834,0
DA:835,0
DA:836,0
DA:837,0
DA:842,0
DA:846,1
DA:847,0
DA:848,0
DA:855,0
DA:857,0
DA:858,0
DA:859,0
DA:864,0
DA:865,0
DA:866,0
DA:872,0
DA:874,0
DA:882,1
DA:883,0
DA:884,0
DA:885,0
DA:886,0
DA:897,1
DA:898,0
DA:899,0
DA:900,0
DA:906,0
DA:907,0
DA:908,0
DA:909,0
DA:910,0
DA:921,1
DA:922,0
DA:924,0
DA:927,0
DA:928,0
DA:929,0
DA:930,0
DA:932,0
DA:933,0
DA:934,0
DA:935,0
DA:939,0
DA:941,0
DA:945,0
DA:947,0
DA:948,0
DA:950,0
DA:951,0
DA:952,0
DA:960,0
DA:964,1
DA:965,0
DA:966,0
DA:973,1
DA:978,0
DA:980,0
DA:984,0
DA:987,0
DA:999,0
DA:1010,0
DA:1015,1
DA:1017,0
DA:1018,0
DA:1019,0
DA:1020,0
DA:1021,0
DA:1024,0
DA:1025,0
DA:1030,0
DA:1033,0
DA:1034,0
DA:1035,0
DA:1036,0
DA:1037,0
DA:1049,0
DA:1050,0
DA:1051,0
DA:1052,0
DA:1053,0
DA:1054,0
DA:1056,0
DA:1063,1
DA:1064,0
DA:1066,0
DA:1069,0
DA:1070,0
DA:1076,0
DA:1077,0
DA:1080,0
DA:1081,0
DA:1082,0
DA:1083,0
DA:1084,0
DA:1094,0
DA:1095,0
DA:1100,0
DA:1106,1
DA:1111,0
DA:1112,0
DA:1113,0
DA:1116,0
DA:1119,0
DA:1120,0
DA:1121,0
DA:1122,0
DA:1127,0
DA:1128,0
DA:1133,0
DA:1134,0
DA:1141,0
DA:1145,0
DA:1146,0
DA:1159,0
DA:1160,0
DA:1166,0
DA:1167,0
DA:1170,0
DA:1171,0
DA:1175,1
DA:1176,0
DA:1177,0
DA:1178,0
DA:1179,0
DA:1183,0
DA:1184,0
DA:1185,0
DA:1188,0
LF:376
LH:69
BRDA:38,0,0,5
BRDA:38,0,1,2
BRDA:40,1,0,1
BRDA:40,1,1,4
BRDA:47,2,0,4
BRDA:47,2,1,0
BRDA:49,3,0,1
BRDA:49,3,1,0
BRDA:58,4,0,1
BRDA:58,4,1,2
BRDA:79,5,0,1
BRDA:79,5,1,1
BRDA:80,6,0,1
BRDA:80,6,1,1
BRDA:91,7,0,1
BRDA:91,7,1,0
BRDA:113,8,0,1
BRDA:113,8,1,0
BRDA:116,9,0,0
BRDA:116,9,1,0
BRDA:128,10,0,0
BRDA:128,10,1,1
BRDA:134,11,0,0
BRDA:134,11,1,0
BRDA:170,12,0,0
BRDA:170,12,1,0
BRDA:170,13,0,0
BRDA:170,13,1,0
BRDA:174,14,0,0
BRDA:174,14,1,0
BRDA:181,15,0,0
BRDA:181,15,1,0
BRDA:186,16,0,0
BRDA:186,16,1,0
BRDA:198,17,0,0
BRDA:198,17,1,0
BRDA:198,18,0,0
BRDA:198,18,1,0
BRDA:198,18,2,0
BRDA:205,19,0,0
BRDA:205,19,1,0
BRDA:205,20,0,0
BRDA:205,20,1,0
BRDA:207,21,0,0
BRDA:207,21,1,0
BRDA:223,22,0,0
BRDA:223,22,1,0
BRDA:228,23,0,0
BRDA:228,23,1,0
BRDA:233,24,0,0
BRDA:233,24,1,0
BRDA:233,25,0,0
BRDA:233,25,1,0
BRDA:238,26,0,0
BRDA:238,26,1,0
BRDA:238,27,0,0
BRDA:238,27,1,0
BRDA:249,28,0,0
BRDA:249,28,1,0
BRDA:255,29,0,0
BRDA:255,29,1,0
BRDA:257,30,0,0
BRDA:257,30,1,0
BRDA:258,31,0,0
BRDA:258,31,1,0
BRDA:259,32,0,0
BRDA:259,32,1,0
BRDA:259,32,2,0
BRDA:260,33,0,0
BRDA:260,33,1,0
BRDA:261,34,0,0
BRDA:261,34,1,0
BRDA:280,35,0,0
BRDA:280,35,1,0
BRDA:280,35,2,0
BRDA:282,36,0,0
BRDA:282,36,1,0
BRDA:283,37,0,0
BRDA:283,37,1,0
BRDA:284,38,0,0
BRDA:284,38,1,0
BRDA:285,39,0,0
BRDA:285,39,1,0
BRDA:286,40,0,0
BRDA:286,40,1,0
BRDA:287,41,0,0
BRDA:287,41,1,0
BRDA:289,42,0,0
BRDA:289,42,1,0
BRDA:291,43,0,0
BRDA:291,43,1,0
BRDA:292,44,0,0
BRDA:292,44,1,0
BRDA:293,45,0,0
BRDA:293,45,1,0
BRDA:294,46,0,0
BRDA:294,46,1,0
BRDA:295,47,0,0
BRDA:295,47,1,0
BRDA:311,48,0,0
BRDA:311,48,1,0
BRDA:315,49,0,0
BRDA:315,49,1,0
BRDA:315,50,0,0
BRDA:315,50,1,0
BRDA:328,51,0,0
BRDA:328,51,1,0
BRDA:328,52,0,0
BRDA:328,52,1,0
BRDA:343,53,0,0
BRDA:343,53,1,0
BRDA:343,54,0,0
BRDA:343,54,1,0
BRDA:349,55,0,0
BRDA:349,55,1,0
BRDA:357,56,0,0
BRDA:357,56,1,0
BRDA:357,57,0,0
BRDA:357,57,1,0
BRDA:357,57,2,0
BRDA:379,58,0,0
BRDA:379,58,1,0
BRDA:428,59,0,0
BRDA:428,59,1,0
BRDA:429,60,0,0
BRDA:429,60,1,0
BRDA:430,61,0,0
BRDA:430,61,1,0
BRDA:489,62,0,0
BRDA:489,62,1,0
BRDA:526,63,0,0
BRDA:526,63,1,0
BRDA:526,64,0,0
BRDA:526,64,1,0
BRDA:535,65,0,0
BRDA:535,65,1,0
BRDA:540,66,0,0
BRDA:540,66,1,0
BRDA:550,67,0,0
BRDA:550,67,1,0
BRDA:583,68,0,0
BRDA:583,68,1,0
BRDA:594,69,0,0
BRDA:594,69,1,0
BRDA:612,70,0,0
BRDA:612,70,1,0
BRDA:623,71,0,0
BRDA:623,71,1,0
BRDA:643,72,0,0
BRDA:643,72,1,0
BRDA:649,73,0,0
BRDA:649,73,1,0
BRDA:649,74,0,0
BRDA:649,74,1,0
BRDA:686,75,0,0
BRDA:686,75,1,0
BRDA:687,76,0,0
BRDA:687,76,1,0
BRDA:688,77,0,0
BRDA:688,77,1,0
BRDA:695,78,0,0
BRDA:695,78,1,0
BRDA:715,79,0,0
BRDA:715,79,1,0
BRDA:715,80,0,0
BRDA:715,80,1,0
BRDA:722,81,0,0
BRDA:722,81,1,0
BRDA:723,82,0,0
BRDA:723,82,1,0
BRDA:724,83,0,0
BRDA:724,83,1,0
BRDA:725,84,0,0
BRDA:725,84,1,0
BRDA:768,85,0,0
BRDA:768,85,1,0
BRDA:773,86,0,0
BRDA:773,86,1,0
BRDA:773,87,0,0
BRDA:773,87,1,0
BRDA:789,88,0,0
BRDA:789,88,1,0
BRDA:801,89,0,0
BRDA:801,89,1,0
BRDA:804,90,0,0
BRDA:804,90,1,0
BRDA:804,91,0,0
BRDA:804,91,1,0
BRDA:820,92,0,0
BRDA:820,92,1,0
BRDA:834,93,0,0
BRDA:834,93,1,0
BRDA:836,94,0,0
BRDA:836,94,1,0
BRDA:842,95,0,0
BRDA:842,95,1,0
BRDA:847,96,0,0
BRDA:847,96,1,0
BRDA:855,97,0,0
BRDA:855,97,1,0
BRDA:855,98,0,0
BRDA:855,98,1,0
BRDA:857,99,0,0
BRDA:857,99,1,0
BRDA:857,100,0,0
BRDA:857,100,1,0
BRDA:865,101,0,0
BRDA:865,101,1,0
BRDA:883,102,0,0
BRDA:883,102,1,0
BRDA:885,103,0,0
BRDA:885,103,1,0
BRDA:899,104,0,0
BRDA:899,104,1,0
BRDA:906,105,0,0
BRDA:906,105,1,0
BRDA:909,106,0,0
BRDA:909,106,1,0
BRDA:927,107,0,0
BRDA:927,107,1,0
BRDA:933,108,0,0
BRDA:933,108,1,0
BRDA:947,109,0,0
BRDA:947,109,1,0
BRDA:947,110,0,0
BRDA:947,110,1,0
BRDA:951,111,0,0
BRDA:951,111,1,0
BRDA:954,112,0,0
BRDA:954,112,1,0
BRDA:954,113,0,0
BRDA:954,113,1,0
BRDA:955,114,0,0
BRDA:955,114,1,0
BRDA:955,114,2,0
BRDA:984,115,0,0
BRDA:984,115,1,0
BRDA:1017,116,0,0
BRDA:1017,116,1,0
BRDA:1020,117,0,0
BRDA:1020,117,1,0
BRDA:1033,118,0,0
BRDA:1033,118,1,0
BRDA:1033,119,0,0
BRDA:1033,119,1,0
BRDA:1036,120,0,0
BRDA:1036,120,1,0
BRDA:1042,121,0,0
BRDA:1042,121,1,0
BRDA:1050,122,0,0
BRDA:1050,122,1,0
BRDA:1051,123,0,0
BRDA:1051,123,1,0
BRDA:1052,124,0,0
BRDA:1052,124,1,0
BRDA:1069,125,0,0
BRDA:1069,125,1,0
BRDA:1080,126,0,0
BRDA:1080,126,1,0
BRDA:1083,127,0,0
BRDA:1083,127,1,0
BRDA:1112,128,0,0
BRDA:1113,129,0,0
BRDA:1113,129,1,0
BRDA:1113,130,0,0
BRDA:1113,130,1,0
BRDA:1119,131,0,0
BRDA:1119,131,1,0
BRDA:1127,132,0,0
BRDA:1127,132,1,0
BRDA:1133,133,0,0
BRDA:1133,133,1,0
BRDA:1133,134,0,0
BRDA:1133,134,1,0
BRDA:1133,134,2,0
BRDA:1138,135,0,0
BRDA:1138,135,1,0
BRDA:1138,136,0,0
BRDA:1138,136,1,0
BRDA:1145,137,0,0
BRDA:1145,137,1,0
BRDA:1163,138,0,0
BRDA:1163,138,1,0
BRDA:1164,139,0,0
BRDA:1164,139,1,0
BRDA:1184,140,0,0
BRDA:1184,140,1,0
BRDA:1185,141,0,0
BRDA:1185,141,1,0
BRF:289
BRH:15
end_of_record
